running develop
/usr/lib/python3/dist-packages/setuptools/command/easy_install.py:363: UserWarning: Unbuilt egg for pytest-repeat [unknown version] (/usr/lib/python3/dist-packages)
  self.local_index = Environment(self.shadow_path + sys.path)
running egg_info
creating navigation.egg-info
writing navigation.egg-info/PKG-INFO
writing dependency_links to navigation.egg-info/dependency_links.txt
writing entry points to navigation.egg-info/entry_points.txt
writing requirements to navigation.egg-info/requires.txt
writing top-level names to navigation.egg-info/top_level.txt
writing manifest file 'navigation.egg-info/SOURCES.txt'
reading manifest file 'navigation.egg-info/SOURCES.txt'
writing manifest file 'navigation.egg-info/SOURCES.txt'
running build_ext
Creating /home/robotics/Robocon2025_R1/2025R1_ws/install/navigation/lib/python3.12/site-packages/navigation.egg-link (link to .)
Installing active_caster_node script to /home/robotics/Robocon2025_R1/2025R1_ws/install/navigation/lib/navigation
Installing navigation_node script to /home/robotics/Robocon2025_R1/2025R1_ws/install/navigation/lib/navigation
Installing omni_wheel_speed_node script to /home/robotics/Robocon2025_R1/2025R1_ws/install/navigation/lib/navigation
Installing wheel script to /home/robotics/Robocon2025_R1/2025R1_ws/install/navigation/lib/navigation

Installed /home/robotics/Robocon2025_R1/2025R1_ws/build/navigation
running symlink_data
creating /home/robotics/Robocon2025_R1/2025R1_ws/install/navigation/share/ament_index
creating /home/robotics/Robocon2025_R1/2025R1_ws/install/navigation/share/ament_index/resource_index
creating /home/robotics/Robocon2025_R1/2025R1_ws/install/navigation/share/ament_index/resource_index/packages
symbolically linking /home/robotics/Robocon2025_R1/2025R1_ws/build/navigation/resource/navigation -> /home/robotics/Robocon2025_R1/2025R1_ws/install/navigation/share/ament_index/resource_index/packages
symbolically linking /home/robotics/Robocon2025_R1/2025R1_ws/build/navigation/package.xml -> /home/robotics/Robocon2025_R1/2025R1_ws/install/navigation/share/navigation
