[2.798s] Invoking command in '/home/robotics/Robocon2025_R1/2025R1_ws/build/navigation': DEBUGINFOD_URLS=https://debuginfod.ubuntu.com PYTHONPATH=/home/robotics/Robocon2025_R1/2025R1_ws/build/navigation/prefix_override:/usr/lib/python3/dist-packages/colcon_core/task/python/colcon_distutils_commands:/home/robotics/Robocon2025_R1/2025R1_ws/install/navigation/lib/python3.12/site-packages:${PYTHONPATH} /usr/bin/python3 -W ignore:setup.py install is deprecated -W ignore:easy_install command is deprecated setup.py develop --editable --build-directory /home/robotics/Robocon2025_R1/2025R1_ws/build/navigation/build --no-deps symlink_data
[3.657s] running develop
[3.990s] /usr/lib/python3/dist-packages/setuptools/command/easy_install.py:363: UserWarning: Unbuilt egg for pytest-repeat [unknown version] (/usr/lib/python3/dist-packages)
[3.990s]   self.local_index = Environment(self.shadow_path + sys.path)
[4.128s] running egg_info
[4.128s] creating navigation.egg-info
[4.169s] writing navigation.egg-info/PKG-INFO
[4.169s] writing dependency_links to navigation.egg-info/dependency_links.txt
[4.169s] writing entry points to navigation.egg-info/entry_points.txt
[4.169s] writing requirements to navigation.egg-info/requires.txt
[4.174s] writing top-level names to navigation.egg-info/top_level.txt
[4.174s] writing manifest file 'navigation.egg-info/SOURCES.txt'
[4.255s] reading manifest file 'navigation.egg-info/SOURCES.txt'
[4.258s] writing manifest file 'navigation.egg-info/SOURCES.txt'
[4.339s] running build_ext
[4.339s] Creating /home/robotics/Robocon2025_R1/2025R1_ws/install/navigation/lib/python3.12/site-packages/navigation.egg-link (link to .)
[4.341s] Installing active_caster_node script to /home/robotics/Robocon2025_R1/2025R1_ws/install/navigation/lib/navigation
[4.342s] Installing navigation_node script to /home/robotics/Robocon2025_R1/2025R1_ws/install/navigation/lib/navigation
[4.344s] Installing omni_wheel_speed_node script to /home/robotics/Robocon2025_R1/2025R1_ws/install/navigation/lib/navigation
[4.344s] Installing wheel script to /home/robotics/Robocon2025_R1/2025R1_ws/install/navigation/lib/navigation
[4.346s] 
[4.346s] Installed /home/robotics/Robocon2025_R1/2025R1_ws/build/navigation
[4.346s] running symlink_data
[4.348s] creating /home/robotics/Robocon2025_R1/2025R1_ws/install/navigation/share/ament_index
[4.348s] creating /home/robotics/Robocon2025_R1/2025R1_ws/install/navigation/share/ament_index/resource_index
[4.348s] creating /home/robotics/Robocon2025_R1/2025R1_ws/install/navigation/share/ament_index/resource_index/packages
[4.350s] symbolically linking /home/robotics/Robocon2025_R1/2025R1_ws/build/navigation/resource/navigation -> /home/robotics/Robocon2025_R1/2025R1_ws/install/navigation/share/ament_index/resource_index/packages
[4.350s] symbolically linking /home/robotics/Robocon2025_R1/2025R1_ws/build/navigation/package.xml -> /home/robotics/Robocon2025_R1/2025R1_ws/install/navigation/share/navigation
[4.565s] Invoked command in '/home/robotics/Robocon2025_R1/2025R1_ws/build/navigation' returned '0': DEBUGINFOD_URLS=https://debuginfod.ubuntu.com PYTHONPATH=/home/robotics/Robocon2025_R1/2025R1_ws/build/navigation/prefix_override:/usr/lib/python3/dist-packages/colcon_core/task/python/colcon_distutils_commands:/home/robotics/Robocon2025_R1/2025R1_ws/install/navigation/lib/python3.12/site-packages:${PYTHONPATH} /usr/bin/python3 -W ignore:setup.py install is deprecated -W ignore:easy_install command is deprecated setup.py develop --editable --build-directory /home/robotics/Robocon2025_R1/2025R1_ws/build/navigation/build --no-deps symlink_data
