[3.224s] Invoking command in '/home/robotics/Robocon2025_R1/2025R1_ws/build/navigation': DEBUGINFOD_URLS=https://debuginfod.ubuntu.com PS1=(venv) PYTHONPATH=/home/robotics/Robocon2025_R1/2025R1_ws/build/navigation/prefix_override:/usr/lib/python3/dist-packages/colcon_core/task/python/colcon_distutils_commands:/home/robotics/Robocon2025_R1/2025R1_ws/install/navigation/lib/python3.12/site-packages:${PYTHONPATH} VIRTUAL_ENV_PROMPT=(venv) /usr/bin/python3 -W ignore:setup.py install is deprecated -W ignore:easy_install command is deprecated setup.py develop --editable --build-directory /home/robotics/Robocon2025_R1/2025R1_ws/build/navigation/build --no-deps symlink_data
[3.800s] running develop
[4.044s] /usr/lib/python3/dist-packages/setuptools/command/easy_install.py:363: UserWarning: Unbuilt egg for pytest-repeat [unknown version] (/usr/lib/python3/dist-packages)
[4.045s]   self.local_index = Environment(self.shadow_path + sys.path)
[4.101s] running egg_info
[4.133s] writing navigation.egg-info/PKG-INFO
[4.133s] writing dependency_links to navigation.egg-info/dependency_links.txt
[4.134s] writing entry points to navigation.egg-info/entry_points.txt
[4.134s] writing requirements to navigation.egg-info/requires.txt
[4.134s] writing top-level names to navigation.egg-info/top_level.txt
[4.198s] reading manifest file 'navigation.egg-info/SOURCES.txt'
[4.200s] writing manifest file 'navigation.egg-info/SOURCES.txt'
[4.238s] running build_ext
[4.239s] Creating /home/robotics/Robocon2025_R1/2025R1_ws/install/navigation/lib/python3.12/site-packages/navigation.egg-link (link to .)
[4.242s] Installing active_caster_node script to /home/robotics/Robocon2025_R1/2025R1_ws/install/navigation/lib/navigation
[4.243s] Installing navigation_node script to /home/robotics/Robocon2025_R1/2025R1_ws/install/navigation/lib/navigation
[4.243s] Installing omni_wheel_speed_node script to /home/robotics/Robocon2025_R1/2025R1_ws/install/navigation/lib/navigation
[4.245s] 
[4.246s] Installed /home/robotics/Robocon2025_R1/2025R1_ws/build/navigation
[4.246s] running symlink_data
[4.539s] Invoked command in '/home/robotics/Robocon2025_R1/2025R1_ws/build/navigation' returned '0': DEBUGINFOD_URLS=https://debuginfod.ubuntu.com PS1=(venv) PYTHONPATH=/home/robotics/Robocon2025_R1/2025R1_ws/build/navigation/prefix_override:/usr/lib/python3/dist-packages/colcon_core/task/python/colcon_distutils_commands:/home/robotics/Robocon2025_R1/2025R1_ws/install/navigation/lib/python3.12/site-packages:${PYTHONPATH} VIRTUAL_ENV_PROMPT=(venv) /usr/bin/python3 -W ignore:setup.py install is deprecated -W ignore:easy_install command is deprecated setup.py develop --editable --build-directory /home/robotics/Robocon2025_R1/2025R1_ws/build/navigation/build --no-deps symlink_data
