[4.544s] Invoking command in '/home/robotics/Robocon2025_R1/2025R1_ws/build/navigation': DEBUGINFOD_URLS=https://debuginfod.ubuntu.com PS1=(venv) PYTHONPATH=/home/robotics/Robocon2025_R1/2025R1_ws/build/navigation/prefix_override:/usr/lib/python3/dist-packages/colcon_core/task/python/colcon_distutils_commands:/home/robotics/Robocon2025_R1/2025R1_ws/install/navigation/lib/python3.12/site-packages:${PYTHONPATH} VIRTUAL_ENV_PROMPT=(venv) /usr/bin/python3 -W ignore:setup.py install is deprecated -W ignore:easy_install command is deprecated setup.py develop --editable --build-directory /home/robotics/Robocon2025_R1/2025R1_ws/build/navigation/build --no-deps symlink_data --force
[5.405s] running develop
[5.971s] /usr/lib/python3/dist-packages/setuptools/command/easy_install.py:363: UserWarning: Unbuilt egg for pytest-repeat [unknown version] (/usr/lib/python3/dist-packages)
[5.971s]   self.local_index = Environment(self.shadow_path + sys.path)
[6.122s] running egg_info
[6.205s] writing navigation.egg-info/PKG-INFO
[6.237s] writing dependency_links to navigation.egg-info/dependency_links.txt
[6.237s] writing entry points to navigation.egg-info/entry_points.txt
[6.237s] writing requirements to navigation.egg-info/requires.txt
[6.237s] writing top-level names to navigation.egg-info/top_level.txt
[6.457s] reading manifest file 'navigation.egg-info/SOURCES.txt'
[6.468s] writing manifest file 'navigation.egg-info/SOURCES.txt'
[6.520s] running build_ext
[6.520s] Creating /home/robotics/Robocon2025_R1/2025R1_ws/install/navigation/lib/python3.12/site-packages/navigation.egg-link (link to .)
[6.521s] Installing active_caster_node script to /home/robotics/Robocon2025_R1/2025R1_ws/install/navigation/lib/navigation
[6.522s] Installing navigation_node script to /home/robotics/Robocon2025_R1/2025R1_ws/install/navigation/lib/navigation
[6.522s] Installing omni_wheel_speed_node script to /home/robotics/Robocon2025_R1/2025R1_ws/install/navigation/lib/navigation
[6.522s] Installing wheel script to /home/robotics/Robocon2025_R1/2025R1_ws/install/navigation/lib/navigation
[6.523s] 
[6.523s] Installed /home/robotics/Robocon2025_R1/2025R1_ws/build/navigation
[6.523s] running symlink_data
[6.524s] symbolically linking /home/robotics/Robocon2025_R1/2025R1_ws/build/navigation/resource/navigation -> /home/robotics/Robocon2025_R1/2025R1_ws/install/navigation/share/ament_index/resource_index/packages
[6.524s] symbolically linking /home/robotics/Robocon2025_R1/2025R1_ws/build/navigation/package.xml -> /home/robotics/Robocon2025_R1/2025R1_ws/install/navigation/share/navigation
