[0.315s] DEBUG:colcon:Command line arguments: ['/usr/bin/colcon', 'list', '-p', '--base-paths', '/home/robotics/Robocon2025_R1/2025R1_ws']
[0.315s] DEBUG:colcon:Parsed command line arguments: Namespace(log_base=None, log_level=None, verb_name='list', build_base='build', ignore_user_meta=False, metas=['./colcon.meta'], base_paths=['/home/robotics/Robocon2025_R1/2025R1_ws'], packages_ignore=None, packages_ignore_regex=None, paths=None, packages_up_to=None, packages_up_to_regex=None, packages_above=None, packages_above_and_dependencies=None, packages_above_depth=None, packages_select_by_dep=None, packages_skip_by_dep=None, packages_skip_up_to=None, packages_select_build_failed=False, packages_skip_build_finished=False, packages_select_test_failures=False, packages_skip_test_passed=False, packages_select=None, packages_skip=None, packages_select_regex=None, packages_skip_regex=None, packages_start=None, packages_end=None, allow_overriding=[], topological_order=False, names_only=False, paths_only=True, topological_graph=False, topological_graph_dot=False, topological_graph_density=False, topological_graph_legend=False, topological_graph_dot_cluster=False, topological_graph_dot_include_skipped=False, mixin_files=None, mixin=None, verb_parser=<colcon_mixin.mixin.mixin_argument.MixinArgumentDecorator object at 0xffffa7992e40>, verb_extension=<colcon_package_information.verb.list.ListVerb object at 0xffffa79131d0>, main=<bound method ListVerb.main of <colcon_package_information.verb.list.ListVerb object at 0xffffa79131d0>>, mixin_verb=('list',))
[0.423s] Level 1:colcon.colcon_core.package_discovery:discover_packages(colcon_meta) check parameters
[0.424s] Level 1:colcon.colcon_core.package_discovery:discover_packages(recursive) check parameters
[0.424s] Level 1:colcon.colcon_core.package_discovery:discover_packages(ignore) check parameters
[0.424s] Level 1:colcon.colcon_core.package_discovery:discover_packages(path) check parameters
[0.424s] Level 1:colcon.colcon_core.package_discovery:discover_packages(recursive) discover
[0.424s] INFO:colcon.colcon_core.package_discovery:Crawling recursively for packages in '/home/robotics/Robocon2025_R1/2025R1_ws'
[0.425s] Level 1:colcon.colcon_core.package_identification:_identify(/home/robotics/Robocon2025_R1/2025R1_ws) by extensions ['ignore', 'ignore_ament_install']
[0.425s] Level 1:colcon.colcon_core.package_identification:_identify(/home/robotics/Robocon2025_R1/2025R1_ws) by extension 'ignore'
[0.425s] Level 1:colcon.colcon_core.package_identification:_identify(/home/robotics/Robocon2025_R1/2025R1_ws) by extension 'ignore_ament_install'
[0.426s] Level 1:colcon.colcon_core.package_identification:_identify(/home/robotics/Robocon2025_R1/2025R1_ws) by extensions ['colcon_pkg']
[0.426s] Level 1:colcon.colcon_core.package_identification:_identify(/home/robotics/Robocon2025_R1/2025R1_ws) by extension 'colcon_pkg'
[0.426s] Level 1:colcon.colcon_core.package_identification:_identify(/home/robotics/Robocon2025_R1/2025R1_ws) by extensions ['colcon_meta']
[0.426s] Level 1:colcon.colcon_core.package_identification:_identify(/home/robotics/Robocon2025_R1/2025R1_ws) by extension 'colcon_meta'
[0.426s] Level 1:colcon.colcon_core.package_identification:_identify(/home/robotics/Robocon2025_R1/2025R1_ws) by extensions ['ros']
[0.426s] Level 1:colcon.colcon_core.package_identification:_identify(/home/robotics/Robocon2025_R1/2025R1_ws) by extension 'ros'
[0.507s] Level 1:colcon.colcon_core.package_identification:_identify(/home/robotics/Robocon2025_R1/2025R1_ws) by extensions ['cmake', 'python']
[0.507s] Level 1:colcon.colcon_core.package_identification:_identify(/home/robotics/Robocon2025_R1/2025R1_ws) by extension 'cmake'
[0.507s] Level 1:colcon.colcon_core.package_identification:_identify(/home/robotics/Robocon2025_R1/2025R1_ws) by extension 'python'
[0.507s] Level 1:colcon.colcon_core.package_identification:_identify(/home/robotics/Robocon2025_R1/2025R1_ws) by extensions ['python_setup_py']
[0.507s] Level 1:colcon.colcon_core.package_identification:_identify(/home/robotics/Robocon2025_R1/2025R1_ws) by extension 'python_setup_py'
[0.508s] Level 1:colcon.colcon_core.package_identification:_identify(/home/robotics/Robocon2025_R1/2025R1_ws/build) by extensions ['ignore', 'ignore_ament_install']
[0.508s] Level 1:colcon.colcon_core.package_identification:_identify(/home/robotics/Robocon2025_R1/2025R1_ws/build) by extension 'ignore'
[0.508s] Level 1:colcon.colcon_core.package_identification:_identify(/home/robotics/Robocon2025_R1/2025R1_ws/build) ignored
[0.509s] Level 1:colcon.colcon_core.package_identification:_identify(/home/robotics/Robocon2025_R1/2025R1_ws/install) by extensions ['ignore', 'ignore_ament_install']
[0.509s] Level 1:colcon.colcon_core.package_identification:_identify(/home/robotics/Robocon2025_R1/2025R1_ws/install) by extension 'ignore'
[0.509s] Level 1:colcon.colcon_core.package_identification:_identify(/home/robotics/Robocon2025_R1/2025R1_ws/install) ignored
[0.510s] Level 1:colcon.colcon_core.package_identification:_identify(/home/robotics/Robocon2025_R1/2025R1_ws/log) by extensions ['ignore', 'ignore_ament_install']
[0.510s] Level 1:colcon.colcon_core.package_identification:_identify(/home/robotics/Robocon2025_R1/2025R1_ws/log) by extension 'ignore'
[0.510s] Level 1:colcon.colcon_core.package_identification:_identify(/home/robotics/Robocon2025_R1/2025R1_ws/log) ignored
[0.510s] Level 1:colcon.colcon_core.package_identification:_identify(/home/robotics/Robocon2025_R1/2025R1_ws/src) by extensions ['ignore', 'ignore_ament_install']
[0.511s] Level 1:colcon.colcon_core.package_identification:_identify(/home/robotics/Robocon2025_R1/2025R1_ws/src) by extension 'ignore'
[0.511s] Level 1:colcon.colcon_core.package_identification:_identify(/home/robotics/Robocon2025_R1/2025R1_ws/src) by extension 'ignore_ament_install'
[0.511s] Level 1:colcon.colcon_core.package_identification:_identify(/home/robotics/Robocon2025_R1/2025R1_ws/src) by extensions ['colcon_pkg']
[0.511s] Level 1:colcon.colcon_core.package_identification:_identify(/home/robotics/Robocon2025_R1/2025R1_ws/src) by extension 'colcon_pkg'
[0.511s] Level 1:colcon.colcon_core.package_identification:_identify(/home/robotics/Robocon2025_R1/2025R1_ws/src) by extensions ['colcon_meta']
[0.511s] Level 1:colcon.colcon_core.package_identification:_identify(/home/robotics/Robocon2025_R1/2025R1_ws/src) by extension 'colcon_meta'
[0.511s] Level 1:colcon.colcon_core.package_identification:_identify(/home/robotics/Robocon2025_R1/2025R1_ws/src) by extensions ['ros']
[0.511s] Level 1:colcon.colcon_core.package_identification:_identify(/home/robotics/Robocon2025_R1/2025R1_ws/src) by extension 'ros'
[0.512s] Level 1:colcon.colcon_core.package_identification:_identify(/home/robotics/Robocon2025_R1/2025R1_ws/src) by extensions ['cmake', 'python']
[0.512s] Level 1:colcon.colcon_core.package_identification:_identify(/home/robotics/Robocon2025_R1/2025R1_ws/src) by extension 'cmake'
[0.512s] Level 1:colcon.colcon_core.package_identification:_identify(/home/robotics/Robocon2025_R1/2025R1_ws/src) by extension 'python'
[0.512s] Level 1:colcon.colcon_core.package_identification:_identify(/home/robotics/Robocon2025_R1/2025R1_ws/src) by extensions ['python_setup_py']
[0.512s] Level 1:colcon.colcon_core.package_identification:_identify(/home/robotics/Robocon2025_R1/2025R1_ws/src) by extension 'python_setup_py'
[0.512s] Level 1:colcon.colcon_core.package_identification:_identify(/home/robotics/Robocon2025_R1/2025R1_ws/src/active_caster) by extensions ['ignore', 'ignore_ament_install']
[0.512s] Level 1:colcon.colcon_core.package_identification:_identify(/home/robotics/Robocon2025_R1/2025R1_ws/src/active_caster) by extension 'ignore'
[0.513s] Level 1:colcon.colcon_core.package_identification:_identify(/home/robotics/Robocon2025_R1/2025R1_ws/src/active_caster) by extension 'ignore_ament_install'
[0.513s] Level 1:colcon.colcon_core.package_identification:_identify(/home/robotics/Robocon2025_R1/2025R1_ws/src/active_caster) by extensions ['colcon_pkg']
[0.513s] Level 1:colcon.colcon_core.package_identification:_identify(/home/robotics/Robocon2025_R1/2025R1_ws/src/active_caster) by extension 'colcon_pkg'
[0.513s] Level 1:colcon.colcon_core.package_identification:_identify(/home/robotics/Robocon2025_R1/2025R1_ws/src/active_caster) by extensions ['colcon_meta']
[0.513s] Level 1:colcon.colcon_core.package_identification:_identify(/home/robotics/Robocon2025_R1/2025R1_ws/src/active_caster) by extension 'colcon_meta'
[0.513s] Level 1:colcon.colcon_core.package_identification:_identify(/home/robotics/Robocon2025_R1/2025R1_ws/src/active_caster) by extensions ['ros']
[0.513s] Level 1:colcon.colcon_core.package_identification:_identify(/home/robotics/Robocon2025_R1/2025R1_ws/src/active_caster) by extension 'ros'
[0.523s] DEBUG:colcon.colcon_core.package_identification:Package '/home/robotics/Robocon2025_R1/2025R1_ws/src/active_caster' with type 'ros.ament_python' and name 'active_caster'
[0.523s] Level 1:colcon.colcon_core.package_identification:_identify(/home/robotics/Robocon2025_R1/2025R1_ws/src/data_monitor) by extensions ['ignore', 'ignore_ament_install']
[0.523s] Level 1:colcon.colcon_core.package_identification:_identify(/home/robotics/Robocon2025_R1/2025R1_ws/src/data_monitor) by extension 'ignore'
[0.524s] Level 1:colcon.colcon_core.package_identification:_identify(/home/robotics/Robocon2025_R1/2025R1_ws/src/data_monitor) by extension 'ignore_ament_install'
[0.524s] Level 1:colcon.colcon_core.package_identification:_identify(/home/robotics/Robocon2025_R1/2025R1_ws/src/data_monitor) by extensions ['colcon_pkg']
[0.524s] Level 1:colcon.colcon_core.package_identification:_identify(/home/robotics/Robocon2025_R1/2025R1_ws/src/data_monitor) by extension 'colcon_pkg'
[0.524s] Level 1:colcon.colcon_core.package_identification:_identify(/home/robotics/Robocon2025_R1/2025R1_ws/src/data_monitor) by extensions ['colcon_meta']
[0.524s] Level 1:colcon.colcon_core.package_identification:_identify(/home/robotics/Robocon2025_R1/2025R1_ws/src/data_monitor) by extension 'colcon_meta'
[0.525s] Level 1:colcon.colcon_core.package_identification:_identify(/home/robotics/Robocon2025_R1/2025R1_ws/src/data_monitor) by extensions ['ros']
[0.525s] Level 1:colcon.colcon_core.package_identification:_identify(/home/robotics/Robocon2025_R1/2025R1_ws/src/data_monitor) by extension 'ros'
[0.527s] DEBUG:colcon.colcon_core.package_identification:Package '/home/robotics/Robocon2025_R1/2025R1_ws/src/data_monitor' with type 'ros.ament_python' and name 'data_monitor'
[0.527s] Level 1:colcon.colcon_core.package_identification:_identify(/home/robotics/Robocon2025_R1/2025R1_ws/src/joystick_driver) by extensions ['ignore', 'ignore_ament_install']
[0.527s] Level 1:colcon.colcon_core.package_identification:_identify(/home/robotics/Robocon2025_R1/2025R1_ws/src/joystick_driver) by extension 'ignore'
[0.528s] Level 1:colcon.colcon_core.package_identification:_identify(/home/robotics/Robocon2025_R1/2025R1_ws/src/joystick_driver) by extension 'ignore_ament_install'
[0.528s] Level 1:colcon.colcon_core.package_identification:_identify(/home/robotics/Robocon2025_R1/2025R1_ws/src/joystick_driver) by extensions ['colcon_pkg']
[0.528s] Level 1:colcon.colcon_core.package_identification:_identify(/home/robotics/Robocon2025_R1/2025R1_ws/src/joystick_driver) by extension 'colcon_pkg'
[0.528s] Level 1:colcon.colcon_core.package_identification:_identify(/home/robotics/Robocon2025_R1/2025R1_ws/src/joystick_driver) by extensions ['colcon_meta']
[0.528s] Level 1:colcon.colcon_core.package_identification:_identify(/home/robotics/Robocon2025_R1/2025R1_ws/src/joystick_driver) by extension 'colcon_meta'
[0.528s] Level 1:colcon.colcon_core.package_identification:_identify(/home/robotics/Robocon2025_R1/2025R1_ws/src/joystick_driver) by extensions ['ros']
[0.528s] Level 1:colcon.colcon_core.package_identification:_identify(/home/robotics/Robocon2025_R1/2025R1_ws/src/joystick_driver) by extension 'ros'
[0.530s] DEBUG:colcon.colcon_core.package_identification:Package '/home/robotics/Robocon2025_R1/2025R1_ws/src/joystick_driver' with type 'ros.ament_python' and name 'joystick_driver'
[0.531s] Level 1:colcon.colcon_core.package_identification:_identify(/home/robotics/Robocon2025_R1/2025R1_ws/src/joystick_msgs) by extensions ['ignore', 'ignore_ament_install']
[0.531s] Level 1:colcon.colcon_core.package_identification:_identify(/home/robotics/Robocon2025_R1/2025R1_ws/src/joystick_msgs) by extension 'ignore'
[0.531s] Level 1:colcon.colcon_core.package_identification:_identify(/home/robotics/Robocon2025_R1/2025R1_ws/src/joystick_msgs) by extension 'ignore_ament_install'
[0.532s] Level 1:colcon.colcon_core.package_identification:_identify(/home/robotics/Robocon2025_R1/2025R1_ws/src/joystick_msgs) by extensions ['colcon_pkg']
[0.532s] Level 1:colcon.colcon_core.package_identification:_identify(/home/robotics/Robocon2025_R1/2025R1_ws/src/joystick_msgs) by extension 'colcon_pkg'
[0.532s] Level 1:colcon.colcon_core.package_identification:_identify(/home/robotics/Robocon2025_R1/2025R1_ws/src/joystick_msgs) by extensions ['colcon_meta']
[0.532s] Level 1:colcon.colcon_core.package_identification:_identify(/home/robotics/Robocon2025_R1/2025R1_ws/src/joystick_msgs) by extension 'colcon_meta'
[0.532s] Level 1:colcon.colcon_core.package_identification:_identify(/home/robotics/Robocon2025_R1/2025R1_ws/src/joystick_msgs) by extensions ['ros']
[0.532s] Level 1:colcon.colcon_core.package_identification:_identify(/home/robotics/Robocon2025_R1/2025R1_ws/src/joystick_msgs) by extension 'ros'
[0.534s] DEBUG:colcon.colcon_core.package_identification:Package '/home/robotics/Robocon2025_R1/2025R1_ws/src/joystick_msgs' with type 'ros.ament_cmake' and name 'joystick_msgs'
[0.534s] Level 1:colcon.colcon_core.package_identification:_identify(/home/robotics/Robocon2025_R1/2025R1_ws/src/navigation) by extensions ['ignore', 'ignore_ament_install']
[0.534s] Level 1:colcon.colcon_core.package_identification:_identify(/home/robotics/Robocon2025_R1/2025R1_ws/src/navigation) by extension 'ignore'
[0.535s] Level 1:colcon.colcon_core.package_identification:_identify(/home/robotics/Robocon2025_R1/2025R1_ws/src/navigation) by extension 'ignore_ament_install'
[0.535s] Level 1:colcon.colcon_core.package_identification:_identify(/home/robotics/Robocon2025_R1/2025R1_ws/src/navigation) by extensions ['colcon_pkg']
[0.535s] Level 1:colcon.colcon_core.package_identification:_identify(/home/robotics/Robocon2025_R1/2025R1_ws/src/navigation) by extension 'colcon_pkg'
[0.535s] Level 1:colcon.colcon_core.package_identification:_identify(/home/robotics/Robocon2025_R1/2025R1_ws/src/navigation) by extensions ['colcon_meta']
[0.535s] Level 1:colcon.colcon_core.package_identification:_identify(/home/robotics/Robocon2025_R1/2025R1_ws/src/navigation) by extension 'colcon_meta'
[0.535s] Level 1:colcon.colcon_core.package_identification:_identify(/home/robotics/Robocon2025_R1/2025R1_ws/src/navigation) by extensions ['ros']
[0.535s] Level 1:colcon.colcon_core.package_identification:_identify(/home/robotics/Robocon2025_R1/2025R1_ws/src/navigation) by extension 'ros'
[0.538s] DEBUG:colcon.colcon_core.package_identification:Package '/home/robotics/Robocon2025_R1/2025R1_ws/src/navigation' with type 'ros.ament_python' and name 'navigation'
[0.538s] Level 1:colcon.colcon_core.package_identification:_identify(/home/robotics/Robocon2025_R1/2025R1_ws/src/ps4) by extensions ['ignore', 'ignore_ament_install']
[0.538s] Level 1:colcon.colcon_core.package_identification:_identify(/home/robotics/Robocon2025_R1/2025R1_ws/src/ps4) by extension 'ignore'
[0.538s] Level 1:colcon.colcon_core.package_identification:_identify(/home/robotics/Robocon2025_R1/2025R1_ws/src/ps4) by extension 'ignore_ament_install'
[0.539s] Level 1:colcon.colcon_core.package_identification:_identify(/home/robotics/Robocon2025_R1/2025R1_ws/src/ps4) by extensions ['colcon_pkg']
[0.539s] Level 1:colcon.colcon_core.package_identification:_identify(/home/robotics/Robocon2025_R1/2025R1_ws/src/ps4) by extension 'colcon_pkg'
[0.539s] Level 1:colcon.colcon_core.package_identification:_identify(/home/robotics/Robocon2025_R1/2025R1_ws/src/ps4) by extensions ['colcon_meta']
[0.539s] Level 1:colcon.colcon_core.package_identification:_identify(/home/robotics/Robocon2025_R1/2025R1_ws/src/ps4) by extension 'colcon_meta'
[0.539s] Level 1:colcon.colcon_core.package_identification:_identify(/home/robotics/Robocon2025_R1/2025R1_ws/src/ps4) by extensions ['ros']
[0.539s] Level 1:colcon.colcon_core.package_identification:_identify(/home/robotics/Robocon2025_R1/2025R1_ws/src/ps4) by extension 'ros'
[0.541s] DEBUG:colcon.colcon_core.package_identification:Package '/home/robotics/Robocon2025_R1/2025R1_ws/src/ps4' with type 'ros.ament_python' and name 'ps4'
[0.541s] Level 1:colcon.colcon_core.package_discovery:discover_packages(recursive) using defaults
