[4.189s] Invoking command in '/home/robotics/Robocon2025_R1/2025R1_ws/build/data_monitor': DEBUGINFOD_URLS=https://debuginfod.ubuntu.com PS1=(venv) \[\e]0;\u@\h: \w\a\]${debian_chroot:+($debian_chroot)}\[\033[01;32m\]\u@\h\[\033[00m\]:\[\033[01;34m\]\w\[\033[00m\]\$ PYTHONPATH=/home/robotics/Robocon2025_R1/2025R1_ws/build/data_monitor/prefix_override:/usr/lib/python3/dist-packages/colcon_core/task/python/colcon_distutils_commands:/home/robotics/Robocon2025_R1/2025R1_ws/install/data_monitor/lib/python3.12/site-packages:${PYTHONPATH} /usr/bin/python3 -W ignore:setup.py install is deprecated -W ignore:easy_install command is deprecated setup.py develop --editable --build-directory /home/robotics/Robocon2025_R1/2025R1_ws/build/data_monitor/build --no-deps symlink_data
[5.024s] Traceback (most recent call last):
[5.025s]   File "/home/robotics/Robocon2025_R1/2025R1_ws/build/data_monitor/setup.py", line 5, in <module>
[5.027s]     setup(
[5.028s]   File "/usr/lib/python3/dist-packages/setuptools/__init__.py", line 107, in setup
[5.051s]     return distutils.core.setup(**attrs)
[5.053s]            ^^^^^^^^^^^^^^^^^^^^^^^^^^^^^
[5.053s]   File "/usr/lib/python3/dist-packages/setuptools/_distutils/core.py", line 172, in setup
[5.053s]     ok = dist.parse_command_line()
[5.054s]          ^^^^^^^^^^^^^^^^^^^^^^^^^
[5.054s]   File "/usr/lib/python3/dist-packages/setuptools/_distutils/dist.py", line 475, in parse_command_line
[5.056s]     args = self._parse_command_opts(parser, args)
[5.056s]            ^^^^^^^^^^^^^^^^^^^^^^^^^^^^^^^^^^^^^^
[5.056s]   File "/usr/lib/python3/dist-packages/setuptools/dist.py", line 1133, in _parse_command_opts
[5.057s]     nargs = _Distribution._parse_command_opts(self, parser, args)
[5.058s]             ^^^^^^^^^^^^^^^^^^^^^^^^^^^^^^^^^^^^^^^^^^^^^^^^^^^^^
[5.058s]   File "/usr/lib/python3/dist-packages/setuptools/_distutils/dist.py", line 534, in _parse_command_opts
[5.058s]     cmd_class = self.get_command_class(command)
[5.059s]                 ^^^^^^^^^^^^^^^^^^^^^^^^^^^^^^^
[5.059s]   File "/usr/lib/python3/dist-packages/setuptools/dist.py", line 980, in get_command_class
[5.068s]     self.cmdclass[command] = cmdclass = ep.load()
[5.069s]                                         ^^^^^^^^^
[5.069s]   File "/usr/lib/python3.12/importlib/metadata/__init__.py", line 205, in load
[5.070s]     module = import_module(match.group('module'))
[5.071s]              ^^^^^^^^^^^^^^^^^^^^^^^^^^^^^^^^^^^^
[5.072s]   File "/usr/lib/python3.12/importlib/__init__.py", line 90, in import_module
[5.073s]     return _bootstrap._gcd_import(name[level:], package, level)
[5.073s]            ^^^^^^^^^^^^^^^^^^^^^^^^^^^^^^^^^^^^^^^^^^^^^^^^^^^^
[5.074s]   File "<frozen importlib._bootstrap>", line 1387, in _gcd_import
[5.074s]   File "<frozen importlib._bootstrap>", line 1360, in _find_and_load
[5.075s]   File "<frozen importlib._bootstrap>", line 1331, in _find_and_load_unlocked
[5.077s]   File "<frozen importlib._bootstrap>", line 935, in _load_unlocked
[5.078s]   File "<frozen importlib._bootstrap_external>", line 995, in exec_module
[5.078s]   File "<frozen importlib._bootstrap>", line 488, in _call_with_frames_removed
[5.079s]   File "/usr/lib/python3/dist-packages/setuptools/command/develop.py", line 8, in <module>
[5.080s]     from setuptools.command.easy_install import easy_install
[5.081s]   File "/usr/lib/python3/dist-packages/setuptools/command/easy_install.py", line 50, in <module>
[5.081s]     from setuptools.sandbox import run_setup
[5.081s]   File "/usr/lib/python3/dist-packages/setuptools/sandbox.py", line 13, in <module>
[5.082s]     import pkg_resources
[5.083s]   File "/usr/lib/python3/dist-packages/pkg_resources/__init__.py", line 3327, in <module>
[5.083s]     @_call_aside
[5.084s]      ^^^^^^^^^^^
[5.084s]   File "/usr/lib/python3/dist-packages/pkg_resources/__init__.py", line 3302, in _call_aside
[5.084s]     f(*args, **kwargs)
[5.085s]   File "/usr/lib/python3/dist-packages/pkg_resources/__init__.py", line 3360, in _initialize_master_working_set
[5.085s]     list(map(working_set.add_entry, sys.path))
[5.085s]   File "/usr/lib/python3/dist-packages/pkg_resources/__init__.py", line 671, in add_entry
[5.086s]     for dist in find_distributions(entry, True):
[5.086s]   File "/usr/lib/python3/dist-packages/pkg_resources/__init__.py", line 2132, in find_on_path
[5.086s]     fullpath = os.path.join(path_item, entry)
[5.086s]                ^^^^^^^^^^^^^^^^^^^^^^^^^^^^^^
[5.087s]   File "<frozen posixpath>", line 83, in join
[5.087s] KeyboardInterrupt
