[2.952s] Invoking command in '/home/robotics/Robocon2025_R1/2025R1_ws/build/data_monitor': DEBUGINFOD_URLS=https://debuginfod.ubuntu.com PYTHONPATH=/home/robotics/Robocon2025_R1/2025R1_ws/build/data_monitor/prefix_override:/usr/lib/python3/dist-packages/colcon_core/task/python/colcon_distutils_commands:/home/robotics/Robocon2025_R1/2025R1_ws/install/data_monitor/lib/python3.12/site-packages:${PYTHONPATH} VIRTUAL_ENV_PROMPT=(venv) /usr/bin/python3 -W ignore:setup.py install is deprecated -W ignore:easy_install command is deprecated setup.py develop --editable --build-directory /home/robotics/Robocon2025_R1/2025R1_ws/build/data_monitor/build --no-deps symlink_data --force
[3.888s] running develop
[4.247s] /usr/lib/python3/dist-packages/setuptools/command/easy_install.py:363: UserWarning: Unbuilt egg for pytest-repeat [unknown version] (/usr/lib/python3/dist-packages)
[4.247s]   self.local_index = Environment(self.shadow_path + sys.path)
[4.309s] running egg_info
[4.362s] writing data_monitor.egg-info/PKG-INFO
[4.362s] writing dependency_links to data_monitor.egg-info/dependency_links.txt
[4.362s] writing entry points to data_monitor.egg-info/entry_points.txt
[4.362s] writing requirements to data_monitor.egg-info/requires.txt
[4.362s] writing top-level names to data_monitor.egg-info/top_level.txt
[4.450s] reading manifest file 'data_monitor.egg-info/SOURCES.txt'
[4.455s] writing manifest file 'data_monitor.egg-info/SOURCES.txt'
[4.506s] running build_ext
[4.506s] Creating /home/robotics/Robocon2025_R1/2025R1_ws/install/data_monitor/lib/python3.12/site-packages/data-monitor.egg-link (link to .)
[4.507s] Installing data_sender script to /home/robotics/Robocon2025_R1/2025R1_ws/install/data_monitor/lib/data_monitor
[4.507s] 
[4.507s] Installed /home/robotics/Robocon2025_R1/2025R1_ws/build/data_monitor
[4.508s] running symlink_data
[4.508s] symbolically linking /home/robotics/Robocon2025_R1/2025R1_ws/build/data_monitor/resource/data_monitor -> /home/robotics/Robocon2025_R1/2025R1_ws/install/data_monitor/share/ament_index/resource_index/packages
[4.509s] symbolically linking /home/robotics/Robocon2025_R1/2025R1_ws/build/data_monitor/package.xml -> /home/robotics/Robocon2025_R1/2025R1_ws/install/data_monitor/share/data_monitor
[4.690s] Invoked command in '/home/robotics/Robocon2025_R1/2025R1_ws/build/data_monitor' returned '0': DEBUGINFOD_URLS=https://debuginfod.ubuntu.com PYTHONPATH=/home/robotics/Robocon2025_R1/2025R1_ws/build/data_monitor/prefix_override:/usr/lib/python3/dist-packages/colcon_core/task/python/colcon_distutils_commands:/home/robotics/Robocon2025_R1/2025R1_ws/install/data_monitor/lib/python3.12/site-packages:${PYTHONPATH} VIRTUAL_ENV_PROMPT=(venv) /usr/bin/python3 -W ignore:setup.py install is deprecated -W ignore:easy_install command is deprecated setup.py develop --editable --build-directory /home/robotics/Robocon2025_R1/2025R1_ws/build/data_monitor/build --no-deps symlink_data --force
