[0.156s] DEBUG:colcon:Command line arguments: ['/usr/bin/colcon', 'build', '--symlink-install']
[0.156s] DEBUG:colcon:Parsed command line arguments: Namespace(log_base=None, log_level=None, verb_name='build', build_base='build', install_base='install', merge_install=False, symlink_install=True, test_result_base=None, continue_on_error=False, executor='parallel', parallel_workers=4, event_handlers=None, ignore_user_meta=False, metas=['./colcon.meta'], base_paths=['.'], packages_ignore=None, packages_ignore_regex=None, paths=None, packages_up_to=None, packages_up_to_regex=None, packages_above=None, packages_above_and_dependencies=None, packages_above_depth=None, packages_select_by_dep=None, packages_skip_by_dep=None, packages_skip_up_to=None, packages_select_build_failed=False, packages_skip_build_finished=False, packages_select_test_failures=False, packages_skip_test_passed=False, packages_select=None, packages_skip=None, packages_select_regex=None, packages_skip_regex=None, packages_start=None, packages_end=None, allow_overriding=[], cmake_args=None, cmake_target=None, cmake_target_skip_unavailable=False, cmake_clean_cache=False, cmake_clean_first=False, cmake_force_configure=False, ament_cmake_args=None, catkin_cmake_args=None, catkin_skip_building_tests=False, mixin_files=None, mixin=None, verb_parser=<colcon_mixin.mixin.mixin_argument.MixinArgumentDecorator object at 0xffff84759940>, verb_extension=<colcon_core.verb.build.BuildVerb object at 0xffff848b9f40>, main=<bound method BuildVerb.main of <colcon_core.verb.build.BuildVerb object at 0xffff848b9f40>>, mixin_verb=('build',))
[0.217s] Level 1:colcon.colcon_core.package_discovery:discover_packages(colcon_meta) check parameters
[0.218s] Level 1:colcon.colcon_core.package_discovery:discover_packages(recursive) check parameters
[0.218s] Level 1:colcon.colcon_core.package_discovery:discover_packages(ignore) check parameters
[0.218s] Level 1:colcon.colcon_core.package_discovery:discover_packages(path) check parameters
[0.218s] Level 1:colcon.colcon_core.package_discovery:discover_packages(colcon_meta) discover
[0.218s] Level 1:colcon.colcon_core.package_discovery:discover_packages(recursive) discover
[0.218s] INFO:colcon.colcon_core.package_discovery:Crawling recursively for packages in '/home/robotics/Robocon2025_R1/2025R1_ws/src/navigation'
[0.218s] Level 1:colcon.colcon_core.package_identification:_identify(.) by extensions ['ignore', 'ignore_ament_install']
[0.218s] Level 1:colcon.colcon_core.package_identification:_identify(.) by extension 'ignore'
[0.218s] Level 1:colcon.colcon_core.package_identification:_identify(.) by extension 'ignore_ament_install'
[0.218s] Level 1:colcon.colcon_core.package_identification:_identify(.) by extensions ['colcon_pkg']
[0.218s] Level 1:colcon.colcon_core.package_identification:_identify(.) by extension 'colcon_pkg'
[0.218s] Level 1:colcon.colcon_core.package_identification:_identify(.) by extensions ['colcon_meta']
[0.218s] Level 1:colcon.colcon_core.package_identification:_identify(.) by extension 'colcon_meta'
[0.218s] Level 1:colcon.colcon_core.package_identification:_identify(.) by extensions ['ros']
[0.218s] Level 1:colcon.colcon_core.package_identification:_identify(.) by extension 'ros'
[0.260s] DEBUG:colcon.colcon_core.package_identification:Package '.' with type 'ros.ament_python' and name 'navigation'
[0.261s] Level 1:colcon.colcon_core.package_discovery:discover_packages(recursive) using defaults
[0.261s] Level 1:colcon.colcon_core.package_discovery:discover_packages(ignore) discover
[0.261s] Level 1:colcon.colcon_core.package_discovery:discover_packages(ignore) using defaults
[0.261s] Level 1:colcon.colcon_core.package_discovery:discover_packages(path) discover
[0.261s] Level 1:colcon.colcon_core.package_discovery:discover_packages(path) using defaults
[0.285s] Level 1:colcon.colcon_core.package_discovery:discover_packages(prefix_path) check parameters
[0.285s] Level 1:colcon.colcon_core.package_discovery:discover_packages(prefix_path) discover
[0.288s] DEBUG:colcon.colcon_installed_package_information.package_discovery:Found 3 installed packages in /home/robotics/Robocon2025_R1/2025R1_ws/install
[0.290s] DEBUG:colcon.colcon_installed_package_information.package_discovery:Found 285 installed packages in /opt/ros/jazzy
[0.291s] Level 1:colcon.colcon_core.package_discovery:discover_packages(prefix_path) using defaults
[0.351s] Level 5:colcon.colcon_core.verb:set package 'navigation' build argument 'cmake_args' from command line to 'None'
[0.351s] Level 5:colcon.colcon_core.verb:set package 'navigation' build argument 'cmake_target' from command line to 'None'
[0.351s] Level 5:colcon.colcon_core.verb:set package 'navigation' build argument 'cmake_target_skip_unavailable' from command line to 'False'
[0.351s] Level 5:colcon.colcon_core.verb:set package 'navigation' build argument 'cmake_clean_cache' from command line to 'False'
[0.351s] Level 5:colcon.colcon_core.verb:set package 'navigation' build argument 'cmake_clean_first' from command line to 'False'
[0.351s] Level 5:colcon.colcon_core.verb:set package 'navigation' build argument 'cmake_force_configure' from command line to 'False'
[0.351s] Level 5:colcon.colcon_core.verb:set package 'navigation' build argument 'ament_cmake_args' from command line to 'None'
[0.351s] Level 5:colcon.colcon_core.verb:set package 'navigation' build argument 'catkin_cmake_args' from command line to 'None'
[0.351s] Level 5:colcon.colcon_core.verb:set package 'navigation' build argument 'catkin_skip_building_tests' from command line to 'False'
[0.351s] DEBUG:colcon.colcon_core.verb:Building package 'navigation' with the following arguments: {'ament_cmake_args': None, 'build_base': '/home/robotics/Robocon2025_R1/2025R1_ws/src/navigation/build/navigation', 'catkin_cmake_args': None, 'catkin_skip_building_tests': False, 'cmake_args': None, 'cmake_clean_cache': False, 'cmake_clean_first': False, 'cmake_force_configure': False, 'cmake_target': None, 'cmake_target_skip_unavailable': False, 'install_base': '/home/robotics/Robocon2025_R1/2025R1_ws/src/navigation/install/navigation', 'merge_install': False, 'path': '/home/robotics/Robocon2025_R1/2025R1_ws/src/navigation', 'symlink_install': True, 'test_result_base': None}
[0.351s] INFO:colcon.colcon_core.executor:Executing jobs using 'parallel' executor
[0.353s] DEBUG:colcon.colcon_parallel_executor.executor.parallel:run_until_complete
[0.353s] INFO:colcon.colcon_ros.task.ament_python.build:Building ROS package in '/home/robotics/Robocon2025_R1/2025R1_ws/src/navigation' with build type 'ament_python'
[0.353s] Level 1:colcon.colcon_core.shell:create_environment_hook('navigation', 'ament_prefix_path')
[0.356s] INFO:colcon.colcon_core.plugin_system:Skipping extension 'colcon_core.shell.bat': Not used on non-Windows systems
[0.356s] INFO:colcon.colcon_core.shell:Creating environment hook '/home/robotics/Robocon2025_R1/2025R1_ws/src/navigation/install/navigation/share/navigation/hook/ament_prefix_path.ps1'
[0.358s] INFO:colcon.colcon_core.shell:Creating environment descriptor '/home/robotics/Robocon2025_R1/2025R1_ws/src/navigation/install/navigation/share/navigation/hook/ament_prefix_path.dsv'
[0.359s] INFO:colcon.colcon_core.shell:Creating environment hook '/home/robotics/Robocon2025_R1/2025R1_ws/src/navigation/install/navigation/share/navigation/hook/ament_prefix_path.sh'
[0.360s] INFO:colcon.colcon_core.shell:Skip shell extension 'powershell' for command environment: Not usable outside of PowerShell
[0.360s] DEBUG:colcon.colcon_core.shell:Skip shell extension 'dsv' for command environment
[0.702s] INFO:colcon.colcon_core.task.python.build:Building Python package in '/home/robotics/Robocon2025_R1/2025R1_ws/src/navigation'
[0.702s] INFO:colcon.colcon_core.shell:Skip shell extension 'powershell' for command environment: Not usable outside of PowerShell
[0.702s] DEBUG:colcon.colcon_core.shell:Skip shell extension 'dsv' for command environment
[1.627s] DEBUG:colcon.colcon_core.task.python.build:While undoing a previous installation files outside the Python library path are being ignored: /home/robotics/Robocon2025_R1/2025R1_ws/src/navigation/install/navigation/share/ament_index/resource_index/packages/navigation
[1.627s] DEBUG:colcon.colcon_core.task.python.build:While undoing a previous installation files outside the Python library path are being ignored: /home/robotics/Robocon2025_R1/2025R1_ws/src/navigation/install/navigation/share/navigation/package.xml
[1.627s] DEBUG:colcon.colcon_core.task.python.build:While undoing a previous installation files outside the Python library path are being ignored: /home/robotics/Robocon2025_R1/2025R1_ws/src/navigation/install/navigation/share/navigation
[1.628s] DEBUG:colcon.colcon_core.task.python.build:While undoing a previous installation files outside the Python library path are being ignored: /home/robotics/Robocon2025_R1/2025R1_ws/src/navigation/install/navigation/lib/navigation/active_caster_node
[1.628s] DEBUG:colcon.colcon_core.task.python.build:While undoing a previous installation files outside the Python library path are being ignored: /home/robotics/Robocon2025_R1/2025R1_ws/src/navigation/install/navigation/lib/navigation/navigation_node
[1.628s] DEBUG:colcon.colcon_core.task.python.build:While undoing a previous installation files outside the Python library path are being ignored: /home/robotics/Robocon2025_R1/2025R1_ws/src/navigation/install/navigation/lib/navigation/read_degree_node
[1.632s] DEBUG:colcon.colcon_core.event_handler.log_command:Invoking command in '/home/robotics/Robocon2025_R1/2025R1_ws/src/navigation/build/navigation': DEBUGINFOD_URLS=https://debuginfod.ubuntu.com PS1=(venv) \[\e]0;\u@\h: \w\a\]${debian_chroot:+($debian_chroot)}\u@\h:\w\$ PYTHONPATH=/home/robotics/Robocon2025_R1/2025R1_ws/src/navigation/build/navigation/prefix_override:/usr/lib/python3/dist-packages/colcon_core/task/python/colcon_distutils_commands:/home/robotics/Robocon2025_R1/2025R1_ws/src/navigation/install/navigation/lib/python3.12/site-packages:${PYTHONPATH} VIRTUAL_ENV_PROMPT=(venv) /usr/bin/python3 -W ignore:setup.py install is deprecated -W ignore:easy_install command is deprecated setup.py develop --editable --build-directory /home/robotics/Robocon2025_R1/2025R1_ws/src/navigation/build/navigation/build --no-deps symlink_data --force
[2.613s] Level 1:colcon.colcon_core.shell:create_environment_hook('navigation', 'pythonpath_develop')
[2.614s] INFO:colcon.colcon_core.shell:Creating environment hook '/home/robotics/Robocon2025_R1/2025R1_ws/src/navigation/build/navigation/share/navigation/hook/pythonpath_develop.ps1'
[2.614s] DEBUG:colcon.colcon_core.event_handler.log_command:Invoked command in '/home/robotics/Robocon2025_R1/2025R1_ws/src/navigation/build/navigation' returned '0': DEBUGINFOD_URLS=https://debuginfod.ubuntu.com PS1=(venv) \[\e]0;\u@\h: \w\a\]${debian_chroot:+($debian_chroot)}\u@\h:\w\$ PYTHONPATH=/home/robotics/Robocon2025_R1/2025R1_ws/src/navigation/build/navigation/prefix_override:/usr/lib/python3/dist-packages/colcon_core/task/python/colcon_distutils_commands:/home/robotics/Robocon2025_R1/2025R1_ws/src/navigation/install/navigation/lib/python3.12/site-packages:${PYTHONPATH} VIRTUAL_ENV_PROMPT=(venv) /usr/bin/python3 -W ignore:setup.py install is deprecated -W ignore:easy_install command is deprecated setup.py develop --editable --build-directory /home/robotics/Robocon2025_R1/2025R1_ws/src/navigation/build/navigation/build --no-deps symlink_data --force
[2.615s] INFO:colcon.colcon_core.shell:Creating environment descriptor '/home/robotics/Robocon2025_R1/2025R1_ws/src/navigation/build/navigation/share/navigation/hook/pythonpath_develop.dsv'
[2.615s] INFO:colcon.colcon_core.shell:Creating environment hook '/home/robotics/Robocon2025_R1/2025R1_ws/src/navigation/build/navigation/share/navigation/hook/pythonpath_develop.sh'
[2.619s] Level 1:colcon.colcon_core.environment:checking '/home/robotics/Robocon2025_R1/2025R1_ws/src/navigation/install/navigation' for CMake module files
[2.619s] Level 1:colcon.colcon_core.environment:checking '/home/robotics/Robocon2025_R1/2025R1_ws/src/navigation/install/navigation' for CMake config files
[2.621s] Level 1:colcon.colcon_core.environment:checking '/home/robotics/Robocon2025_R1/2025R1_ws/src/navigation/install/navigation/lib'
[2.621s] Level 1:colcon.colcon_core.environment:checking '/home/robotics/Robocon2025_R1/2025R1_ws/src/navigation/install/navigation/bin'
[2.621s] Level 1:colcon.colcon_core.environment:checking '/home/robotics/Robocon2025_R1/2025R1_ws/src/navigation/install/navigation/lib/pkgconfig/navigation.pc'
[2.622s] Level 1:colcon.colcon_core.environment:checking '/home/robotics/Robocon2025_R1/2025R1_ws/src/navigation/install/navigation/lib/python3.12/site-packages'
[2.622s] Level 1:colcon.colcon_core.shell:create_environment_hook('navigation', 'pythonpath')
[2.622s] INFO:colcon.colcon_core.shell:Creating environment hook '/home/robotics/Robocon2025_R1/2025R1_ws/src/navigation/install/navigation/share/navigation/hook/pythonpath.ps1'
[2.623s] INFO:colcon.colcon_core.shell:Creating environment descriptor '/home/robotics/Robocon2025_R1/2025R1_ws/src/navigation/install/navigation/share/navigation/hook/pythonpath.dsv'
[2.624s] INFO:colcon.colcon_core.shell:Creating environment hook '/home/robotics/Robocon2025_R1/2025R1_ws/src/navigation/install/navigation/share/navigation/hook/pythonpath.sh'
[2.625s] Level 1:colcon.colcon_core.environment:checking '/home/robotics/Robocon2025_R1/2025R1_ws/src/navigation/install/navigation/bin'
[2.625s] Level 1:colcon.colcon_core.environment:create_environment_scripts_only(navigation)
[2.625s] INFO:colcon.colcon_core.shell:Creating package script '/home/robotics/Robocon2025_R1/2025R1_ws/src/navigation/install/navigation/share/navigation/package.ps1'
[2.626s] INFO:colcon.colcon_core.shell:Creating package descriptor '/home/robotics/Robocon2025_R1/2025R1_ws/src/navigation/install/navigation/share/navigation/package.dsv'
[2.627s] INFO:colcon.colcon_core.shell:Creating package script '/home/robotics/Robocon2025_R1/2025R1_ws/src/navigation/install/navigation/share/navigation/package.sh'
[2.628s] INFO:colcon.colcon_core.shell:Creating package script '/home/robotics/Robocon2025_R1/2025R1_ws/src/navigation/install/navigation/share/navigation/package.bash'
[2.629s] INFO:colcon.colcon_core.shell:Creating package script '/home/robotics/Robocon2025_R1/2025R1_ws/src/navigation/install/navigation/share/navigation/package.zsh'
[2.631s] Level 1:colcon.colcon_core.environment:create_file_with_runtime_dependencies(/home/robotics/Robocon2025_R1/2025R1_ws/src/navigation/install/navigation/share/colcon-core/packages/navigation)
[2.632s] DEBUG:colcon.colcon_parallel_executor.executor.parallel:closing loop
[2.632s] DEBUG:colcon.colcon_parallel_executor.executor.parallel:loop closed
[2.632s] DEBUG:colcon.colcon_parallel_executor.executor.parallel:run_until_complete finished with '0'
[2.632s] DEBUG:colcon.colcon_core.event_reactor:joining thread
[2.640s] INFO:colcon.colcon_core.plugin_system:Skipping extension 'colcon_notification.desktop_notification.terminal_notifier': Not used on non-Darwin systems
[2.641s] INFO:colcon.colcon_core.plugin_system:Skipping extension 'colcon_notification.desktop_notification.win32': Not used on non-Windows systems
[2.641s] INFO:colcon.colcon_notification.desktop_notification:Sending desktop notification using 'notify2'
[2.659s] DEBUG:colcon.colcon_core.event_reactor:joined thread
[2.660s] INFO:colcon.colcon_core.shell:Creating prefix script '/home/robotics/Robocon2025_R1/2025R1_ws/src/navigation/install/local_setup.ps1'
[2.661s] INFO:colcon.colcon_core.shell:Creating prefix util module '/home/robotics/Robocon2025_R1/2025R1_ws/src/navigation/install/_local_setup_util_ps1.py'
[2.663s] INFO:colcon.colcon_core.shell:Creating prefix chain script '/home/robotics/Robocon2025_R1/2025R1_ws/src/navigation/install/setup.ps1'
[2.665s] INFO:colcon.colcon_core.shell:Creating prefix script '/home/robotics/Robocon2025_R1/2025R1_ws/src/navigation/install/local_setup.sh'
[2.667s] INFO:colcon.colcon_core.shell:Creating prefix util module '/home/robotics/Robocon2025_R1/2025R1_ws/src/navigation/install/_local_setup_util_sh.py'
[2.671s] INFO:colcon.colcon_core.shell:Creating prefix chain script '/home/robotics/Robocon2025_R1/2025R1_ws/src/navigation/install/setup.sh'
[2.676s] INFO:colcon.colcon_core.shell:Creating prefix script '/home/robotics/Robocon2025_R1/2025R1_ws/src/navigation/install/local_setup.bash'
[2.679s] INFO:colcon.colcon_core.shell:Creating prefix chain script '/home/robotics/Robocon2025_R1/2025R1_ws/src/navigation/install/setup.bash'
[2.681s] INFO:colcon.colcon_core.shell:Creating prefix script '/home/robotics/Robocon2025_R1/2025R1_ws/src/navigation/install/local_setup.zsh'
[2.685s] INFO:colcon.colcon_core.shell:Creating prefix chain script '/home/robotics/Robocon2025_R1/2025R1_ws/src/navigation/install/setup.zsh'
