[0.085s] Invoking command in '/home/robotics/Robocon2025_R1/2025R1_ws/build/joystick_msgs': CMAKE_PREFIX_PATH=${CMAKE_PREFIX_PATH}:/opt/ros/jazzy DEBUGINFOD_URLS=https://debuginfod.ubuntu.com VIRTUAL_ENV_PROMPT=(venv) /usr/bin/cmake --build /home/robotics/Robocon2025_R1/2025R1_ws/build/joystick_msgs -- -j4 -l4
[1.204s] [  2%] Built target joystick_msgs__rosidl_generator_type_description
[1.204s] [  2%] Built target ament_cmake_python_symlink_joystick_msgs
[1.204s] [  5%] Built target joystick_msgs__cpp
[1.204s] [ 20%] Built target joystick_msgs__rosidl_generator_c
[1.204s] [ 29%] Built target joystick_msgs__rosidl_typesupport_cpp
[1.204s] [ 38%] Built target joystick_msgs__rosidl_typesupport_fastrtps_c
[1.205s] [ 47%] Built target joystick_msgs__rosidl_typesupport_introspection_c
[1.205s] [ 55%] Built target joystick_msgs__rosidl_typesupport_c
[1.205s] [ 64%] Built target joystick_msgs__rosidl_typesupport_introspection_cpp
[1.205s] [ 73%] Built target joystick_msgs__rosidl_typesupport_fastrtps_cpp
[1.205s] [ 73%] Built target joystick_msgs
[1.205s] [ 76%] Built target joystick_msgs__py
[1.205s] [ 82%] Built target joystick_msgs__rosidl_generator_py
[1.205s] [ 88%] Built target joystick_msgs_s__rosidl_typesupport_fastrtps_c
[1.205s] [ 94%] Built target joystick_msgs_s__rosidl_typesupport_introspection_c
[1.205s] [100%] Built target joystick_msgs_s__rosidl_typesupport_c
[1.205s] running egg_info
[1.205s] writing joystick_msgs.egg-info/PKG-INFO
[1.206s] writing dependency_links to joystick_msgs.egg-info/dependency_links.txt
[1.206s] writing top-level names to joystick_msgs.egg-info/top_level.txt
[1.206s] reading manifest file 'joystick_msgs.egg-info/SOURCES.txt'
[1.206s] writing manifest file 'joystick_msgs.egg-info/SOURCES.txt'
[1.206s] [100%] Built target ament_cmake_python_build_joystick_msgs_egg
[1.594s] Invoked command in '/home/robotics/Robocon2025_R1/2025R1_ws/build/joystick_msgs' returned '0': CMAKE_PREFIX_PATH=${CMAKE_PREFIX_PATH}:/opt/ros/jazzy DEBUGINFOD_URLS=https://debuginfod.ubuntu.com VIRTUAL_ENV_PROMPT=(venv) /usr/bin/cmake --build /home/robotics/Robocon2025_R1/2025R1_ws/build/joystick_msgs -- -j4 -l4
[1.617s] Invoking command in '/home/robotics/Robocon2025_R1/2025R1_ws/build/joystick_msgs': CMAKE_PREFIX_PATH=${CMAKE_PREFIX_PATH}:/opt/ros/jazzy DEBUGINFOD_URLS=https://debuginfod.ubuntu.com VIRTUAL_ENV_PROMPT=(venv) /usr/bin/cmake --install /home/robotics/Robocon2025_R1/2025R1_ws/build/joystick_msgs
[1.650s] -- Install configuration: ""
[1.650s] -- Execute custom install script
[1.650s] -- Up-to-date symlink: /home/robotics/Robocon2025_R1/2025R1_ws/install/joystick_msgs/share/ament_index/resource_index/rosidl_interfaces/joystick_msgs
[1.650s] -- Up-to-date symlink: /home/robotics/Robocon2025_R1/2025R1_ws/install/joystick_msgs/share/joystick_msgs/msg/Joystick.json
[1.651s] -- Up-to-date symlink: /home/robotics/Robocon2025_R1/2025R1_ws/install/joystick_msgs/include/joystick_msgs/joystick_msgs/msg/detail/joystick__functions.h
[1.651s] -- Up-to-date symlink: /home/robotics/Robocon2025_R1/2025R1_ws/install/joystick_msgs/include/joystick_msgs/joystick_msgs/msg/detail/joystick__struct.h
[1.651s] -- Up-to-date symlink: /home/robotics/Robocon2025_R1/2025R1_ws/install/joystick_msgs/include/joystick_msgs/joystick_msgs/msg/detail/joystick__type_support.h
[1.652s] -- Up-to-date symlink: /home/robotics/Robocon2025_R1/2025R1_ws/install/joystick_msgs/include/joystick_msgs/joystick_msgs/msg/joystick.h
[1.652s] -- Up-to-date symlink: /home/robotics/Robocon2025_R1/2025R1_ws/install/joystick_msgs/include/joystick_msgs/joystick_msgs/msg/rosidl_generator_c__visibility_control.h
[1.652s] -- Up-to-date symlink: /home/robotics/Robocon2025_R1/2025R1_ws/install/joystick_msgs/share/joystick_msgs/environment/library_path.sh
[1.655s] -- Up-to-date symlink: /home/robotics/Robocon2025_R1/2025R1_ws/install/joystick_msgs/share/joystick_msgs/environment/library_path.dsv
[1.655s] -- Up-to-date symlink: /home/robotics/Robocon2025_R1/2025R1_ws/install/joystick_msgs/include/joystick_msgs/joystick_msgs/msg/detail/joystick__rosidl_typesupport_fastrtps_c.h
[1.655s] -- Up-to-date symlink: /home/robotics/Robocon2025_R1/2025R1_ws/install/joystick_msgs/include/joystick_msgs/joystick_msgs/msg/rosidl_typesupport_fastrtps_c__visibility_control.h
[1.655s] -- Up-to-date symlink: /home/robotics/Robocon2025_R1/2025R1_ws/install/joystick_msgs/include/joystick_msgs/joystick_msgs/msg/detail/joystick__rosidl_typesupport_introspection_c.h
[1.655s] -- Up-to-date symlink: /home/robotics/Robocon2025_R1/2025R1_ws/install/joystick_msgs/include/joystick_msgs/joystick_msgs/msg/rosidl_typesupport_introspection_c__visibility_control.h
[1.655s] -- Up-to-date symlink: /home/robotics/Robocon2025_R1/2025R1_ws/install/joystick_msgs/include/joystick_msgs/joystick_msgs/msg/detail/joystick__builder.hpp
[1.656s] -- Up-to-date symlink: /home/robotics/Robocon2025_R1/2025R1_ws/install/joystick_msgs/include/joystick_msgs/joystick_msgs/msg/detail/joystick__struct.hpp
[1.656s] -- Up-to-date symlink: /home/robotics/Robocon2025_R1/2025R1_ws/install/joystick_msgs/include/joystick_msgs/joystick_msgs/msg/detail/joystick__traits.hpp
[1.656s] -- Up-to-date symlink: /home/robotics/Robocon2025_R1/2025R1_ws/install/joystick_msgs/include/joystick_msgs/joystick_msgs/msg/detail/joystick__type_support.hpp
[1.656s] -- Up-to-date symlink: /home/robotics/Robocon2025_R1/2025R1_ws/install/joystick_msgs/include/joystick_msgs/joystick_msgs/msg/joystick.hpp
[1.656s] -- Up-to-date symlink: /home/robotics/Robocon2025_R1/2025R1_ws/install/joystick_msgs/include/joystick_msgs/joystick_msgs/msg/rosidl_generator_cpp__visibility_control.hpp
[1.657s] -- Up-to-date symlink: /home/robotics/Robocon2025_R1/2025R1_ws/install/joystick_msgs/include/joystick_msgs/joystick_msgs/msg/detail/joystick__rosidl_typesupport_fastrtps_cpp.hpp
[1.657s] -- Up-to-date symlink: /home/robotics/Robocon2025_R1/2025R1_ws/install/joystick_msgs/include/joystick_msgs/joystick_msgs/msg/rosidl_typesupport_fastrtps_cpp__visibility_control.h
[1.658s] -- Up-to-date symlink: /home/robotics/Robocon2025_R1/2025R1_ws/install/joystick_msgs/include/joystick_msgs/joystick_msgs/msg/detail/joystick__rosidl_typesupport_introspection_cpp.hpp
[1.658s] -- Up-to-date symlink: /home/robotics/Robocon2025_R1/2025R1_ws/install/joystick_msgs/share/joystick_msgs/environment/pythonpath.sh
[1.658s] -- Up-to-date symlink: /home/robotics/Robocon2025_R1/2025R1_ws/install/joystick_msgs/share/joystick_msgs/environment/pythonpath.dsv
[1.659s] -- Up-to-date symlink: /home/robotics/Robocon2025_R1/2025R1_ws/install/joystick_msgs/lib/python3.12/site-packages/joystick_msgs-0.1.0-py3.12.egg-info/PKG-INFO
[1.660s] -- Up-to-date symlink: /home/robotics/Robocon2025_R1/2025R1_ws/install/joystick_msgs/lib/python3.12/site-packages/joystick_msgs-0.1.0-py3.12.egg-info/SOURCES.txt
[1.660s] -- Up-to-date symlink: /home/robotics/Robocon2025_R1/2025R1_ws/install/joystick_msgs/lib/python3.12/site-packages/joystick_msgs-0.1.0-py3.12.egg-info/dependency_links.txt
[1.660s] -- Up-to-date symlink: /home/robotics/Robocon2025_R1/2025R1_ws/install/joystick_msgs/lib/python3.12/site-packages/joystick_msgs-0.1.0-py3.12.egg-info/top_level.txt
[1.662s] -- Up-to-date symlink: /home/robotics/Robocon2025_R1/2025R1_ws/install/joystick_msgs/lib/python3.12/site-packages/joystick_msgs/__init__.py
[1.662s] -- Up-to-date symlink: /home/robotics/Robocon2025_R1/2025R1_ws/install/joystick_msgs/lib/python3.12/site-packages/joystick_msgs/_joystick_msgs_s.ep.rosidl_typesupport_c.c
[1.662s] -- Up-to-date symlink: /home/robotics/Robocon2025_R1/2025R1_ws/install/joystick_msgs/lib/python3.12/site-packages/joystick_msgs/_joystick_msgs_s.ep.rosidl_typesupport_fastrtps_c.c
[1.662s] -- Up-to-date symlink: /home/robotics/Robocon2025_R1/2025R1_ws/install/joystick_msgs/lib/python3.12/site-packages/joystick_msgs/_joystick_msgs_s.ep.rosidl_typesupport_introspection_c.c
[1.663s] -- Up-to-date symlink: /home/robotics/Robocon2025_R1/2025R1_ws/install/joystick_msgs/lib/python3.12/site-packages/joystick_msgs/joystick_msgs_s__rosidl_typesupport_c.so
[1.663s] -- Up-to-date symlink: /home/robotics/Robocon2025_R1/2025R1_ws/install/joystick_msgs/lib/python3.12/site-packages/joystick_msgs/joystick_msgs_s__rosidl_typesupport_fastrtps_c.so
[1.664s] -- Up-to-date symlink: /home/robotics/Robocon2025_R1/2025R1_ws/install/joystick_msgs/lib/python3.12/site-packages/joystick_msgs/joystick_msgs_s__rosidl_typesupport_introspection_c.so
[1.666s] -- Up-to-date symlink: /home/robotics/Robocon2025_R1/2025R1_ws/install/joystick_msgs/lib/python3.12/site-packages/joystick_msgs/msg/__init__.py
[1.666s] -- Up-to-date symlink: /home/robotics/Robocon2025_R1/2025R1_ws/install/joystick_msgs/lib/python3.12/site-packages/joystick_msgs/msg/_joystick.py
[1.666s] -- Up-to-date symlink: /home/robotics/Robocon2025_R1/2025R1_ws/install/joystick_msgs/lib/python3.12/site-packages/joystick_msgs/msg/_joystick_s.c
[1.666s] -- Up-to-date symlink: /home/robotics/Robocon2025_R1/2025R1_ws/install/joystick_msgs/lib/python3.12/site-packages/joystick_msgs/joystick_msgs_s__rosidl_typesupport_fastrtps_c.so
[1.666s] -- Up-to-date symlink: /home/robotics/Robocon2025_R1/2025R1_ws/install/joystick_msgs/lib/python3.12/site-packages/joystick_msgs/joystick_msgs_s__rosidl_typesupport_introspection_c.so
[1.666s] -- Up-to-date symlink: /home/robotics/Robocon2025_R1/2025R1_ws/install/joystick_msgs/lib/python3.12/site-packages/joystick_msgs/joystick_msgs_s__rosidl_typesupport_c.so
[1.666s] -- Up-to-date symlink: /home/robotics/Robocon2025_R1/2025R1_ws/install/joystick_msgs/share/joystick_msgs/msg/Joystick.idl
[1.667s] -- Up-to-date symlink: /home/robotics/Robocon2025_R1/2025R1_ws/install/joystick_msgs/share/joystick_msgs/msg/Joystick.msg
[1.667s] -- Up-to-date symlink: /home/robotics/Robocon2025_R1/2025R1_ws/install/joystick_msgs/share/ament_index/resource_index/package_run_dependencies/joystick_msgs
[1.667s] -- Up-to-date symlink: /home/robotics/Robocon2025_R1/2025R1_ws/install/joystick_msgs/share/ament_index/resource_index/parent_prefix_path/joystick_msgs
[1.667s] -- Up-to-date symlink: /home/robotics/Robocon2025_R1/2025R1_ws/install/joystick_msgs/share/joystick_msgs/environment/ament_prefix_path.sh
[1.667s] -- Up-to-date symlink: /home/robotics/Robocon2025_R1/2025R1_ws/install/joystick_msgs/share/joystick_msgs/environment/ament_prefix_path.dsv
[1.667s] -- Up-to-date symlink: /home/robotics/Robocon2025_R1/2025R1_ws/install/joystick_msgs/share/joystick_msgs/environment/path.sh
[1.671s] -- Up-to-date symlink: /home/robotics/Robocon2025_R1/2025R1_ws/install/joystick_msgs/share/joystick_msgs/environment/path.dsv
[1.671s] -- Up-to-date symlink: /home/robotics/Robocon2025_R1/2025R1_ws/install/joystick_msgs/share/joystick_msgs/local_setup.bash
[1.672s] -- Up-to-date symlink: /home/robotics/Robocon2025_R1/2025R1_ws/install/joystick_msgs/share/joystick_msgs/local_setup.sh
[1.672s] -- Up-to-date symlink: /home/robotics/Robocon2025_R1/2025R1_ws/install/joystick_msgs/share/joystick_msgs/local_setup.zsh
[1.672s] -- Up-to-date symlink: /home/robotics/Robocon2025_R1/2025R1_ws/install/joystick_msgs/share/joystick_msgs/local_setup.dsv
[1.672s] -- Symlinking: /home/robotics/Robocon2025_R1/2025R1_ws/install/joystick_msgs/share/joystick_msgs/package.dsv
[1.694s] -- Up-to-date symlink: /home/robotics/Robocon2025_R1/2025R1_ws/install/joystick_msgs/share/ament_index/resource_index/packages/joystick_msgs
[1.695s] -- Up-to-date symlink: /home/robotics/Robocon2025_R1/2025R1_ws/install/joystick_msgs/share/joystick_msgs/cmake/rosidl_cmake-extras.cmake
[1.696s] -- Up-to-date symlink: /home/robotics/Robocon2025_R1/2025R1_ws/install/joystick_msgs/share/joystick_msgs/cmake/ament_cmake_export_include_directories-extras.cmake
[1.698s] -- Up-to-date symlink: /home/robotics/Robocon2025_R1/2025R1_ws/install/joystick_msgs/share/joystick_msgs/cmake/ament_cmake_export_libraries-extras.cmake
[1.698s] -- Up-to-date symlink: /home/robotics/Robocon2025_R1/2025R1_ws/install/joystick_msgs/share/joystick_msgs/cmake/ament_cmake_export_targets-extras.cmake
[1.699s] -- Up-to-date symlink: /home/robotics/Robocon2025_R1/2025R1_ws/install/joystick_msgs/share/joystick_msgs/cmake/rosidl_cmake_export_typesupport_targets-extras.cmake
[1.699s] -- Up-to-date symlink: /home/robotics/Robocon2025_R1/2025R1_ws/install/joystick_msgs/share/joystick_msgs/cmake/ament_cmake_export_dependencies-extras.cmake
[1.701s] -- Up-to-date symlink: /home/robotics/Robocon2025_R1/2025R1_ws/install/joystick_msgs/share/joystick_msgs/cmake/rosidl_cmake_export_typesupport_libraries-extras.cmake
[1.701s] -- Up-to-date symlink: /home/robotics/Robocon2025_R1/2025R1_ws/install/joystick_msgs/share/joystick_msgs/cmake/joystick_msgsConfig.cmake
[1.701s] -- Up-to-date symlink: /home/robotics/Robocon2025_R1/2025R1_ws/install/joystick_msgs/share/joystick_msgs/cmake/joystick_msgsConfig-version.cmake
[1.702s] -- Up-to-date symlink: /home/robotics/Robocon2025_R1/2025R1_ws/install/joystick_msgs/share/joystick_msgs/package.xml
[1.703s] -- Up-to-date: /home/robotics/Robocon2025_R1/2025R1_ws/install/joystick_msgs/lib/libjoystick_msgs__rosidl_generator_c.so
[1.704s] -- Up-to-date: /home/robotics/Robocon2025_R1/2025R1_ws/install/joystick_msgs/lib/libjoystick_msgs__rosidl_typesupport_fastrtps_c.so
[1.705s] -- Up-to-date: /home/robotics/Robocon2025_R1/2025R1_ws/install/joystick_msgs/lib/libjoystick_msgs__rosidl_typesupport_introspection_c.so
[1.706s] -- Up-to-date: /home/robotics/Robocon2025_R1/2025R1_ws/install/joystick_msgs/lib/libjoystick_msgs__rosidl_typesupport_c.so
[1.707s] -- Up-to-date: /home/robotics/Robocon2025_R1/2025R1_ws/install/joystick_msgs/lib/libjoystick_msgs__rosidl_typesupport_fastrtps_cpp.so
[1.708s] -- Up-to-date: /home/robotics/Robocon2025_R1/2025R1_ws/install/joystick_msgs/lib/libjoystick_msgs__rosidl_typesupport_introspection_cpp.so
[1.710s] -- Up-to-date: /home/robotics/Robocon2025_R1/2025R1_ws/install/joystick_msgs/lib/libjoystick_msgs__rosidl_typesupport_cpp.so
[1.798s] Listing '/home/robotics/Robocon2025_R1/2025R1_ws/install/joystick_msgs/lib/python3.12/site-packages/joystick_msgs'...
[1.799s] Listing '/home/robotics/Robocon2025_R1/2025R1_ws/install/joystick_msgs/lib/python3.12/site-packages/joystick_msgs/msg'...
[1.823s] -- Up-to-date: /home/robotics/Robocon2025_R1/2025R1_ws/install/joystick_msgs/lib/libjoystick_msgs__rosidl_generator_py.so
[1.825s] -- Up-to-date: /home/robotics/Robocon2025_R1/2025R1_ws/install/joystick_msgs/share/joystick_msgs/cmake/export_joystick_msgs__rosidl_generator_cExport.cmake
[1.825s] -- Up-to-date: /home/robotics/Robocon2025_R1/2025R1_ws/install/joystick_msgs/share/joystick_msgs/cmake/export_joystick_msgs__rosidl_generator_cExport-noconfig.cmake
[1.825s] -- Up-to-date: /home/robotics/Robocon2025_R1/2025R1_ws/install/joystick_msgs/share/joystick_msgs/cmake/export_joystick_msgs__rosidl_typesupport_fastrtps_cExport.cmake
[1.825s] -- Up-to-date: /home/robotics/Robocon2025_R1/2025R1_ws/install/joystick_msgs/share/joystick_msgs/cmake/export_joystick_msgs__rosidl_typesupport_fastrtps_cExport-noconfig.cmake
[1.825s] -- Up-to-date: /home/robotics/Robocon2025_R1/2025R1_ws/install/joystick_msgs/share/joystick_msgs/cmake/joystick_msgs__rosidl_typesupport_introspection_cExport.cmake
[1.825s] -- Up-to-date: /home/robotics/Robocon2025_R1/2025R1_ws/install/joystick_msgs/share/joystick_msgs/cmake/joystick_msgs__rosidl_typesupport_introspection_cExport-noconfig.cmake
[1.826s] -- Up-to-date: /home/robotics/Robocon2025_R1/2025R1_ws/install/joystick_msgs/share/joystick_msgs/cmake/joystick_msgs__rosidl_typesupport_cExport.cmake
[1.826s] -- Up-to-date: /home/robotics/Robocon2025_R1/2025R1_ws/install/joystick_msgs/share/joystick_msgs/cmake/joystick_msgs__rosidl_typesupport_cExport-noconfig.cmake
[1.826s] -- Up-to-date: /home/robotics/Robocon2025_R1/2025R1_ws/install/joystick_msgs/share/joystick_msgs/cmake/export_joystick_msgs__rosidl_generator_cppExport.cmake
[1.826s] -- Up-to-date: /home/robotics/Robocon2025_R1/2025R1_ws/install/joystick_msgs/share/joystick_msgs/cmake/export_joystick_msgs__rosidl_typesupport_fastrtps_cppExport.cmake
[1.826s] -- Up-to-date: /home/robotics/Robocon2025_R1/2025R1_ws/install/joystick_msgs/share/joystick_msgs/cmake/export_joystick_msgs__rosidl_typesupport_fastrtps_cppExport-noconfig.cmake
[1.826s] -- Up-to-date: /home/robotics/Robocon2025_R1/2025R1_ws/install/joystick_msgs/share/joystick_msgs/cmake/joystick_msgs__rosidl_typesupport_introspection_cppExport.cmake
[1.830s] -- Up-to-date: /home/robotics/Robocon2025_R1/2025R1_ws/install/joystick_msgs/share/joystick_msgs/cmake/joystick_msgs__rosidl_typesupport_introspection_cppExport-noconfig.cmake
[1.831s] -- Up-to-date: /home/robotics/Robocon2025_R1/2025R1_ws/install/joystick_msgs/share/joystick_msgs/cmake/joystick_msgs__rosidl_typesupport_cppExport.cmake
[1.831s] -- Up-to-date: /home/robotics/Robocon2025_R1/2025R1_ws/install/joystick_msgs/share/joystick_msgs/cmake/joystick_msgs__rosidl_typesupport_cppExport-noconfig.cmake
[1.831s] -- Up-to-date: /home/robotics/Robocon2025_R1/2025R1_ws/install/joystick_msgs/share/joystick_msgs/cmake/export_joystick_msgs__rosidl_generator_pyExport.cmake
[1.831s] -- Up-to-date: /home/robotics/Robocon2025_R1/2025R1_ws/install/joystick_msgs/share/joystick_msgs/cmake/export_joystick_msgs__rosidl_generator_pyExport-noconfig.cmake
[1.840s] Invoked command in '/home/robotics/Robocon2025_R1/2025R1_ws/build/joystick_msgs' returned '0': CMAKE_PREFIX_PATH=${CMAKE_PREFIX_PATH}:/opt/ros/jazzy DEBUGINFOD_URLS=https://debuginfod.ubuntu.com VIRTUAL_ENV_PROMPT=(venv) /usr/bin/cmake --install /home/robotics/Robocon2025_R1/2025R1_ws/build/joystick_msgs
