[1.771s] Invoking command in '/home/robotics/Robocon2025_R1/2025R1_ws/build/joystick_driver': AMENT_PREFIX_PATH=/home/robotics/Robocon2025_R1/2025R1_ws/install/joystick_msgs:${AMENT_PREFIX_PATH} CMAKE_PREFIX_PATH=/home/robotics/Robocon2025_R1/2025R1_ws/install/joystick_msgs:${CMAKE_PREFIX_PATH} DEBUGINFOD_URLS=https://debuginfod.ubuntu.com LD_LIBRARY_PATH=/home/robotics/Robocon2025_R1/2025R1_ws/install/joystick_msgs/lib:${LD_LIBRARY_PATH} PYTHONPATH=/home/robotics/Robocon2025_R1/2025R1_ws/build/joystick_driver/prefix_override:/usr/lib/python3/dist-packages/colcon_core/task/python/colcon_distutils_commands:/home/robotics/Robocon2025_R1/2025R1_ws/install/joystick_driver/lib/python3.12/site-packages:/home/robotics/Robocon2025_R1/2025R1_ws/install/joystick_msgs/lib/python3.12/site-packages:${PYTHONPATH} VIRTUAL_ENV_PROMPT=(venv) /usr/bin/python3 -W ignore:setup.py install is deprecated -W ignore:easy_install command is deprecated setup.py develop --editable --build-directory /home/robotics/Robocon2025_R1/2025R1_ws/build/joystick_driver/build --no-deps symlink_data --force
[2.296s] running develop
[2.561s] /usr/lib/python3/dist-packages/setuptools/command/easy_install.py:363: UserWarning: Unbuilt egg for pytest-repeat [unknown version] (/usr/lib/python3/dist-packages)
[2.561s]   self.local_index = Environment(self.shadow_path + sys.path)
[2.608s] running egg_info
[2.646s] writing joystick_driver.egg-info/PKG-INFO
[2.647s] writing dependency_links to joystick_driver.egg-info/dependency_links.txt
[2.648s] writing entry points to joystick_driver.egg-info/entry_points.txt
[2.648s] writing requirements to joystick_driver.egg-info/requires.txt
[2.649s] writing top-level names to joystick_driver.egg-info/top_level.txt
[2.705s] reading manifest file 'joystick_driver.egg-info/SOURCES.txt'
[2.706s] writing manifest file 'joystick_driver.egg-info/SOURCES.txt'
[2.749s] running build_ext
[2.749s] Creating /home/robotics/Robocon2025_R1/2025R1_ws/install/joystick_driver/lib/python3.12/site-packages/joystick-driver.egg-link (link to .)
[2.750s] Installing joystick_node script to /home/robotics/Robocon2025_R1/2025R1_ws/install/joystick_driver/lib/joystick_driver
[2.750s] 
[2.750s] Installed /home/robotics/Robocon2025_R1/2025R1_ws/build/joystick_driver
[2.750s] running symlink_data
[2.750s] symbolically linking /home/robotics/Robocon2025_R1/2025R1_ws/build/joystick_driver/resource/joystick_driver -> /home/robotics/Robocon2025_R1/2025R1_ws/install/joystick_driver/share/ament_index/resource_index/packages
[2.751s] symbolically linking /home/robotics/Robocon2025_R1/2025R1_ws/build/joystick_driver/package.xml -> /home/robotics/Robocon2025_R1/2025R1_ws/install/joystick_driver/share/joystick_driver
[2.855s] Invoked command in '/home/robotics/Robocon2025_R1/2025R1_ws/build/joystick_driver' returned '0': AMENT_PREFIX_PATH=/home/robotics/Robocon2025_R1/2025R1_ws/install/joystick_msgs:${AMENT_PREFIX_PATH} CMAKE_PREFIX_PATH=/home/robotics/Robocon2025_R1/2025R1_ws/install/joystick_msgs:${CMAKE_PREFIX_PATH} DEBUGINFOD_URLS=https://debuginfod.ubuntu.com LD_LIBRARY_PATH=/home/robotics/Robocon2025_R1/2025R1_ws/install/joystick_msgs/lib:${LD_LIBRARY_PATH} PYTHONPATH=/home/robotics/Robocon2025_R1/2025R1_ws/build/joystick_driver/prefix_override:/usr/lib/python3/dist-packages/colcon_core/task/python/colcon_distutils_commands:/home/robotics/Robocon2025_R1/2025R1_ws/install/joystick_driver/lib/python3.12/site-packages:/home/robotics/Robocon2025_R1/2025R1_ws/install/joystick_msgs/lib/python3.12/site-packages:${PYTHONPATH} VIRTUAL_ENV_PROMPT=(venv) /usr/bin/python3 -W ignore:setup.py install is deprecated -W ignore:easy_install command is deprecated setup.py develop --editable --build-directory /home/robotics/Robocon2025_R1/2025R1_ws/build/joystick_driver/build --no-deps symlink_data --force
