/home/robotics/Robocon2025_R1/2025R1_ws/src/navigation/install/navigation/lib/python3.12/site-packages/navigation/read_degree_node.py
/home/robotics/Robocon2025_R1/2025R1_ws/src/navigation/install/navigation/lib/python3.12/site-packages/navigation/navigation_node.py
/home/robotics/Robocon2025_R1/2025R1_ws/src/navigation/install/navigation/lib/python3.12/site-packages/navigation/__init__.py
/home/robotics/Robocon2025_R1/2025R1_ws/src/navigation/install/navigation/lib/python3.12/site-packages/navigation/active_caster_node.py
/home/robotics/Robocon2025_R1/2025R1_ws/src/navigation/install/navigation/lib/python3.12/site-packages/navigation/omni_wheel_speed_node.py
/home/robotics/Robocon2025_R1/2025R1_ws/src/navigation/install/navigation/lib/python3.12/site-packages/navigation/__pycache__/read_degree_node.cpython-312.pyc
/home/robotics/Robocon2025_R1/2025R1_ws/src/navigation/install/navigation/lib/python3.12/site-packages/navigation/__pycache__/navigation_node.cpython-312.pyc
/home/robotics/Robocon2025_R1/2025R1_ws/src/navigation/install/navigation/lib/python3.12/site-packages/navigation/__pycache__/__init__.cpython-312.pyc
/home/robotics/Robocon2025_R1/2025R1_ws/src/navigation/install/navigation/lib/python3.12/site-packages/navigation/__pycache__/active_caster_node.cpython-312.pyc
/home/robotics/Robocon2025_R1/2025R1_ws/src/navigation/install/navigation/lib/python3.12/site-packages/navigation/__pycache__/omni_wheel_speed_node.cpython-312.pyc
/home/robotics/Robocon2025_R1/2025R1_ws/src/navigation/install/navigation/share/ament_index/resource_index/packages/navigation
/home/robotics/Robocon2025_R1/2025R1_ws/src/navigation/install/navigation/share/navigation/package.xml
/home/robotics/Robocon2025_R1/2025R1_ws/src/navigation/install/navigation/share/navigation
/home/robotics/Robocon2025_R1/2025R1_ws/src/navigation/install/navigation/lib/python3.12/site-packages/navigation-0.0.0-py3.12.egg-info/dependency_links.txt
/home/robotics/Robocon2025_R1/2025R1_ws/src/navigation/install/navigation/lib/python3.12/site-packages/navigation-0.0.0-py3.12.egg-info/PKG-INFO
/home/robotics/Robocon2025_R1/2025R1_ws/src/navigation/install/navigation/lib/python3.12/site-packages/navigation-0.0.0-py3.12.egg-info/entry_points.txt
/home/robotics/Robocon2025_R1/2025R1_ws/src/navigation/install/navigation/lib/python3.12/site-packages/navigation-0.0.0-py3.12.egg-info/requires.txt
/home/robotics/Robocon2025_R1/2025R1_ws/src/navigation/install/navigation/lib/python3.12/site-packages/navigation-0.0.0-py3.12.egg-info/top_level.txt
/home/robotics/Robocon2025_R1/2025R1_ws/src/navigation/install/navigation/lib/python3.12/site-packages/navigation-0.0.0-py3.12.egg-info/zip-safe
/home/robotics/Robocon2025_R1/2025R1_ws/src/navigation/install/navigation/lib/python3.12/site-packages/navigation-0.0.0-py3.12.egg-info/SOURCES.txt
/home/robotics/Robocon2025_R1/2025R1_ws/src/navigation/install/navigation/lib/navigation/active_caster_node
/home/robotics/Robocon2025_R1/2025R1_ws/src/navigation/install/navigation/lib/navigation/navigation_node
/home/robotics/Robocon2025_R1/2025R1_ws/src/navigation/install/navigation/lib/navigation/read_degree_node
