[0.145s] DEBUG:colcon:Command line arguments: ['/usr/bin/colcon', 'build', '--symlink-install']
[0.145s] DEBUG:colcon:Parsed command line arguments: Namespace(log_base=None, log_level=None, verb_name='build', build_base='build', install_base='install', merge_install=False, symlink_install=True, test_result_base=None, continue_on_error=False, executor='parallel', parallel_workers=4, event_handlers=None, ignore_user_meta=False, metas=['./colcon.meta'], base_paths=['.'], packages_ignore=None, packages_ignore_regex=None, paths=None, packages_up_to=None, packages_up_to_regex=None, packages_above=None, packages_above_and_dependencies=None, packages_above_depth=None, packages_select_by_dep=None, packages_skip_by_dep=None, packages_skip_up_to=None, packages_select_build_failed=False, packages_skip_build_finished=False, packages_select_test_failures=False, packages_skip_test_passed=False, packages_select=None, packages_skip=None, packages_select_regex=None, packages_skip_regex=None, packages_start=None, packages_end=None, allow_overriding=[], cmake_args=None, cmake_target=None, cmake_target_skip_unavailable=False, cmake_clean_cache=False, cmake_clean_first=False, cmake_force_configure=False, ament_cmake_args=None, catkin_cmake_args=None, catkin_skip_building_tests=False, mixin_files=None, mixin=None, verb_parser=<colcon_mixin.mixin.mixin_argument.MixinArgumentDecorator object at 0xffff8af95a60>, verb_extension=<colcon_core.verb.build.BuildVerb object at 0xffff8b0b9d60>, main=<bound method BuildVerb.main of <colcon_core.verb.build.BuildVerb object at 0xffff8b0b9d60>>, mixin_verb=('build',))
[0.200s] Level 1:colcon.colcon_core.package_discovery:discover_packages(colcon_meta) check parameters
[0.200s] Level 1:colcon.colcon_core.package_discovery:discover_packages(recursive) check parameters
[0.200s] Level 1:colcon.colcon_core.package_discovery:discover_packages(ignore) check parameters
[0.200s] Level 1:colcon.colcon_core.package_discovery:discover_packages(path) check parameters
[0.200s] Level 1:colcon.colcon_core.package_discovery:discover_packages(colcon_meta) discover
[0.200s] Level 1:colcon.colcon_core.package_discovery:discover_packages(recursive) discover
[0.200s] INFO:colcon.colcon_core.package_discovery:Crawling recursively for packages in '/home/robotics/Robocon2025_R1/2025R1_ws'
[0.200s] Level 1:colcon.colcon_core.package_identification:_identify(.) by extensions ['ignore', 'ignore_ament_install']
[0.201s] Level 1:colcon.colcon_core.package_identification:_identify(.) by extension 'ignore'
[0.201s] Level 1:colcon.colcon_core.package_identification:_identify(.) by extension 'ignore_ament_install'
[0.201s] Level 1:colcon.colcon_core.package_identification:_identify(.) by extensions ['colcon_pkg']
[0.201s] Level 1:colcon.colcon_core.package_identification:_identify(.) by extension 'colcon_pkg'
[0.201s] Level 1:colcon.colcon_core.package_identification:_identify(.) by extensions ['colcon_meta']
[0.201s] Level 1:colcon.colcon_core.package_identification:_identify(.) by extension 'colcon_meta'
[0.201s] Level 1:colcon.colcon_core.package_identification:_identify(.) by extensions ['ros']
[0.201s] Level 1:colcon.colcon_core.package_identification:_identify(.) by extension 'ros'
[0.238s] Level 1:colcon.colcon_core.package_identification:_identify(.) by extensions ['cmake', 'python']
[0.238s] Level 1:colcon.colcon_core.package_identification:_identify(.) by extension 'cmake'
[0.238s] Level 1:colcon.colcon_core.package_identification:_identify(.) by extension 'python'
[0.239s] Level 1:colcon.colcon_core.package_identification:_identify(.) by extensions ['python_setup_py']
[0.239s] Level 1:colcon.colcon_core.package_identification:_identify(.) by extension 'python_setup_py'
[0.239s] Level 1:colcon.colcon_core.package_identification:_identify(build) by extensions ['ignore', 'ignore_ament_install']
[0.239s] Level 1:colcon.colcon_core.package_identification:_identify(build) by extension 'ignore'
[0.239s] Level 1:colcon.colcon_core.package_identification:_identify(build) ignored
[0.239s] Level 1:colcon.colcon_core.package_identification:_identify(install) by extensions ['ignore', 'ignore_ament_install']
[0.239s] Level 1:colcon.colcon_core.package_identification:_identify(install) by extension 'ignore'
[0.239s] Level 1:colcon.colcon_core.package_identification:_identify(install) ignored
[0.240s] Level 1:colcon.colcon_core.package_identification:_identify(log) by extensions ['ignore', 'ignore_ament_install']
[0.240s] Level 1:colcon.colcon_core.package_identification:_identify(log) by extension 'ignore'
[0.240s] Level 1:colcon.colcon_core.package_identification:_identify(log) ignored
[0.240s] Level 1:colcon.colcon_core.package_identification:_identify(src) by extensions ['ignore', 'ignore_ament_install']
[0.240s] Level 1:colcon.colcon_core.package_identification:_identify(src) by extension 'ignore'
[0.240s] Level 1:colcon.colcon_core.package_identification:_identify(src) by extension 'ignore_ament_install'
[0.240s] Level 1:colcon.colcon_core.package_identification:_identify(src) by extensions ['colcon_pkg']
[0.240s] Level 1:colcon.colcon_core.package_identification:_identify(src) by extension 'colcon_pkg'
[0.240s] Level 1:colcon.colcon_core.package_identification:_identify(src) by extensions ['colcon_meta']
[0.240s] Level 1:colcon.colcon_core.package_identification:_identify(src) by extension 'colcon_meta'
[0.240s] Level 1:colcon.colcon_core.package_identification:_identify(src) by extensions ['ros']
[0.240s] Level 1:colcon.colcon_core.package_identification:_identify(src) by extension 'ros'
[0.240s] Level 1:colcon.colcon_core.package_identification:_identify(src) by extensions ['cmake', 'python']
[0.240s] Level 1:colcon.colcon_core.package_identification:_identify(src) by extension 'cmake'
[0.240s] Level 1:colcon.colcon_core.package_identification:_identify(src) by extension 'python'
[0.240s] Level 1:colcon.colcon_core.package_identification:_identify(src) by extensions ['python_setup_py']
[0.240s] Level 1:colcon.colcon_core.package_identification:_identify(src) by extension 'python_setup_py'
[0.241s] Level 1:colcon.colcon_core.package_identification:_identify(src/damiao) by extensions ['ignore', 'ignore_ament_install']
[0.241s] Level 1:colcon.colcon_core.package_identification:_identify(src/damiao) by extension 'ignore'
[0.241s] Level 1:colcon.colcon_core.package_identification:_identify(src/damiao) by extension 'ignore_ament_install'
[0.241s] Level 1:colcon.colcon_core.package_identification:_identify(src/damiao) by extensions ['colcon_pkg']
[0.241s] Level 1:colcon.colcon_core.package_identification:_identify(src/damiao) by extension 'colcon_pkg'
[0.241s] Level 1:colcon.colcon_core.package_identification:_identify(src/damiao) by extensions ['colcon_meta']
[0.241s] Level 1:colcon.colcon_core.package_identification:_identify(src/damiao) by extension 'colcon_meta'
[0.241s] Level 1:colcon.colcon_core.package_identification:_identify(src/damiao) by extensions ['ros']
[0.241s] Level 1:colcon.colcon_core.package_identification:_identify(src/damiao) by extension 'ros'
[0.244s] DEBUG:colcon.colcon_core.package_identification:Package 'src/damiao' with type 'ros.ament_python' and name 'damiao'
[0.244s] Level 1:colcon.colcon_core.package_identification:_identify(src/data_monitor) by extensions ['ignore', 'ignore_ament_install']
[0.244s] Level 1:colcon.colcon_core.package_identification:_identify(src/data_monitor) by extension 'ignore'
[0.244s] Level 1:colcon.colcon_core.package_identification:_identify(src/data_monitor) by extension 'ignore_ament_install'
[0.244s] Level 1:colcon.colcon_core.package_identification:_identify(src/data_monitor) by extensions ['colcon_pkg']
[0.244s] Level 1:colcon.colcon_core.package_identification:_identify(src/data_monitor) by extension 'colcon_pkg'
[0.245s] Level 1:colcon.colcon_core.package_identification:_identify(src/data_monitor) by extensions ['colcon_meta']
[0.245s] Level 1:colcon.colcon_core.package_identification:_identify(src/data_monitor) by extension 'colcon_meta'
[0.245s] Level 1:colcon.colcon_core.package_identification:_identify(src/data_monitor) by extensions ['ros']
[0.245s] Level 1:colcon.colcon_core.package_identification:_identify(src/data_monitor) by extension 'ros'
[0.245s] DEBUG:colcon.colcon_core.package_identification:Package 'src/data_monitor' with type 'ros.ament_python' and name 'data_monitor'
[0.245s] Level 1:colcon.colcon_core.package_identification:_identify(src/navigation) by extensions ['ignore', 'ignore_ament_install']
[0.245s] Level 1:colcon.colcon_core.package_identification:_identify(src/navigation) by extension 'ignore'
[0.246s] Level 1:colcon.colcon_core.package_identification:_identify(src/navigation) by extension 'ignore_ament_install'
[0.246s] Level 1:colcon.colcon_core.package_identification:_identify(src/navigation) by extensions ['colcon_pkg']
[0.246s] Level 1:colcon.colcon_core.package_identification:_identify(src/navigation) by extension 'colcon_pkg'
[0.246s] Level 1:colcon.colcon_core.package_identification:_identify(src/navigation) by extensions ['colcon_meta']
[0.246s] Level 1:colcon.colcon_core.package_identification:_identify(src/navigation) by extension 'colcon_meta'
[0.246s] Level 1:colcon.colcon_core.package_identification:_identify(src/navigation) by extensions ['ros']
[0.246s] Level 1:colcon.colcon_core.package_identification:_identify(src/navigation) by extension 'ros'
[0.246s] DEBUG:colcon.colcon_core.package_identification:Package 'src/navigation' with type 'ros.ament_python' and name 'navigation'
[0.246s] Level 1:colcon.colcon_core.package_identification:_identify(src/ps4) by extensions ['ignore', 'ignore_ament_install']
[0.247s] Level 1:colcon.colcon_core.package_identification:_identify(src/ps4) by extension 'ignore'
[0.247s] Level 1:colcon.colcon_core.package_identification:_identify(src/ps4) by extension 'ignore_ament_install'
[0.247s] Level 1:colcon.colcon_core.package_identification:_identify(src/ps4) by extensions ['colcon_pkg']
[0.247s] Level 1:colcon.colcon_core.package_identification:_identify(src/ps4) by extension 'colcon_pkg'
[0.247s] Level 1:colcon.colcon_core.package_identification:_identify(src/ps4) by extensions ['colcon_meta']
[0.247s] Level 1:colcon.colcon_core.package_identification:_identify(src/ps4) by extension 'colcon_meta'
[0.247s] Level 1:colcon.colcon_core.package_identification:_identify(src/ps4) by extensions ['ros']
[0.247s] Level 1:colcon.colcon_core.package_identification:_identify(src/ps4) by extension 'ros'
[0.247s] DEBUG:colcon.colcon_core.package_identification:Package 'src/ps4' with type 'ros.ament_python' and name 'ps4'
[0.247s] Level 1:colcon.colcon_core.package_discovery:discover_packages(recursive) using defaults
[0.248s] Level 1:colcon.colcon_core.package_discovery:discover_packages(ignore) discover
[0.248s] Level 1:colcon.colcon_core.package_discovery:discover_packages(ignore) using defaults
[0.248s] Level 1:colcon.colcon_core.package_discovery:discover_packages(path) discover
[0.248s] Level 1:colcon.colcon_core.package_discovery:discover_packages(path) using defaults
[0.271s] Level 1:colcon.colcon_core.package_discovery:discover_packages(prefix_path) check parameters
[0.271s] Level 1:colcon.colcon_core.package_discovery:discover_packages(prefix_path) discover
[0.275s] DEBUG:colcon.colcon_installed_package_information.package_discovery:Found 285 installed packages in /opt/ros/jazzy
[0.277s] Level 1:colcon.colcon_core.package_discovery:discover_packages(prefix_path) using defaults
[0.334s] Level 5:colcon.colcon_core.verb:set package 'damiao' build argument 'cmake_args' from command line to 'None'
[0.334s] Level 5:colcon.colcon_core.verb:set package 'damiao' build argument 'cmake_target' from command line to 'None'
[0.334s] Level 5:colcon.colcon_core.verb:set package 'damiao' build argument 'cmake_target_skip_unavailable' from command line to 'False'
[0.334s] Level 5:colcon.colcon_core.verb:set package 'damiao' build argument 'cmake_clean_cache' from command line to 'False'
[0.334s] Level 5:colcon.colcon_core.verb:set package 'damiao' build argument 'cmake_clean_first' from command line to 'False'
[0.334s] Level 5:colcon.colcon_core.verb:set package 'damiao' build argument 'cmake_force_configure' from command line to 'False'
[0.334s] Level 5:colcon.colcon_core.verb:set package 'damiao' build argument 'ament_cmake_args' from command line to 'None'
[0.334s] Level 5:colcon.colcon_core.verb:set package 'damiao' build argument 'catkin_cmake_args' from command line to 'None'
[0.334s] Level 5:colcon.colcon_core.verb:set package 'damiao' build argument 'catkin_skip_building_tests' from command line to 'False'
[0.334s] DEBUG:colcon.colcon_core.verb:Building package 'damiao' with the following arguments: {'ament_cmake_args': None, 'build_base': '/home/robotics/Robocon2025_R1/2025R1_ws/build/damiao', 'catkin_cmake_args': None, 'catkin_skip_building_tests': False, 'cmake_args': None, 'cmake_clean_cache': False, 'cmake_clean_first': False, 'cmake_force_configure': False, 'cmake_target': None, 'cmake_target_skip_unavailable': False, 'install_base': '/home/robotics/Robocon2025_R1/2025R1_ws/install/damiao', 'merge_install': False, 'path': '/home/robotics/Robocon2025_R1/2025R1_ws/src/damiao', 'symlink_install': True, 'test_result_base': None}
[0.335s] Level 5:colcon.colcon_core.verb:set package 'data_monitor' build argument 'cmake_args' from command line to 'None'
[0.335s] Level 5:colcon.colcon_core.verb:set package 'data_monitor' build argument 'cmake_target' from command line to 'None'
[0.335s] Level 5:colcon.colcon_core.verb:set package 'data_monitor' build argument 'cmake_target_skip_unavailable' from command line to 'False'
[0.335s] Level 5:colcon.colcon_core.verb:set package 'data_monitor' build argument 'cmake_clean_cache' from command line to 'False'
[0.335s] Level 5:colcon.colcon_core.verb:set package 'data_monitor' build argument 'cmake_clean_first' from command line to 'False'
[0.335s] Level 5:colcon.colcon_core.verb:set package 'data_monitor' build argument 'cmake_force_configure' from command line to 'False'
[0.335s] Level 5:colcon.colcon_core.verb:set package 'data_monitor' build argument 'ament_cmake_args' from command line to 'None'
[0.335s] Level 5:colcon.colcon_core.verb:set package 'data_monitor' build argument 'catkin_cmake_args' from command line to 'None'
[0.335s] Level 5:colcon.colcon_core.verb:set package 'data_monitor' build argument 'catkin_skip_building_tests' from command line to 'False'
[0.335s] DEBUG:colcon.colcon_core.verb:Building package 'data_monitor' with the following arguments: {'ament_cmake_args': None, 'build_base': '/home/robotics/Robocon2025_R1/2025R1_ws/build/data_monitor', 'catkin_cmake_args': None, 'catkin_skip_building_tests': False, 'cmake_args': None, 'cmake_clean_cache': False, 'cmake_clean_first': False, 'cmake_force_configure': False, 'cmake_target': None, 'cmake_target_skip_unavailable': False, 'install_base': '/home/robotics/Robocon2025_R1/2025R1_ws/install/data_monitor', 'merge_install': False, 'path': '/home/robotics/Robocon2025_R1/2025R1_ws/src/data_monitor', 'symlink_install': True, 'test_result_base': None}
[0.336s] Level 5:colcon.colcon_core.verb:set package 'navigation' build argument 'cmake_args' from command line to 'None'
[0.336s] Level 5:colcon.colcon_core.verb:set package 'navigation' build argument 'cmake_target' from command line to 'None'
[0.336s] Level 5:colcon.colcon_core.verb:set package 'navigation' build argument 'cmake_target_skip_unavailable' from command line to 'False'
[0.336s] Level 5:colcon.colcon_core.verb:set package 'navigation' build argument 'cmake_clean_cache' from command line to 'False'
[0.336s] Level 5:colcon.colcon_core.verb:set package 'navigation' build argument 'cmake_clean_first' from command line to 'False'
[0.336s] Level 5:colcon.colcon_core.verb:set package 'navigation' build argument 'cmake_force_configure' from command line to 'False'
[0.336s] Level 5:colcon.colcon_core.verb:set package 'navigation' build argument 'ament_cmake_args' from command line to 'None'
[0.336s] Level 5:colcon.colcon_core.verb:set package 'navigation' build argument 'catkin_cmake_args' from command line to 'None'
[0.336s] Level 5:colcon.colcon_core.verb:set package 'navigation' build argument 'catkin_skip_building_tests' from command line to 'False'
[0.336s] DEBUG:colcon.colcon_core.verb:Building package 'navigation' with the following arguments: {'ament_cmake_args': None, 'build_base': '/home/robotics/Robocon2025_R1/2025R1_ws/build/navigation', 'catkin_cmake_args': None, 'catkin_skip_building_tests': False, 'cmake_args': None, 'cmake_clean_cache': False, 'cmake_clean_first': False, 'cmake_force_configure': False, 'cmake_target': None, 'cmake_target_skip_unavailable': False, 'install_base': '/home/robotics/Robocon2025_R1/2025R1_ws/install/navigation', 'merge_install': False, 'path': '/home/robotics/Robocon2025_R1/2025R1_ws/src/navigation', 'symlink_install': True, 'test_result_base': None}
[0.336s] Level 5:colcon.colcon_core.verb:set package 'ps4' build argument 'cmake_args' from command line to 'None'
[0.336s] Level 5:colcon.colcon_core.verb:set package 'ps4' build argument 'cmake_target' from command line to 'None'
[0.336s] Level 5:colcon.colcon_core.verb:set package 'ps4' build argument 'cmake_target_skip_unavailable' from command line to 'False'
[0.336s] Level 5:colcon.colcon_core.verb:set package 'ps4' build argument 'cmake_clean_cache' from command line to 'False'
[0.336s] Level 5:colcon.colcon_core.verb:set package 'ps4' build argument 'cmake_clean_first' from command line to 'False'
[0.336s] Level 5:colcon.colcon_core.verb:set package 'ps4' build argument 'cmake_force_configure' from command line to 'False'
[0.336s] Level 5:colcon.colcon_core.verb:set package 'ps4' build argument 'ament_cmake_args' from command line to 'None'
[0.336s] Level 5:colcon.colcon_core.verb:set package 'ps4' build argument 'catkin_cmake_args' from command line to 'None'
[0.336s] Level 5:colcon.colcon_core.verb:set package 'ps4' build argument 'catkin_skip_building_tests' from command line to 'False'
[0.336s] DEBUG:colcon.colcon_core.verb:Building package 'ps4' with the following arguments: {'ament_cmake_args': None, 'build_base': '/home/robotics/Robocon2025_R1/2025R1_ws/build/ps4', 'catkin_cmake_args': None, 'catkin_skip_building_tests': False, 'cmake_args': None, 'cmake_clean_cache': False, 'cmake_clean_first': False, 'cmake_force_configure': False, 'cmake_target': None, 'cmake_target_skip_unavailable': False, 'install_base': '/home/robotics/Robocon2025_R1/2025R1_ws/install/ps4', 'merge_install': False, 'path': '/home/robotics/Robocon2025_R1/2025R1_ws/src/ps4', 'symlink_install': True, 'test_result_base': None}
[0.336s] INFO:colcon.colcon_core.executor:Executing jobs using 'parallel' executor
[0.338s] DEBUG:colcon.colcon_parallel_executor.executor.parallel:run_until_complete
[0.338s] INFO:colcon.colcon_ros.task.ament_python.build:Building ROS package in '/home/robotics/Robocon2025_R1/2025R1_ws/src/damiao' with build type 'ament_python'
[0.339s] Level 1:colcon.colcon_core.shell:create_environment_hook('damiao', 'ament_prefix_path')
[0.343s] INFO:colcon.colcon_core.plugin_system:Skipping extension 'colcon_core.shell.bat': Not used on non-Windows systems
[0.344s] INFO:colcon.colcon_core.shell:Creating environment hook '/home/robotics/Robocon2025_R1/2025R1_ws/install/damiao/share/damiao/hook/ament_prefix_path.ps1'
[0.346s] INFO:colcon.colcon_core.shell:Creating environment descriptor '/home/robotics/Robocon2025_R1/2025R1_ws/install/damiao/share/damiao/hook/ament_prefix_path.dsv'
[0.348s] INFO:colcon.colcon_core.shell:Creating environment hook '/home/robotics/Robocon2025_R1/2025R1_ws/install/damiao/share/damiao/hook/ament_prefix_path.sh'
[0.350s] INFO:colcon.colcon_core.shell:Skip shell extension 'powershell' for command environment: Not usable outside of PowerShell
[0.350s] DEBUG:colcon.colcon_core.shell:Skip shell extension 'dsv' for command environment
[0.354s] INFO:colcon.colcon_ros.task.ament_python.build:Building ROS package in '/home/robotics/Robocon2025_R1/2025R1_ws/src/data_monitor' with build type 'ament_python'
[0.355s] Level 1:colcon.colcon_core.shell:create_environment_hook('data_monitor', 'ament_prefix_path')
[0.355s] INFO:colcon.colcon_core.shell:Creating environment hook '/home/robotics/Robocon2025_R1/2025R1_ws/install/data_monitor/share/data_monitor/hook/ament_prefix_path.ps1'
[0.356s] INFO:colcon.colcon_core.shell:Creating environment descriptor '/home/robotics/Robocon2025_R1/2025R1_ws/install/data_monitor/share/data_monitor/hook/ament_prefix_path.dsv'
[0.357s] INFO:colcon.colcon_core.shell:Creating environment hook '/home/robotics/Robocon2025_R1/2025R1_ws/install/data_monitor/share/data_monitor/hook/ament_prefix_path.sh'
[0.358s] INFO:colcon.colcon_core.shell:Skip shell extension 'powershell' for command environment: Not usable outside of PowerShell
[0.358s] DEBUG:colcon.colcon_core.shell:Skip shell extension 'dsv' for command environment
[0.361s] INFO:colcon.colcon_ros.task.ament_python.build:Building ROS package in '/home/robotics/Robocon2025_R1/2025R1_ws/src/navigation' with build type 'ament_python'
[0.361s] Level 1:colcon.colcon_core.shell:create_environment_hook('navigation', 'ament_prefix_path')
[0.362s] INFO:colcon.colcon_core.shell:Creating environment hook '/home/robotics/Robocon2025_R1/2025R1_ws/install/navigation/share/navigation/hook/ament_prefix_path.ps1'
[0.362s] INFO:colcon.colcon_core.shell:Creating environment descriptor '/home/robotics/Robocon2025_R1/2025R1_ws/install/navigation/share/navigation/hook/ament_prefix_path.dsv'
[0.363s] INFO:colcon.colcon_core.shell:Creating environment hook '/home/robotics/Robocon2025_R1/2025R1_ws/install/navigation/share/navigation/hook/ament_prefix_path.sh'
[0.365s] INFO:colcon.colcon_core.shell:Skip shell extension 'powershell' for command environment: Not usable outside of PowerShell
[0.365s] DEBUG:colcon.colcon_core.shell:Skip shell extension 'dsv' for command environment
[0.370s] INFO:colcon.colcon_ros.task.ament_python.build:Building ROS package in '/home/robotics/Robocon2025_R1/2025R1_ws/src/ps4' with build type 'ament_python'
[0.370s] Level 1:colcon.colcon_core.shell:create_environment_hook('ps4', 'ament_prefix_path')
[0.370s] INFO:colcon.colcon_core.shell:Creating environment hook '/home/robotics/Robocon2025_R1/2025R1_ws/install/ps4/share/ps4/hook/ament_prefix_path.ps1'
[0.373s] INFO:colcon.colcon_core.shell:Creating environment descriptor '/home/robotics/Robocon2025_R1/2025R1_ws/install/ps4/share/ps4/hook/ament_prefix_path.dsv'
[0.375s] INFO:colcon.colcon_core.shell:Creating environment hook '/home/robotics/Robocon2025_R1/2025R1_ws/install/ps4/share/ps4/hook/ament_prefix_path.sh'
[0.379s] INFO:colcon.colcon_core.shell:Skip shell extension 'powershell' for command environment: Not usable outside of PowerShell
[0.379s] DEBUG:colcon.colcon_core.shell:Skip shell extension 'dsv' for command environment
[0.705s] INFO:colcon.colcon_core.task.python.build:Building Python package in '/home/robotics/Robocon2025_R1/2025R1_ws/src/damiao'
[0.705s] INFO:colcon.colcon_core.shell:Skip shell extension 'powershell' for command environment: Not usable outside of PowerShell
[0.706s] DEBUG:colcon.colcon_core.shell:Skip shell extension 'dsv' for command environment
[1.027s] INFO:colcon.colcon_core.task.python.build:Building Python package in '/home/robotics/Robocon2025_R1/2025R1_ws/src/data_monitor'
[1.027s] INFO:colcon.colcon_core.shell:Skip shell extension 'powershell' for command environment: Not usable outside of PowerShell
[1.027s] DEBUG:colcon.colcon_core.shell:Skip shell extension 'dsv' for command environment
[1.355s] INFO:colcon.colcon_core.task.python.build:Building Python package in '/home/robotics/Robocon2025_R1/2025R1_ws/src/navigation'
[1.355s] INFO:colcon.colcon_core.shell:Skip shell extension 'powershell' for command environment: Not usable outside of PowerShell
[1.355s] DEBUG:colcon.colcon_core.shell:Skip shell extension 'dsv' for command environment
[1.681s] INFO:colcon.colcon_core.task.python.build:Building Python package in '/home/robotics/Robocon2025_R1/2025R1_ws/src/ps4'
[1.682s] INFO:colcon.colcon_core.shell:Skip shell extension 'powershell' for command environment: Not usable outside of PowerShell
[1.682s] DEBUG:colcon.colcon_core.shell:Skip shell extension 'dsv' for command environment
[2.804s] DEBUG:colcon.colcon_core.event_handler.log_command:Invoking command in '/home/robotics/Robocon2025_R1/2025R1_ws/build/navigation': DEBUGINFOD_URLS=https://debuginfod.ubuntu.com PS1=(venv) PYTHONPATH=/home/robotics/Robocon2025_R1/2025R1_ws/build/navigation/prefix_override:/usr/lib/python3/dist-packages/colcon_core/task/python/colcon_distutils_commands:/home/robotics/Robocon2025_R1/2025R1_ws/install/navigation/lib/python3.12/site-packages:${PYTHONPATH} VIRTUAL_ENV_PROMPT=(venv) /usr/bin/python3 -W ignore:setup.py install is deprecated -W ignore:easy_install command is deprecated setup.py develop --editable --build-directory /home/robotics/Robocon2025_R1/2025R1_ws/build/navigation/build --no-deps symlink_data
[2.822s] DEBUG:colcon.colcon_core.event_handler.log_command:Invoking command in '/home/robotics/Robocon2025_R1/2025R1_ws/build/damiao': DEBUGINFOD_URLS=https://debuginfod.ubuntu.com PS1=(venv) PYTHONPATH=/home/robotics/Robocon2025_R1/2025R1_ws/build/damiao/prefix_override:/usr/lib/python3/dist-packages/colcon_core/task/python/colcon_distutils_commands:/home/robotics/Robocon2025_R1/2025R1_ws/install/damiao/lib/python3.12/site-packages:${PYTHONPATH} VIRTUAL_ENV_PROMPT=(venv) /usr/bin/python3 -W ignore:setup.py install is deprecated -W ignore:easy_install command is deprecated setup.py develop --editable --build-directory /home/robotics/Robocon2025_R1/2025R1_ws/build/damiao/build --no-deps symlink_data
[2.825s] DEBUG:colcon.colcon_core.event_handler.log_command:Invoking command in '/home/robotics/Robocon2025_R1/2025R1_ws/build/ps4': DEBUGINFOD_URLS=https://debuginfod.ubuntu.com PS1=(venv) PYTHONPATH=/home/robotics/Robocon2025_R1/2025R1_ws/build/ps4/prefix_override:/usr/lib/python3/dist-packages/colcon_core/task/python/colcon_distutils_commands:/home/robotics/Robocon2025_R1/2025R1_ws/install/ps4/lib/python3.12/site-packages:${PYTHONPATH} VIRTUAL_ENV_PROMPT=(venv) /usr/bin/python3 -W ignore:setup.py install is deprecated -W ignore:easy_install command is deprecated setup.py develop --editable --build-directory /home/robotics/Robocon2025_R1/2025R1_ws/build/ps4/build --no-deps symlink_data
[2.850s] DEBUG:colcon.colcon_core.event_handler.log_command:Invoking command in '/home/robotics/Robocon2025_R1/2025R1_ws/build/data_monitor': DEBUGINFOD_URLS=https://debuginfod.ubuntu.com PS1=(venv) PYTHONPATH=/home/robotics/Robocon2025_R1/2025R1_ws/build/data_monitor/prefix_override:/usr/lib/python3/dist-packages/colcon_core/task/python/colcon_distutils_commands:/home/robotics/Robocon2025_R1/2025R1_ws/install/data_monitor/lib/python3.12/site-packages:${PYTHONPATH} VIRTUAL_ENV_PROMPT=(venv) /usr/bin/python3 -W ignore:setup.py install is deprecated -W ignore:easy_install command is deprecated setup.py develop --editable --build-directory /home/robotics/Robocon2025_R1/2025R1_ws/build/data_monitor/build --no-deps symlink_data
[3.947s] Level 1:colcon.colcon_core.shell:create_environment_hook('navigation', 'pythonpath_develop')
[3.947s] DEBUG:colcon.colcon_core.event_handler.log_command:Invoked command in '/home/robotics/Robocon2025_R1/2025R1_ws/build/navigation' returned '0': DEBUGINFOD_URLS=https://debuginfod.ubuntu.com PS1=(venv) PYTHONPATH=/home/robotics/Robocon2025_R1/2025R1_ws/build/navigation/prefix_override:/usr/lib/python3/dist-packages/colcon_core/task/python/colcon_distutils_commands:/home/robotics/Robocon2025_R1/2025R1_ws/install/navigation/lib/python3.12/site-packages:${PYTHONPATH} VIRTUAL_ENV_PROMPT=(venv) /usr/bin/python3 -W ignore:setup.py install is deprecated -W ignore:easy_install command is deprecated setup.py develop --editable --build-directory /home/robotics/Robocon2025_R1/2025R1_ws/build/navigation/build --no-deps symlink_data
[3.948s] INFO:colcon.colcon_core.shell:Creating environment hook '/home/robotics/Robocon2025_R1/2025R1_ws/build/navigation/share/navigation/hook/pythonpath_develop.ps1'
[3.949s] INFO:colcon.colcon_core.shell:Creating environment descriptor '/home/robotics/Robocon2025_R1/2025R1_ws/build/navigation/share/navigation/hook/pythonpath_develop.dsv'
[3.951s] INFO:colcon.colcon_core.shell:Creating environment hook '/home/robotics/Robocon2025_R1/2025R1_ws/build/navigation/share/navigation/hook/pythonpath_develop.sh'
[3.958s] Level 1:colcon.colcon_core.environment:checking '/home/robotics/Robocon2025_R1/2025R1_ws/install/navigation' for CMake module files
[3.961s] Level 1:colcon.colcon_core.environment:checking '/home/robotics/Robocon2025_R1/2025R1_ws/install/navigation' for CMake config files
[3.964s] Level 1:colcon.colcon_core.environment:checking '/home/robotics/Robocon2025_R1/2025R1_ws/install/navigation/lib'
[3.965s] Level 1:colcon.colcon_core.environment:checking '/home/robotics/Robocon2025_R1/2025R1_ws/install/navigation/bin'
[3.966s] Level 1:colcon.colcon_core.environment:checking '/home/robotics/Robocon2025_R1/2025R1_ws/install/navigation/lib/pkgconfig/navigation.pc'
[3.967s] Level 1:colcon.colcon_core.environment:checking '/home/robotics/Robocon2025_R1/2025R1_ws/install/navigation/lib/python3.12/site-packages'
[3.968s] Level 1:colcon.colcon_core.shell:create_environment_hook('navigation', 'pythonpath')
[3.969s] INFO:colcon.colcon_core.shell:Creating environment hook '/home/robotics/Robocon2025_R1/2025R1_ws/install/navigation/share/navigation/hook/pythonpath.ps1'
[3.973s] INFO:colcon.colcon_core.shell:Creating environment descriptor '/home/robotics/Robocon2025_R1/2025R1_ws/install/navigation/share/navigation/hook/pythonpath.dsv'
[3.977s] INFO:colcon.colcon_core.shell:Creating environment hook '/home/robotics/Robocon2025_R1/2025R1_ws/install/navigation/share/navigation/hook/pythonpath.sh'
[3.979s] Level 1:colcon.colcon_core.environment:checking '/home/robotics/Robocon2025_R1/2025R1_ws/install/navigation/bin'
[3.979s] Level 1:colcon.colcon_core.environment:create_environment_scripts_only(navigation)
[3.979s] INFO:colcon.colcon_core.shell:Creating package script '/home/robotics/Robocon2025_R1/2025R1_ws/install/navigation/share/navigation/package.ps1'
[3.981s] INFO:colcon.colcon_core.shell:Creating package descriptor '/home/robotics/Robocon2025_R1/2025R1_ws/install/navigation/share/navigation/package.dsv'
[3.983s] INFO:colcon.colcon_core.shell:Creating package script '/home/robotics/Robocon2025_R1/2025R1_ws/install/navigation/share/navigation/package.sh'
[3.986s] INFO:colcon.colcon_core.shell:Creating package script '/home/robotics/Robocon2025_R1/2025R1_ws/install/navigation/share/navigation/package.bash'
[3.988s] INFO:colcon.colcon_core.shell:Creating package script '/home/robotics/Robocon2025_R1/2025R1_ws/install/navigation/share/navigation/package.zsh'
[3.990s] Level 1:colcon.colcon_core.environment:create_file_with_runtime_dependencies(/home/robotics/Robocon2025_R1/2025R1_ws/install/navigation/share/colcon-core/packages/navigation)
[3.996s] Level 1:colcon.colcon_core.shell:create_environment_hook('ps4', 'pythonpath_develop')
[3.997s] INFO:colcon.colcon_core.shell:Creating environment hook '/home/robotics/Robocon2025_R1/2025R1_ws/build/ps4/share/ps4/hook/pythonpath_develop.ps1'
[3.999s] DEBUG:colcon.colcon_core.event_handler.log_command:Invoked command in '/home/robotics/Robocon2025_R1/2025R1_ws/build/ps4' returned '0': DEBUGINFOD_URLS=https://debuginfod.ubuntu.com PS1=(venv) PYTHONPATH=/home/robotics/Robocon2025_R1/2025R1_ws/build/ps4/prefix_override:/usr/lib/python3/dist-packages/colcon_core/task/python/colcon_distutils_commands:/home/robotics/Robocon2025_R1/2025R1_ws/install/ps4/lib/python3.12/site-packages:${PYTHONPATH} VIRTUAL_ENV_PROMPT=(venv) /usr/bin/python3 -W ignore:setup.py install is deprecated -W ignore:easy_install command is deprecated setup.py develop --editable --build-directory /home/robotics/Robocon2025_R1/2025R1_ws/build/ps4/build --no-deps symlink_data
[4.001s] INFO:colcon.colcon_core.shell:Creating environment descriptor '/home/robotics/Robocon2025_R1/2025R1_ws/build/ps4/share/ps4/hook/pythonpath_develop.dsv'
[4.003s] INFO:colcon.colcon_core.shell:Creating environment hook '/home/robotics/Robocon2025_R1/2025R1_ws/build/ps4/share/ps4/hook/pythonpath_develop.sh'
[4.006s] Level 1:colcon.colcon_core.environment:checking '/home/robotics/Robocon2025_R1/2025R1_ws/install/ps4' for CMake module files
[4.007s] Level 1:colcon.colcon_core.environment:checking '/home/robotics/Robocon2025_R1/2025R1_ws/install/ps4' for CMake config files
[4.010s] Level 1:colcon.colcon_core.environment:checking '/home/robotics/Robocon2025_R1/2025R1_ws/install/ps4/lib'
[4.011s] Level 1:colcon.colcon_core.environment:checking '/home/robotics/Robocon2025_R1/2025R1_ws/install/ps4/bin'
[4.011s] Level 1:colcon.colcon_core.environment:checking '/home/robotics/Robocon2025_R1/2025R1_ws/install/ps4/lib/pkgconfig/ps4.pc'
[4.012s] Level 1:colcon.colcon_core.environment:checking '/home/robotics/Robocon2025_R1/2025R1_ws/install/ps4/lib/python3.12/site-packages'
[4.012s] Level 1:colcon.colcon_core.shell:create_environment_hook('ps4', 'pythonpath')
[4.012s] INFO:colcon.colcon_core.shell:Creating environment hook '/home/robotics/Robocon2025_R1/2025R1_ws/install/ps4/share/ps4/hook/pythonpath.ps1'
[4.013s] INFO:colcon.colcon_core.shell:Creating environment descriptor '/home/robotics/Robocon2025_R1/2025R1_ws/install/ps4/share/ps4/hook/pythonpath.dsv'
[4.019s] INFO:colcon.colcon_core.shell:Creating environment hook '/home/robotics/Robocon2025_R1/2025R1_ws/install/ps4/share/ps4/hook/pythonpath.sh'
[4.021s] Level 1:colcon.colcon_core.environment:checking '/home/robotics/Robocon2025_R1/2025R1_ws/install/ps4/bin'
[4.022s] Level 1:colcon.colcon_core.environment:create_environment_scripts_only(ps4)
[4.022s] INFO:colcon.colcon_core.shell:Creating package script '/home/robotics/Robocon2025_R1/2025R1_ws/install/ps4/share/ps4/package.ps1'
[4.023s] INFO:colcon.colcon_core.shell:Creating package descriptor '/home/robotics/Robocon2025_R1/2025R1_ws/install/ps4/share/ps4/package.dsv'
[4.026s] INFO:colcon.colcon_core.shell:Creating package script '/home/robotics/Robocon2025_R1/2025R1_ws/install/ps4/share/ps4/package.sh'
[4.027s] INFO:colcon.colcon_core.shell:Creating package script '/home/robotics/Robocon2025_R1/2025R1_ws/install/ps4/share/ps4/package.bash'
[4.029s] INFO:colcon.colcon_core.shell:Creating package script '/home/robotics/Robocon2025_R1/2025R1_ws/install/ps4/share/ps4/package.zsh'
[4.031s] Level 1:colcon.colcon_core.environment:create_file_with_runtime_dependencies(/home/robotics/Robocon2025_R1/2025R1_ws/install/ps4/share/colcon-core/packages/ps4)
[4.035s] Level 1:colcon.colcon_core.shell:create_environment_hook('damiao', 'pythonpath_develop')
[4.036s] INFO:colcon.colcon_core.shell:Creating environment hook '/home/robotics/Robocon2025_R1/2025R1_ws/build/damiao/share/damiao/hook/pythonpath_develop.ps1'
[4.037s] DEBUG:colcon.colcon_core.event_handler.log_command:Invoked command in '/home/robotics/Robocon2025_R1/2025R1_ws/build/damiao' returned '0': DEBUGINFOD_URLS=https://debuginfod.ubuntu.com PS1=(venv) PYTHONPATH=/home/robotics/Robocon2025_R1/2025R1_ws/build/damiao/prefix_override:/usr/lib/python3/dist-packages/colcon_core/task/python/colcon_distutils_commands:/home/robotics/Robocon2025_R1/2025R1_ws/install/damiao/lib/python3.12/site-packages:${PYTHONPATH} VIRTUAL_ENV_PROMPT=(venv) /usr/bin/python3 -W ignore:setup.py install is deprecated -W ignore:easy_install command is deprecated setup.py develop --editable --build-directory /home/robotics/Robocon2025_R1/2025R1_ws/build/damiao/build --no-deps symlink_data
[4.038s] INFO:colcon.colcon_core.shell:Creating environment descriptor '/home/robotics/Robocon2025_R1/2025R1_ws/build/damiao/share/damiao/hook/pythonpath_develop.dsv'
[4.040s] INFO:colcon.colcon_core.shell:Creating environment hook '/home/robotics/Robocon2025_R1/2025R1_ws/build/damiao/share/damiao/hook/pythonpath_develop.sh'
[4.044s] Level 1:colcon.colcon_core.environment:checking '/home/robotics/Robocon2025_R1/2025R1_ws/install/damiao' for CMake module files
[4.045s] Level 1:colcon.colcon_core.environment:checking '/home/robotics/Robocon2025_R1/2025R1_ws/install/damiao' for CMake config files
[4.047s] Level 1:colcon.colcon_core.environment:checking '/home/robotics/Robocon2025_R1/2025R1_ws/install/damiao/lib'
[4.047s] Level 1:colcon.colcon_core.environment:checking '/home/robotics/Robocon2025_R1/2025R1_ws/install/damiao/bin'
[4.047s] Level 1:colcon.colcon_core.environment:checking '/home/robotics/Robocon2025_R1/2025R1_ws/install/damiao/lib/pkgconfig/damiao.pc'
[4.047s] Level 1:colcon.colcon_core.environment:checking '/home/robotics/Robocon2025_R1/2025R1_ws/install/damiao/lib/python3.12/site-packages'
[4.047s] Level 1:colcon.colcon_core.shell:create_environment_hook('damiao', 'pythonpath')
[4.048s] INFO:colcon.colcon_core.shell:Creating environment hook '/home/robotics/Robocon2025_R1/2025R1_ws/install/damiao/share/damiao/hook/pythonpath.ps1'
[4.049s] INFO:colcon.colcon_core.shell:Creating environment descriptor '/home/robotics/Robocon2025_R1/2025R1_ws/install/damiao/share/damiao/hook/pythonpath.dsv'
[4.050s] INFO:colcon.colcon_core.shell:Creating environment hook '/home/robotics/Robocon2025_R1/2025R1_ws/install/damiao/share/damiao/hook/pythonpath.sh'
[4.052s] Level 1:colcon.colcon_core.environment:checking '/home/robotics/Robocon2025_R1/2025R1_ws/install/damiao/bin'
[4.053s] Level 1:colcon.colcon_core.environment:create_environment_scripts_only(damiao)
[4.053s] INFO:colcon.colcon_core.shell:Creating package script '/home/robotics/Robocon2025_R1/2025R1_ws/install/damiao/share/damiao/package.ps1'
[4.054s] INFO:colcon.colcon_core.shell:Creating package descriptor '/home/robotics/Robocon2025_R1/2025R1_ws/install/damiao/share/damiao/package.dsv'
[4.057s] INFO:colcon.colcon_core.shell:Creating package script '/home/robotics/Robocon2025_R1/2025R1_ws/install/damiao/share/damiao/package.sh'
[4.058s] INFO:colcon.colcon_core.shell:Creating package script '/home/robotics/Robocon2025_R1/2025R1_ws/install/damiao/share/damiao/package.bash'
[4.061s] INFO:colcon.colcon_core.shell:Creating package script '/home/robotics/Robocon2025_R1/2025R1_ws/install/damiao/share/damiao/package.zsh'
[4.063s] Level 1:colcon.colcon_core.environment:create_file_with_runtime_dependencies(/home/robotics/Robocon2025_R1/2025R1_ws/install/damiao/share/colcon-core/packages/damiao)
[4.084s] Level 1:colcon.colcon_core.shell:create_environment_hook('data_monitor', 'pythonpath_develop')
[4.085s] INFO:colcon.colcon_core.shell:Creating environment hook '/home/robotics/Robocon2025_R1/2025R1_ws/build/data_monitor/share/data_monitor/hook/pythonpath_develop.ps1'
[4.085s] DEBUG:colcon.colcon_core.event_handler.log_command:Invoked command in '/home/robotics/Robocon2025_R1/2025R1_ws/build/data_monitor' returned '0': DEBUGINFOD_URLS=https://debuginfod.ubuntu.com PS1=(venv) PYTHONPATH=/home/robotics/Robocon2025_R1/2025R1_ws/build/data_monitor/prefix_override:/usr/lib/python3/dist-packages/colcon_core/task/python/colcon_distutils_commands:/home/robotics/Robocon2025_R1/2025R1_ws/install/data_monitor/lib/python3.12/site-packages:${PYTHONPATH} VIRTUAL_ENV_PROMPT=(venv) /usr/bin/python3 -W ignore:setup.py install is deprecated -W ignore:easy_install command is deprecated setup.py develop --editable --build-directory /home/robotics/Robocon2025_R1/2025R1_ws/build/data_monitor/build --no-deps symlink_data
[4.086s] INFO:colcon.colcon_core.shell:Creating environment descriptor '/home/robotics/Robocon2025_R1/2025R1_ws/build/data_monitor/share/data_monitor/hook/pythonpath_develop.dsv'
[4.088s] INFO:colcon.colcon_core.shell:Creating environment hook '/home/robotics/Robocon2025_R1/2025R1_ws/build/data_monitor/share/data_monitor/hook/pythonpath_develop.sh'
[4.090s] Level 1:colcon.colcon_core.environment:checking '/home/robotics/Robocon2025_R1/2025R1_ws/install/data_monitor' for CMake module files
[4.091s] Level 1:colcon.colcon_core.environment:checking '/home/robotics/Robocon2025_R1/2025R1_ws/install/data_monitor' for CMake config files
[4.092s] Level 1:colcon.colcon_core.environment:checking '/home/robotics/Robocon2025_R1/2025R1_ws/install/data_monitor/lib'
[4.092s] Level 1:colcon.colcon_core.environment:checking '/home/robotics/Robocon2025_R1/2025R1_ws/install/data_monitor/bin'
[4.092s] Level 1:colcon.colcon_core.environment:checking '/home/robotics/Robocon2025_R1/2025R1_ws/install/data_monitor/lib/pkgconfig/data_monitor.pc'
[4.092s] Level 1:colcon.colcon_core.environment:checking '/home/robotics/Robocon2025_R1/2025R1_ws/install/data_monitor/lib/python3.12/site-packages'
[4.092s] Level 1:colcon.colcon_core.shell:create_environment_hook('data_monitor', 'pythonpath')
[4.092s] INFO:colcon.colcon_core.shell:Creating environment hook '/home/robotics/Robocon2025_R1/2025R1_ws/install/data_monitor/share/data_monitor/hook/pythonpath.ps1'
[4.093s] INFO:colcon.colcon_core.shell:Creating environment descriptor '/home/robotics/Robocon2025_R1/2025R1_ws/install/data_monitor/share/data_monitor/hook/pythonpath.dsv'
[4.097s] INFO:colcon.colcon_core.shell:Creating environment hook '/home/robotics/Robocon2025_R1/2025R1_ws/install/data_monitor/share/data_monitor/hook/pythonpath.sh'
[4.100s] Level 1:colcon.colcon_core.environment:checking '/home/robotics/Robocon2025_R1/2025R1_ws/install/data_monitor/bin'
[4.100s] Level 1:colcon.colcon_core.environment:create_environment_scripts_only(data_monitor)
[4.100s] INFO:colcon.colcon_core.shell:Creating package script '/home/robotics/Robocon2025_R1/2025R1_ws/install/data_monitor/share/data_monitor/package.ps1'
[4.102s] INFO:colcon.colcon_core.shell:Creating package descriptor '/home/robotics/Robocon2025_R1/2025R1_ws/install/data_monitor/share/data_monitor/package.dsv'
[4.104s] INFO:colcon.colcon_core.shell:Creating package script '/home/robotics/Robocon2025_R1/2025R1_ws/install/data_monitor/share/data_monitor/package.sh'
[4.106s] INFO:colcon.colcon_core.shell:Creating package script '/home/robotics/Robocon2025_R1/2025R1_ws/install/data_monitor/share/data_monitor/package.bash'
[4.107s] INFO:colcon.colcon_core.shell:Creating package script '/home/robotics/Robocon2025_R1/2025R1_ws/install/data_monitor/share/data_monitor/package.zsh'
[4.109s] Level 1:colcon.colcon_core.environment:create_file_with_runtime_dependencies(/home/robotics/Robocon2025_R1/2025R1_ws/install/data_monitor/share/colcon-core/packages/data_monitor)
[4.110s] DEBUG:colcon.colcon_parallel_executor.executor.parallel:closing loop
[4.111s] DEBUG:colcon.colcon_parallel_executor.executor.parallel:loop closed
[4.111s] DEBUG:colcon.colcon_parallel_executor.executor.parallel:run_until_complete finished with '0'
[4.111s] DEBUG:colcon.colcon_core.event_reactor:joining thread
[4.125s] INFO:colcon.colcon_core.plugin_system:Skipping extension 'colcon_notification.desktop_notification.terminal_notifier': Not used on non-Darwin systems
[4.125s] INFO:colcon.colcon_core.plugin_system:Skipping extension 'colcon_notification.desktop_notification.win32': Not used on non-Windows systems
[4.125s] INFO:colcon.colcon_notification.desktop_notification:Sending desktop notification using 'notify2'
[4.170s] DEBUG:colcon.colcon_core.event_reactor:joined thread
[4.171s] INFO:colcon.colcon_core.shell:Creating prefix script '/home/robotics/Robocon2025_R1/2025R1_ws/install/local_setup.ps1'
[4.172s] INFO:colcon.colcon_core.shell:Creating prefix util module '/home/robotics/Robocon2025_R1/2025R1_ws/install/_local_setup_util_ps1.py'
[4.174s] INFO:colcon.colcon_core.shell:Creating prefix chain script '/home/robotics/Robocon2025_R1/2025R1_ws/install/setup.ps1'
[4.176s] INFO:colcon.colcon_core.shell:Creating prefix script '/home/robotics/Robocon2025_R1/2025R1_ws/install/local_setup.sh'
[4.177s] INFO:colcon.colcon_core.shell:Creating prefix util module '/home/robotics/Robocon2025_R1/2025R1_ws/install/_local_setup_util_sh.py'
[4.178s] INFO:colcon.colcon_core.shell:Creating prefix chain script '/home/robotics/Robocon2025_R1/2025R1_ws/install/setup.sh'
[4.179s] INFO:colcon.colcon_core.shell:Creating prefix script '/home/robotics/Robocon2025_R1/2025R1_ws/install/local_setup.bash'
[4.180s] INFO:colcon.colcon_core.shell:Creating prefix chain script '/home/robotics/Robocon2025_R1/2025R1_ws/install/setup.bash'
[4.183s] INFO:colcon.colcon_core.shell:Creating prefix script '/home/robotics/Robocon2025_R1/2025R1_ws/install/local_setup.zsh'
[4.185s] INFO:colcon.colcon_core.shell:Creating prefix chain script '/home/robotics/Robocon2025_R1/2025R1_ws/install/setup.zsh'
