[1.517s] Invoking command in '/home/robotics/Robocon2025_R1/2025R1_ws/src/navigation': DEBUGINFOD_URLS=https://debuginfod.ubuntu.com PYTHONPATH=/home/robotics/Robocon2025_R1/2025R1_ws/src/navigation/build/navigation/prefix_override:/usr/lib/python3/dist-packages/colcon_core/task/python/colcon_distutils_commands:/home/robotics/Robocon2025_R1/2025R1_ws/src/navigation/install/navigation/lib/python3.12/site-packages:${PYTHONPATH} /usr/bin/python3 -W ignore:setup.py install is deprecated -W ignore:easy_install command is deprecated setup.py egg_info --egg-base build/navigation build --build-base /home/robotics/Robocon2025_R1/2025R1_ws/src/navigation/build/navigation/build install --record /home/robotics/Robocon2025_R1/2025R1_ws/src/navigation/build/navigation/install.log --single-version-externally-managed install_data
[1.977s] running egg_info
[2.006s] writing build/navigation/navigation.egg-info/PKG-INFO
[2.006s] writing dependency_links to build/navigation/navigation.egg-info/dependency_links.txt
[2.007s] writing entry points to build/navigation/navigation.egg-info/entry_points.txt
[2.008s] writing requirements to build/navigation/navigation.egg-info/requires.txt
[2.008s] writing top-level names to build/navigation/navigation.egg-info/top_level.txt
[2.079s] reading manifest file 'build/navigation/navigation.egg-info/SOURCES.txt'
[2.080s] writing manifest file 'build/navigation/navigation.egg-info/SOURCES.txt'
[2.080s] running build
[2.080s] running build_py
[2.080s] copying navigation/read_degree_node.py -> /home/robotics/Robocon2025_R1/2025R1_ws/src/navigation/build/navigation/build/lib/navigation
[2.081s] running install
[2.091s] running install_lib
[2.120s] copying /home/robotics/Robocon2025_R1/2025R1_ws/src/navigation/build/navigation/build/lib/navigation/read_degree_node.py -> /home/robotics/Robocon2025_R1/2025R1_ws/src/navigation/install/navigation/lib/python3.12/site-packages/navigation
[2.121s] byte-compiling /home/robotics/Robocon2025_R1/2025R1_ws/src/navigation/install/navigation/lib/python3.12/site-packages/navigation/read_degree_node.py to read_degree_node.cpython-312.pyc
[2.122s] running install_data
[2.123s] running install_egg_info
[2.162s] removing '/home/robotics/Robocon2025_R1/2025R1_ws/src/navigation/install/navigation/lib/python3.12/site-packages/navigation-0.0.0-py3.12.egg-info' (and everything under it)
[2.163s] Copying build/navigation/navigation.egg-info to /home/robotics/Robocon2025_R1/2025R1_ws/src/navigation/install/navigation/lib/python3.12/site-packages/navigation-0.0.0-py3.12.egg-info
[2.166s] running install_scripts
[2.391s] Installing active_caster_node script to /home/robotics/Robocon2025_R1/2025R1_ws/src/navigation/install/navigation/lib/navigation
[2.391s] Installing navigation_node script to /home/robotics/Robocon2025_R1/2025R1_ws/src/navigation/install/navigation/lib/navigation
[2.392s] Installing read_degree_node script to /home/robotics/Robocon2025_R1/2025R1_ws/src/navigation/install/navigation/lib/navigation
[2.393s] writing list of installed files to '/home/robotics/Robocon2025_R1/2025R1_ws/src/navigation/build/navigation/install.log'
[2.499s] Invoked command in '/home/robotics/Robocon2025_R1/2025R1_ws/src/navigation' returned '0': DEBUGINFOD_URLS=https://debuginfod.ubuntu.com PYTHONPATH=/home/robotics/Robocon2025_R1/2025R1_ws/src/navigation/build/navigation/prefix_override:/usr/lib/python3/dist-packages/colcon_core/task/python/colcon_distutils_commands:/home/robotics/Robocon2025_R1/2025R1_ws/src/navigation/install/navigation/lib/python3.12/site-packages:${PYTHONPATH} /usr/bin/python3 -W ignore:setup.py install is deprecated -W ignore:easy_install command is deprecated setup.py egg_info --egg-base build/navigation build --build-base /home/robotics/Robocon2025_R1/2025R1_ws/src/navigation/build/navigation/build install --record /home/robotics/Robocon2025_R1/2025R1_ws/src/navigation/build/navigation/install.log --single-version-externally-managed install_data
