[4.453s] Invoking command in '/home/robotics/Robocon2025_R1/2025R1_ws/build/data_monitor': DEBUGINFOD_URLS=https://debuginfod.ubuntu.com PS1=(venv) PYTHONPATH=/home/robotics/Robocon2025_R1/2025R1_ws/build/data_monitor/prefix_override:/usr/lib/python3/dist-packages/colcon_core/task/python/colcon_distutils_commands:/home/robotics/Robocon2025_R1/2025R1_ws/install/data_monitor/lib/python3.12/site-packages:${PYTHONPATH} VIRTUAL_ENV_PROMPT=(venv) /usr/bin/python3 -W ignore:setup.py install is deprecated -W ignore:easy_install command is deprecated setup.py develop --editable --build-directory /home/robotics/Robocon2025_R1/2025R1_ws/build/data_monitor/build --no-deps symlink_data --force
[5.697s] running develop
[6.182s] /usr/lib/python3/dist-packages/setuptools/command/easy_install.py:363: UserWarning: Unbuilt egg for pytest-repeat [unknown version] (/usr/lib/python3/dist-packages)
[6.182s]   self.local_index = Environment(self.shadow_path + sys.path)
[6.267s] running egg_info
[6.302s] writing data_monitor.egg-info/PKG-INFO
[6.302s] writing dependency_links to data_monitor.egg-info/dependency_links.txt
[6.306s] writing entry points to data_monitor.egg-info/entry_points.txt
[6.306s] writing requirements to data_monitor.egg-info/requires.txt
[6.307s] writing top-level names to data_monitor.egg-info/top_level.txt
[6.445s] reading manifest file 'data_monitor.egg-info/SOURCES.txt'
[6.446s] writing manifest file 'data_monitor.egg-info/SOURCES.txt'
[6.516s] running build_ext
[6.517s] Creating /home/robotics/Robocon2025_R1/2025R1_ws/install/data_monitor/lib/python3.12/site-packages/data-monitor.egg-link (link to .)
[6.520s] Installing data_sender script to /home/robotics/Robocon2025_R1/2025R1_ws/install/data_monitor/lib/data_monitor
[6.521s] 
[6.523s] Installed /home/robotics/Robocon2025_R1/2025R1_ws/build/data_monitor
[6.528s] running symlink_data
[6.530s] symbolically linking /home/robotics/Robocon2025_R1/2025R1_ws/build/data_monitor/resource/data_monitor -> /home/robotics/Robocon2025_R1/2025R1_ws/install/data_monitor/share/ament_index/resource_index/packages
[6.530s] symbolically linking /home/robotics/Robocon2025_R1/2025R1_ws/build/data_monitor/package.xml -> /home/robotics/Robocon2025_R1/2025R1_ws/install/data_monitor/share/data_monitor
[6.849s] Invoked command in '/home/robotics/Robocon2025_R1/2025R1_ws/build/data_monitor' returned '0': DEBUGINFOD_URLS=https://debuginfod.ubuntu.com PS1=(venv) PYTHONPATH=/home/robotics/Robocon2025_R1/2025R1_ws/build/data_monitor/prefix_override:/usr/lib/python3/dist-packages/colcon_core/task/python/colcon_distutils_commands:/home/robotics/Robocon2025_R1/2025R1_ws/install/data_monitor/lib/python3.12/site-packages:${PYTHONPATH} VIRTUAL_ENV_PROMPT=(venv) /usr/bin/python3 -W ignore:setup.py install is deprecated -W ignore:easy_install command is deprecated setup.py develop --editable --build-directory /home/robotics/Robocon2025_R1/2025R1_ws/build/data_monitor/build --no-deps symlink_data --force
