[2.604s] Invoking command in '/home/robotics/Robocon2025_R1/2025R1_ws/build/ps4': DEBUGINFOD_URLS=https://debuginfod.ubuntu.com PS1=(venv) PYTHONPATH=/home/robotics/Robocon2025_R1/2025R1_ws/build/ps4/prefix_override:/usr/lib/python3/dist-packages/colcon_core/task/python/colcon_distutils_commands:/home/robotics/Robocon2025_R1/2025R1_ws/install/ps4/lib/python3.12/site-packages:${PYTHONPATH} VIRTUAL_ENV_PROMPT=(venv) /usr/bin/python3 -W ignore:setup.py install is deprecated -W ignore:easy_install command is deprecated setup.py develop --editable --build-directory /home/robotics/Robocon2025_R1/2025R1_ws/build/ps4/build --no-deps symlink_data --force
[3.588s] running develop
[4.157s] /usr/lib/python3/dist-packages/setuptools/command/easy_install.py:363: UserWarning: Unbuilt egg for pytest-repeat [unknown version] (/usr/lib/python3/dist-packages)
[4.157s]   self.local_index = Environment(self.shadow_path + sys.path)
[4.320s] running egg_info
[4.395s] writing ps4.egg-info/PKG-INFO
[4.397s] writing dependency_links to ps4.egg-info/dependency_links.txt
[4.397s] writing entry points to ps4.egg-info/entry_points.txt
[4.404s] writing requirements to ps4.egg-info/requires.txt
[4.409s] writing top-level names to ps4.egg-info/top_level.txt
[4.533s] reading manifest file 'ps4.egg-info/SOURCES.txt'
[4.534s] writing manifest file 'ps4.egg-info/SOURCES.txt'
[4.606s] running build_ext
[4.607s] Creating /home/robotics/Robocon2025_R1/2025R1_ws/install/ps4/lib/python3.12/site-packages/ps4.egg-link (link to .)
[4.610s] Installing ps4_publisher script to /home/robotics/Robocon2025_R1/2025R1_ws/install/ps4/lib/ps4
[4.611s] Installing ps4_subscriber script to /home/robotics/Robocon2025_R1/2025R1_ws/install/ps4/lib/ps4
[4.611s] 
[4.611s] Installed /home/robotics/Robocon2025_R1/2025R1_ws/build/ps4
[4.611s] running symlink_data
[4.612s] symbolically linking /home/robotics/Robocon2025_R1/2025R1_ws/build/ps4/resource/ps4 -> /home/robotics/Robocon2025_R1/2025R1_ws/install/ps4/share/ament_index/resource_index/packages
[4.613s] symbolically linking /home/robotics/Robocon2025_R1/2025R1_ws/build/ps4/package.xml -> /home/robotics/Robocon2025_R1/2025R1_ws/install/ps4/share/ps4
[5.060s] Invoked command in '/home/robotics/Robocon2025_R1/2025R1_ws/build/ps4' returned '0': DEBUGINFOD_URLS=https://debuginfod.ubuntu.com PS1=(venv) PYTHONPATH=/home/robotics/Robocon2025_R1/2025R1_ws/build/ps4/prefix_override:/usr/lib/python3/dist-packages/colcon_core/task/python/colcon_distutils_commands:/home/robotics/Robocon2025_R1/2025R1_ws/install/ps4/lib/python3.12/site-packages:${PYTHONPATH} VIRTUAL_ENV_PROMPT=(venv) /usr/bin/python3 -W ignore:setup.py install is deprecated -W ignore:easy_install command is deprecated setup.py develop --editable --build-directory /home/robotics/Robocon2025_R1/2025R1_ws/build/ps4/build --no-deps symlink_data --force
