[2.592s] Invoking command in '/home/robotics/Robocon2025_R1/2025R1_ws/build/ps4': DEBUGINFOD_URLS=https://debuginfod.ubuntu.com PS1=(venv) PYTHONPATH=/home/robotics/Robocon2025_R1/2025R1_ws/build/ps4/prefix_override:/usr/lib/python3/dist-packages/colcon_core/task/python/colcon_distutils_commands:/home/robotics/Robocon2025_R1/2025R1_ws/install/ps4/lib/python3.12/site-packages:${PYTHONPATH} /usr/bin/python3 -W ignore:setup.py install is deprecated -W ignore:easy_install command is deprecated setup.py develop --editable --build-directory /home/robotics/Robocon2025_R1/2025R1_ws/build/ps4/build --no-deps symlink_data
[3.113s] running develop
[3.344s] /usr/lib/python3/dist-packages/setuptools/command/easy_install.py:363: UserWarning: Unbuilt egg for pytest-repeat [unknown version] (/usr/lib/python3/dist-packages)
[3.345s]   self.local_index = Environment(self.shadow_path + sys.path)
[3.395s] running egg_info
[3.421s] writing ps4.egg-info/PKG-INFO
[3.422s] writing dependency_links to ps4.egg-info/dependency_links.txt
[3.423s] writing entry points to ps4.egg-info/entry_points.txt
[3.424s] writing requirements to ps4.egg-info/requires.txt
[3.424s] writing top-level names to ps4.egg-info/top_level.txt
[3.479s] reading manifest file 'ps4.egg-info/SOURCES.txt'
[3.481s] writing manifest file 'ps4.egg-info/SOURCES.txt'
[3.516s] running build_ext
[3.516s] Creating /home/robotics/Robocon2025_R1/2025R1_ws/install/ps4/lib/python3.12/site-packages/ps4.egg-link (link to .)
[3.519s] Installing ps4_publisher script to /home/robotics/Robocon2025_R1/2025R1_ws/install/ps4/lib/ps4
[3.520s] Installing ps4_subscriber script to /home/robotics/Robocon2025_R1/2025R1_ws/install/ps4/lib/ps4
[3.520s] 
[3.520s] Installed /home/robotics/Robocon2025_R1/2025R1_ws/build/ps4
[3.521s] running symlink_data
[3.521s] creating /home/robotics/Robocon2025_R1/2025R1_ws/install/ps4/share/ament_index
[3.522s] creating /home/robotics/Robocon2025_R1/2025R1_ws/install/ps4/share/ament_index/resource_index
[3.522s] creating /home/robotics/Robocon2025_R1/2025R1_ws/install/ps4/share/ament_index/resource_index/packages
[3.522s] symbolically linking /home/robotics/Robocon2025_R1/2025R1_ws/build/ps4/resource/ps4 -> /home/robotics/Robocon2025_R1/2025R1_ws/install/ps4/share/ament_index/resource_index/packages
[3.523s] symbolically linking /home/robotics/Robocon2025_R1/2025R1_ws/build/ps4/package.xml -> /home/robotics/Robocon2025_R1/2025R1_ws/install/ps4/share/ps4
[3.713s] Invoked command in '/home/robotics/Robocon2025_R1/2025R1_ws/build/ps4' returned '0': DEBUGINFOD_URLS=https://debuginfod.ubuntu.com PS1=(venv) PYTHONPATH=/home/robotics/Robocon2025_R1/2025R1_ws/build/ps4/prefix_override:/usr/lib/python3/dist-packages/colcon_core/task/python/colcon_distutils_commands:/home/robotics/Robocon2025_R1/2025R1_ws/install/ps4/lib/python3.12/site-packages:${PYTHONPATH} /usr/bin/python3 -W ignore:setup.py install is deprecated -W ignore:easy_install command is deprecated setup.py develop --editable --build-directory /home/robotics/Robocon2025_R1/2025R1_ws/build/ps4/build --no-deps symlink_data
