[0.151s] DEBUG:colcon:Command line arguments: ['/usr/bin/colcon', 'build', '--symlink-install']
[0.151s] DEBUG:colcon:Parsed command line arguments: Namespace(log_base=None, log_level=None, verb_name='build', build_base='build', install_base='install', merge_install=False, symlink_install=True, test_result_base=None, continue_on_error=False, executor='parallel', parallel_workers=4, event_handlers=None, ignore_user_meta=False, metas=['./colcon.meta'], base_paths=['.'], packages_ignore=None, packages_ignore_regex=None, paths=None, packages_up_to=None, packages_up_to_regex=None, packages_above=None, packages_above_and_dependencies=None, packages_above_depth=None, packages_select_by_dep=None, packages_skip_by_dep=None, packages_skip_up_to=None, packages_select_build_failed=False, packages_skip_build_finished=False, packages_select_test_failures=False, packages_skip_test_passed=False, packages_select=None, packages_skip=None, packages_select_regex=None, packages_skip_regex=None, packages_start=None, packages_end=None, allow_overriding=[], cmake_args=None, cmake_target=None, cmake_target_skip_unavailable=False, cmake_clean_cache=False, cmake_clean_first=False, cmake_force_configure=False, ament_cmake_args=None, catkin_cmake_args=None, catkin_skip_building_tests=False, mixin_files=None, mixin=None, verb_parser=<colcon_mixin.mixin.mixin_argument.MixinArgumentDecorator object at 0xffffa7055400>, verb_extension=<colcon_core.verb.build.BuildVerb object at 0xffffa71c1b50>, main=<bound method BuildVerb.main of <colcon_core.verb.build.BuildVerb object at 0xffffa71c1b50>>, mixin_verb=('build',))
[0.212s] Level 1:colcon.colcon_core.package_discovery:discover_packages(colcon_meta) check parameters
[0.213s] Level 1:colcon.colcon_core.package_discovery:discover_packages(recursive) check parameters
[0.213s] Level 1:colcon.colcon_core.package_discovery:discover_packages(ignore) check parameters
[0.213s] Level 1:colcon.colcon_core.package_discovery:discover_packages(path) check parameters
[0.213s] Level 1:colcon.colcon_core.package_discovery:discover_packages(colcon_meta) discover
[0.213s] Level 1:colcon.colcon_core.package_discovery:discover_packages(recursive) discover
[0.213s] INFO:colcon.colcon_core.package_discovery:Crawling recursively for packages in '/home/robotics/Robocon2025_R1/2025R1_ws'
[0.213s] Level 1:colcon.colcon_core.package_identification:_identify(.) by extensions ['ignore', 'ignore_ament_install']
[0.213s] Level 1:colcon.colcon_core.package_identification:_identify(.) by extension 'ignore'
[0.214s] Level 1:colcon.colcon_core.package_identification:_identify(.) by extension 'ignore_ament_install'
[0.214s] Level 1:colcon.colcon_core.package_identification:_identify(.) by extensions ['colcon_pkg']
[0.214s] Level 1:colcon.colcon_core.package_identification:_identify(.) by extension 'colcon_pkg'
[0.214s] Level 1:colcon.colcon_core.package_identification:_identify(.) by extensions ['colcon_meta']
[0.214s] Level 1:colcon.colcon_core.package_identification:_identify(.) by extension 'colcon_meta'
[0.214s] Level 1:colcon.colcon_core.package_identification:_identify(.) by extensions ['ros']
[0.214s] Level 1:colcon.colcon_core.package_identification:_identify(.) by extension 'ros'
[0.254s] Level 1:colcon.colcon_core.package_identification:_identify(.) by extensions ['cmake', 'python']
[0.254s] Level 1:colcon.colcon_core.package_identification:_identify(.) by extension 'cmake'
[0.254s] Level 1:colcon.colcon_core.package_identification:_identify(.) by extension 'python'
[0.254s] Level 1:colcon.colcon_core.package_identification:_identify(.) by extensions ['python_setup_py']
[0.254s] Level 1:colcon.colcon_core.package_identification:_identify(.) by extension 'python_setup_py'
[0.254s] Level 1:colcon.colcon_core.package_identification:_identify(build) by extensions ['ignore', 'ignore_ament_install']
[0.254s] Level 1:colcon.colcon_core.package_identification:_identify(build) by extension 'ignore'
[0.254s] Level 1:colcon.colcon_core.package_identification:_identify(build) ignored
[0.255s] Level 1:colcon.colcon_core.package_identification:_identify(install) by extensions ['ignore', 'ignore_ament_install']
[0.255s] Level 1:colcon.colcon_core.package_identification:_identify(install) by extension 'ignore'
[0.255s] Level 1:colcon.colcon_core.package_identification:_identify(install) ignored
[0.255s] Level 1:colcon.colcon_core.package_identification:_identify(log) by extensions ['ignore', 'ignore_ament_install']
[0.255s] Level 1:colcon.colcon_core.package_identification:_identify(log) by extension 'ignore'
[0.255s] Level 1:colcon.colcon_core.package_identification:_identify(log) ignored
[0.255s] Level 1:colcon.colcon_core.package_identification:_identify(src) by extensions ['ignore', 'ignore_ament_install']
[0.255s] Level 1:colcon.colcon_core.package_identification:_identify(src) by extension 'ignore'
[0.256s] Level 1:colcon.colcon_core.package_identification:_identify(src) by extension 'ignore_ament_install'
[0.256s] Level 1:colcon.colcon_core.package_identification:_identify(src) by extensions ['colcon_pkg']
[0.256s] Level 1:colcon.colcon_core.package_identification:_identify(src) by extension 'colcon_pkg'
[0.256s] Level 1:colcon.colcon_core.package_identification:_identify(src) by extensions ['colcon_meta']
[0.256s] Level 1:colcon.colcon_core.package_identification:_identify(src) by extension 'colcon_meta'
[0.256s] Level 1:colcon.colcon_core.package_identification:_identify(src) by extensions ['ros']
[0.256s] Level 1:colcon.colcon_core.package_identification:_identify(src) by extension 'ros'
[0.256s] Level 1:colcon.colcon_core.package_identification:_identify(src) by extensions ['cmake', 'python']
[0.256s] Level 1:colcon.colcon_core.package_identification:_identify(src) by extension 'cmake'
[0.256s] Level 1:colcon.colcon_core.package_identification:_identify(src) by extension 'python'
[0.256s] Level 1:colcon.colcon_core.package_identification:_identify(src) by extensions ['python_setup_py']
[0.256s] Level 1:colcon.colcon_core.package_identification:_identify(src) by extension 'python_setup_py'
[0.256s] Level 1:colcon.colcon_core.package_identification:_identify(src/damiao) by extensions ['ignore', 'ignore_ament_install']
[0.256s] Level 1:colcon.colcon_core.package_identification:_identify(src/damiao) by extension 'ignore'
[0.256s] Level 1:colcon.colcon_core.package_identification:_identify(src/damiao) by extension 'ignore_ament_install'
[0.256s] Level 1:colcon.colcon_core.package_identification:_identify(src/damiao) by extensions ['colcon_pkg']
[0.256s] Level 1:colcon.colcon_core.package_identification:_identify(src/damiao) by extension 'colcon_pkg'
[0.256s] Level 1:colcon.colcon_core.package_identification:_identify(src/damiao) by extensions ['colcon_meta']
[0.256s] Level 1:colcon.colcon_core.package_identification:_identify(src/damiao) by extension 'colcon_meta'
[0.256s] Level 1:colcon.colcon_core.package_identification:_identify(src/damiao) by extensions ['ros']
[0.256s] Level 1:colcon.colcon_core.package_identification:_identify(src/damiao) by extension 'ros'
[0.260s] DEBUG:colcon.colcon_core.package_identification:Package 'src/damiao' with type 'ros.ament_python' and name 'damiao'
[0.260s] Level 1:colcon.colcon_core.package_identification:_identify(src/navigation) by extensions ['ignore', 'ignore_ament_install']
[0.260s] Level 1:colcon.colcon_core.package_identification:_identify(src/navigation) by extension 'ignore'
[0.260s] Level 1:colcon.colcon_core.package_identification:_identify(src/navigation) by extension 'ignore_ament_install'
[0.260s] Level 1:colcon.colcon_core.package_identification:_identify(src/navigation) by extensions ['colcon_pkg']
[0.260s] Level 1:colcon.colcon_core.package_identification:_identify(src/navigation) by extension 'colcon_pkg'
[0.260s] Level 1:colcon.colcon_core.package_identification:_identify(src/navigation) by extensions ['colcon_meta']
[0.261s] Level 1:colcon.colcon_core.package_identification:_identify(src/navigation) by extension 'colcon_meta'
[0.261s] Level 1:colcon.colcon_core.package_identification:_identify(src/navigation) by extensions ['ros']
[0.261s] Level 1:colcon.colcon_core.package_identification:_identify(src/navigation) by extension 'ros'
[0.261s] DEBUG:colcon.colcon_core.package_identification:Package 'src/navigation' with type 'ros.ament_python' and name 'navigation'
[0.261s] Level 1:colcon.colcon_core.package_identification:_identify(src/ps4) by extensions ['ignore', 'ignore_ament_install']
[0.262s] Level 1:colcon.colcon_core.package_identification:_identify(src/ps4) by extension 'ignore'
[0.262s] Level 1:colcon.colcon_core.package_identification:_identify(src/ps4) by extension 'ignore_ament_install'
[0.262s] Level 1:colcon.colcon_core.package_identification:_identify(src/ps4) by extensions ['colcon_pkg']
[0.262s] Level 1:colcon.colcon_core.package_identification:_identify(src/ps4) by extension 'colcon_pkg'
[0.262s] Level 1:colcon.colcon_core.package_identification:_identify(src/ps4) by extensions ['colcon_meta']
[0.262s] Level 1:colcon.colcon_core.package_identification:_identify(src/ps4) by extension 'colcon_meta'
[0.262s] Level 1:colcon.colcon_core.package_identification:_identify(src/ps4) by extensions ['ros']
[0.262s] Level 1:colcon.colcon_core.package_identification:_identify(src/ps4) by extension 'ros'
[0.262s] DEBUG:colcon.colcon_core.package_identification:Package 'src/ps4' with type 'ros.ament_python' and name 'ps4'
[0.262s] Level 1:colcon.colcon_core.package_discovery:discover_packages(recursive) using defaults
[0.263s] Level 1:colcon.colcon_core.package_discovery:discover_packages(ignore) discover
[0.263s] Level 1:colcon.colcon_core.package_discovery:discover_packages(ignore) using defaults
[0.263s] Level 1:colcon.colcon_core.package_discovery:discover_packages(path) discover
[0.263s] Level 1:colcon.colcon_core.package_discovery:discover_packages(path) using defaults
[0.287s] Level 1:colcon.colcon_core.package_discovery:discover_packages(prefix_path) check parameters
[0.287s] Level 1:colcon.colcon_core.package_discovery:discover_packages(prefix_path) discover
[0.291s] DEBUG:colcon.colcon_installed_package_information.package_discovery:Found 285 installed packages in /opt/ros/jazzy
[0.292s] Level 1:colcon.colcon_core.package_discovery:discover_packages(prefix_path) using defaults
[0.351s] Level 5:colcon.colcon_core.verb:set package 'damiao' build argument 'cmake_args' from command line to 'None'
[0.351s] Level 5:colcon.colcon_core.verb:set package 'damiao' build argument 'cmake_target' from command line to 'None'
[0.351s] Level 5:colcon.colcon_core.verb:set package 'damiao' build argument 'cmake_target_skip_unavailable' from command line to 'False'
[0.351s] Level 5:colcon.colcon_core.verb:set package 'damiao' build argument 'cmake_clean_cache' from command line to 'False'
[0.351s] Level 5:colcon.colcon_core.verb:set package 'damiao' build argument 'cmake_clean_first' from command line to 'False'
[0.352s] Level 5:colcon.colcon_core.verb:set package 'damiao' build argument 'cmake_force_configure' from command line to 'False'
[0.352s] Level 5:colcon.colcon_core.verb:set package 'damiao' build argument 'ament_cmake_args' from command line to 'None'
[0.352s] Level 5:colcon.colcon_core.verb:set package 'damiao' build argument 'catkin_cmake_args' from command line to 'None'
[0.352s] Level 5:colcon.colcon_core.verb:set package 'damiao' build argument 'catkin_skip_building_tests' from command line to 'False'
[0.352s] DEBUG:colcon.colcon_core.verb:Building package 'damiao' with the following arguments: {'ament_cmake_args': None, 'build_base': '/home/robotics/Robocon2025_R1/2025R1_ws/build/damiao', 'catkin_cmake_args': None, 'catkin_skip_building_tests': False, 'cmake_args': None, 'cmake_clean_cache': False, 'cmake_clean_first': False, 'cmake_force_configure': False, 'cmake_target': None, 'cmake_target_skip_unavailable': False, 'install_base': '/home/robotics/Robocon2025_R1/2025R1_ws/install/damiao', 'merge_install': False, 'path': '/home/robotics/Robocon2025_R1/2025R1_ws/src/damiao', 'symlink_install': True, 'test_result_base': None}
[0.352s] Level 5:colcon.colcon_core.verb:set package 'navigation' build argument 'cmake_args' from command line to 'None'
[0.352s] Level 5:colcon.colcon_core.verb:set package 'navigation' build argument 'cmake_target' from command line to 'None'
[0.352s] Level 5:colcon.colcon_core.verb:set package 'navigation' build argument 'cmake_target_skip_unavailable' from command line to 'False'
[0.352s] Level 5:colcon.colcon_core.verb:set package 'navigation' build argument 'cmake_clean_cache' from command line to 'False'
[0.352s] Level 5:colcon.colcon_core.verb:set package 'navigation' build argument 'cmake_clean_first' from command line to 'False'
[0.352s] Level 5:colcon.colcon_core.verb:set package 'navigation' build argument 'cmake_force_configure' from command line to 'False'
[0.352s] Level 5:colcon.colcon_core.verb:set package 'navigation' build argument 'ament_cmake_args' from command line to 'None'
[0.352s] Level 5:colcon.colcon_core.verb:set package 'navigation' build argument 'catkin_cmake_args' from command line to 'None'
[0.352s] Level 5:colcon.colcon_core.verb:set package 'navigation' build argument 'catkin_skip_building_tests' from command line to 'False'
[0.352s] DEBUG:colcon.colcon_core.verb:Building package 'navigation' with the following arguments: {'ament_cmake_args': None, 'build_base': '/home/robotics/Robocon2025_R1/2025R1_ws/build/navigation', 'catkin_cmake_args': None, 'catkin_skip_building_tests': False, 'cmake_args': None, 'cmake_clean_cache': False, 'cmake_clean_first': False, 'cmake_force_configure': False, 'cmake_target': None, 'cmake_target_skip_unavailable': False, 'install_base': '/home/robotics/Robocon2025_R1/2025R1_ws/install/navigation', 'merge_install': False, 'path': '/home/robotics/Robocon2025_R1/2025R1_ws/src/navigation', 'symlink_install': True, 'test_result_base': None}
[0.353s] Level 5:colcon.colcon_core.verb:set package 'ps4' build argument 'cmake_args' from command line to 'None'
[0.353s] Level 5:colcon.colcon_core.verb:set package 'ps4' build argument 'cmake_target' from command line to 'None'
[0.353s] Level 5:colcon.colcon_core.verb:set package 'ps4' build argument 'cmake_target_skip_unavailable' from command line to 'False'
[0.353s] Level 5:colcon.colcon_core.verb:set package 'ps4' build argument 'cmake_clean_cache' from command line to 'False'
[0.353s] Level 5:colcon.colcon_core.verb:set package 'ps4' build argument 'cmake_clean_first' from command line to 'False'
[0.353s] Level 5:colcon.colcon_core.verb:set package 'ps4' build argument 'cmake_force_configure' from command line to 'False'
[0.353s] Level 5:colcon.colcon_core.verb:set package 'ps4' build argument 'ament_cmake_args' from command line to 'None'
[0.353s] Level 5:colcon.colcon_core.verb:set package 'ps4' build argument 'catkin_cmake_args' from command line to 'None'
[0.353s] Level 5:colcon.colcon_core.verb:set package 'ps4' build argument 'catkin_skip_building_tests' from command line to 'False'
[0.353s] DEBUG:colcon.colcon_core.verb:Building package 'ps4' with the following arguments: {'ament_cmake_args': None, 'build_base': '/home/robotics/Robocon2025_R1/2025R1_ws/build/ps4', 'catkin_cmake_args': None, 'catkin_skip_building_tests': False, 'cmake_args': None, 'cmake_clean_cache': False, 'cmake_clean_first': False, 'cmake_force_configure': False, 'cmake_target': None, 'cmake_target_skip_unavailable': False, 'install_base': '/home/robotics/Robocon2025_R1/2025R1_ws/install/ps4', 'merge_install': False, 'path': '/home/robotics/Robocon2025_R1/2025R1_ws/src/ps4', 'symlink_install': True, 'test_result_base': None}
[0.353s] INFO:colcon.colcon_core.executor:Executing jobs using 'parallel' executor
[0.354s] DEBUG:colcon.colcon_parallel_executor.executor.parallel:run_until_complete
[0.357s] INFO:colcon.colcon_ros.task.ament_python.build:Building ROS package in '/home/robotics/Robocon2025_R1/2025R1_ws/src/damiao' with build type 'ament_python'
[0.358s] Level 1:colcon.colcon_core.shell:create_environment_hook('damiao', 'ament_prefix_path')
[0.368s] INFO:colcon.colcon_core.plugin_system:Skipping extension 'colcon_core.shell.bat': Not used on non-Windows systems
[0.369s] INFO:colcon.colcon_core.shell:Creating environment hook '/home/robotics/Robocon2025_R1/2025R1_ws/install/damiao/share/damiao/hook/ament_prefix_path.ps1'
[0.370s] INFO:colcon.colcon_core.shell:Creating environment descriptor '/home/robotics/Robocon2025_R1/2025R1_ws/install/damiao/share/damiao/hook/ament_prefix_path.dsv'
[0.378s] INFO:colcon.colcon_core.shell:Creating environment hook '/home/robotics/Robocon2025_R1/2025R1_ws/install/damiao/share/damiao/hook/ament_prefix_path.sh'
[0.394s] INFO:colcon.colcon_core.shell:Skip shell extension 'powershell' for command environment: Not usable outside of PowerShell
[0.395s] DEBUG:colcon.colcon_core.shell:Skip shell extension 'dsv' for command environment
[0.405s] INFO:colcon.colcon_ros.task.ament_python.build:Building ROS package in '/home/robotics/Robocon2025_R1/2025R1_ws/src/navigation' with build type 'ament_python'
[0.406s] Level 1:colcon.colcon_core.shell:create_environment_hook('navigation', 'ament_prefix_path')
[0.407s] INFO:colcon.colcon_core.shell:Creating environment hook '/home/robotics/Robocon2025_R1/2025R1_ws/install/navigation/share/navigation/hook/ament_prefix_path.ps1'
[0.409s] INFO:colcon.colcon_core.shell:Creating environment descriptor '/home/robotics/Robocon2025_R1/2025R1_ws/install/navigation/share/navigation/hook/ament_prefix_path.dsv'
[0.410s] INFO:colcon.colcon_core.shell:Creating environment hook '/home/robotics/Robocon2025_R1/2025R1_ws/install/navigation/share/navigation/hook/ament_prefix_path.sh'
[0.412s] INFO:colcon.colcon_core.shell:Skip shell extension 'powershell' for command environment: Not usable outside of PowerShell
[0.412s] DEBUG:colcon.colcon_core.shell:Skip shell extension 'dsv' for command environment
[0.421s] INFO:colcon.colcon_ros.task.ament_python.build:Building ROS package in '/home/robotics/Robocon2025_R1/2025R1_ws/src/ps4' with build type 'ament_python'
[0.423s] Level 1:colcon.colcon_core.shell:create_environment_hook('ps4', 'ament_prefix_path')
[0.425s] INFO:colcon.colcon_core.shell:Creating environment hook '/home/robotics/Robocon2025_R1/2025R1_ws/install/ps4/share/ps4/hook/ament_prefix_path.ps1'
[0.430s] INFO:colcon.colcon_core.shell:Creating environment descriptor '/home/robotics/Robocon2025_R1/2025R1_ws/install/ps4/share/ps4/hook/ament_prefix_path.dsv'
[0.431s] INFO:colcon.colcon_core.shell:Creating environment hook '/home/robotics/Robocon2025_R1/2025R1_ws/install/ps4/share/ps4/hook/ament_prefix_path.sh'
[0.433s] INFO:colcon.colcon_core.shell:Skip shell extension 'powershell' for command environment: Not usable outside of PowerShell
[0.433s] DEBUG:colcon.colcon_core.shell:Skip shell extension 'dsv' for command environment
[0.885s] INFO:colcon.colcon_core.task.python.build:Building Python package in '/home/robotics/Robocon2025_R1/2025R1_ws/src/damiao'
[0.886s] INFO:colcon.colcon_core.shell:Skip shell extension 'powershell' for command environment: Not usable outside of PowerShell
[0.886s] DEBUG:colcon.colcon_core.shell:Skip shell extension 'dsv' for command environment
[1.308s] INFO:colcon.colcon_core.task.python.build:Building Python package in '/home/robotics/Robocon2025_R1/2025R1_ws/src/navigation'
[1.309s] INFO:colcon.colcon_core.shell:Skip shell extension 'powershell' for command environment: Not usable outside of PowerShell
[1.309s] DEBUG:colcon.colcon_core.shell:Skip shell extension 'dsv' for command environment
[1.750s] INFO:colcon.colcon_core.task.python.build:Building Python package in '/home/robotics/Robocon2025_R1/2025R1_ws/src/ps4'
[1.751s] INFO:colcon.colcon_core.shell:Skip shell extension 'powershell' for command environment: Not usable outside of PowerShell
[1.751s] DEBUG:colcon.colcon_core.shell:Skip shell extension 'dsv' for command environment
[3.120s] DEBUG:colcon.colcon_core.event_handler.log_command:Invoking command in '/home/robotics/Robocon2025_R1/2025R1_ws/build/ps4': DEBUGINFOD_URLS=https://debuginfod.ubuntu.com PS1=(venv) PYTHONPATH=/home/robotics/Robocon2025_R1/2025R1_ws/build/ps4/prefix_override:/usr/lib/python3/dist-packages/colcon_core/task/python/colcon_distutils_commands:/home/robotics/Robocon2025_R1/2025R1_ws/install/ps4/lib/python3.12/site-packages:${PYTHONPATH} /usr/bin/python3 -W ignore:setup.py install is deprecated -W ignore:easy_install command is deprecated setup.py develop --editable --build-directory /home/robotics/Robocon2025_R1/2025R1_ws/build/ps4/build --no-deps symlink_data
[3.248s] DEBUG:colcon.colcon_core.event_handler.log_command:Invoking command in '/home/robotics/Robocon2025_R1/2025R1_ws/build/navigation': DEBUGINFOD_URLS=https://debuginfod.ubuntu.com PS1=(venv) PYTHONPATH=/home/robotics/Robocon2025_R1/2025R1_ws/build/navigation/prefix_override:/usr/lib/python3/dist-packages/colcon_core/task/python/colcon_distutils_commands:/home/robotics/Robocon2025_R1/2025R1_ws/install/navigation/lib/python3.12/site-packages:${PYTHONPATH} /usr/bin/python3 -W ignore:setup.py install is deprecated -W ignore:easy_install command is deprecated setup.py develop --editable --build-directory /home/robotics/Robocon2025_R1/2025R1_ws/build/navigation/build --no-deps symlink_data
[3.267s] DEBUG:colcon.colcon_core.event_handler.log_command:Invoking command in '/home/robotics/Robocon2025_R1/2025R1_ws/build/damiao': DEBUGINFOD_URLS=https://debuginfod.ubuntu.com PS1=(venv) PYTHONPATH=/home/robotics/Robocon2025_R1/2025R1_ws/build/damiao/prefix_override:/usr/lib/python3/dist-packages/colcon_core/task/python/colcon_distutils_commands:/home/robotics/Robocon2025_R1/2025R1_ws/install/damiao/lib/python3.12/site-packages:${PYTHONPATH} /usr/bin/python3 -W ignore:setup.py install is deprecated -W ignore:easy_install command is deprecated setup.py develop --editable --build-directory /home/robotics/Robocon2025_R1/2025R1_ws/build/damiao/build --no-deps symlink_data
[4.576s] Level 1:colcon.colcon_core.shell:create_environment_hook('ps4', 'pythonpath_develop')
[4.578s] INFO:colcon.colcon_core.shell:Creating environment hook '/home/robotics/Robocon2025_R1/2025R1_ws/build/ps4/share/ps4/hook/pythonpath_develop.ps1'
[4.579s] DEBUG:colcon.colcon_core.event_handler.log_command:Invoked command in '/home/robotics/Robocon2025_R1/2025R1_ws/build/ps4' returned '0': DEBUGINFOD_URLS=https://debuginfod.ubuntu.com PS1=(venv) PYTHONPATH=/home/robotics/Robocon2025_R1/2025R1_ws/build/ps4/prefix_override:/usr/lib/python3/dist-packages/colcon_core/task/python/colcon_distutils_commands:/home/robotics/Robocon2025_R1/2025R1_ws/install/ps4/lib/python3.12/site-packages:${PYTHONPATH} /usr/bin/python3 -W ignore:setup.py install is deprecated -W ignore:easy_install command is deprecated setup.py develop --editable --build-directory /home/robotics/Robocon2025_R1/2025R1_ws/build/ps4/build --no-deps symlink_data
[4.580s] INFO:colcon.colcon_core.shell:Creating environment descriptor '/home/robotics/Robocon2025_R1/2025R1_ws/build/ps4/share/ps4/hook/pythonpath_develop.dsv'
[4.590s] INFO:colcon.colcon_core.shell:Creating environment hook '/home/robotics/Robocon2025_R1/2025R1_ws/build/ps4/share/ps4/hook/pythonpath_develop.sh'
[4.600s] Level 1:colcon.colcon_core.environment:checking '/home/robotics/Robocon2025_R1/2025R1_ws/install/ps4' for CMake module files
[4.601s] Level 1:colcon.colcon_core.environment:checking '/home/robotics/Robocon2025_R1/2025R1_ws/install/ps4' for CMake config files
[4.603s] Level 1:colcon.colcon_core.environment:checking '/home/robotics/Robocon2025_R1/2025R1_ws/install/ps4/lib'
[4.604s] Level 1:colcon.colcon_core.environment:checking '/home/robotics/Robocon2025_R1/2025R1_ws/install/ps4/bin'
[4.604s] Level 1:colcon.colcon_core.environment:checking '/home/robotics/Robocon2025_R1/2025R1_ws/install/ps4/lib/pkgconfig/ps4.pc'
[4.604s] Level 1:colcon.colcon_core.environment:checking '/home/robotics/Robocon2025_R1/2025R1_ws/install/ps4/lib/python3.12/site-packages'
[4.604s] Level 1:colcon.colcon_core.shell:create_environment_hook('ps4', 'pythonpath')
[4.605s] INFO:colcon.colcon_core.shell:Creating environment hook '/home/robotics/Robocon2025_R1/2025R1_ws/install/ps4/share/ps4/hook/pythonpath.ps1'
[4.652s] INFO:colcon.colcon_core.shell:Creating environment descriptor '/home/robotics/Robocon2025_R1/2025R1_ws/install/ps4/share/ps4/hook/pythonpath.dsv'
[4.654s] INFO:colcon.colcon_core.shell:Creating environment hook '/home/robotics/Robocon2025_R1/2025R1_ws/install/ps4/share/ps4/hook/pythonpath.sh'
[4.656s] Level 1:colcon.colcon_core.environment:checking '/home/robotics/Robocon2025_R1/2025R1_ws/install/ps4/bin'
[4.656s] Level 1:colcon.colcon_core.environment:create_environment_scripts_only(ps4)
[4.657s] INFO:colcon.colcon_core.shell:Creating package script '/home/robotics/Robocon2025_R1/2025R1_ws/install/ps4/share/ps4/package.ps1'
[4.659s] INFO:colcon.colcon_core.shell:Creating package descriptor '/home/robotics/Robocon2025_R1/2025R1_ws/install/ps4/share/ps4/package.dsv'
[4.661s] INFO:colcon.colcon_core.shell:Creating package script '/home/robotics/Robocon2025_R1/2025R1_ws/install/ps4/share/ps4/package.sh'
[4.663s] INFO:colcon.colcon_core.shell:Creating package script '/home/robotics/Robocon2025_R1/2025R1_ws/install/ps4/share/ps4/package.bash'
[4.665s] INFO:colcon.colcon_core.shell:Creating package script '/home/robotics/Robocon2025_R1/2025R1_ws/install/ps4/share/ps4/package.zsh'
[4.666s] Level 1:colcon.colcon_core.environment:create_file_with_runtime_dependencies(/home/robotics/Robocon2025_R1/2025R1_ws/install/ps4/share/colcon-core/packages/ps4)
[4.671s] Level 1:colcon.colcon_core.shell:create_environment_hook('damiao', 'pythonpath_develop')
[4.674s] INFO:colcon.colcon_core.shell:Creating environment hook '/home/robotics/Robocon2025_R1/2025R1_ws/build/damiao/share/damiao/hook/pythonpath_develop.ps1'
[4.677s] DEBUG:colcon.colcon_core.event_handler.log_command:Invoked command in '/home/robotics/Robocon2025_R1/2025R1_ws/build/damiao' returned '0': DEBUGINFOD_URLS=https://debuginfod.ubuntu.com PS1=(venv) PYTHONPATH=/home/robotics/Robocon2025_R1/2025R1_ws/build/damiao/prefix_override:/usr/lib/python3/dist-packages/colcon_core/task/python/colcon_distutils_commands:/home/robotics/Robocon2025_R1/2025R1_ws/install/damiao/lib/python3.12/site-packages:${PYTHONPATH} /usr/bin/python3 -W ignore:setup.py install is deprecated -W ignore:easy_install command is deprecated setup.py develop --editable --build-directory /home/robotics/Robocon2025_R1/2025R1_ws/build/damiao/build --no-deps symlink_data
[4.680s] INFO:colcon.colcon_core.shell:Creating environment descriptor '/home/robotics/Robocon2025_R1/2025R1_ws/build/damiao/share/damiao/hook/pythonpath_develop.dsv'
[4.681s] INFO:colcon.colcon_core.shell:Creating environment hook '/home/robotics/Robocon2025_R1/2025R1_ws/build/damiao/share/damiao/hook/pythonpath_develop.sh'
[4.683s] Level 1:colcon.colcon_core.environment:checking '/home/robotics/Robocon2025_R1/2025R1_ws/install/damiao' for CMake module files
[4.687s] Level 1:colcon.colcon_core.environment:checking '/home/robotics/Robocon2025_R1/2025R1_ws/install/damiao' for CMake config files
[4.689s] Level 1:colcon.colcon_core.environment:checking '/home/robotics/Robocon2025_R1/2025R1_ws/install/damiao/lib'
[4.689s] Level 1:colcon.colcon_core.environment:checking '/home/robotics/Robocon2025_R1/2025R1_ws/install/damiao/bin'
[4.690s] Level 1:colcon.colcon_core.environment:checking '/home/robotics/Robocon2025_R1/2025R1_ws/install/damiao/lib/pkgconfig/damiao.pc'
[4.690s] Level 1:colcon.colcon_core.environment:checking '/home/robotics/Robocon2025_R1/2025R1_ws/install/damiao/lib/python3.12/site-packages'
[4.691s] Level 1:colcon.colcon_core.shell:create_environment_hook('damiao', 'pythonpath')
[4.691s] INFO:colcon.colcon_core.shell:Creating environment hook '/home/robotics/Robocon2025_R1/2025R1_ws/install/damiao/share/damiao/hook/pythonpath.ps1'
[4.692s] INFO:colcon.colcon_core.shell:Creating environment descriptor '/home/robotics/Robocon2025_R1/2025R1_ws/install/damiao/share/damiao/hook/pythonpath.dsv'
[4.693s] INFO:colcon.colcon_core.shell:Creating environment hook '/home/robotics/Robocon2025_R1/2025R1_ws/install/damiao/share/damiao/hook/pythonpath.sh'
[4.694s] Level 1:colcon.colcon_core.environment:checking '/home/robotics/Robocon2025_R1/2025R1_ws/install/damiao/bin'
[4.694s] Level 1:colcon.colcon_core.environment:create_environment_scripts_only(damiao)
[4.694s] INFO:colcon.colcon_core.shell:Creating package script '/home/robotics/Robocon2025_R1/2025R1_ws/install/damiao/share/damiao/package.ps1'
[4.695s] INFO:colcon.colcon_core.shell:Creating package descriptor '/home/robotics/Robocon2025_R1/2025R1_ws/install/damiao/share/damiao/package.dsv'
[4.696s] INFO:colcon.colcon_core.shell:Creating package script '/home/robotics/Robocon2025_R1/2025R1_ws/install/damiao/share/damiao/package.sh'
[4.697s] INFO:colcon.colcon_core.shell:Creating package script '/home/robotics/Robocon2025_R1/2025R1_ws/install/damiao/share/damiao/package.bash'
[4.699s] INFO:colcon.colcon_core.shell:Creating package script '/home/robotics/Robocon2025_R1/2025R1_ws/install/damiao/share/damiao/package.zsh'
[4.701s] Level 1:colcon.colcon_core.environment:create_file_with_runtime_dependencies(/home/robotics/Robocon2025_R1/2025R1_ws/install/damiao/share/colcon-core/packages/damiao)
[4.857s] Level 1:colcon.colcon_core.shell:create_environment_hook('navigation', 'pythonpath_develop')
[4.857s] INFO:colcon.colcon_core.shell:Creating environment hook '/home/robotics/Robocon2025_R1/2025R1_ws/build/navigation/share/navigation/hook/pythonpath_develop.ps1'
[4.858s] DEBUG:colcon.colcon_core.event_handler.log_command:Invoked command in '/home/robotics/Robocon2025_R1/2025R1_ws/build/navigation' returned '0': DEBUGINFOD_URLS=https://debuginfod.ubuntu.com PS1=(venv) PYTHONPATH=/home/robotics/Robocon2025_R1/2025R1_ws/build/navigation/prefix_override:/usr/lib/python3/dist-packages/colcon_core/task/python/colcon_distutils_commands:/home/robotics/Robocon2025_R1/2025R1_ws/install/navigation/lib/python3.12/site-packages:${PYTHONPATH} /usr/bin/python3 -W ignore:setup.py install is deprecated -W ignore:easy_install command is deprecated setup.py develop --editable --build-directory /home/robotics/Robocon2025_R1/2025R1_ws/build/navigation/build --no-deps symlink_data
[4.858s] INFO:colcon.colcon_core.shell:Creating environment descriptor '/home/robotics/Robocon2025_R1/2025R1_ws/build/navigation/share/navigation/hook/pythonpath_develop.dsv'
[4.858s] INFO:colcon.colcon_core.shell:Creating environment hook '/home/robotics/Robocon2025_R1/2025R1_ws/build/navigation/share/navigation/hook/pythonpath_develop.sh'
[4.859s] Level 1:colcon.colcon_core.environment:checking '/home/robotics/Robocon2025_R1/2025R1_ws/install/navigation' for CMake module files
[4.860s] Level 1:colcon.colcon_core.environment:checking '/home/robotics/Robocon2025_R1/2025R1_ws/install/navigation' for CMake config files
[4.860s] Level 1:colcon.colcon_core.environment:checking '/home/robotics/Robocon2025_R1/2025R1_ws/install/navigation/lib'
[4.860s] Level 1:colcon.colcon_core.environment:checking '/home/robotics/Robocon2025_R1/2025R1_ws/install/navigation/bin'
[4.861s] Level 1:colcon.colcon_core.environment:checking '/home/robotics/Robocon2025_R1/2025R1_ws/install/navigation/lib/pkgconfig/navigation.pc'
[4.861s] Level 1:colcon.colcon_core.environment:checking '/home/robotics/Robocon2025_R1/2025R1_ws/install/navigation/lib/python3.12/site-packages'
[4.861s] Level 1:colcon.colcon_core.shell:create_environment_hook('navigation', 'pythonpath')
[4.861s] INFO:colcon.colcon_core.shell:Creating environment hook '/home/robotics/Robocon2025_R1/2025R1_ws/install/navigation/share/navigation/hook/pythonpath.ps1'
[4.862s] INFO:colcon.colcon_core.shell:Creating environment descriptor '/home/robotics/Robocon2025_R1/2025R1_ws/install/navigation/share/navigation/hook/pythonpath.dsv'
[4.862s] INFO:colcon.colcon_core.shell:Creating environment hook '/home/robotics/Robocon2025_R1/2025R1_ws/install/navigation/share/navigation/hook/pythonpath.sh'
[4.863s] Level 1:colcon.colcon_core.environment:checking '/home/robotics/Robocon2025_R1/2025R1_ws/install/navigation/bin'
[4.863s] Level 1:colcon.colcon_core.environment:create_environment_scripts_only(navigation)
[4.864s] INFO:colcon.colcon_core.shell:Creating package script '/home/robotics/Robocon2025_R1/2025R1_ws/install/navigation/share/navigation/package.ps1'
[4.865s] INFO:colcon.colcon_core.shell:Creating package descriptor '/home/robotics/Robocon2025_R1/2025R1_ws/install/navigation/share/navigation/package.dsv'
[4.865s] INFO:colcon.colcon_core.shell:Creating package script '/home/robotics/Robocon2025_R1/2025R1_ws/install/navigation/share/navigation/package.sh'
[4.866s] INFO:colcon.colcon_core.shell:Creating package script '/home/robotics/Robocon2025_R1/2025R1_ws/install/navigation/share/navigation/package.bash'
[4.867s] INFO:colcon.colcon_core.shell:Creating package script '/home/robotics/Robocon2025_R1/2025R1_ws/install/navigation/share/navigation/package.zsh'
[4.867s] Level 1:colcon.colcon_core.environment:create_file_with_runtime_dependencies(/home/robotics/Robocon2025_R1/2025R1_ws/install/navigation/share/colcon-core/packages/navigation)
[4.868s] DEBUG:colcon.colcon_parallel_executor.executor.parallel:closing loop
[4.868s] DEBUG:colcon.colcon_parallel_executor.executor.parallel:loop closed
[4.868s] DEBUG:colcon.colcon_parallel_executor.executor.parallel:run_until_complete finished with '0'
[4.868s] DEBUG:colcon.colcon_core.event_reactor:joining thread
[4.894s] INFO:colcon.colcon_core.plugin_system:Skipping extension 'colcon_notification.desktop_notification.terminal_notifier': Not used on non-Darwin systems
[4.895s] INFO:colcon.colcon_core.plugin_system:Skipping extension 'colcon_notification.desktop_notification.win32': Not used on non-Windows systems
[4.895s] INFO:colcon.colcon_notification.desktop_notification:Sending desktop notification using 'notify2'
[4.929s] DEBUG:colcon.colcon_core.event_reactor:joined thread
[4.931s] INFO:colcon.colcon_core.shell:Creating prefix script '/home/robotics/Robocon2025_R1/2025R1_ws/install/local_setup.ps1'
[4.934s] INFO:colcon.colcon_core.shell:Creating prefix util module '/home/robotics/Robocon2025_R1/2025R1_ws/install/_local_setup_util_ps1.py'
[4.936s] INFO:colcon.colcon_core.shell:Creating prefix chain script '/home/robotics/Robocon2025_R1/2025R1_ws/install/setup.ps1'
[4.937s] INFO:colcon.colcon_core.shell:Creating prefix script '/home/robotics/Robocon2025_R1/2025R1_ws/install/local_setup.sh'
[4.938s] INFO:colcon.colcon_core.shell:Creating prefix util module '/home/robotics/Robocon2025_R1/2025R1_ws/install/_local_setup_util_sh.py'
[4.939s] INFO:colcon.colcon_core.shell:Creating prefix chain script '/home/robotics/Robocon2025_R1/2025R1_ws/install/setup.sh'
[4.940s] INFO:colcon.colcon_core.shell:Creating prefix script '/home/robotics/Robocon2025_R1/2025R1_ws/install/local_setup.bash'
[4.941s] INFO:colcon.colcon_core.shell:Creating prefix chain script '/home/robotics/Robocon2025_R1/2025R1_ws/install/setup.bash'
[4.942s] INFO:colcon.colcon_core.shell:Creating prefix script '/home/robotics/Robocon2025_R1/2025R1_ws/install/local_setup.zsh'
[4.943s] INFO:colcon.colcon_core.shell:Creating prefix chain script '/home/robotics/Robocon2025_R1/2025R1_ws/install/setup.zsh'
