-- Found ament_cmake: 2.5.4 (/opt/ros/jazzy/share/ament_cmake/cmake)
-- Found Python3: /usr/bin/python3 (found version "3.12.3") found components: Interpreter 
-- Found rosidl_default_generators: 1.6.0 (/opt/ros/jazzy/share/rosidl_default_generators/cmake)
-- Using all available rosidl_typesupport_c: rosidl_typesupport_fastrtps_c;rosidl_typesupport_introspection_c
-- Using all available rosidl_typesupport_cpp: rosidl_typesupport_fastrtps_cpp;rosidl_typesupport_introspection_cpp
-- Found rosidl_adapter: 4.6.5 (/opt/ros/jazzy/share/rosidl_adapter/cmake)
-- Found ament_cmake_ros: 0.12.0 (/opt/ros/jazzy/share/ament_cmake_ros/cmake)
-- Using all available rosidl_typesupport_c: rosidl_typesupport_fastrtps_c;rosidl_typesupport_introspection_c
-- Using all available rosidl_typesupport_cpp: rosidl_typesupport_fastrtps_cpp;rosidl_typesupport_introspection_cpp
-- Found python_cmake_module: 0.11.1 (/opt/ros/jazzy/share/python_cmake_module/cmake)
-- Found PythonExtra: /usr/bin/python3  
-- Found Python3: /usr/bin/python3 (found version "3.12.3") found components: Interpreter Development NumPy Development.Module Development.Embed 
-- Found ament_lint_auto: 0.17.2 (/opt/ros/jazzy/share/ament_lint_auto/cmake)
-- Added test 'copyright' to check source files copyright and LICENSE
-- Added test 'lint_cmake' to check CMake code style
-- Added test 'xmllint' to check XML markup files
-- Configuring done (8.7s)
-- Generating done (0.0s)
-- Build files have been written to: /home/robotics/Robocon2025_R1/2025R1_ws/build/joystick_msgs
[  2%] [34m[1mGenerating type hashes for ROS interfaces[0m
[  2%] Built target ament_cmake_python_copy_joystick_msgs
running egg_info
creating joystick_msgs.egg-info
writing joystick_msgs.egg-info/PKG-INFO
writing dependency_links to joystick_msgs.egg-info/dependency_links.txt
writing top-level names to joystick_msgs.egg-info/top_level.txt
writing manifest file 'joystick_msgs.egg-info/SOURCES.txt'
[  2%] Built target joystick_msgs__rosidl_generator_type_description
[  5%] [34m[1mGenerating C code for ROS interfaces[0m
[  8%] [34m[1mGenerating C++ code for ROS interfaces[0m
reading manifest file 'joystick_msgs.egg-info/SOURCES.txt'
writing manifest file 'joystick_msgs.egg-info/SOURCES.txt'
[  8%] Built target ament_cmake_python_build_joystick_msgs_egg
[  8%] Built target joystick_msgs__cpp
[ 11%] [32mBuilding C object CMakeFiles/joystick_msgs__rosidl_generator_c.dir/rosidl_generator_c/joystick_msgs/msg/detail/joystick__description.c.o[0m
[ 14%] [32mBuilding C object CMakeFiles/joystick_msgs__rosidl_generator_c.dir/rosidl_generator_c/joystick_msgs/msg/detail/joystick__type_support.c.o[0m
[ 17%] [32mBuilding C object CMakeFiles/joystick_msgs__rosidl_generator_c.dir/rosidl_generator_c/joystick_msgs/msg/detail/joystick__functions.c.o[0m
[ 20%] [32m[1mLinking C shared library libjoystick_msgs__rosidl_generator_c.so[0m
[ 20%] Built target joystick_msgs__rosidl_generator_c
[ 23%] [34m[1mGenerating C++ type support dispatch for ROS interfaces[0m
[ 26%] [34m[1mGenerating C type support for eProsima Fast-RTPS[0m
[ 29%] [34m[1mGenerating C type support dispatch for ROS interfaces[0m
[ 32%] [34m[1mGenerating C introspection for ROS interfaces[0m
[ 35%] [32mBuilding CXX object CMakeFiles/joystick_msgs__rosidl_typesupport_c.dir/rosidl_typesupport_c/joystick_msgs/msg/joystick__type_support.cpp.o[0m
[ 38%] [32mBuilding C object CMakeFiles/joystick_msgs__rosidl_typesupport_introspection_c.dir/rosidl_typesupport_introspection_c/joystick_msgs/msg/detail/joystick__type_support.c.o[0m
[ 41%] [32m[1mLinking CXX shared library libjoystick_msgs__rosidl_typesupport_c.so[0m
[ 44%] [32mBuilding CXX object CMakeFiles/joystick_msgs__rosidl_typesupport_fastrtps_c.dir/rosidl_typesupport_fastrtps_c/joystick_msgs/msg/detail/joystick__type_support_c.cpp.o[0m
[ 47%] [32mBuilding CXX object CMakeFiles/joystick_msgs__rosidl_typesupport_cpp.dir/rosidl_typesupport_cpp/joystick_msgs/msg/joystick__type_support.cpp.o[0m
[ 50%] [32m[1mLinking C shared library libjoystick_msgs__rosidl_typesupport_introspection_c.so[0m
[ 50%] Built target joystick_msgs__rosidl_typesupport_c
[ 52%] [34m[1mGenerating C++ type support for eProsima Fast-RTPS[0m
[ 52%] Built target joystick_msgs__rosidl_typesupport_introspection_c
[ 55%] [34m[1mGenerating C++ introspection for ROS interfaces[0m
[ 58%] [32m[1mLinking CXX shared library libjoystick_msgs__rosidl_typesupport_cpp.so[0m
[ 61%] [32mBuilding CXX object CMakeFiles/joystick_msgs__rosidl_typesupport_fastrtps_cpp.dir/rosidl_typesupport_fastrtps_cpp/joystick_msgs/msg/detail/dds_fastrtps/joystick__type_support.cpp.o[0m
[ 61%] Built target joystick_msgs__rosidl_typesupport_cpp
[ 64%] [32mBuilding CXX object CMakeFiles/joystick_msgs__rosidl_typesupport_introspection_cpp.dir/rosidl_typesupport_introspection_cpp/joystick_msgs/msg/detail/joystick__type_support.cpp.o[0m
[ 67%] [32m[1mLinking CXX shared library libjoystick_msgs__rosidl_typesupport_fastrtps_c.so[0m
[ 67%] Built target joystick_msgs__rosidl_typesupport_fastrtps_c
[ 70%] [32m[1mLinking CXX shared library libjoystick_msgs__rosidl_typesupport_introspection_cpp.so[0m
[ 70%] Built target joystick_msgs__rosidl_typesupport_introspection_cpp
[ 73%] [32m[1mLinking CXX shared library libjoystick_msgs__rosidl_typesupport_fastrtps_cpp.so[0m
[ 73%] Built target joystick_msgs__rosidl_typesupport_fastrtps_cpp
[ 73%] Built target joystick_msgs
[ 76%] [34m[1mGenerating Python code for ROS interfaces[0m
[ 76%] Built target joystick_msgs__py
[ 79%] [32mBuilding C object CMakeFiles/joystick_msgs__rosidl_generator_py.dir/rosidl_generator_py/joystick_msgs/msg/_joystick_s.c.o[0m
[ 82%] [32m[1mLinking C shared library libjoystick_msgs__rosidl_generator_py.so[0m
[ 82%] Built target joystick_msgs__rosidl_generator_py
[ 85%] [32mBuilding C object CMakeFiles/joystick_msgs_s__rosidl_typesupport_fastrtps_c.dir/rosidl_generator_py/joystick_msgs/_joystick_msgs_s.ep.rosidl_typesupport_fastrtps_c.c.o[0m
[ 88%] [32mBuilding C object CMakeFiles/joystick_msgs_s__rosidl_typesupport_c.dir/rosidl_generator_py/joystick_msgs/_joystick_msgs_s.ep.rosidl_typesupport_c.c.o[0m
[ 91%] [32mBuilding C object CMakeFiles/joystick_msgs_s__rosidl_typesupport_introspection_c.dir/rosidl_generator_py/joystick_msgs/_joystick_msgs_s.ep.rosidl_typesupport_introspection_c.c.o[0m
[ 94%] [32m[1mLinking C shared module rosidl_generator_py/joystick_msgs/joystick_msgs_s__rosidl_typesupport_c.so[0m
[ 97%] [32m[1mLinking C shared module rosidl_generator_py/joystick_msgs/joystick_msgs_s__rosidl_typesupport_fastrtps_c.so[0m
[100%] [32m[1mLinking C shared module rosidl_generator_py/joystick_msgs/joystick_msgs_s__rosidl_typesupport_introspection_c.so[0m
[100%] Built target joystick_msgs_s__rosidl_typesupport_c
[100%] Built target joystick_msgs_s__rosidl_typesupport_fastrtps_c
[100%] Built target joystick_msgs_s__rosidl_typesupport_introspection_c
-- Install configuration: ""
-- Installing: /home/robotics/Robocon2025_R1/2025R1_ws/install/joystick_msgs/share/ament_index/resource_index/rosidl_interfaces/joystick_msgs
-- Installing: /home/robotics/Robocon2025_R1/2025R1_ws/install/joystick_msgs/share/joystick_msgs/msg/Joystick.json
-- Installing: /home/robotics/Robocon2025_R1/2025R1_ws/install/joystick_msgs/include/joystick_msgs/joystick_msgs
-- Installing: /home/robotics/Robocon2025_R1/2025R1_ws/install/joystick_msgs/include/joystick_msgs/joystick_msgs/msg
-- Installing: /home/robotics/Robocon2025_R1/2025R1_ws/install/joystick_msgs/include/joystick_msgs/joystick_msgs/msg/rosidl_generator_c__visibility_control.h
-- Installing: /home/robotics/Robocon2025_R1/2025R1_ws/install/joystick_msgs/include/joystick_msgs/joystick_msgs/msg/detail
-- Installing: /home/robotics/Robocon2025_R1/2025R1_ws/install/joystick_msgs/include/joystick_msgs/joystick_msgs/msg/detail/joystick__type_support.h
-- Installing: /home/robotics/Robocon2025_R1/2025R1_ws/install/joystick_msgs/include/joystick_msgs/joystick_msgs/msg/detail/joystick__functions.h
-- Installing: /home/robotics/Robocon2025_R1/2025R1_ws/install/joystick_msgs/include/joystick_msgs/joystick_msgs/msg/detail/joystick__struct.h
-- Installing: /home/robotics/Robocon2025_R1/2025R1_ws/install/joystick_msgs/include/joystick_msgs/joystick_msgs/msg/detail/joystick__type_support.c
-- Installing: /home/robotics/Robocon2025_R1/2025R1_ws/install/joystick_msgs/include/joystick_msgs/joystick_msgs/msg/detail/joystick__functions.c
-- Installing: /home/robotics/Robocon2025_R1/2025R1_ws/install/joystick_msgs/include/joystick_msgs/joystick_msgs/msg/detail/joystick__description.c
-- Installing: /home/robotics/Robocon2025_R1/2025R1_ws/install/joystick_msgs/include/joystick_msgs/joystick_msgs/msg/joystick.h
-- Installing: /home/robotics/Robocon2025_R1/2025R1_ws/install/joystick_msgs/share/joystick_msgs/environment/library_path.sh
-- Installing: /home/robotics/Robocon2025_R1/2025R1_ws/install/joystick_msgs/share/joystick_msgs/environment/library_path.dsv
-- Installing: /home/robotics/Robocon2025_R1/2025R1_ws/install/joystick_msgs/lib/libjoystick_msgs__rosidl_generator_c.so
-- Set non-toolchain portion of runtime path of "/home/robotics/Robocon2025_R1/2025R1_ws/install/joystick_msgs/lib/libjoystick_msgs__rosidl_generator_c.so" to ""
-- Up-to-date: /home/robotics/Robocon2025_R1/2025R1_ws/install/joystick_msgs/include/joystick_msgs/joystick_msgs
-- Up-to-date: /home/robotics/Robocon2025_R1/2025R1_ws/install/joystick_msgs/include/joystick_msgs/joystick_msgs/msg
-- Installing: /home/robotics/Robocon2025_R1/2025R1_ws/install/joystick_msgs/include/joystick_msgs/joystick_msgs/msg/rosidl_typesupport_fastrtps_c__visibility_control.h
-- Up-to-date: /home/robotics/Robocon2025_R1/2025R1_ws/install/joystick_msgs/include/joystick_msgs/joystick_msgs/msg/detail
-- Installing: /home/robotics/Robocon2025_R1/2025R1_ws/install/joystick_msgs/include/joystick_msgs/joystick_msgs/msg/detail/joystick__rosidl_typesupport_fastrtps_c.h
-- Installing: /home/robotics/Robocon2025_R1/2025R1_ws/install/joystick_msgs/lib/libjoystick_msgs__rosidl_typesupport_fastrtps_c.so
-- Set non-toolchain portion of runtime path of "/home/robotics/Robocon2025_R1/2025R1_ws/install/joystick_msgs/lib/libjoystick_msgs__rosidl_typesupport_fastrtps_c.so" to ""
-- Up-to-date: /home/robotics/Robocon2025_R1/2025R1_ws/install/joystick_msgs/include/joystick_msgs/joystick_msgs
-- Up-to-date: /home/robotics/Robocon2025_R1/2025R1_ws/install/joystick_msgs/include/joystick_msgs/joystick_msgs/msg
-- Up-to-date: /home/robotics/Robocon2025_R1/2025R1_ws/install/joystick_msgs/include/joystick_msgs/joystick_msgs/msg/detail
-- Installing: /home/robotics/Robocon2025_R1/2025R1_ws/install/joystick_msgs/include/joystick_msgs/joystick_msgs/msg/detail/joystick__rosidl_typesupport_introspection_c.h
-- Installing: /home/robotics/Robocon2025_R1/2025R1_ws/install/joystick_msgs/include/joystick_msgs/joystick_msgs/msg/detail/joystick__type_support.c
-- Installing: /home/robotics/Robocon2025_R1/2025R1_ws/install/joystick_msgs/include/joystick_msgs/joystick_msgs/msg/rosidl_typesupport_introspection_c__visibility_control.h
-- Installing: /home/robotics/Robocon2025_R1/2025R1_ws/install/joystick_msgs/lib/libjoystick_msgs__rosidl_typesupport_introspection_c.so
-- Set non-toolchain portion of runtime path of "/home/robotics/Robocon2025_R1/2025R1_ws/install/joystick_msgs/lib/libjoystick_msgs__rosidl_typesupport_introspection_c.so" to ""
-- Installing: /home/robotics/Robocon2025_R1/2025R1_ws/install/joystick_msgs/lib/libjoystick_msgs__rosidl_typesupport_c.so
-- Set non-toolchain portion of runtime path of "/home/robotics/Robocon2025_R1/2025R1_ws/install/joystick_msgs/lib/libjoystick_msgs__rosidl_typesupport_c.so" to ""
-- Up-to-date: /home/robotics/Robocon2025_R1/2025R1_ws/install/joystick_msgs/include/joystick_msgs/joystick_msgs
-- Up-to-date: /home/robotics/Robocon2025_R1/2025R1_ws/install/joystick_msgs/include/joystick_msgs/joystick_msgs/msg
-- Installing: /home/robotics/Robocon2025_R1/2025R1_ws/install/joystick_msgs/include/joystick_msgs/joystick_msgs/msg/joystick.hpp
-- Up-to-date: /home/robotics/Robocon2025_R1/2025R1_ws/install/joystick_msgs/include/joystick_msgs/joystick_msgs/msg/detail
-- Installing: /home/robotics/Robocon2025_R1/2025R1_ws/install/joystick_msgs/include/joystick_msgs/joystick_msgs/msg/detail/joystick__traits.hpp
-- Installing: /home/robotics/Robocon2025_R1/2025R1_ws/install/joystick_msgs/include/joystick_msgs/joystick_msgs/msg/detail/joystick__builder.hpp
-- Installing: /home/robotics/Robocon2025_R1/2025R1_ws/install/joystick_msgs/include/joystick_msgs/joystick_msgs/msg/detail/joystick__type_support.hpp
-- Installing: /home/robotics/Robocon2025_R1/2025R1_ws/install/joystick_msgs/include/joystick_msgs/joystick_msgs/msg/detail/joystick__struct.hpp
-- Installing: /home/robotics/Robocon2025_R1/2025R1_ws/install/joystick_msgs/include/joystick_msgs/joystick_msgs/msg/rosidl_generator_cpp__visibility_control.hpp
-- Up-to-date: /home/robotics/Robocon2025_R1/2025R1_ws/install/joystick_msgs/include/joystick_msgs/joystick_msgs
-- Up-to-date: /home/robotics/Robocon2025_R1/2025R1_ws/install/joystick_msgs/include/joystick_msgs/joystick_msgs/msg
-- Up-to-date: /home/robotics/Robocon2025_R1/2025R1_ws/install/joystick_msgs/include/joystick_msgs/joystick_msgs/msg/detail
-- Installing: /home/robotics/Robocon2025_R1/2025R1_ws/install/joystick_msgs/include/joystick_msgs/joystick_msgs/msg/detail/dds_fastrtps
-- Installing: /home/robotics/Robocon2025_R1/2025R1_ws/install/joystick_msgs/include/joystick_msgs/joystick_msgs/msg/detail/joystick__rosidl_typesupport_fastrtps_cpp.hpp
-- Installing: /home/robotics/Robocon2025_R1/2025R1_ws/install/joystick_msgs/include/joystick_msgs/joystick_msgs/msg/rosidl_typesupport_fastrtps_cpp__visibility_control.h
-- Installing: /home/robotics/Robocon2025_R1/2025R1_ws/install/joystick_msgs/lib/libjoystick_msgs__rosidl_typesupport_fastrtps_cpp.so
-- Set non-toolchain portion of runtime path of "/home/robotics/Robocon2025_R1/2025R1_ws/install/joystick_msgs/lib/libjoystick_msgs__rosidl_typesupport_fastrtps_cpp.so" to ""
-- Up-to-date: /home/robotics/Robocon2025_R1/2025R1_ws/install/joystick_msgs/include/joystick_msgs/joystick_msgs
-- Up-to-date: /home/robotics/Robocon2025_R1/2025R1_ws/install/joystick_msgs/include/joystick_msgs/joystick_msgs/msg
-- Up-to-date: /home/robotics/Robocon2025_R1/2025R1_ws/install/joystick_msgs/include/joystick_msgs/joystick_msgs/msg/detail
-- Installing: /home/robotics/Robocon2025_R1/2025R1_ws/install/joystick_msgs/include/joystick_msgs/joystick_msgs/msg/detail/joystick__rosidl_typesupport_introspection_cpp.hpp
-- Installing: /home/robotics/Robocon2025_R1/2025R1_ws/install/joystick_msgs/include/joystick_msgs/joystick_msgs/msg/detail/joystick__type_support.cpp
-- Installing: /home/robotics/Robocon2025_R1/2025R1_ws/install/joystick_msgs/lib/libjoystick_msgs__rosidl_typesupport_introspection_cpp.so
-- Set non-toolchain portion of runtime path of "/home/robotics/Robocon2025_R1/2025R1_ws/install/joystick_msgs/lib/libjoystick_msgs__rosidl_typesupport_introspection_cpp.so" to ""
-- Installing: /home/robotics/Robocon2025_R1/2025R1_ws/install/joystick_msgs/lib/libjoystick_msgs__rosidl_typesupport_cpp.so
-- Set non-toolchain portion of runtime path of "/home/robotics/Robocon2025_R1/2025R1_ws/install/joystick_msgs/lib/libjoystick_msgs__rosidl_typesupport_cpp.so" to ""
-- Installing: /home/robotics/Robocon2025_R1/2025R1_ws/install/joystick_msgs/share/joystick_msgs/environment/pythonpath.sh
-- Installing: /home/robotics/Robocon2025_R1/2025R1_ws/install/joystick_msgs/share/joystick_msgs/environment/pythonpath.dsv
-- Installing: /home/robotics/Robocon2025_R1/2025R1_ws/install/joystick_msgs/lib/python3.12/site-packages/joystick_msgs-0.0.1-py3.12.egg-info
-- Installing: /home/robotics/Robocon2025_R1/2025R1_ws/install/joystick_msgs/lib/python3.12/site-packages/joystick_msgs-0.0.1-py3.12.egg-info/dependency_links.txt
-- Installing: /home/robotics/Robocon2025_R1/2025R1_ws/install/joystick_msgs/lib/python3.12/site-packages/joystick_msgs-0.0.1-py3.12.egg-info/PKG-INFO
-- Installing: /home/robotics/Robocon2025_R1/2025R1_ws/install/joystick_msgs/lib/python3.12/site-packages/joystick_msgs-0.0.1-py3.12.egg-info/top_level.txt
-- Installing: /home/robotics/Robocon2025_R1/2025R1_ws/install/joystick_msgs/lib/python3.12/site-packages/joystick_msgs-0.0.1-py3.12.egg-info/SOURCES.txt
-- Installing: /home/robotics/Robocon2025_R1/2025R1_ws/install/joystick_msgs/lib/python3.12/site-packages/joystick_msgs
-- Installing: /home/robotics/Robocon2025_R1/2025R1_ws/install/joystick_msgs/lib/python3.12/site-packages/joystick_msgs/_joystick_msgs_s.ep.rosidl_typesupport_introspection_c.c
-- Installing: /home/robotics/Robocon2025_R1/2025R1_ws/install/joystick_msgs/lib/python3.12/site-packages/joystick_msgs/_joystick_msgs_s.ep.rosidl_typesupport_fastrtps_c.c
-- Installing: /home/robotics/Robocon2025_R1/2025R1_ws/install/joystick_msgs/lib/python3.12/site-packages/joystick_msgs/joystick_msgs_s__rosidl_typesupport_c.so
-- Installing: /home/robotics/Robocon2025_R1/2025R1_ws/install/joystick_msgs/lib/python3.12/site-packages/joystick_msgs/__init__.py
-- Installing: /home/robotics/Robocon2025_R1/2025R1_ws/install/joystick_msgs/lib/python3.12/site-packages/joystick_msgs/msg
-- Installing: /home/robotics/Robocon2025_R1/2025R1_ws/install/joystick_msgs/lib/python3.12/site-packages/joystick_msgs/msg/_joystick.py
-- Installing: /home/robotics/Robocon2025_R1/2025R1_ws/install/joystick_msgs/lib/python3.12/site-packages/joystick_msgs/msg/__init__.py
-- Installing: /home/robotics/Robocon2025_R1/2025R1_ws/install/joystick_msgs/lib/python3.12/site-packages/joystick_msgs/msg/_joystick_s.c
-- Installing: /home/robotics/Robocon2025_R1/2025R1_ws/install/joystick_msgs/lib/python3.12/site-packages/joystick_msgs/joystick_msgs_s__rosidl_typesupport_introspection_c.so
-- Installing: /home/robotics/Robocon2025_R1/2025R1_ws/install/joystick_msgs/lib/python3.12/site-packages/joystick_msgs/joystick_msgs_s__rosidl_typesupport_fastrtps_c.so
-- Installing: /home/robotics/Robocon2025_R1/2025R1_ws/install/joystick_msgs/lib/python3.12/site-packages/joystick_msgs/_joystick_msgs_s.ep.rosidl_typesupport_c.c
Listing '/home/robotics/Robocon2025_R1/2025R1_ws/install/joystick_msgs/lib/python3.12/site-packages/joystick_msgs'...
Compiling '/home/robotics/Robocon2025_R1/2025R1_ws/install/joystick_msgs/lib/python3.12/site-packages/joystick_msgs/__init__.py'...
Listing '/home/robotics/Robocon2025_R1/2025R1_ws/install/joystick_msgs/lib/python3.12/site-packages/joystick_msgs/msg'...
Compiling '/home/robotics/Robocon2025_R1/2025R1_ws/install/joystick_msgs/lib/python3.12/site-packages/joystick_msgs/msg/__init__.py'...
Compiling '/home/robotics/Robocon2025_R1/2025R1_ws/install/joystick_msgs/lib/python3.12/site-packages/joystick_msgs/msg/_joystick.py'...
-- Installing: /home/robotics/Robocon2025_R1/2025R1_ws/install/joystick_msgs/lib/python3.12/site-packages/joystick_msgs/joystick_msgs_s__rosidl_typesupport_fastrtps_c.so
-- Set non-toolchain portion of runtime path of "/home/robotics/Robocon2025_R1/2025R1_ws/install/joystick_msgs/lib/python3.12/site-packages/joystick_msgs/joystick_msgs_s__rosidl_typesupport_fastrtps_c.so" to ""
-- Installing: /home/robotics/Robocon2025_R1/2025R1_ws/install/joystick_msgs/lib/python3.12/site-packages/joystick_msgs/joystick_msgs_s__rosidl_typesupport_introspection_c.so
-- Set non-toolchain portion of runtime path of "/home/robotics/Robocon2025_R1/2025R1_ws/install/joystick_msgs/lib/python3.12/site-packages/joystick_msgs/joystick_msgs_s__rosidl_typesupport_introspection_c.so" to ""
-- Installing: /home/robotics/Robocon2025_R1/2025R1_ws/install/joystick_msgs/lib/python3.12/site-packages/joystick_msgs/joystick_msgs_s__rosidl_typesupport_c.so
-- Set non-toolchain portion of runtime path of "/home/robotics/Robocon2025_R1/2025R1_ws/install/joystick_msgs/lib/python3.12/site-packages/joystick_msgs/joystick_msgs_s__rosidl_typesupport_c.so" to ""
-- Installing: /home/robotics/Robocon2025_R1/2025R1_ws/install/joystick_msgs/lib/libjoystick_msgs__rosidl_generator_py.so
-- Set non-toolchain portion of runtime path of "/home/robotics/Robocon2025_R1/2025R1_ws/install/joystick_msgs/lib/libjoystick_msgs__rosidl_generator_py.so" to ""
-- Installing: /home/robotics/Robocon2025_R1/2025R1_ws/install/joystick_msgs/share/joystick_msgs/msg/Joystick.idl
-- Installing: /home/robotics/Robocon2025_R1/2025R1_ws/install/joystick_msgs/share/joystick_msgs/msg/Joystick.msg
-- Installing: /home/robotics/Robocon2025_R1/2025R1_ws/install/joystick_msgs/share/ament_index/resource_index/package_run_dependencies/joystick_msgs
-- Installing: /home/robotics/Robocon2025_R1/2025R1_ws/install/joystick_msgs/share/ament_index/resource_index/parent_prefix_path/joystick_msgs
-- Installing: /home/robotics/Robocon2025_R1/2025R1_ws/install/joystick_msgs/share/joystick_msgs/environment/ament_prefix_path.sh
-- Installing: /home/robotics/Robocon2025_R1/2025R1_ws/install/joystick_msgs/share/joystick_msgs/environment/ament_prefix_path.dsv
-- Installing: /home/robotics/Robocon2025_R1/2025R1_ws/install/joystick_msgs/share/joystick_msgs/environment/path.sh
-- Installing: /home/robotics/Robocon2025_R1/2025R1_ws/install/joystick_msgs/share/joystick_msgs/environment/path.dsv
-- Installing: /home/robotics/Robocon2025_R1/2025R1_ws/install/joystick_msgs/share/joystick_msgs/local_setup.bash
-- Installing: /home/robotics/Robocon2025_R1/2025R1_ws/install/joystick_msgs/share/joystick_msgs/local_setup.sh
-- Installing: /home/robotics/Robocon2025_R1/2025R1_ws/install/joystick_msgs/share/joystick_msgs/local_setup.zsh
-- Installing: /home/robotics/Robocon2025_R1/2025R1_ws/install/joystick_msgs/share/joystick_msgs/local_setup.dsv
-- Installing: /home/robotics/Robocon2025_R1/2025R1_ws/install/joystick_msgs/share/joystick_msgs/package.dsv
-- Installing: /home/robotics/Robocon2025_R1/2025R1_ws/install/joystick_msgs/share/ament_index/resource_index/packages/joystick_msgs
-- Installing: /home/robotics/Robocon2025_R1/2025R1_ws/install/joystick_msgs/share/joystick_msgs/cmake/export_joystick_msgs__rosidl_generator_cExport.cmake
-- Installing: /home/robotics/Robocon2025_R1/2025R1_ws/install/joystick_msgs/share/joystick_msgs/cmake/export_joystick_msgs__rosidl_generator_cExport-noconfig.cmake
-- Installing: /home/robotics/Robocon2025_R1/2025R1_ws/install/joystick_msgs/share/joystick_msgs/cmake/export_joystick_msgs__rosidl_typesupport_fastrtps_cExport.cmake
-- Installing: /home/robotics/Robocon2025_R1/2025R1_ws/install/joystick_msgs/share/joystick_msgs/cmake/export_joystick_msgs__rosidl_typesupport_fastrtps_cExport-noconfig.cmake
-- Installing: /home/robotics/Robocon2025_R1/2025R1_ws/install/joystick_msgs/share/joystick_msgs/cmake/joystick_msgs__rosidl_typesupport_introspection_cExport.cmake
-- Installing: /home/robotics/Robocon2025_R1/2025R1_ws/install/joystick_msgs/share/joystick_msgs/cmake/joystick_msgs__rosidl_typesupport_introspection_cExport-noconfig.cmake
-- Installing: /home/robotics/Robocon2025_R1/2025R1_ws/install/joystick_msgs/share/joystick_msgs/cmake/joystick_msgs__rosidl_typesupport_cExport.cmake
-- Installing: /home/robotics/Robocon2025_R1/2025R1_ws/install/joystick_msgs/share/joystick_msgs/cmake/joystick_msgs__rosidl_typesupport_cExport-noconfig.cmake
-- Installing: /home/robotics/Robocon2025_R1/2025R1_ws/install/joystick_msgs/share/joystick_msgs/cmake/export_joystick_msgs__rosidl_generator_cppExport.cmake
-- Installing: /home/robotics/Robocon2025_R1/2025R1_ws/install/joystick_msgs/share/joystick_msgs/cmake/export_joystick_msgs__rosidl_typesupport_fastrtps_cppExport.cmake
-- Installing: /home/robotics/Robocon2025_R1/2025R1_ws/install/joystick_msgs/share/joystick_msgs/cmake/export_joystick_msgs__rosidl_typesupport_fastrtps_cppExport-noconfig.cmake
-- Installing: /home/robotics/Robocon2025_R1/2025R1_ws/install/joystick_msgs/share/joystick_msgs/cmake/joystick_msgs__rosidl_typesupport_introspection_cppExport.cmake
-- Installing: /home/robotics/Robocon2025_R1/2025R1_ws/install/joystick_msgs/share/joystick_msgs/cmake/joystick_msgs__rosidl_typesupport_introspection_cppExport-noconfig.cmake
-- Installing: /home/robotics/Robocon2025_R1/2025R1_ws/install/joystick_msgs/share/joystick_msgs/cmake/joystick_msgs__rosidl_typesupport_cppExport.cmake
-- Installing: /home/robotics/Robocon2025_R1/2025R1_ws/install/joystick_msgs/share/joystick_msgs/cmake/joystick_msgs__rosidl_typesupport_cppExport-noconfig.cmake
-- Installing: /home/robotics/Robocon2025_R1/2025R1_ws/install/joystick_msgs/share/joystick_msgs/cmake/export_joystick_msgs__rosidl_generator_pyExport.cmake
-- Installing: /home/robotics/Robocon2025_R1/2025R1_ws/install/joystick_msgs/share/joystick_msgs/cmake/export_joystick_msgs__rosidl_generator_pyExport-noconfig.cmake
-- Installing: /home/robotics/Robocon2025_R1/2025R1_ws/install/joystick_msgs/share/joystick_msgs/cmake/rosidl_cmake-extras.cmake
-- Installing: /home/robotics/Robocon2025_R1/2025R1_ws/install/joystick_msgs/share/joystick_msgs/cmake/ament_cmake_export_include_directories-extras.cmake
-- Installing: /home/robotics/Robocon2025_R1/2025R1_ws/install/joystick_msgs/share/joystick_msgs/cmake/ament_cmake_export_libraries-extras.cmake
-- Installing: /home/robotics/Robocon2025_R1/2025R1_ws/install/joystick_msgs/share/joystick_msgs/cmake/ament_cmake_export_targets-extras.cmake
-- Installing: /home/robotics/Robocon2025_R1/2025R1_ws/install/joystick_msgs/share/joystick_msgs/cmake/rosidl_cmake_export_typesupport_targets-extras.cmake
-- Installing: /home/robotics/Robocon2025_R1/2025R1_ws/install/joystick_msgs/share/joystick_msgs/cmake/ament_cmake_export_dependencies-extras.cmake
-- Installing: /home/robotics/Robocon2025_R1/2025R1_ws/install/joystick_msgs/share/joystick_msgs/cmake/rosidl_cmake_export_typesupport_libraries-extras.cmake
-- Installing: /home/robotics/Robocon2025_R1/2025R1_ws/install/joystick_msgs/share/joystick_msgs/cmake/joystick_msgsConfig.cmake
-- Installing: /home/robotics/Robocon2025_R1/2025R1_ws/install/joystick_msgs/share/joystick_msgs/cmake/joystick_msgsConfig-version.cmake
-- Installing: /home/robotics/Robocon2025_R1/2025R1_ws/install/joystick_msgs/share/joystick_msgs/package.xml
