[2.596s] Invoking command in '/home/robotics/Robocon2025_R1/2025R1_ws/build/navigation': DEBUGINFOD_URLS=https://debuginfod.ubuntu.com PS1=(venv) PYTHONPATH=/home/robotics/Robocon2025_R1/2025R1_ws/build/navigation/prefix_override:/usr/lib/python3/dist-packages/colcon_core/task/python/colcon_distutils_commands:/home/robotics/Robocon2025_R1/2025R1_ws/install/navigation/lib/python3.12/site-packages:${PYTHONPATH} /usr/bin/python3 -W ignore:setup.py install is deprecated -W ignore:easy_install command is deprecated setup.py develop --editable --build-directory /home/robotics/Robocon2025_R1/2025R1_ws/build/navigation/build --no-deps symlink_data
[3.119s] running develop
[3.350s] /usr/lib/python3/dist-packages/setuptools/command/easy_install.py:363: UserWarning: Unbuilt egg for pytest-repeat [unknown version] (/usr/lib/python3/dist-packages)
[3.350s]   self.local_index = Environment(self.shadow_path + sys.path)
[3.402s] running egg_info
[3.428s] writing navigation.egg-info/PKG-INFO
[3.429s] writing dependency_links to navigation.egg-info/dependency_links.txt
[3.431s] writing entry points to navigation.egg-info/entry_points.txt
[3.431s] writing requirements to navigation.egg-info/requires.txt
[3.432s] writing top-level names to navigation.egg-info/top_level.txt
[3.490s] reading manifest file 'navigation.egg-info/SOURCES.txt'
[3.491s] writing manifest file 'navigation.egg-info/SOURCES.txt'
[3.522s] running build_ext
[3.522s] Creating /home/robotics/Robocon2025_R1/2025R1_ws/install/navigation/lib/python3.12/site-packages/navigation.egg-link (link to .)
[3.523s] Installing navigation_node script to /home/robotics/Robocon2025_R1/2025R1_ws/install/navigation/lib/navigation
[3.523s] Installing omni_wheel_speed_node script to /home/robotics/Robocon2025_R1/2025R1_ws/install/navigation/lib/navigation
[3.523s] 
[3.523s] Installed /home/robotics/Robocon2025_R1/2025R1_ws/build/navigation
[3.524s] running symlink_data
[3.524s] creating /home/robotics/Robocon2025_R1/2025R1_ws/install/navigation/share/ament_index
[3.524s] creating /home/robotics/Robocon2025_R1/2025R1_ws/install/navigation/share/ament_index/resource_index
[3.524s] creating /home/robotics/Robocon2025_R1/2025R1_ws/install/navigation/share/ament_index/resource_index/packages
[3.524s] symbolically linking /home/robotics/Robocon2025_R1/2025R1_ws/build/navigation/resource/navigation -> /home/robotics/Robocon2025_R1/2025R1_ws/install/navigation/share/ament_index/resource_index/packages
[3.524s] symbolically linking /home/robotics/Robocon2025_R1/2025R1_ws/build/navigation/package.xml -> /home/robotics/Robocon2025_R1/2025R1_ws/install/navigation/share/navigation
[3.683s] Invoked command in '/home/robotics/Robocon2025_R1/2025R1_ws/build/navigation' returned '0': DEBUGINFOD_URLS=https://debuginfod.ubuntu.com PS1=(venv) PYTHONPATH=/home/robotics/Robocon2025_R1/2025R1_ws/build/navigation/prefix_override:/usr/lib/python3/dist-packages/colcon_core/task/python/colcon_distutils_commands:/home/robotics/Robocon2025_R1/2025R1_ws/install/navigation/lib/python3.12/site-packages:${PYTHONPATH} /usr/bin/python3 -W ignore:setup.py install is deprecated -W ignore:easy_install command is deprecated setup.py develop --editable --build-directory /home/robotics/Robocon2025_R1/2025R1_ws/build/navigation/build --no-deps symlink_data
