running develop
Removing /home/robotics/Robocon2025_R1/2025R1_ws/install/ps4/lib/python3.12/site-packages/ps4.egg-link (link to .)
running egg_info
writing ../../build/ps4/ps4.egg-info/PKG-INFO
writing dependency_links to ../../build/ps4/ps4.egg-info/dependency_links.txt
writing entry points to ../../build/ps4/ps4.egg-info/entry_points.txt
writing requirements to ../../build/ps4/ps4.egg-info/requires.txt
writing top-level names to ../../build/ps4/ps4.egg-info/top_level.txt
reading manifest file '../../build/ps4/ps4.egg-info/SOURCES.txt'
writing manifest file '../../build/ps4/ps4.egg-info/SOURCES.txt'
running build
running build_py
copying ps4/ps4_subscriber.py -> /home/robotics/Robocon2025_R1/2025R1_ws/build/ps4/build/lib/ps4
copying ps4/ps4_publisher.py -> /home/robotics/Robocon2025_R1/2025R1_ws/build/ps4/build/lib/ps4
copying ps4/__init__.py -> /home/robotics/Robocon2025_R1/2025R1_ws/build/ps4/build/lib/ps4
running install
running install_lib
creating /home/robotics/Robocon2025_R1/2025R1_ws/install/ps4/lib/python3.12/site-packages/ps4
copying /home/robotics/Robocon2025_R1/2025R1_ws/build/ps4/build/lib/ps4/ps4_subscriber.py -> /home/robotics/Robocon2025_R1/2025R1_ws/install/ps4/lib/python3.12/site-packages/ps4
copying /home/robotics/Robocon2025_R1/2025R1_ws/build/ps4/build/lib/ps4/ps4_publisher.py -> /home/robotics/Robocon2025_R1/2025R1_ws/install/ps4/lib/python3.12/site-packages/ps4
copying /home/robotics/Robocon2025_R1/2025R1_ws/build/ps4/build/lib/ps4/__init__.py -> /home/robotics/Robocon2025_R1/2025R1_ws/install/ps4/lib/python3.12/site-packages/ps4
byte-compiling /home/robotics/Robocon2025_R1/2025R1_ws/install/ps4/lib/python3.12/site-packages/ps4/ps4_subscriber.py to ps4_subscriber.cpython-312.pyc
byte-compiling /home/robotics/Robocon2025_R1/2025R1_ws/install/ps4/lib/python3.12/site-packages/ps4/ps4_publisher.py to ps4_publisher.cpython-312.pyc
byte-compiling /home/robotics/Robocon2025_R1/2025R1_ws/install/ps4/lib/python3.12/site-packages/ps4/__init__.py to __init__.cpython-312.pyc
running install_data
copying resource/ps4 -> /home/robotics/Robocon2025_R1/2025R1_ws/install/ps4/share/ament_index/resource_index/packages
copying package.xml -> /home/robotics/Robocon2025_R1/2025R1_ws/install/ps4/share/ps4
running install_egg_info
Copying ../../build/ps4/ps4.egg-info to /home/robotics/Robocon2025_R1/2025R1_ws/install/ps4/lib/python3.12/site-packages/ps4-0.0.0-py3.12.egg-info
running install_scripts
Installing ps4_publisher script to /home/robotics/Robocon2025_R1/2025R1_ws/install/ps4/lib/ps4
Installing ps4_subscriber script to /home/robotics/Robocon2025_R1/2025R1_ws/install/ps4/lib/ps4
writing list of installed files to '/home/robotics/Robocon2025_R1/2025R1_ws/build/ps4/install.log'
