[7.726s] Invoking command in '/home/robotics/Robocon2025_R1/2025R1_ws/build/ps4': DEBUGINFOD_URLS=https://debuginfod.ubuntu.com PS1=(venv) PYTHONPATH=/home/robotics/Robocon2025_R1/2025R1_ws/build/ps4/prefix_override:/usr/lib/python3/dist-packages/colcon_core/task/python/colcon_distutils_commands:/home/robotics/Robocon2025_R1/2025R1_ws/install/ps4/lib/python3.12/site-packages:${PYTHONPATH} VIRTUAL_ENV_PROMPT=(venv) /usr/bin/python3 -W ignore:setup.py install is deprecated -W ignore:easy_install command is deprecated setup.py develop --editable --build-directory /home/robotics/Robocon2025_R1/2025R1_ws/build/ps4/build --no-deps symlink_data
[8.835s] running develop
[9.330s] /usr/lib/python3/dist-packages/setuptools/command/easy_install.py:363: UserWarning: Unbuilt egg for pytest-repeat [unknown version] (/usr/lib/python3/dist-packages)
[9.330s]   self.local_index = Environment(self.shadow_path + sys.path)
[9.490s] running egg_info
[9.519s] writing ps4.egg-info/PKG-INFO
[9.519s] writing dependency_links to ps4.egg-info/dependency_links.txt
[9.520s] writing entry points to ps4.egg-info/entry_points.txt
[9.521s] writing requirements to ps4.egg-info/requires.txt
[9.521s] writing top-level names to ps4.egg-info/top_level.txt
[9.598s] reading manifest file 'ps4.egg-info/SOURCES.txt'
[9.599s] writing manifest file 'ps4.egg-info/SOURCES.txt'
[9.627s] running build_ext
[9.627s] Creating /home/robotics/Robocon2025_R1/2025R1_ws/install/ps4/lib/python3.12/site-packages/ps4.egg-link (link to .)
[9.628s] Installing ps4_publisher script to /home/robotics/Robocon2025_R1/2025R1_ws/install/ps4/lib/ps4
[9.628s] Installing ps4_subscriber script to /home/robotics/Robocon2025_R1/2025R1_ws/install/ps4/lib/ps4
[9.629s] 
[9.629s] Installed /home/robotics/Robocon2025_R1/2025R1_ws/build/ps4
[9.629s] running symlink_data
[9.764s] Invoked command in '/home/robotics/Robocon2025_R1/2025R1_ws/build/ps4' returned '0': DEBUGINFOD_URLS=https://debuginfod.ubuntu.com PS1=(venv) PYTHONPATH=/home/robotics/Robocon2025_R1/2025R1_ws/build/ps4/prefix_override:/usr/lib/python3/dist-packages/colcon_core/task/python/colcon_distutils_commands:/home/robotics/Robocon2025_R1/2025R1_ws/install/ps4/lib/python3.12/site-packages:${PYTHONPATH} VIRTUAL_ENV_PROMPT=(venv) /usr/bin/python3 -W ignore:setup.py install is deprecated -W ignore:easy_install command is deprecated setup.py develop --editable --build-directory /home/robotics/Robocon2025_R1/2025R1_ws/build/ps4/build --no-deps symlink_data
