[2.824s] Invoking command in '/home/robotics/Robocon2025_R1/2025R1_ws/build/data_monitor': DEBUGINFOD_URLS=https://debuginfod.ubuntu.com PYTHONPATH=/home/robotics/Robocon2025_R1/2025R1_ws/build/data_monitor/prefix_override:/usr/lib/python3/dist-packages/colcon_core/task/python/colcon_distutils_commands:/home/robotics/Robocon2025_R1/2025R1_ws/install/data_monitor/lib/python3.12/site-packages:${PYTHONPATH} /usr/bin/python3 -W ignore:setup.py install is deprecated -W ignore:easy_install command is deprecated setup.py develop --editable --build-directory /home/robotics/Robocon2025_R1/2025R1_ws/build/data_monitor/build --no-deps symlink_data
[3.650s] running develop
[3.974s] /usr/lib/python3/dist-packages/setuptools/command/easy_install.py:363: UserWarning: Unbuilt egg for pytest-repeat [unknown version] (/usr/lib/python3/dist-packages)
[3.974s]   self.local_index = Environment(self.shadow_path + sys.path)
[4.058s] running egg_info
[4.059s] creating data_monitor.egg-info
[4.086s] writing data_monitor.egg-info/PKG-INFO
[4.146s] writing dependency_links to data_monitor.egg-info/dependency_links.txt
[4.163s] writing entry points to data_monitor.egg-info/entry_points.txt
[4.163s] writing requirements to data_monitor.egg-info/requires.txt
[4.163s] writing top-level names to data_monitor.egg-info/top_level.txt
[4.163s] writing manifest file 'data_monitor.egg-info/SOURCES.txt'
[4.232s] reading manifest file 'data_monitor.egg-info/SOURCES.txt'
[4.232s] writing manifest file 'data_monitor.egg-info/SOURCES.txt'
[4.263s] running build_ext
[4.263s] Creating /home/robotics/Robocon2025_R1/2025R1_ws/install/data_monitor/lib/python3.12/site-packages/data-monitor.egg-link (link to .)
[4.265s] Installing data_sender script to /home/robotics/Robocon2025_R1/2025R1_ws/install/data_monitor/lib/data_monitor
[4.265s] 
[4.265s] Installed /home/robotics/Robocon2025_R1/2025R1_ws/build/data_monitor
[4.265s] running symlink_data
[4.265s] creating /home/robotics/Robocon2025_R1/2025R1_ws/install/data_monitor/share/ament_index
[4.266s] creating /home/robotics/Robocon2025_R1/2025R1_ws/install/data_monitor/share/ament_index/resource_index
[4.266s] creating /home/robotics/Robocon2025_R1/2025R1_ws/install/data_monitor/share/ament_index/resource_index/packages
[4.268s] symbolically linking /home/robotics/Robocon2025_R1/2025R1_ws/build/data_monitor/resource/data_monitor -> /home/robotics/Robocon2025_R1/2025R1_ws/install/data_monitor/share/ament_index/resource_index/packages
[4.268s] symbolically linking /home/robotics/Robocon2025_R1/2025R1_ws/build/data_monitor/package.xml -> /home/robotics/Robocon2025_R1/2025R1_ws/install/data_monitor/share/data_monitor
[4.437s] Invoked command in '/home/robotics/Robocon2025_R1/2025R1_ws/build/data_monitor' returned '0': DEBUGINFOD_URLS=https://debuginfod.ubuntu.com PYTHONPATH=/home/robotics/Robocon2025_R1/2025R1_ws/build/data_monitor/prefix_override:/usr/lib/python3/dist-packages/colcon_core/task/python/colcon_distutils_commands:/home/robotics/Robocon2025_R1/2025R1_ws/install/data_monitor/lib/python3.12/site-packages:${PYTHONPATH} /usr/bin/python3 -W ignore:setup.py install is deprecated -W ignore:easy_install command is deprecated setup.py develop --editable --build-directory /home/robotics/Robocon2025_R1/2025R1_ws/build/data_monitor/build --no-deps symlink_data
