[2.929s] Invoking command in '/home/robotics/Robocon2025_R1/2025R1_ws/build/active_caster': DEBUGINFOD_URLS=https://debuginfod.ubuntu.com PYTHONPATH=/home/robotics/Robocon2025_R1/2025R1_ws/build/active_caster/prefix_override:/usr/lib/python3/dist-packages/colcon_core/task/python/colcon_distutils_commands:/home/robotics/Robocon2025_R1/2025R1_ws/install/active_caster/lib/python3.12/site-packages:${PYTHONPATH} /usr/bin/python3 -W ignore:setup.py install is deprecated -W ignore:easy_install command is deprecated setup.py develop --editable --build-directory /home/robotics/Robocon2025_R1/2025R1_ws/build/active_caster/build --no-deps symlink_data
[3.785s] running develop
[4.169s] /usr/lib/python3/dist-packages/setuptools/command/easy_install.py:363: UserWarning: Unbuilt egg for pytest-repeat [unknown version] (/usr/lib/python3/dist-packages)
[4.169s]   self.local_index = Environment(self.shadow_path + sys.path)
[4.177s] running egg_info
[4.177s] creating active_caster.egg-info
[4.208s] writing active_caster.egg-info/PKG-INFO
[4.208s] writing dependency_links to active_caster.egg-info/dependency_links.txt
[4.209s] writing entry points to active_caster.egg-info/entry_points.txt
[4.209s] writing requirements to active_caster.egg-info/requires.txt
[4.214s] writing top-level names to active_caster.egg-info/top_level.txt
[4.214s] writing manifest file 'active_caster.egg-info/SOURCES.txt'
[4.285s] reading manifest file 'active_caster.egg-info/SOURCES.txt'
[4.286s] writing manifest file 'active_caster.egg-info/SOURCES.txt'
[4.348s] running build_ext
[4.349s] Creating /home/robotics/Robocon2025_R1/2025R1_ws/install/active_caster/lib/python3.12/site-packages/active-caster.egg-link (link to .)
[4.351s] Installing damiao_node script to /home/robotics/Robocon2025_R1/2025R1_ws/install/active_caster/lib/active_caster
[4.351s] Installing vesc_node script to /home/robotics/Robocon2025_R1/2025R1_ws/install/active_caster/lib/active_caster
[4.353s] 
[4.353s] Installed /home/robotics/Robocon2025_R1/2025R1_ws/build/active_caster
[4.353s] running symlink_data
[4.354s] creating /home/robotics/Robocon2025_R1/2025R1_ws/install/active_caster/share/ament_index
[4.354s] creating /home/robotics/Robocon2025_R1/2025R1_ws/install/active_caster/share/ament_index/resource_index
[4.354s] creating /home/robotics/Robocon2025_R1/2025R1_ws/install/active_caster/share/ament_index/resource_index/packages
[4.354s] symbolically linking /home/robotics/Robocon2025_R1/2025R1_ws/build/active_caster/resource/active_caster -> /home/robotics/Robocon2025_R1/2025R1_ws/install/active_caster/share/ament_index/resource_index/packages
[4.355s] symbolically linking /home/robotics/Robocon2025_R1/2025R1_ws/build/active_caster/package.xml -> /home/robotics/Robocon2025_R1/2025R1_ws/install/active_caster/share/active_caster
[4.552s] Invoked command in '/home/robotics/Robocon2025_R1/2025R1_ws/build/active_caster' returned '0': DEBUGINFOD_URLS=https://debuginfod.ubuntu.com PYTHONPATH=/home/robotics/Robocon2025_R1/2025R1_ws/build/active_caster/prefix_override:/usr/lib/python3/dist-packages/colcon_core/task/python/colcon_distutils_commands:/home/robotics/Robocon2025_R1/2025R1_ws/install/active_caster/lib/python3.12/site-packages:${PYTHONPATH} /usr/bin/python3 -W ignore:setup.py install is deprecated -W ignore:easy_install command is deprecated setup.py develop --editable --build-directory /home/robotics/Robocon2025_R1/2025R1_ws/build/active_caster/build --no-deps symlink_data
