[1.982s] Invoking command in '/home/robotics/Robocon2025_R1/2025R1_ws/build/ps4': DEBUGINFOD_URLS=https://debuginfod.ubuntu.com PS1=(venv) PYTHONPATH=/home/robotics/Robocon2025_R1/2025R1_ws/build/ps4/prefix_override:/usr/lib/python3/dist-packages/colcon_core/task/python/colcon_distutils_commands:/home/robotics/Robocon2025_R1/2025R1_ws/install/ps4/lib/python3.12/site-packages:${PYTHONPATH} /usr/bin/python3 -W ignore:setup.py install is deprecated -W ignore:easy_install command is deprecated setup.py develop --editable --build-directory /home/robotics/Robocon2025_R1/2025R1_ws/build/ps4/build --no-deps symlink_data
[2.475s] running develop
[2.702s] /usr/lib/python3/dist-packages/setuptools/command/easy_install.py:363: UserWarning: Unbuilt egg for pytest-repeat [unknown version] (/usr/lib/python3/dist-packages)
[2.702s]   self.local_index = Environment(self.shadow_path + sys.path)
[2.751s] running egg_info
[2.777s] writing ps4.egg-info/PKG-INFO
[2.778s] writing dependency_links to ps4.egg-info/dependency_links.txt
[2.779s] writing entry points to ps4.egg-info/entry_points.txt
[2.779s] writing requirements to ps4.egg-info/requires.txt
[2.780s] writing top-level names to ps4.egg-info/top_level.txt
[2.845s] reading manifest file 'ps4.egg-info/SOURCES.txt'
[2.847s] writing manifest file 'ps4.egg-info/SOURCES.txt'
[2.893s] running build_ext
[2.893s] Creating /home/robotics/Robocon2025_R1/2025R1_ws/install/ps4/lib/python3.12/site-packages/ps4.egg-link (link to .)
[2.895s] Installing ps4_publisher script to /home/robotics/Robocon2025_R1/2025R1_ws/install/ps4/lib/ps4
[2.896s] Installing ps4_subscriber script to /home/robotics/Robocon2025_R1/2025R1_ws/install/ps4/lib/ps4
[2.897s] 
[2.897s] Installed /home/robotics/Robocon2025_R1/2025R1_ws/build/ps4
[2.897s] running symlink_data
[3.027s] Invoked command in '/home/robotics/Robocon2025_R1/2025R1_ws/build/ps4' returned '0': DEBUGINFOD_URLS=https://debuginfod.ubuntu.com PS1=(venv) PYTHONPATH=/home/robotics/Robocon2025_R1/2025R1_ws/build/ps4/prefix_override:/usr/lib/python3/dist-packages/colcon_core/task/python/colcon_distutils_commands:/home/robotics/Robocon2025_R1/2025R1_ws/install/ps4/lib/python3.12/site-packages:${PYTHONPATH} /usr/bin/python3 -W ignore:setup.py install is deprecated -W ignore:easy_install command is deprecated setup.py develop --editable --build-directory /home/robotics/Robocon2025_R1/2025R1_ws/build/ps4/build --no-deps symlink_data
