[0.136s] Invoking command in '/home/robotics/Robocon2025_R1/2025R1_ws/build/joystick_msgs': CMAKE_PREFIX_PATH=${CMAKE_PREFIX_PATH}:/home/robotics/Robocon2025_R1/2025R1_ws/install/ps4:/home/robotics/Robocon2025_R1/2025R1_ws/install/navigation:/home/robotics/Robocon2025_R1/2025R1_ws/install/joystick_driver:/home/robotics/Robocon2025_R1/2025R1_ws/install/data_monitor:/home/robotics/Robocon2025_R1/2025R1_ws/install/damiao:/home/robotics/Robocon2025_R1/2025R1_ws/install/active_caster:/opt/ros/jazzy DEBUGINFOD_URLS=https://debuginfod.ubuntu.com PS1=(venv) VIRTUAL_ENV_PROMPT=(venv) /usr/bin/cmake --build /home/robotics/Robocon2025_R1/2025R1_ws/build/joystick_msgs -- -j4 -l4
[1.680s] Invoked command in '/home/robotics/Robocon2025_R1/2025R1_ws/build/joystick_msgs' returned '0': CMAKE_PREFIX_PATH=${CMAKE_PREFIX_PATH}:/home/robotics/Robocon2025_R1/2025R1_ws/install/ps4:/home/robotics/Robocon2025_R1/2025R1_ws/install/navigation:/home/robotics/Robocon2025_R1/2025R1_ws/install/joystick_driver:/home/robotics/Robocon2025_R1/2025R1_ws/install/data_monitor:/home/robotics/Robocon2025_R1/2025R1_ws/install/damiao:/home/robotics/Robocon2025_R1/2025R1_ws/install/active_caster:/opt/ros/jazzy DEBUGINFOD_URLS=https://debuginfod.ubuntu.com PS1=(venv) VIRTUAL_ENV_PROMPT=(venv) /usr/bin/cmake --build /home/robotics/Robocon2025_R1/2025R1_ws/build/joystick_msgs -- -j4 -l4
[1.724s] Invoking command in '/home/robotics/Robocon2025_R1/2025R1_ws/build/joystick_msgs': CMAKE_PREFIX_PATH=${CMAKE_PREFIX_PATH}:/home/robotics/Robocon2025_R1/2025R1_ws/install/ps4:/home/robotics/Robocon2025_R1/2025R1_ws/install/navigation:/home/robotics/Robocon2025_R1/2025R1_ws/install/joystick_driver:/home/robotics/Robocon2025_R1/2025R1_ws/install/data_monitor:/home/robotics/Robocon2025_R1/2025R1_ws/install/damiao:/home/robotics/Robocon2025_R1/2025R1_ws/install/active_caster:/opt/ros/jazzy DEBUGINFOD_URLS=https://debuginfod.ubuntu.com PS1=(venv) VIRTUAL_ENV_PROMPT=(venv) /usr/bin/cmake --install /home/robotics/Robocon2025_R1/2025R1_ws/build/joystick_msgs
[1.773s] -- Install configuration: ""
[1.782s] -- Execute custom install script
[1.782s] -- Up-to-date symlink: /home/robotics/Robocon2025_R1/2025R1_ws/install/joystick_msgs/share/ament_index/resource_index/package_run_dependencies/joystick_msgs
[1.786s] -- Up-to-date symlink: /home/robotics/Robocon2025_R1/2025R1_ws/install/joystick_msgs/share/ament_index/resource_index/parent_prefix_path/joystick_msgs
[1.788s] -- Up-to-date symlink: /home/robotics/Robocon2025_R1/2025R1_ws/install/joystick_msgs/share/joystick_msgs/environment/ament_prefix_path.sh
[1.790s] -- Up-to-date symlink: /home/robotics/Robocon2025_R1/2025R1_ws/install/joystick_msgs/share/joystick_msgs/environment/ament_prefix_path.dsv
[1.792s] -- Up-to-date symlink: /home/robotics/Robocon2025_R1/2025R1_ws/install/joystick_msgs/share/joystick_msgs/environment/path.sh
[1.795s] -- Up-to-date symlink: /home/robotics/Robocon2025_R1/2025R1_ws/install/joystick_msgs/share/joystick_msgs/environment/path.dsv
[1.795s] -- Up-to-date symlink: /home/robotics/Robocon2025_R1/2025R1_ws/install/joystick_msgs/share/joystick_msgs/local_setup.bash
[1.799s] -- Up-to-date symlink: /home/robotics/Robocon2025_R1/2025R1_ws/install/joystick_msgs/share/joystick_msgs/local_setup.sh
[1.800s] -- Up-to-date symlink: /home/robotics/Robocon2025_R1/2025R1_ws/install/joystick_msgs/share/joystick_msgs/local_setup.zsh
[1.811s] -- Up-to-date symlink: /home/robotics/Robocon2025_R1/2025R1_ws/install/joystick_msgs/share/joystick_msgs/local_setup.dsv
[1.823s] -- Symlinking: /home/robotics/Robocon2025_R1/2025R1_ws/install/joystick_msgs/share/joystick_msgs/package.dsv
[1.879s] -- Up-to-date symlink: /home/robotics/Robocon2025_R1/2025R1_ws/install/joystick_msgs/share/ament_index/resource_index/packages/joystick_msgs
[1.880s] -- Up-to-date symlink: /home/robotics/Robocon2025_R1/2025R1_ws/install/joystick_msgs/share/joystick_msgs/cmake/joystick_msgsConfig.cmake
[1.885s] -- Up-to-date symlink: /home/robotics/Robocon2025_R1/2025R1_ws/install/joystick_msgs/share/joystick_msgs/cmake/joystick_msgsConfig-version.cmake
[1.886s] -- Up-to-date symlink: /home/robotics/Robocon2025_R1/2025R1_ws/install/joystick_msgs/share/joystick_msgs/package.xml
[1.891s] Invoked command in '/home/robotics/Robocon2025_R1/2025R1_ws/build/joystick_msgs' returned '0': CMAKE_PREFIX_PATH=${CMAKE_PREFIX_PATH}:/home/robotics/Robocon2025_R1/2025R1_ws/install/ps4:/home/robotics/Robocon2025_R1/2025R1_ws/install/navigation:/home/robotics/Robocon2025_R1/2025R1_ws/install/joystick_driver:/home/robotics/Robocon2025_R1/2025R1_ws/install/data_monitor:/home/robotics/Robocon2025_R1/2025R1_ws/install/damiao:/home/robotics/Robocon2025_R1/2025R1_ws/install/active_caster:/opt/ros/jazzy DEBUGINFOD_URLS=https://debuginfod.ubuntu.com PS1=(venv) VIRTUAL_ENV_PROMPT=(venv) /usr/bin/cmake --install /home/robotics/Robocon2025_R1/2025R1_ws/build/joystick_msgs
