[0.150s] Invoking command in '/home/robotics/Robocon2025_R1/2025R1_ws/build/joystick_msgs': CMAKE_PREFIX_PATH=${CMAKE_PREFIX_PATH}:/home/robotics/Robocon2025_R1/2025R1_ws/install/ps4:/home/robotics/Robocon2025_R1/2025R1_ws/install/navigation:/home/robotics/Robocon2025_R1/2025R1_ws/install/joystick_driver:/home/robotics/Robocon2025_R1/2025R1_ws/install/data_monitor:/home/robotics/Robocon2025_R1/2025R1_ws/install/damiao:/home/robotics/Robocon2025_R1/2025R1_ws/install/active_caster:/opt/ros/jazzy DEBUGINFOD_URLS=https://debuginfod.ubuntu.com PS1=(venv) VIRTUAL_ENV_PROMPT=(venv) /usr/bin/cmake --build /home/robotics/Robocon2025_R1/2025R1_ws/build/joystick_msgs -- -j4 -l4
[2.102s] Invoked command in '/home/robotics/Robocon2025_R1/2025R1_ws/build/joystick_msgs' returned '0': CMAKE_PREFIX_PATH=${CMAKE_PREFIX_PATH}:/home/robotics/Robocon2025_R1/2025R1_ws/install/ps4:/home/robotics/Robocon2025_R1/2025R1_ws/install/navigation:/home/robotics/Robocon2025_R1/2025R1_ws/install/joystick_driver:/home/robotics/Robocon2025_R1/2025R1_ws/install/data_monitor:/home/robotics/Robocon2025_R1/2025R1_ws/install/damiao:/home/robotics/Robocon2025_R1/2025R1_ws/install/active_caster:/opt/ros/jazzy DEBUGINFOD_URLS=https://debuginfod.ubuntu.com PS1=(venv) VIRTUAL_ENV_PROMPT=(venv) /usr/bin/cmake --build /home/robotics/Robocon2025_R1/2025R1_ws/build/joystick_msgs -- -j4 -l4
[2.170s] Invoking command in '/home/robotics/Robocon2025_R1/2025R1_ws/build/joystick_msgs': CMAKE_PREFIX_PATH=${CMAKE_PREFIX_PATH}:/home/robotics/Robocon2025_R1/2025R1_ws/install/ps4:/home/robotics/Robocon2025_R1/2025R1_ws/install/navigation:/home/robotics/Robocon2025_R1/2025R1_ws/install/joystick_driver:/home/robotics/Robocon2025_R1/2025R1_ws/install/data_monitor:/home/robotics/Robocon2025_R1/2025R1_ws/install/damiao:/home/robotics/Robocon2025_R1/2025R1_ws/install/active_caster:/opt/ros/jazzy DEBUGINFOD_URLS=https://debuginfod.ubuntu.com PS1=(venv) VIRTUAL_ENV_PROMPT=(venv) /usr/bin/cmake --install /home/robotics/Robocon2025_R1/2025R1_ws/build/joystick_msgs
[2.189s] -- Install configuration: ""
[2.201s] -- Execute custom install script
[2.203s] -- Up-to-date symlink: /home/robotics/Robocon2025_R1/2025R1_ws/install/joystick_msgs/share/ament_index/resource_index/package_run_dependencies/joystick_msgs
[2.209s] -- Up-to-date symlink: /home/robotics/Robocon2025_R1/2025R1_ws/install/joystick_msgs/share/ament_index/resource_index/parent_prefix_path/joystick_msgs
[2.210s] -- Up-to-date symlink: /home/robotics/Robocon2025_R1/2025R1_ws/install/joystick_msgs/share/joystick_msgs/environment/ament_prefix_path.sh
[2.216s] -- Up-to-date symlink: /home/robotics/Robocon2025_R1/2025R1_ws/install/joystick_msgs/share/joystick_msgs/environment/ament_prefix_path.dsv
[2.222s] -- Up-to-date symlink: /home/robotics/Robocon2025_R1/2025R1_ws/install/joystick_msgs/share/joystick_msgs/environment/path.sh
[2.223s] -- Up-to-date symlink: /home/robotics/Robocon2025_R1/2025R1_ws/install/joystick_msgs/share/joystick_msgs/environment/path.dsv
[2.229s] -- Up-to-date symlink: /home/robotics/Robocon2025_R1/2025R1_ws/install/joystick_msgs/share/joystick_msgs/local_setup.bash
[2.232s] -- Up-to-date symlink: /home/robotics/Robocon2025_R1/2025R1_ws/install/joystick_msgs/share/joystick_msgs/local_setup.sh
[2.239s] -- Up-to-date symlink: /home/robotics/Robocon2025_R1/2025R1_ws/install/joystick_msgs/share/joystick_msgs/local_setup.zsh
[2.239s] -- Up-to-date symlink: /home/robotics/Robocon2025_R1/2025R1_ws/install/joystick_msgs/share/joystick_msgs/local_setup.dsv
[2.239s] -- Symlinking: /home/robotics/Robocon2025_R1/2025R1_ws/install/joystick_msgs/share/joystick_msgs/package.dsv
[2.290s] -- Up-to-date symlink: /home/robotics/Robocon2025_R1/2025R1_ws/install/joystick_msgs/share/ament_index/resource_index/packages/joystick_msgs
[2.291s] -- Up-to-date symlink: /home/robotics/Robocon2025_R1/2025R1_ws/install/joystick_msgs/share/joystick_msgs/cmake/joystick_msgsConfig.cmake
[2.292s] -- Up-to-date symlink: /home/robotics/Robocon2025_R1/2025R1_ws/install/joystick_msgs/share/joystick_msgs/cmake/joystick_msgsConfig-version.cmake
[2.293s] -- Up-to-date symlink: /home/robotics/Robocon2025_R1/2025R1_ws/install/joystick_msgs/share/joystick_msgs/package.xml
[2.301s] Invoked command in '/home/robotics/Robocon2025_R1/2025R1_ws/build/joystick_msgs' returned '0': CMAKE_PREFIX_PATH=${CMAKE_PREFIX_PATH}:/home/robotics/Robocon2025_R1/2025R1_ws/install/ps4:/home/robotics/Robocon2025_R1/2025R1_ws/install/navigation:/home/robotics/Robocon2025_R1/2025R1_ws/install/joystick_driver:/home/robotics/Robocon2025_R1/2025R1_ws/install/data_monitor:/home/robotics/Robocon2025_R1/2025R1_ws/install/damiao:/home/robotics/Robocon2025_R1/2025R1_ws/install/active_caster:/opt/ros/jazzy DEBUGINFOD_URLS=https://debuginfod.ubuntu.com PS1=(venv) VIRTUAL_ENV_PROMPT=(venv) /usr/bin/cmake --install /home/robotics/Robocon2025_R1/2025R1_ws/build/joystick_msgs
