[2.776s] Invoking command in '/home/robotics/Robocon2025_R1/2025R1_ws/build/data_monitor': DEBUGINFOD_URLS=https://debuginfod.ubuntu.com PYTHONPATH=/home/robotics/Robocon2025_R1/2025R1_ws/build/data_monitor/prefix_override:/usr/lib/python3/dist-packages/colcon_core/task/python/colcon_distutils_commands:/home/robotics/Robocon2025_R1/2025R1_ws/install/data_monitor/lib/python3.12/site-packages:${PYTHONPATH} /usr/bin/python3 -W ignore:setup.py install is deprecated -W ignore:easy_install command is deprecated setup.py develop --editable --build-directory /home/robotics/Robocon2025_R1/2025R1_ws/build/data_monitor/build --no-deps symlink_data --force
[3.491s] running develop
[3.817s] /usr/lib/python3/dist-packages/setuptools/command/easy_install.py:363: UserWarning: Unbuilt egg for pytest-repeat [unknown version] (/usr/lib/python3/dist-packages)
[3.817s]   self.local_index = Environment(self.shadow_path + sys.path)
[3.877s] running egg_info
[3.917s] writing data_monitor.egg-info/PKG-INFO
[3.917s] writing dependency_links to data_monitor.egg-info/dependency_links.txt
[3.918s] writing entry points to data_monitor.egg-info/entry_points.txt
[3.924s] writing requirements to data_monitor.egg-info/requires.txt
[3.930s] writing top-level names to data_monitor.egg-info/top_level.txt
[3.997s] reading manifest file 'data_monitor.egg-info/SOURCES.txt'
[4.000s] writing manifest file 'data_monitor.egg-info/SOURCES.txt'
[4.050s] running build_ext
[4.051s] Creating /home/robotics/Robocon2025_R1/2025R1_ws/install/data_monitor/lib/python3.12/site-packages/data-monitor.egg-link (link to .)
[4.052s] Installing data_sender script to /home/robotics/Robocon2025_R1/2025R1_ws/install/data_monitor/lib/data_monitor
[4.053s] 
[4.054s] Installed /home/robotics/Robocon2025_R1/2025R1_ws/build/data_monitor
[4.055s] running symlink_data
[4.056s] symbolically linking /home/robotics/Robocon2025_R1/2025R1_ws/build/data_monitor/resource/data_monitor -> /home/robotics/Robocon2025_R1/2025R1_ws/install/data_monitor/share/ament_index/resource_index/packages
[4.056s] symbolically linking /home/robotics/Robocon2025_R1/2025R1_ws/build/data_monitor/package.xml -> /home/robotics/Robocon2025_R1/2025R1_ws/install/data_monitor/share/data_monitor
[4.236s] Invoked command in '/home/robotics/Robocon2025_R1/2025R1_ws/build/data_monitor' returned '0': DEBUGINFOD_URLS=https://debuginfod.ubuntu.com PYTHONPATH=/home/robotics/Robocon2025_R1/2025R1_ws/build/data_monitor/prefix_override:/usr/lib/python3/dist-packages/colcon_core/task/python/colcon_distutils_commands:/home/robotics/Robocon2025_R1/2025R1_ws/install/data_monitor/lib/python3.12/site-packages:${PYTHONPATH} /usr/bin/python3 -W ignore:setup.py install is deprecated -W ignore:easy_install command is deprecated setup.py develop --editable --build-directory /home/robotics/Robocon2025_R1/2025R1_ws/build/data_monitor/build --no-deps symlink_data --force
