[0.163s] DEBUG:colcon:Command line arguments: ['/usr/bin/colcon', 'build', '--symlink-install']
[0.164s] DEBUG:colcon:Parsed command line arguments: Namespace(log_base=None, log_level=None, verb_name='build', build_base='build', install_base='install', merge_install=False, symlink_install=True, test_result_base=None, continue_on_error=False, executor='parallel', parallel_workers=4, event_handlers=None, ignore_user_meta=False, metas=['./colcon.meta'], base_paths=['.'], packages_ignore=None, packages_ignore_regex=None, paths=None, packages_up_to=None, packages_up_to_regex=None, packages_above=None, packages_above_and_dependencies=None, packages_above_depth=None, packages_select_by_dep=None, packages_skip_by_dep=None, packages_skip_up_to=None, packages_select_build_failed=False, packages_skip_build_finished=False, packages_select_test_failures=False, packages_skip_test_passed=False, packages_select=None, packages_skip=None, packages_select_regex=None, packages_skip_regex=None, packages_start=None, packages_end=None, allow_overriding=[], cmake_args=None, cmake_target=None, cmake_target_skip_unavailable=False, cmake_clean_cache=False, cmake_clean_first=False, cmake_force_configure=False, ament_cmake_args=None, catkin_cmake_args=None, catkin_skip_building_tests=False, mixin_files=None, mixin=None, verb_parser=<colcon_mixin.mixin.mixin_argument.MixinArgumentDecorator object at 0xffffb04066c0>, verb_extension=<colcon_core.verb.build.BuildVerb object at 0xffffb05c2e10>, main=<bound method BuildVerb.main of <colcon_core.verb.build.BuildVerb object at 0xffffb05c2e10>>, mixin_verb=('build',))
[0.232s] Level 1:colcon.colcon_core.package_discovery:discover_packages(colcon_meta) check parameters
[0.232s] Level 1:colcon.colcon_core.package_discovery:discover_packages(recursive) check parameters
[0.232s] Level 1:colcon.colcon_core.package_discovery:discover_packages(ignore) check parameters
[0.232s] Level 1:colcon.colcon_core.package_discovery:discover_packages(path) check parameters
[0.232s] Level 1:colcon.colcon_core.package_discovery:discover_packages(colcon_meta) discover
[0.232s] Level 1:colcon.colcon_core.package_discovery:discover_packages(recursive) discover
[0.232s] INFO:colcon.colcon_core.package_discovery:Crawling recursively for packages in '/home/robotics/Robocon2025_R1/2025R1_ws'
[0.232s] Level 1:colcon.colcon_core.package_identification:_identify(.) by extensions ['ignore', 'ignore_ament_install']
[0.232s] Level 1:colcon.colcon_core.package_identification:_identify(.) by extension 'ignore'
[0.233s] Level 1:colcon.colcon_core.package_identification:_identify(.) by extension 'ignore_ament_install'
[0.233s] Level 1:colcon.colcon_core.package_identification:_identify(.) by extensions ['colcon_pkg']
[0.233s] Level 1:colcon.colcon_core.package_identification:_identify(.) by extension 'colcon_pkg'
[0.233s] Level 1:colcon.colcon_core.package_identification:_identify(.) by extensions ['colcon_meta']
[0.233s] Level 1:colcon.colcon_core.package_identification:_identify(.) by extension 'colcon_meta'
[0.233s] Level 1:colcon.colcon_core.package_identification:_identify(.) by extensions ['ros']
[0.233s] Level 1:colcon.colcon_core.package_identification:_identify(.) by extension 'ros'
[0.273s] Level 1:colcon.colcon_core.package_identification:_identify(.) by extensions ['cmake', 'python']
[0.273s] Level 1:colcon.colcon_core.package_identification:_identify(.) by extension 'cmake'
[0.273s] Level 1:colcon.colcon_core.package_identification:_identify(.) by extension 'python'
[0.273s] Level 1:colcon.colcon_core.package_identification:_identify(.) by extensions ['python_setup_py']
[0.273s] Level 1:colcon.colcon_core.package_identification:_identify(.) by extension 'python_setup_py'
[0.273s] Level 1:colcon.colcon_core.package_identification:_identify(build) by extensions ['ignore', 'ignore_ament_install']
[0.273s] Level 1:colcon.colcon_core.package_identification:_identify(build) by extension 'ignore'
[0.274s] Level 1:colcon.colcon_core.package_identification:_identify(build) ignored
[0.274s] Level 1:colcon.colcon_core.package_identification:_identify(install) by extensions ['ignore', 'ignore_ament_install']
[0.274s] Level 1:colcon.colcon_core.package_identification:_identify(install) by extension 'ignore'
[0.274s] Level 1:colcon.colcon_core.package_identification:_identify(install) ignored
[0.274s] Level 1:colcon.colcon_core.package_identification:_identify(log) by extensions ['ignore', 'ignore_ament_install']
[0.274s] Level 1:colcon.colcon_core.package_identification:_identify(log) by extension 'ignore'
[0.274s] Level 1:colcon.colcon_core.package_identification:_identify(log) ignored
[0.275s] Level 1:colcon.colcon_core.package_identification:_identify(src) by extensions ['ignore', 'ignore_ament_install']
[0.275s] Level 1:colcon.colcon_core.package_identification:_identify(src) by extension 'ignore'
[0.275s] Level 1:colcon.colcon_core.package_identification:_identify(src) by extension 'ignore_ament_install'
[0.275s] Level 1:colcon.colcon_core.package_identification:_identify(src) by extensions ['colcon_pkg']
[0.275s] Level 1:colcon.colcon_core.package_identification:_identify(src) by extension 'colcon_pkg'
[0.275s] Level 1:colcon.colcon_core.package_identification:_identify(src) by extensions ['colcon_meta']
[0.275s] Level 1:colcon.colcon_core.package_identification:_identify(src) by extension 'colcon_meta'
[0.275s] Level 1:colcon.colcon_core.package_identification:_identify(src) by extensions ['ros']
[0.275s] Level 1:colcon.colcon_core.package_identification:_identify(src) by extension 'ros'
[0.275s] Level 1:colcon.colcon_core.package_identification:_identify(src) by extensions ['cmake', 'python']
[0.275s] Level 1:colcon.colcon_core.package_identification:_identify(src) by extension 'cmake'
[0.275s] Level 1:colcon.colcon_core.package_identification:_identify(src) by extension 'python'
[0.275s] Level 1:colcon.colcon_core.package_identification:_identify(src) by extensions ['python_setup_py']
[0.275s] Level 1:colcon.colcon_core.package_identification:_identify(src) by extension 'python_setup_py'
[0.275s] Level 1:colcon.colcon_core.package_identification:_identify(src/damiao) by extensions ['ignore', 'ignore_ament_install']
[0.276s] Level 1:colcon.colcon_core.package_identification:_identify(src/damiao) by extension 'ignore'
[0.276s] Level 1:colcon.colcon_core.package_identification:_identify(src/damiao) by extension 'ignore_ament_install'
[0.276s] Level 1:colcon.colcon_core.package_identification:_identify(src/damiao) by extensions ['colcon_pkg']
[0.276s] Level 1:colcon.colcon_core.package_identification:_identify(src/damiao) by extension 'colcon_pkg'
[0.276s] Level 1:colcon.colcon_core.package_identification:_identify(src/damiao) by extensions ['colcon_meta']
[0.276s] Level 1:colcon.colcon_core.package_identification:_identify(src/damiao) by extension 'colcon_meta'
[0.276s] Level 1:colcon.colcon_core.package_identification:_identify(src/damiao) by extensions ['ros']
[0.276s] Level 1:colcon.colcon_core.package_identification:_identify(src/damiao) by extension 'ros'
[0.279s] DEBUG:colcon.colcon_core.package_identification:Package 'src/damiao' with type 'ros.ament_python' and name 'damiao'
[0.279s] Level 1:colcon.colcon_core.package_identification:_identify(src/data_monitor) by extensions ['ignore', 'ignore_ament_install']
[0.279s] Level 1:colcon.colcon_core.package_identification:_identify(src/data_monitor) by extension 'ignore'
[0.279s] Level 1:colcon.colcon_core.package_identification:_identify(src/data_monitor) by extension 'ignore_ament_install'
[0.280s] Level 1:colcon.colcon_core.package_identification:_identify(src/data_monitor) by extensions ['colcon_pkg']
[0.280s] Level 1:colcon.colcon_core.package_identification:_identify(src/data_monitor) by extension 'colcon_pkg'
[0.280s] Level 1:colcon.colcon_core.package_identification:_identify(src/data_monitor) by extensions ['colcon_meta']
[0.280s] Level 1:colcon.colcon_core.package_identification:_identify(src/data_monitor) by extension 'colcon_meta'
[0.280s] Level 1:colcon.colcon_core.package_identification:_identify(src/data_monitor) by extensions ['ros']
[0.280s] Level 1:colcon.colcon_core.package_identification:_identify(src/data_monitor) by extension 'ros'
[0.280s] DEBUG:colcon.colcon_core.package_identification:Package 'src/data_monitor' with type 'ros.ament_python' and name 'data_monitor'
[0.280s] Level 1:colcon.colcon_core.package_identification:_identify(src/navigation) by extensions ['ignore', 'ignore_ament_install']
[0.281s] Level 1:colcon.colcon_core.package_identification:_identify(src/navigation) by extension 'ignore'
[0.281s] Level 1:colcon.colcon_core.package_identification:_identify(src/navigation) by extension 'ignore_ament_install'
[0.281s] Level 1:colcon.colcon_core.package_identification:_identify(src/navigation) by extensions ['colcon_pkg']
[0.281s] Level 1:colcon.colcon_core.package_identification:_identify(src/navigation) by extension 'colcon_pkg'
[0.281s] Level 1:colcon.colcon_core.package_identification:_identify(src/navigation) by extensions ['colcon_meta']
[0.281s] Level 1:colcon.colcon_core.package_identification:_identify(src/navigation) by extension 'colcon_meta'
[0.281s] Level 1:colcon.colcon_core.package_identification:_identify(src/navigation) by extensions ['ros']
[0.281s] Level 1:colcon.colcon_core.package_identification:_identify(src/navigation) by extension 'ros'
[0.281s] DEBUG:colcon.colcon_core.package_identification:Package 'src/navigation' with type 'ros.ament_python' and name 'navigation'
[0.282s] Level 1:colcon.colcon_core.package_identification:_identify(src/ps4) by extensions ['ignore', 'ignore_ament_install']
[0.282s] Level 1:colcon.colcon_core.package_identification:_identify(src/ps4) by extension 'ignore'
[0.282s] Level 1:colcon.colcon_core.package_identification:_identify(src/ps4) by extension 'ignore_ament_install'
[0.282s] Level 1:colcon.colcon_core.package_identification:_identify(src/ps4) by extensions ['colcon_pkg']
[0.282s] Level 1:colcon.colcon_core.package_identification:_identify(src/ps4) by extension 'colcon_pkg'
[0.282s] Level 1:colcon.colcon_core.package_identification:_identify(src/ps4) by extensions ['colcon_meta']
[0.282s] Level 1:colcon.colcon_core.package_identification:_identify(src/ps4) by extension 'colcon_meta'
[0.282s] Level 1:colcon.colcon_core.package_identification:_identify(src/ps4) by extensions ['ros']
[0.282s] Level 1:colcon.colcon_core.package_identification:_identify(src/ps4) by extension 'ros'
[0.282s] DEBUG:colcon.colcon_core.package_identification:Package 'src/ps4' with type 'ros.ament_python' and name 'ps4'
[0.282s] Level 1:colcon.colcon_core.package_discovery:discover_packages(recursive) using defaults
[0.283s] Level 1:colcon.colcon_core.package_discovery:discover_packages(ignore) discover
[0.283s] Level 1:colcon.colcon_core.package_discovery:discover_packages(ignore) using defaults
[0.283s] Level 1:colcon.colcon_core.package_discovery:discover_packages(path) discover
[0.283s] Level 1:colcon.colcon_core.package_discovery:discover_packages(path) using defaults
[0.309s] Level 1:colcon.colcon_core.package_discovery:discover_packages(prefix_path) check parameters
[0.309s] Level 1:colcon.colcon_core.package_discovery:discover_packages(prefix_path) discover
[0.312s] DEBUG:colcon.colcon_installed_package_information.package_discovery:Found 4 installed packages in /home/robotics/Robocon2025_R1/2025R1_ws/install
[0.314s] DEBUG:colcon.colcon_installed_package_information.package_discovery:Found 285 installed packages in /opt/ros/jazzy
[0.317s] Level 1:colcon.colcon_core.package_discovery:discover_packages(prefix_path) using defaults
[0.377s] Level 5:colcon.colcon_core.verb:set package 'damiao' build argument 'cmake_args' from command line to 'None'
[0.377s] Level 5:colcon.colcon_core.verb:set package 'damiao' build argument 'cmake_target' from command line to 'None'
[0.377s] Level 5:colcon.colcon_core.verb:set package 'damiao' build argument 'cmake_target_skip_unavailable' from command line to 'False'
[0.377s] Level 5:colcon.colcon_core.verb:set package 'damiao' build argument 'cmake_clean_cache' from command line to 'False'
[0.377s] Level 5:colcon.colcon_core.verb:set package 'damiao' build argument 'cmake_clean_first' from command line to 'False'
[0.377s] Level 5:colcon.colcon_core.verb:set package 'damiao' build argument 'cmake_force_configure' from command line to 'False'
[0.378s] Level 5:colcon.colcon_core.verb:set package 'damiao' build argument 'ament_cmake_args' from command line to 'None'
[0.378s] Level 5:colcon.colcon_core.verb:set package 'damiao' build argument 'catkin_cmake_args' from command line to 'None'
[0.378s] Level 5:colcon.colcon_core.verb:set package 'damiao' build argument 'catkin_skip_building_tests' from command line to 'False'
[0.378s] DEBUG:colcon.colcon_core.verb:Building package 'damiao' with the following arguments: {'ament_cmake_args': None, 'build_base': '/home/robotics/Robocon2025_R1/2025R1_ws/build/damiao', 'catkin_cmake_args': None, 'catkin_skip_building_tests': False, 'cmake_args': None, 'cmake_clean_cache': False, 'cmake_clean_first': False, 'cmake_force_configure': False, 'cmake_target': None, 'cmake_target_skip_unavailable': False, 'install_base': '/home/robotics/Robocon2025_R1/2025R1_ws/install/damiao', 'merge_install': False, 'path': '/home/robotics/Robocon2025_R1/2025R1_ws/src/damiao', 'symlink_install': True, 'test_result_base': None}
[0.378s] Level 5:colcon.colcon_core.verb:set package 'data_monitor' build argument 'cmake_args' from command line to 'None'
[0.378s] Level 5:colcon.colcon_core.verb:set package 'data_monitor' build argument 'cmake_target' from command line to 'None'
[0.378s] Level 5:colcon.colcon_core.verb:set package 'data_monitor' build argument 'cmake_target_skip_unavailable' from command line to 'False'
[0.378s] Level 5:colcon.colcon_core.verb:set package 'data_monitor' build argument 'cmake_clean_cache' from command line to 'False'
[0.378s] Level 5:colcon.colcon_core.verb:set package 'data_monitor' build argument 'cmake_clean_first' from command line to 'False'
[0.378s] Level 5:colcon.colcon_core.verb:set package 'data_monitor' build argument 'cmake_force_configure' from command line to 'False'
[0.378s] Level 5:colcon.colcon_core.verb:set package 'data_monitor' build argument 'ament_cmake_args' from command line to 'None'
[0.378s] Level 5:colcon.colcon_core.verb:set package 'data_monitor' build argument 'catkin_cmake_args' from command line to 'None'
[0.378s] Level 5:colcon.colcon_core.verb:set package 'data_monitor' build argument 'catkin_skip_building_tests' from command line to 'False'
[0.378s] DEBUG:colcon.colcon_core.verb:Building package 'data_monitor' with the following arguments: {'ament_cmake_args': None, 'build_base': '/home/robotics/Robocon2025_R1/2025R1_ws/build/data_monitor', 'catkin_cmake_args': None, 'catkin_skip_building_tests': False, 'cmake_args': None, 'cmake_clean_cache': False, 'cmake_clean_first': False, 'cmake_force_configure': False, 'cmake_target': None, 'cmake_target_skip_unavailable': False, 'install_base': '/home/robotics/Robocon2025_R1/2025R1_ws/install/data_monitor', 'merge_install': False, 'path': '/home/robotics/Robocon2025_R1/2025R1_ws/src/data_monitor', 'symlink_install': True, 'test_result_base': None}
[0.379s] Level 5:colcon.colcon_core.verb:set package 'navigation' build argument 'cmake_args' from command line to 'None'
[0.379s] Level 5:colcon.colcon_core.verb:set package 'navigation' build argument 'cmake_target' from command line to 'None'
[0.379s] Level 5:colcon.colcon_core.verb:set package 'navigation' build argument 'cmake_target_skip_unavailable' from command line to 'False'
[0.379s] Level 5:colcon.colcon_core.verb:set package 'navigation' build argument 'cmake_clean_cache' from command line to 'False'
[0.379s] Level 5:colcon.colcon_core.verb:set package 'navigation' build argument 'cmake_clean_first' from command line to 'False'
[0.379s] Level 5:colcon.colcon_core.verb:set package 'navigation' build argument 'cmake_force_configure' from command line to 'False'
[0.379s] Level 5:colcon.colcon_core.verb:set package 'navigation' build argument 'ament_cmake_args' from command line to 'None'
[0.379s] Level 5:colcon.colcon_core.verb:set package 'navigation' build argument 'catkin_cmake_args' from command line to 'None'
[0.379s] Level 5:colcon.colcon_core.verb:set package 'navigation' build argument 'catkin_skip_building_tests' from command line to 'False'
[0.379s] DEBUG:colcon.colcon_core.verb:Building package 'navigation' with the following arguments: {'ament_cmake_args': None, 'build_base': '/home/robotics/Robocon2025_R1/2025R1_ws/build/navigation', 'catkin_cmake_args': None, 'catkin_skip_building_tests': False, 'cmake_args': None, 'cmake_clean_cache': False, 'cmake_clean_first': False, 'cmake_force_configure': False, 'cmake_target': None, 'cmake_target_skip_unavailable': False, 'install_base': '/home/robotics/Robocon2025_R1/2025R1_ws/install/navigation', 'merge_install': False, 'path': '/home/robotics/Robocon2025_R1/2025R1_ws/src/navigation', 'symlink_install': True, 'test_result_base': None}
[0.379s] Level 5:colcon.colcon_core.verb:set package 'ps4' build argument 'cmake_args' from command line to 'None'
[0.379s] Level 5:colcon.colcon_core.verb:set package 'ps4' build argument 'cmake_target' from command line to 'None'
[0.379s] Level 5:colcon.colcon_core.verb:set package 'ps4' build argument 'cmake_target_skip_unavailable' from command line to 'False'
[0.379s] Level 5:colcon.colcon_core.verb:set package 'ps4' build argument 'cmake_clean_cache' from command line to 'False'
[0.379s] Level 5:colcon.colcon_core.verb:set package 'ps4' build argument 'cmake_clean_first' from command line to 'False'
[0.379s] Level 5:colcon.colcon_core.verb:set package 'ps4' build argument 'cmake_force_configure' from command line to 'False'
[0.379s] Level 5:colcon.colcon_core.verb:set package 'ps4' build argument 'ament_cmake_args' from command line to 'None'
[0.379s] Level 5:colcon.colcon_core.verb:set package 'ps4' build argument 'catkin_cmake_args' from command line to 'None'
[0.379s] Level 5:colcon.colcon_core.verb:set package 'ps4' build argument 'catkin_skip_building_tests' from command line to 'False'
[0.379s] DEBUG:colcon.colcon_core.verb:Building package 'ps4' with the following arguments: {'ament_cmake_args': None, 'build_base': '/home/robotics/Robocon2025_R1/2025R1_ws/build/ps4', 'catkin_cmake_args': None, 'catkin_skip_building_tests': False, 'cmake_args': None, 'cmake_clean_cache': False, 'cmake_clean_first': False, 'cmake_force_configure': False, 'cmake_target': None, 'cmake_target_skip_unavailable': False, 'install_base': '/home/robotics/Robocon2025_R1/2025R1_ws/install/ps4', 'merge_install': False, 'path': '/home/robotics/Robocon2025_R1/2025R1_ws/src/ps4', 'symlink_install': True, 'test_result_base': None}
[0.379s] INFO:colcon.colcon_core.executor:Executing jobs using 'parallel' executor
[0.381s] DEBUG:colcon.colcon_parallel_executor.executor.parallel:run_until_complete
[0.381s] INFO:colcon.colcon_ros.task.ament_python.build:Building ROS package in '/home/robotics/Robocon2025_R1/2025R1_ws/src/damiao' with build type 'ament_python'
[0.381s] Level 1:colcon.colcon_core.shell:create_environment_hook('damiao', 'ament_prefix_path')
[0.397s] INFO:colcon.colcon_core.plugin_system:Skipping extension 'colcon_core.shell.bat': Not used on non-Windows systems
[0.397s] INFO:colcon.colcon_core.shell:Creating environment hook '/home/robotics/Robocon2025_R1/2025R1_ws/install/damiao/share/damiao/hook/ament_prefix_path.ps1'
[0.398s] INFO:colcon.colcon_core.shell:Creating environment descriptor '/home/robotics/Robocon2025_R1/2025R1_ws/install/damiao/share/damiao/hook/ament_prefix_path.dsv'
[0.402s] INFO:colcon.colcon_core.shell:Creating environment hook '/home/robotics/Robocon2025_R1/2025R1_ws/install/damiao/share/damiao/hook/ament_prefix_path.sh'
[0.406s] INFO:colcon.colcon_core.shell:Skip shell extension 'powershell' for command environment: Not usable outside of PowerShell
[0.406s] DEBUG:colcon.colcon_core.shell:Skip shell extension 'dsv' for command environment
[0.422s] INFO:colcon.colcon_ros.task.ament_python.build:Building ROS package in '/home/robotics/Robocon2025_R1/2025R1_ws/src/data_monitor' with build type 'ament_python'
[0.424s] Level 1:colcon.colcon_core.shell:create_environment_hook('data_monitor', 'ament_prefix_path')
[0.425s] INFO:colcon.colcon_core.shell:Creating environment hook '/home/robotics/Robocon2025_R1/2025R1_ws/install/data_monitor/share/data_monitor/hook/ament_prefix_path.ps1'
[0.427s] INFO:colcon.colcon_core.shell:Creating environment descriptor '/home/robotics/Robocon2025_R1/2025R1_ws/install/data_monitor/share/data_monitor/hook/ament_prefix_path.dsv'
[0.428s] INFO:colcon.colcon_core.shell:Creating environment hook '/home/robotics/Robocon2025_R1/2025R1_ws/install/data_monitor/share/data_monitor/hook/ament_prefix_path.sh'
[0.431s] INFO:colcon.colcon_core.shell:Skip shell extension 'powershell' for command environment: Not usable outside of PowerShell
[0.431s] DEBUG:colcon.colcon_core.shell:Skip shell extension 'dsv' for command environment
[0.442s] INFO:colcon.colcon_ros.task.ament_python.build:Building ROS package in '/home/robotics/Robocon2025_R1/2025R1_ws/src/navigation' with build type 'ament_python'
[0.443s] Level 1:colcon.colcon_core.shell:create_environment_hook('navigation', 'ament_prefix_path')
[0.443s] INFO:colcon.colcon_core.shell:Creating environment hook '/home/robotics/Robocon2025_R1/2025R1_ws/install/navigation/share/navigation/hook/ament_prefix_path.ps1'
[0.447s] INFO:colcon.colcon_core.shell:Creating environment descriptor '/home/robotics/Robocon2025_R1/2025R1_ws/install/navigation/share/navigation/hook/ament_prefix_path.dsv'
[0.450s] INFO:colcon.colcon_core.shell:Creating environment hook '/home/robotics/Robocon2025_R1/2025R1_ws/install/navigation/share/navigation/hook/ament_prefix_path.sh'
[0.453s] INFO:colcon.colcon_core.shell:Skip shell extension 'powershell' for command environment: Not usable outside of PowerShell
[0.454s] DEBUG:colcon.colcon_core.shell:Skip shell extension 'dsv' for command environment
[0.469s] INFO:colcon.colcon_ros.task.ament_python.build:Building ROS package in '/home/robotics/Robocon2025_R1/2025R1_ws/src/ps4' with build type 'ament_python'
[0.470s] Level 1:colcon.colcon_core.shell:create_environment_hook('ps4', 'ament_prefix_path')
[0.471s] INFO:colcon.colcon_core.shell:Creating environment hook '/home/robotics/Robocon2025_R1/2025R1_ws/install/ps4/share/ps4/hook/ament_prefix_path.ps1'
[0.474s] INFO:colcon.colcon_core.shell:Creating environment descriptor '/home/robotics/Robocon2025_R1/2025R1_ws/install/ps4/share/ps4/hook/ament_prefix_path.dsv'
[0.476s] INFO:colcon.colcon_core.shell:Creating environment hook '/home/robotics/Robocon2025_R1/2025R1_ws/install/ps4/share/ps4/hook/ament_prefix_path.sh'
[0.480s] INFO:colcon.colcon_core.shell:Skip shell extension 'powershell' for command environment: Not usable outside of PowerShell
[0.481s] DEBUG:colcon.colcon_core.shell:Skip shell extension 'dsv' for command environment
[0.978s] INFO:colcon.colcon_core.task.python.build:Building Python package in '/home/robotics/Robocon2025_R1/2025R1_ws/src/damiao'
[0.978s] INFO:colcon.colcon_core.shell:Skip shell extension 'powershell' for command environment: Not usable outside of PowerShell
[0.978s] DEBUG:colcon.colcon_core.shell:Skip shell extension 'dsv' for command environment
[1.455s] INFO:colcon.colcon_core.task.python.build:Building Python package in '/home/robotics/Robocon2025_R1/2025R1_ws/src/data_monitor'
[1.456s] INFO:colcon.colcon_core.shell:Skip shell extension 'powershell' for command environment: Not usable outside of PowerShell
[1.456s] DEBUG:colcon.colcon_core.shell:Skip shell extension 'dsv' for command environment
[1.940s] INFO:colcon.colcon_core.task.python.build:Building Python package in '/home/robotics/Robocon2025_R1/2025R1_ws/src/navigation'
[1.941s] INFO:colcon.colcon_core.shell:Skip shell extension 'powershell' for command environment: Not usable outside of PowerShell
[1.941s] DEBUG:colcon.colcon_core.shell:Skip shell extension 'dsv' for command environment
[2.405s] INFO:colcon.colcon_core.task.python.build:Building Python package in '/home/robotics/Robocon2025_R1/2025R1_ws/src/ps4'
[2.405s] INFO:colcon.colcon_core.shell:Skip shell extension 'powershell' for command environment: Not usable outside of PowerShell
[2.405s] DEBUG:colcon.colcon_core.shell:Skip shell extension 'dsv' for command environment
[4.190s] DEBUG:colcon.colcon_core.event_handler.log_command:Invoking command in '/home/robotics/Robocon2025_R1/2025R1_ws/build/navigation': DEBUGINFOD_URLS=https://debuginfod.ubuntu.com PS1=(venv) PYTHONPATH=/home/robotics/Robocon2025_R1/2025R1_ws/build/navigation/prefix_override:/usr/lib/python3/dist-packages/colcon_core/task/python/colcon_distutils_commands:/home/robotics/Robocon2025_R1/2025R1_ws/install/navigation/lib/python3.12/site-packages:${PYTHONPATH} VIRTUAL_ENV_PROMPT=(venv) /usr/bin/python3 -W ignore:setup.py install is deprecated -W ignore:easy_install command is deprecated setup.py develop --editable --build-directory /home/robotics/Robocon2025_R1/2025R1_ws/build/navigation/build --no-deps symlink_data
[4.248s] DEBUG:colcon.colcon_core.event_handler.log_command:Invoking command in '/home/robotics/Robocon2025_R1/2025R1_ws/build/data_monitor': DEBUGINFOD_URLS=https://debuginfod.ubuntu.com PS1=(venv) PYTHONPATH=/home/robotics/Robocon2025_R1/2025R1_ws/build/data_monitor/prefix_override:/usr/lib/python3/dist-packages/colcon_core/task/python/colcon_distutils_commands:/home/robotics/Robocon2025_R1/2025R1_ws/install/data_monitor/lib/python3.12/site-packages:${PYTHONPATH} VIRTUAL_ENV_PROMPT=(venv) /usr/bin/python3 -W ignore:setup.py install is deprecated -W ignore:easy_install command is deprecated setup.py develop --editable --build-directory /home/robotics/Robocon2025_R1/2025R1_ws/build/data_monitor/build --no-deps symlink_data
[4.262s] DEBUG:colcon.colcon_core.event_handler.log_command:Invoking command in '/home/robotics/Robocon2025_R1/2025R1_ws/build/damiao': DEBUGINFOD_URLS=https://debuginfod.ubuntu.com PS1=(venv) PYTHONPATH=/home/robotics/Robocon2025_R1/2025R1_ws/build/damiao/prefix_override:/usr/lib/python3/dist-packages/colcon_core/task/python/colcon_distutils_commands:/home/robotics/Robocon2025_R1/2025R1_ws/install/damiao/lib/python3.12/site-packages:${PYTHONPATH} VIRTUAL_ENV_PROMPT=(venv) /usr/bin/python3 -W ignore:setup.py install is deprecated -W ignore:easy_install command is deprecated setup.py develop --editable --build-directory /home/robotics/Robocon2025_R1/2025R1_ws/build/damiao/build --no-deps symlink_data
[4.685s] DEBUG:colcon.colcon_core.event_handler.log_command:Invoking command in '/home/robotics/Robocon2025_R1/2025R1_ws/build/ps4': DEBUGINFOD_URLS=https://debuginfod.ubuntu.com PS1=(venv) PYTHONPATH=/home/robotics/Robocon2025_R1/2025R1_ws/build/ps4/prefix_override:/usr/lib/python3/dist-packages/colcon_core/task/python/colcon_distutils_commands:/home/robotics/Robocon2025_R1/2025R1_ws/install/ps4/lib/python3.12/site-packages:${PYTHONPATH} VIRTUAL_ENV_PROMPT=(venv) /usr/bin/python3 -W ignore:setup.py install is deprecated -W ignore:easy_install command is deprecated setup.py develop --editable --build-directory /home/robotics/Robocon2025_R1/2025R1_ws/build/ps4/build --no-deps symlink_data
[6.095s] Level 1:colcon.colcon_core.shell:create_environment_hook('data_monitor', 'pythonpath_develop')
[6.096s] INFO:colcon.colcon_core.shell:Creating environment hook '/home/robotics/Robocon2025_R1/2025R1_ws/build/data_monitor/share/data_monitor/hook/pythonpath_develop.ps1'
[6.098s] DEBUG:colcon.colcon_core.event_handler.log_command:Invoked command in '/home/robotics/Robocon2025_R1/2025R1_ws/build/data_monitor' returned '0': DEBUGINFOD_URLS=https://debuginfod.ubuntu.com PS1=(venv) PYTHONPATH=/home/robotics/Robocon2025_R1/2025R1_ws/build/data_monitor/prefix_override:/usr/lib/python3/dist-packages/colcon_core/task/python/colcon_distutils_commands:/home/robotics/Robocon2025_R1/2025R1_ws/install/data_monitor/lib/python3.12/site-packages:${PYTHONPATH} VIRTUAL_ENV_PROMPT=(venv) /usr/bin/python3 -W ignore:setup.py install is deprecated -W ignore:easy_install command is deprecated setup.py develop --editable --build-directory /home/robotics/Robocon2025_R1/2025R1_ws/build/data_monitor/build --no-deps symlink_data
[6.099s] INFO:colcon.colcon_core.shell:Creating environment descriptor '/home/robotics/Robocon2025_R1/2025R1_ws/build/data_monitor/share/data_monitor/hook/pythonpath_develop.dsv'
[6.100s] INFO:colcon.colcon_core.shell:Creating environment hook '/home/robotics/Robocon2025_R1/2025R1_ws/build/data_monitor/share/data_monitor/hook/pythonpath_develop.sh'
[6.109s] Level 1:colcon.colcon_core.environment:checking '/home/robotics/Robocon2025_R1/2025R1_ws/install/data_monitor' for CMake module files
[6.110s] Level 1:colcon.colcon_core.environment:checking '/home/robotics/Robocon2025_R1/2025R1_ws/install/data_monitor' for CMake config files
[6.112s] Level 1:colcon.colcon_core.environment:checking '/home/robotics/Robocon2025_R1/2025R1_ws/install/data_monitor/lib'
[6.112s] Level 1:colcon.colcon_core.environment:checking '/home/robotics/Robocon2025_R1/2025R1_ws/install/data_monitor/bin'
[6.112s] Level 1:colcon.colcon_core.environment:checking '/home/robotics/Robocon2025_R1/2025R1_ws/install/data_monitor/lib/pkgconfig/data_monitor.pc'
[6.113s] Level 1:colcon.colcon_core.environment:checking '/home/robotics/Robocon2025_R1/2025R1_ws/install/data_monitor/lib/python3.12/site-packages'
[6.113s] Level 1:colcon.colcon_core.shell:create_environment_hook('data_monitor', 'pythonpath')
[6.114s] INFO:colcon.colcon_core.shell:Creating environment hook '/home/robotics/Robocon2025_R1/2025R1_ws/install/data_monitor/share/data_monitor/hook/pythonpath.ps1'
[6.116s] INFO:colcon.colcon_core.shell:Creating environment descriptor '/home/robotics/Robocon2025_R1/2025R1_ws/install/data_monitor/share/data_monitor/hook/pythonpath.dsv'
[6.118s] INFO:colcon.colcon_core.shell:Creating environment hook '/home/robotics/Robocon2025_R1/2025R1_ws/install/data_monitor/share/data_monitor/hook/pythonpath.sh'
[6.121s] Level 1:colcon.colcon_core.environment:checking '/home/robotics/Robocon2025_R1/2025R1_ws/install/data_monitor/bin'
[6.122s] Level 1:colcon.colcon_core.environment:create_environment_scripts_only(data_monitor)
[6.122s] INFO:colcon.colcon_core.shell:Creating package script '/home/robotics/Robocon2025_R1/2025R1_ws/install/data_monitor/share/data_monitor/package.ps1'
[6.126s] INFO:colcon.colcon_core.shell:Creating package descriptor '/home/robotics/Robocon2025_R1/2025R1_ws/install/data_monitor/share/data_monitor/package.dsv'
[6.128s] INFO:colcon.colcon_core.shell:Creating package script '/home/robotics/Robocon2025_R1/2025R1_ws/install/data_monitor/share/data_monitor/package.sh'
[6.130s] INFO:colcon.colcon_core.shell:Creating package script '/home/robotics/Robocon2025_R1/2025R1_ws/install/data_monitor/share/data_monitor/package.bash'
[6.132s] INFO:colcon.colcon_core.shell:Creating package script '/home/robotics/Robocon2025_R1/2025R1_ws/install/data_monitor/share/data_monitor/package.zsh'
[6.134s] Level 1:colcon.colcon_core.environment:create_file_with_runtime_dependencies(/home/robotics/Robocon2025_R1/2025R1_ws/install/data_monitor/share/colcon-core/packages/data_monitor)
[6.148s] Level 1:colcon.colcon_core.shell:create_environment_hook('damiao', 'pythonpath_develop')
[6.151s] INFO:colcon.colcon_core.shell:Creating environment hook '/home/robotics/Robocon2025_R1/2025R1_ws/build/damiao/share/damiao/hook/pythonpath_develop.ps1'
[6.153s] DEBUG:colcon.colcon_core.event_handler.log_command:Invoked command in '/home/robotics/Robocon2025_R1/2025R1_ws/build/damiao' returned '0': DEBUGINFOD_URLS=https://debuginfod.ubuntu.com PS1=(venv) PYTHONPATH=/home/robotics/Robocon2025_R1/2025R1_ws/build/damiao/prefix_override:/usr/lib/python3/dist-packages/colcon_core/task/python/colcon_distutils_commands:/home/robotics/Robocon2025_R1/2025R1_ws/install/damiao/lib/python3.12/site-packages:${PYTHONPATH} VIRTUAL_ENV_PROMPT=(venv) /usr/bin/python3 -W ignore:setup.py install is deprecated -W ignore:easy_install command is deprecated setup.py develop --editable --build-directory /home/robotics/Robocon2025_R1/2025R1_ws/build/damiao/build --no-deps symlink_data
[6.154s] INFO:colcon.colcon_core.shell:Creating environment descriptor '/home/robotics/Robocon2025_R1/2025R1_ws/build/damiao/share/damiao/hook/pythonpath_develop.dsv'
[6.155s] INFO:colcon.colcon_core.shell:Creating environment hook '/home/robotics/Robocon2025_R1/2025R1_ws/build/damiao/share/damiao/hook/pythonpath_develop.sh'
[6.162s] Level 1:colcon.colcon_core.environment:checking '/home/robotics/Robocon2025_R1/2025R1_ws/install/damiao' for CMake module files
[6.165s] Level 1:colcon.colcon_core.environment:checking '/home/robotics/Robocon2025_R1/2025R1_ws/install/damiao' for CMake config files
[6.166s] Level 1:colcon.colcon_core.environment:checking '/home/robotics/Robocon2025_R1/2025R1_ws/install/damiao/lib'
[6.167s] Level 1:colcon.colcon_core.environment:checking '/home/robotics/Robocon2025_R1/2025R1_ws/install/damiao/bin'
[6.167s] Level 1:colcon.colcon_core.environment:checking '/home/robotics/Robocon2025_R1/2025R1_ws/install/damiao/lib/pkgconfig/damiao.pc'
[6.167s] Level 1:colcon.colcon_core.environment:checking '/home/robotics/Robocon2025_R1/2025R1_ws/install/damiao/lib/python3.12/site-packages'
[6.167s] Level 1:colcon.colcon_core.shell:create_environment_hook('damiao', 'pythonpath')
[6.168s] INFO:colcon.colcon_core.shell:Creating environment hook '/home/robotics/Robocon2025_R1/2025R1_ws/install/damiao/share/damiao/hook/pythonpath.ps1'
[6.169s] INFO:colcon.colcon_core.shell:Creating environment descriptor '/home/robotics/Robocon2025_R1/2025R1_ws/install/damiao/share/damiao/hook/pythonpath.dsv'
[6.171s] INFO:colcon.colcon_core.shell:Creating environment hook '/home/robotics/Robocon2025_R1/2025R1_ws/install/damiao/share/damiao/hook/pythonpath.sh'
[6.173s] Level 1:colcon.colcon_core.environment:checking '/home/robotics/Robocon2025_R1/2025R1_ws/install/damiao/bin'
[6.173s] Level 1:colcon.colcon_core.environment:create_environment_scripts_only(damiao)
[6.173s] INFO:colcon.colcon_core.shell:Creating package script '/home/robotics/Robocon2025_R1/2025R1_ws/install/damiao/share/damiao/package.ps1'
[6.174s] INFO:colcon.colcon_core.shell:Creating package descriptor '/home/robotics/Robocon2025_R1/2025R1_ws/install/damiao/share/damiao/package.dsv'
[6.177s] INFO:colcon.colcon_core.shell:Creating package script '/home/robotics/Robocon2025_R1/2025R1_ws/install/damiao/share/damiao/package.sh'
[6.184s] INFO:colcon.colcon_core.shell:Creating package script '/home/robotics/Robocon2025_R1/2025R1_ws/install/damiao/share/damiao/package.bash'
[6.190s] INFO:colcon.colcon_core.shell:Creating package script '/home/robotics/Robocon2025_R1/2025R1_ws/install/damiao/share/damiao/package.zsh'
[6.192s] Level 1:colcon.colcon_core.environment:create_file_with_runtime_dependencies(/home/robotics/Robocon2025_R1/2025R1_ws/install/damiao/share/colcon-core/packages/damiao)
[6.199s] Level 1:colcon.colcon_core.shell:create_environment_hook('navigation', 'pythonpath_develop')
[6.202s] INFO:colcon.colcon_core.shell:Creating environment hook '/home/robotics/Robocon2025_R1/2025R1_ws/build/navigation/share/navigation/hook/pythonpath_develop.ps1'
[6.204s] DEBUG:colcon.colcon_core.event_handler.log_command:Invoked command in '/home/robotics/Robocon2025_R1/2025R1_ws/build/navigation' returned '0': DEBUGINFOD_URLS=https://debuginfod.ubuntu.com PS1=(venv) PYTHONPATH=/home/robotics/Robocon2025_R1/2025R1_ws/build/navigation/prefix_override:/usr/lib/python3/dist-packages/colcon_core/task/python/colcon_distutils_commands:/home/robotics/Robocon2025_R1/2025R1_ws/install/navigation/lib/python3.12/site-packages:${PYTHONPATH} VIRTUAL_ENV_PROMPT=(venv) /usr/bin/python3 -W ignore:setup.py install is deprecated -W ignore:easy_install command is deprecated setup.py develop --editable --build-directory /home/robotics/Robocon2025_R1/2025R1_ws/build/navigation/build --no-deps symlink_data
[6.208s] INFO:colcon.colcon_core.shell:Creating environment descriptor '/home/robotics/Robocon2025_R1/2025R1_ws/build/navigation/share/navigation/hook/pythonpath_develop.dsv'
[6.210s] INFO:colcon.colcon_core.shell:Creating environment hook '/home/robotics/Robocon2025_R1/2025R1_ws/build/navigation/share/navigation/hook/pythonpath_develop.sh'
[6.215s] Level 1:colcon.colcon_core.environment:checking '/home/robotics/Robocon2025_R1/2025R1_ws/install/navigation' for CMake module files
[6.216s] Level 1:colcon.colcon_core.environment:checking '/home/robotics/Robocon2025_R1/2025R1_ws/install/navigation' for CMake config files
[6.217s] Level 1:colcon.colcon_core.environment:checking '/home/robotics/Robocon2025_R1/2025R1_ws/install/navigation/lib'
[6.218s] Level 1:colcon.colcon_core.environment:checking '/home/robotics/Robocon2025_R1/2025R1_ws/install/navigation/bin'
[6.218s] Level 1:colcon.colcon_core.environment:checking '/home/robotics/Robocon2025_R1/2025R1_ws/install/navigation/lib/pkgconfig/navigation.pc'
[6.219s] Level 1:colcon.colcon_core.environment:checking '/home/robotics/Robocon2025_R1/2025R1_ws/install/navigation/lib/python3.12/site-packages'
[6.220s] Level 1:colcon.colcon_core.shell:create_environment_hook('navigation', 'pythonpath')
[6.222s] INFO:colcon.colcon_core.shell:Creating environment hook '/home/robotics/Robocon2025_R1/2025R1_ws/install/navigation/share/navigation/hook/pythonpath.ps1'
[6.227s] INFO:colcon.colcon_core.shell:Creating environment descriptor '/home/robotics/Robocon2025_R1/2025R1_ws/install/navigation/share/navigation/hook/pythonpath.dsv'
[6.233s] INFO:colcon.colcon_core.shell:Creating environment hook '/home/robotics/Robocon2025_R1/2025R1_ws/install/navigation/share/navigation/hook/pythonpath.sh'
[6.235s] Level 1:colcon.colcon_core.environment:checking '/home/robotics/Robocon2025_R1/2025R1_ws/install/navigation/bin'
[6.236s] Level 1:colcon.colcon_core.environment:create_environment_scripts_only(navigation)
[6.237s] INFO:colcon.colcon_core.shell:Creating package script '/home/robotics/Robocon2025_R1/2025R1_ws/install/navigation/share/navigation/package.ps1'
[6.239s] INFO:colcon.colcon_core.shell:Creating package descriptor '/home/robotics/Robocon2025_R1/2025R1_ws/install/navigation/share/navigation/package.dsv'
[6.242s] INFO:colcon.colcon_core.shell:Creating package script '/home/robotics/Robocon2025_R1/2025R1_ws/install/navigation/share/navigation/package.sh'
[6.244s] INFO:colcon.colcon_core.shell:Creating package script '/home/robotics/Robocon2025_R1/2025R1_ws/install/navigation/share/navigation/package.bash'
[6.248s] INFO:colcon.colcon_core.shell:Creating package script '/home/robotics/Robocon2025_R1/2025R1_ws/install/navigation/share/navigation/package.zsh'
[6.249s] Level 1:colcon.colcon_core.environment:create_file_with_runtime_dependencies(/home/robotics/Robocon2025_R1/2025R1_ws/install/navigation/share/colcon-core/packages/navigation)
[6.768s] Level 1:colcon.colcon_core.shell:create_environment_hook('ps4', 'pythonpath_develop')
[6.769s] INFO:colcon.colcon_core.shell:Creating environment hook '/home/robotics/Robocon2025_R1/2025R1_ws/build/ps4/share/ps4/hook/pythonpath_develop.ps1'
[6.770s] DEBUG:colcon.colcon_core.event_handler.log_command:Invoked command in '/home/robotics/Robocon2025_R1/2025R1_ws/build/ps4' returned '0': DEBUGINFOD_URLS=https://debuginfod.ubuntu.com PS1=(venv) PYTHONPATH=/home/robotics/Robocon2025_R1/2025R1_ws/build/ps4/prefix_override:/usr/lib/python3/dist-packages/colcon_core/task/python/colcon_distutils_commands:/home/robotics/Robocon2025_R1/2025R1_ws/install/ps4/lib/python3.12/site-packages:${PYTHONPATH} VIRTUAL_ENV_PROMPT=(venv) /usr/bin/python3 -W ignore:setup.py install is deprecated -W ignore:easy_install command is deprecated setup.py develop --editable --build-directory /home/robotics/Robocon2025_R1/2025R1_ws/build/ps4/build --no-deps symlink_data
[6.771s] INFO:colcon.colcon_core.shell:Creating environment descriptor '/home/robotics/Robocon2025_R1/2025R1_ws/build/ps4/share/ps4/hook/pythonpath_develop.dsv'
[6.772s] INFO:colcon.colcon_core.shell:Creating environment hook '/home/robotics/Robocon2025_R1/2025R1_ws/build/ps4/share/ps4/hook/pythonpath_develop.sh'
[6.775s] Level 1:colcon.colcon_core.environment:checking '/home/robotics/Robocon2025_R1/2025R1_ws/install/ps4' for CMake module files
[6.775s] Level 1:colcon.colcon_core.environment:checking '/home/robotics/Robocon2025_R1/2025R1_ws/install/ps4' for CMake config files
[6.776s] Level 1:colcon.colcon_core.environment:checking '/home/robotics/Robocon2025_R1/2025R1_ws/install/ps4/lib'
[6.776s] Level 1:colcon.colcon_core.environment:checking '/home/robotics/Robocon2025_R1/2025R1_ws/install/ps4/bin'
[6.777s] Level 1:colcon.colcon_core.environment:checking '/home/robotics/Robocon2025_R1/2025R1_ws/install/ps4/lib/pkgconfig/ps4.pc'
[6.777s] Level 1:colcon.colcon_core.environment:checking '/home/robotics/Robocon2025_R1/2025R1_ws/install/ps4/lib/python3.12/site-packages'
[6.777s] Level 1:colcon.colcon_core.shell:create_environment_hook('ps4', 'pythonpath')
[6.778s] INFO:colcon.colcon_core.shell:Creating environment hook '/home/robotics/Robocon2025_R1/2025R1_ws/install/ps4/share/ps4/hook/pythonpath.ps1'
[6.779s] INFO:colcon.colcon_core.shell:Creating environment descriptor '/home/robotics/Robocon2025_R1/2025R1_ws/install/ps4/share/ps4/hook/pythonpath.dsv'
[6.781s] INFO:colcon.colcon_core.shell:Creating environment hook '/home/robotics/Robocon2025_R1/2025R1_ws/install/ps4/share/ps4/hook/pythonpath.sh'
[6.783s] Level 1:colcon.colcon_core.environment:checking '/home/robotics/Robocon2025_R1/2025R1_ws/install/ps4/bin'
[6.783s] Level 1:colcon.colcon_core.environment:create_environment_scripts_only(ps4)
[6.784s] INFO:colcon.colcon_core.shell:Creating package script '/home/robotics/Robocon2025_R1/2025R1_ws/install/ps4/share/ps4/package.ps1'
[6.785s] INFO:colcon.colcon_core.shell:Creating package descriptor '/home/robotics/Robocon2025_R1/2025R1_ws/install/ps4/share/ps4/package.dsv'
[6.788s] INFO:colcon.colcon_core.shell:Creating package script '/home/robotics/Robocon2025_R1/2025R1_ws/install/ps4/share/ps4/package.sh'
[6.790s] INFO:colcon.colcon_core.shell:Creating package script '/home/robotics/Robocon2025_R1/2025R1_ws/install/ps4/share/ps4/package.bash'
[6.794s] INFO:colcon.colcon_core.shell:Creating package script '/home/robotics/Robocon2025_R1/2025R1_ws/install/ps4/share/ps4/package.zsh'
[6.796s] Level 1:colcon.colcon_core.environment:create_file_with_runtime_dependencies(/home/robotics/Robocon2025_R1/2025R1_ws/install/ps4/share/colcon-core/packages/ps4)
[6.799s] DEBUG:colcon.colcon_parallel_executor.executor.parallel:closing loop
[6.800s] DEBUG:colcon.colcon_parallel_executor.executor.parallel:loop closed
[6.800s] DEBUG:colcon.colcon_parallel_executor.executor.parallel:run_until_complete finished with '0'
[6.800s] DEBUG:colcon.colcon_core.event_reactor:joining thread
[6.815s] INFO:colcon.colcon_core.plugin_system:Skipping extension 'colcon_notification.desktop_notification.terminal_notifier': Not used on non-Darwin systems
[6.815s] INFO:colcon.colcon_core.plugin_system:Skipping extension 'colcon_notification.desktop_notification.win32': Not used on non-Windows systems
[6.816s] INFO:colcon.colcon_notification.desktop_notification:Sending desktop notification using 'notify2'
[6.862s] DEBUG:colcon.colcon_core.event_reactor:joined thread
[6.863s] INFO:colcon.colcon_core.shell:Creating prefix script '/home/robotics/Robocon2025_R1/2025R1_ws/install/local_setup.ps1'
[6.864s] INFO:colcon.colcon_core.shell:Creating prefix util module '/home/robotics/Robocon2025_R1/2025R1_ws/install/_local_setup_util_ps1.py'
[6.866s] INFO:colcon.colcon_core.shell:Creating prefix chain script '/home/robotics/Robocon2025_R1/2025R1_ws/install/setup.ps1'
[6.869s] INFO:colcon.colcon_core.shell:Creating prefix script '/home/robotics/Robocon2025_R1/2025R1_ws/install/local_setup.sh'
[6.871s] INFO:colcon.colcon_core.shell:Creating prefix util module '/home/robotics/Robocon2025_R1/2025R1_ws/install/_local_setup_util_sh.py'
[6.873s] INFO:colcon.colcon_core.shell:Creating prefix chain script '/home/robotics/Robocon2025_R1/2025R1_ws/install/setup.sh'
[6.874s] INFO:colcon.colcon_core.shell:Creating prefix script '/home/robotics/Robocon2025_R1/2025R1_ws/install/local_setup.bash'
[6.877s] INFO:colcon.colcon_core.shell:Creating prefix chain script '/home/robotics/Robocon2025_R1/2025R1_ws/install/setup.bash'
[6.879s] INFO:colcon.colcon_core.shell:Creating prefix script '/home/robotics/Robocon2025_R1/2025R1_ws/install/local_setup.zsh'
[6.881s] INFO:colcon.colcon_core.shell:Creating prefix chain script '/home/robotics/Robocon2025_R1/2025R1_ws/install/setup.zsh'
