[2.441s] Invoking command in '/home/robotics/Robocon2025_R1/2025R1_ws/build/damiao': DEBUGINFOD_URLS=https://debuginfod.ubuntu.com PS1=(venv) PYTHONPATH=/home/robotics/Robocon2025_R1/2025R1_ws/build/damiao/prefix_override:/usr/lib/python3/dist-packages/colcon_core/task/python/colcon_distutils_commands:/home/robotics/Robocon2025_R1/2025R1_ws/install/damiao/lib/python3.12/site-packages:${PYTHONPATH} /usr/bin/python3 -W ignore:setup.py install is deprecated -W ignore:easy_install command is deprecated setup.py develop --editable --build-directory /home/robotics/Robocon2025_R1/2025R1_ws/build/damiao/build --no-deps symlink_data --force
[3.178s] running develop
[3.580s] /usr/lib/python3/dist-packages/setuptools/command/easy_install.py:363: UserWarning: Unbuilt egg for pytest-repeat [unknown version] (/usr/lib/python3/dist-packages)
[3.580s]   self.local_index = Environment(self.shadow_path + sys.path)
[3.639s] running egg_info
[3.671s] writing damiao.egg-info/PKG-INFO
[3.672s] writing dependency_links to damiao.egg-info/dependency_links.txt
[3.672s] writing entry points to damiao.egg-info/entry_points.txt
[3.673s] writing requirements to damiao.egg-info/requires.txt
[3.674s] writing top-level names to damiao.egg-info/top_level.txt
[3.743s] reading manifest file 'damiao.egg-info/SOURCES.txt'
[3.743s] writing manifest file 'damiao.egg-info/SOURCES.txt'
[3.774s] running build_ext
[3.775s] Creating /home/robotics/Robocon2025_R1/2025R1_ws/install/damiao/lib/python3.12/site-packages/damiao.egg-link (link to .)
[3.776s] Installing damiao_node script to /home/robotics/Robocon2025_R1/2025R1_ws/install/damiao/lib/damiao
[3.776s] 
[3.776s] Installed /home/robotics/Robocon2025_R1/2025R1_ws/build/damiao
[3.777s] running symlink_data
[3.777s] symbolically linking /home/robotics/Robocon2025_R1/2025R1_ws/build/damiao/resource/damiao -> /home/robotics/Robocon2025_R1/2025R1_ws/install/damiao/share/ament_index/resource_index/packages
[3.778s] symbolically linking /home/robotics/Robocon2025_R1/2025R1_ws/build/damiao/package.xml -> /home/robotics/Robocon2025_R1/2025R1_ws/install/damiao/share/damiao
[3.965s] Invoked command in '/home/robotics/Robocon2025_R1/2025R1_ws/build/damiao' returned '0': DEBUGINFOD_URLS=https://debuginfod.ubuntu.com PS1=(venv) PYTHONPATH=/home/robotics/Robocon2025_R1/2025R1_ws/build/damiao/prefix_override:/usr/lib/python3/dist-packages/colcon_core/task/python/colcon_distutils_commands:/home/robotics/Robocon2025_R1/2025R1_ws/install/damiao/lib/python3.12/site-packages:${PYTHONPATH} /usr/bin/python3 -W ignore:setup.py install is deprecated -W ignore:easy_install command is deprecated setup.py develop --editable --build-directory /home/robotics/Robocon2025_R1/2025R1_ws/build/damiao/build --no-deps symlink_data --force
