[2.096s] Invoking command in '/home/robotics/Robocon2025_R1/2025R1_ws/build/navigation': DEBUGINFOD_URLS=https://debuginfod.ubuntu.com PS1=(venv) PYTHONPATH=/home/robotics/Robocon2025_R1/2025R1_ws/build/navigation/prefix_override:/usr/lib/python3/dist-packages/colcon_core/task/python/colcon_distutils_commands:/home/robotics/Robocon2025_R1/2025R1_ws/install/navigation/lib/python3.12/site-packages:${PYTHONPATH} /usr/bin/python3 -W ignore:setup.py install is deprecated -W ignore:easy_install command is deprecated setup.py develop --editable --build-directory /home/robotics/Robocon2025_R1/2025R1_ws/build/navigation/build --no-deps symlink_data
[2.622s] running develop
[2.861s] /usr/lib/python3/dist-packages/setuptools/command/easy_install.py:363: UserWarning: Unbuilt egg for pytest-repeat [unknown version] (/usr/lib/python3/dist-packages)
[2.861s]   self.local_index = Environment(self.shadow_path + sys.path)
[2.912s] running egg_info
[2.938s] writing navigation.egg-info/PKG-INFO
[2.939s] writing dependency_links to navigation.egg-info/dependency_links.txt
[2.940s] writing entry points to navigation.egg-info/entry_points.txt
[2.941s] writing requirements to navigation.egg-info/requires.txt
[2.941s] writing top-level names to navigation.egg-info/top_level.txt
[3.000s] reading manifest file 'navigation.egg-info/SOURCES.txt'
[3.001s] writing manifest file 'navigation.egg-info/SOURCES.txt'
[3.038s] running build_ext
[3.039s] Creating /home/robotics/Robocon2025_R1/2025R1_ws/install/navigation/lib/python3.12/site-packages/navigation.egg-link (link to .)
[3.041s] Installing active_caster_node script to /home/robotics/Robocon2025_R1/2025R1_ws/install/navigation/lib/navigation
[3.042s] Installing degree_reader script to /home/robotics/Robocon2025_R1/2025R1_ws/install/navigation/lib/navigation
[3.046s] Installing navigation_node script to /home/robotics/Robocon2025_R1/2025R1_ws/install/navigation/lib/navigation
[3.046s] 
[3.047s] Installed /home/robotics/Robocon2025_R1/2025R1_ws/build/navigation
[3.047s] running symlink_data
[3.213s] Invoked command in '/home/robotics/Robocon2025_R1/2025R1_ws/build/navigation' returned '0': DEBUGINFOD_URLS=https://debuginfod.ubuntu.com PS1=(venv) PYTHONPATH=/home/robotics/Robocon2025_R1/2025R1_ws/build/navigation/prefix_override:/usr/lib/python3/dist-packages/colcon_core/task/python/colcon_distutils_commands:/home/robotics/Robocon2025_R1/2025R1_ws/install/navigation/lib/python3.12/site-packages:${PYTHONPATH} /usr/bin/python3 -W ignore:setup.py install is deprecated -W ignore:easy_install command is deprecated setup.py develop --editable --build-directory /home/robotics/Robocon2025_R1/2025R1_ws/build/navigation/build --no-deps symlink_data
