[2.385s] Invoking command in '/home/robotics/Robocon2025_R1/2025R1_ws/src/active_caster': DEBUGINFOD_URLS=https://debuginfod.ubuntu.com PS1=(venv) \[\e]0;\u@\h: \w\a\]${debian_chroot:+($debian_chroot)}\u@\h:\w\$ PYTHONPATH=/home/robotics/Robocon2025_R1/2025R1_ws/build/active_caster/prefix_override:/usr/lib/python3/dist-packages/colcon_core/task/python/colcon_distutils_commands:/home/robotics/Robocon2025_R1/2025R1_ws/install/active_caster/lib/python3.12/site-packages:${PYTHONPATH} VIRTUAL_ENV_PROMPT=(venv) /usr/bin/python3 -W ignore:setup.py install is deprecated -W ignore:easy_install command is deprecated setup.py egg_info --egg-base ../../build/active_caster build --build-base /home/robotics/Robocon2025_R1/2025R1_ws/build/active_caster/build install --record /home/robotics/Robocon2025_R1/2025R1_ws/build/active_caster/install.log --single-version-externally-managed install_data
[2.996s] running egg_info
[3.032s] writing ../../build/active_caster/active_caster.egg-info/PKG-INFO
[3.033s] writing dependency_links to ../../build/active_caster/active_caster.egg-info/dependency_links.txt
[3.034s] writing entry points to ../../build/active_caster/active_caster.egg-info/entry_points.txt
[3.035s] writing requirements to ../../build/active_caster/active_caster.egg-info/requires.txt
[3.037s] writing top-level names to ../../build/active_caster/active_caster.egg-info/top_level.txt
[3.100s] reading manifest file '../../build/active_caster/active_caster.egg-info/SOURCES.txt'
[3.100s] adding license file 'LICENSE'
[3.101s] writing manifest file '../../build/active_caster/active_caster.egg-info/SOURCES.txt'
[3.102s] running build
[3.102s] running build_py
[3.107s] running install
[3.122s] running install_lib
[3.149s] running install_data
[3.150s] running install_egg_info
[3.185s] removing '/home/robotics/Robocon2025_R1/2025R1_ws/install/active_caster/lib/python3.12/site-packages/active_caster-0.0.0-py3.12.egg-info' (and everything under it)
[3.186s] Copying ../../build/active_caster/active_caster.egg-info to /home/robotics/Robocon2025_R1/2025R1_ws/install/active_caster/lib/python3.12/site-packages/active_caster-0.0.0-py3.12.egg-info
[3.188s] running install_scripts
[3.406s] Installing damiao_node script to /home/robotics/Robocon2025_R1/2025R1_ws/install/active_caster/lib/active_caster
[3.406s] Installing vesc_node script to /home/robotics/Robocon2025_R1/2025R1_ws/install/active_caster/lib/active_caster
[3.407s] writing list of installed files to '/home/robotics/Robocon2025_R1/2025R1_ws/build/active_caster/install.log'
[3.542s] Invoked command in '/home/robotics/Robocon2025_R1/2025R1_ws/src/active_caster' returned '0': DEBUGINFOD_URLS=https://debuginfod.ubuntu.com PS1=(venv) \[\e]0;\u@\h: \w\a\]${debian_chroot:+($debian_chroot)}\u@\h:\w\$ PYTHONPATH=/home/robotics/Robocon2025_R1/2025R1_ws/build/active_caster/prefix_override:/usr/lib/python3/dist-packages/colcon_core/task/python/colcon_distutils_commands:/home/robotics/Robocon2025_R1/2025R1_ws/install/active_caster/lib/python3.12/site-packages:${PYTHONPATH} VIRTUAL_ENV_PROMPT=(venv) /usr/bin/python3 -W ignore:setup.py install is deprecated -W ignore:easy_install command is deprecated setup.py egg_info --egg-base ../../build/active_caster build --build-base /home/robotics/Robocon2025_R1/2025R1_ws/build/active_caster/build install --record /home/robotics/Robocon2025_R1/2025R1_ws/build/active_caster/install.log --single-version-externally-managed install_data
