[1.757s] Invoking command in '/home/robotics/Robocon2025_R1/2025R1_ws/src/joystick_driver': DEBUGINFOD_URLS=https://debuginfod.ubuntu.com PS1=(venv) \[\e]0;\u@\h: \w\a\]${debian_chroot:+($debian_chroot)}\u@\h:\w\$ PYTHONPATH=/home/robotics/Robocon2025_R1/2025R1_ws/build/joystick_driver/prefix_override:/usr/lib/python3/dist-packages/colcon_core/task/python/colcon_distutils_commands:/home/robotics/Robocon2025_R1/2025R1_ws/install/joystick_driver/lib/python3.12/site-packages:/home/robotics/Robocon2025_R1/2025R1_ws/install/joystick_msgs/lib/python3.12/site-packages:/home/robotics/Robocon2025_R1/2025R1_ws/install/navigation/lib/python3.12/site-packages:/home/robotics/Robocon2025_R1/2025R1_ws/install/joystick_driver/lib/python3.12/site-packages:/home/robotics/Robocon2025_R1/2025R1_ws/install/data_monitor/lib/python3.12/site-packages:/home/robotics/Robocon2025_R1/2025R1_ws/install/active_caster/lib/python3.12/site-packages:/opt/ros/jazzy/lib/python3.12/site-packages VIRTUAL_ENV_PROMPT=(venv) /usr/bin/python3 -W ignore:setup.py install is deprecated -W ignore:easy_install command is deprecated setup.py egg_info --egg-base ../../build/joystick_driver build --build-base /home/robotics/Robocon2025_R1/2025R1_ws/build/joystick_driver/build install --record /home/robotics/Robocon2025_R1/2025R1_ws/build/joystick_driver/install.log --single-version-externally-managed install_data
[2.254s] running egg_info
[2.284s] writing ../../build/joystick_driver/joystick_driver.egg-info/PKG-INFO
[2.285s] writing dependency_links to ../../build/joystick_driver/joystick_driver.egg-info/dependency_links.txt
[2.286s] writing entry points to ../../build/joystick_driver/joystick_driver.egg-info/entry_points.txt
[2.286s] writing requirements to ../../build/joystick_driver/joystick_driver.egg-info/requires.txt
[2.287s] writing top-level names to ../../build/joystick_driver/joystick_driver.egg-info/top_level.txt
[2.349s] reading manifest file '../../build/joystick_driver/joystick_driver.egg-info/SOURCES.txt'
[2.350s] writing manifest file '../../build/joystick_driver/joystick_driver.egg-info/SOURCES.txt'
[2.351s] running build
[2.351s] running build_py
[2.351s] running install
[2.360s] running install_lib
[2.387s] running install_data
[2.388s] running install_egg_info
[2.416s] removing '/home/robotics/Robocon2025_R1/2025R1_ws/install/joystick_driver/lib/python3.12/site-packages/joystick_driver-0.1.0-py3.12.egg-info' (and everything under it)
[2.416s] Copying ../../build/joystick_driver/joystick_driver.egg-info to /home/robotics/Robocon2025_R1/2025R1_ws/install/joystick_driver/lib/python3.12/site-packages/joystick_driver-0.1.0-py3.12.egg-info
[2.417s] running install_scripts
[2.609s] Installing joystick_node script to /home/robotics/Robocon2025_R1/2025R1_ws/install/joystick_driver/lib/joystick_driver
[2.609s] writing list of installed files to '/home/robotics/Robocon2025_R1/2025R1_ws/build/joystick_driver/install.log'
[2.686s] Invoked command in '/home/robotics/Robocon2025_R1/2025R1_ws/src/joystick_driver' returned '0': DEBUGINFOD_URLS=https://debuginfod.ubuntu.com PS1=(venv) \[\e]0;\u@\h: \w\a\]${debian_chroot:+($debian_chroot)}\u@\h:\w\$ PYTHONPATH=/home/robotics/Robocon2025_R1/2025R1_ws/build/joystick_driver/prefix_override:/usr/lib/python3/dist-packages/colcon_core/task/python/colcon_distutils_commands:/home/robotics/Robocon2025_R1/2025R1_ws/install/joystick_driver/lib/python3.12/site-packages:/home/robotics/Robocon2025_R1/2025R1_ws/install/joystick_msgs/lib/python3.12/site-packages:/home/robotics/Robocon2025_R1/2025R1_ws/install/navigation/lib/python3.12/site-packages:/home/robotics/Robocon2025_R1/2025R1_ws/install/joystick_driver/lib/python3.12/site-packages:/home/robotics/Robocon2025_R1/2025R1_ws/install/data_monitor/lib/python3.12/site-packages:/home/robotics/Robocon2025_R1/2025R1_ws/install/active_caster/lib/python3.12/site-packages:/opt/ros/jazzy/lib/python3.12/site-packages VIRTUAL_ENV_PROMPT=(venv) /usr/bin/python3 -W ignore:setup.py install is deprecated -W ignore:easy_install command is deprecated setup.py egg_info --egg-base ../../build/joystick_driver build --build-base /home/robotics/Robocon2025_R1/2025R1_ws/build/joystick_driver/build install --record /home/robotics/Robocon2025_R1/2025R1_ws/build/joystick_driver/install.log --single-version-externally-managed install_data
