[0.104s] Invoking command in '/home/robotics/Robocon2025_R1/2025R1_ws/build/joystick_msgs': CMAKE_PREFIX_PATH=${CMAKE_PREFIX_PATH}:/home/robotics/Robocon2025_R1/2025R1_ws/install/ps4:/home/robotics/Robocon2025_R1/2025R1_ws/install/navigation:/home/robotics/Robocon2025_R1/2025R1_ws/install/joystick_driver:/home/robotics/Robocon2025_R1/2025R1_ws/install/data_monitor:/home/robotics/Robocon2025_R1/2025R1_ws/install/damiao:/home/robotics/Robocon2025_R1/2025R1_ws/install/active_caster:/opt/ros/jazzy DEBUGINFOD_URLS=https://debuginfod.ubuntu.com PS1=(venv) VIRTUAL_ENV_PROMPT=(venv) /usr/bin/cmake /home/robotics/Robocon2025_R1/2025R1_ws/src/joystick_msgs -DAMENT_CMAKE_SYMLINK_INSTALL=1 -DCMAKE_INSTALL_PREFIX=/home/robotics/Robocon2025_R1/2025R1_ws/install/joystick_msgs
[1.286s] -- Found ament_cmake: 2.5.4 (/opt/ros/jazzy/share/ament_cmake/cmake)
[1.286s] -- Found Python3: /usr/bin/python3 (found version "3.12.3") found components: Interpreter 
[1.287s] -- Override CMake install command with custom implementation using symlinks instead of copying resources
[1.287s] -- Found rclcpp: 28.1.9 (/opt/ros/jazzy/share/rclcpp/cmake)
[1.287s] -- Found rosidl_generator_c: 4.6.5 (/opt/ros/jazzy/share/rosidl_generator_c/cmake)
[1.288s] -- Found rosidl_generator_cpp: 4.6.5 (/opt/ros/jazzy/share/rosidl_generator_cpp/cmake)
[1.288s] -- Using all available rosidl_typesupport_c: rosidl_typesupport_fastrtps_c;rosidl_typesupport_introspection_c
[1.288s] -- Using all available rosidl_typesupport_cpp: rosidl_typesupport_fastrtps_cpp;rosidl_typesupport_introspection_cpp
[1.288s] -- Found rmw_implementation_cmake: 7.3.2 (/opt/ros/jazzy/share/rmw_implementation_cmake/cmake)
[1.288s] -- Found rmw_fastrtps_cpp: 8.4.2 (/opt/ros/jazzy/share/rmw_fastrtps_cpp/cmake)
[1.482s] -- Found OpenSSL: /usr/lib/aarch64-linux-gnu/libcrypto.so (found version "3.0.13")  
[1.537s] -- Found FastRTPS: /opt/ros/jazzy/include (Required is at least version "2.13") 
[1.604s] -- Using RMW implementation 'rmw_fastrtps_cpp' as default
[1.840s] -- Found std_msgs: 5.3.6 (/opt/ros/jazzy/share/std_msgs/cmake)
[1.874s] -- Found ament_lint_auto: 0.17.2 (/opt/ros/jazzy/share/ament_lint_auto/cmake)
[2.356s] -- Added test 'lint_cmake' to check CMake code style
[2.372s] -- Added test 'xmllint' to check XML markup files
[2.400s] -- Configuring done (2.1s)
[2.491s] -- Generating done (0.0s)
[2.536s] -- Build files have been written to: /home/robotics/Robocon2025_R1/2025R1_ws/build/joystick_msgs
[2.591s] Invoked command in '/home/robotics/Robocon2025_R1/2025R1_ws/build/joystick_msgs' returned '0': CMAKE_PREFIX_PATH=${CMAKE_PREFIX_PATH}:/home/robotics/Robocon2025_R1/2025R1_ws/install/ps4:/home/robotics/Robocon2025_R1/2025R1_ws/install/navigation:/home/robotics/Robocon2025_R1/2025R1_ws/install/joystick_driver:/home/robotics/Robocon2025_R1/2025R1_ws/install/data_monitor:/home/robotics/Robocon2025_R1/2025R1_ws/install/damiao:/home/robotics/Robocon2025_R1/2025R1_ws/install/active_caster:/opt/ros/jazzy DEBUGINFOD_URLS=https://debuginfod.ubuntu.com PS1=(venv) VIRTUAL_ENV_PROMPT=(venv) /usr/bin/cmake /home/robotics/Robocon2025_R1/2025R1_ws/src/joystick_msgs -DAMENT_CMAKE_SYMLINK_INSTALL=1 -DCMAKE_INSTALL_PREFIX=/home/robotics/Robocon2025_R1/2025R1_ws/install/joystick_msgs
[2.592s] Invoking command in '/home/robotics/Robocon2025_R1/2025R1_ws/build/joystick_msgs': CMAKE_PREFIX_PATH=${CMAKE_PREFIX_PATH}:/home/robotics/Robocon2025_R1/2025R1_ws/install/ps4:/home/robotics/Robocon2025_R1/2025R1_ws/install/navigation:/home/robotics/Robocon2025_R1/2025R1_ws/install/joystick_driver:/home/robotics/Robocon2025_R1/2025R1_ws/install/data_monitor:/home/robotics/Robocon2025_R1/2025R1_ws/install/damiao:/home/robotics/Robocon2025_R1/2025R1_ws/install/active_caster:/opt/ros/jazzy DEBUGINFOD_URLS=https://debuginfod.ubuntu.com PS1=(venv) VIRTUAL_ENV_PROMPT=(venv) /usr/bin/cmake --build /home/robotics/Robocon2025_R1/2025R1_ws/build/joystick_msgs -- -j4 -l4
[2.786s] Invoked command in '/home/robotics/Robocon2025_R1/2025R1_ws/build/joystick_msgs' returned '0': CMAKE_PREFIX_PATH=${CMAKE_PREFIX_PATH}:/home/robotics/Robocon2025_R1/2025R1_ws/install/ps4:/home/robotics/Robocon2025_R1/2025R1_ws/install/navigation:/home/robotics/Robocon2025_R1/2025R1_ws/install/joystick_driver:/home/robotics/Robocon2025_R1/2025R1_ws/install/data_monitor:/home/robotics/Robocon2025_R1/2025R1_ws/install/damiao:/home/robotics/Robocon2025_R1/2025R1_ws/install/active_caster:/opt/ros/jazzy DEBUGINFOD_URLS=https://debuginfod.ubuntu.com PS1=(venv) VIRTUAL_ENV_PROMPT=(venv) /usr/bin/cmake --build /home/robotics/Robocon2025_R1/2025R1_ws/build/joystick_msgs -- -j4 -l4
[2.819s] Invoking command in '/home/robotics/Robocon2025_R1/2025R1_ws/build/joystick_msgs': CMAKE_PREFIX_PATH=${CMAKE_PREFIX_PATH}:/home/robotics/Robocon2025_R1/2025R1_ws/install/ps4:/home/robotics/Robocon2025_R1/2025R1_ws/install/navigation:/home/robotics/Robocon2025_R1/2025R1_ws/install/joystick_driver:/home/robotics/Robocon2025_R1/2025R1_ws/install/data_monitor:/home/robotics/Robocon2025_R1/2025R1_ws/install/damiao:/home/robotics/Robocon2025_R1/2025R1_ws/install/active_caster:/opt/ros/jazzy DEBUGINFOD_URLS=https://debuginfod.ubuntu.com PS1=(venv) VIRTUAL_ENV_PROMPT=(venv) /usr/bin/cmake --install /home/robotics/Robocon2025_R1/2025R1_ws/build/joystick_msgs
[2.844s] -- Install configuration: ""
[2.845s] -- Execute custom install script
[2.846s] -- Symlinking: /home/robotics/Robocon2025_R1/2025R1_ws/install/joystick_msgs/share/ament_index/resource_index/package_run_dependencies/joystick_msgs
[2.878s] -- Symlinking: /home/robotics/Robocon2025_R1/2025R1_ws/install/joystick_msgs/share/ament_index/resource_index/parent_prefix_path/joystick_msgs
[2.944s] -- Symlinking: /home/robotics/Robocon2025_R1/2025R1_ws/install/joystick_msgs/share/joystick_msgs/environment/ament_prefix_path.sh
[3.004s] -- Symlinking: /home/robotics/Robocon2025_R1/2025R1_ws/install/joystick_msgs/share/joystick_msgs/environment/ament_prefix_path.dsv
[3.051s] -- Symlinking: /home/robotics/Robocon2025_R1/2025R1_ws/install/joystick_msgs/share/joystick_msgs/environment/path.sh
[3.103s] -- Symlinking: /home/robotics/Robocon2025_R1/2025R1_ws/install/joystick_msgs/share/joystick_msgs/environment/path.dsv
[3.124s] -- Symlinking: /home/robotics/Robocon2025_R1/2025R1_ws/install/joystick_msgs/share/joystick_msgs/local_setup.bash
[3.157s] -- Symlinking: /home/robotics/Robocon2025_R1/2025R1_ws/install/joystick_msgs/share/joystick_msgs/local_setup.sh
[3.189s] -- Symlinking: /home/robotics/Robocon2025_R1/2025R1_ws/install/joystick_msgs/share/joystick_msgs/local_setup.zsh
[3.208s] -- Symlinking: /home/robotics/Robocon2025_R1/2025R1_ws/install/joystick_msgs/share/joystick_msgs/local_setup.dsv
[3.248s] -- Symlinking: /home/robotics/Robocon2025_R1/2025R1_ws/install/joystick_msgs/share/joystick_msgs/package.dsv
[3.292s] -- Symlinking: /home/robotics/Robocon2025_R1/2025R1_ws/install/joystick_msgs/share/ament_index/resource_index/packages/joystick_msgs
[3.323s] -- Symlinking: /home/robotics/Robocon2025_R1/2025R1_ws/install/joystick_msgs/share/joystick_msgs/cmake/joystick_msgsConfig.cmake
[3.367s] -- Symlinking: /home/robotics/Robocon2025_R1/2025R1_ws/install/joystick_msgs/share/joystick_msgs/cmake/joystick_msgsConfig-version.cmake
[3.385s] -- Symlinking: /home/robotics/Robocon2025_R1/2025R1_ws/install/joystick_msgs/share/joystick_msgs/package.xml
[3.406s] Invoked command in '/home/robotics/Robocon2025_R1/2025R1_ws/build/joystick_msgs' returned '0': CMAKE_PREFIX_PATH=${CMAKE_PREFIX_PATH}:/home/robotics/Robocon2025_R1/2025R1_ws/install/ps4:/home/robotics/Robocon2025_R1/2025R1_ws/install/navigation:/home/robotics/Robocon2025_R1/2025R1_ws/install/joystick_driver:/home/robotics/Robocon2025_R1/2025R1_ws/install/data_monitor:/home/robotics/Robocon2025_R1/2025R1_ws/install/damiao:/home/robotics/Robocon2025_R1/2025R1_ws/install/active_caster:/opt/ros/jazzy DEBUGINFOD_URLS=https://debuginfod.ubuntu.com PS1=(venv) VIRTUAL_ENV_PROMPT=(venv) /usr/bin/cmake --install /home/robotics/Robocon2025_R1/2025R1_ws/build/joystick_msgs
