[2.220s] Invoking command in '/home/robotics/Robocon2025_R1/2025R1_ws/src/data_monitor': DEBUGINFOD_URLS=https://debuginfod.ubuntu.com PS1=(venv) \[\e]0;\u@\h: \w\a\]${debian_chroot:+($debian_chroot)}\u@\h:\w\$ PYTHONPATH=/home/robotics/Robocon2025_R1/2025R1_ws/build/data_monitor/prefix_override:/usr/lib/python3/dist-packages/colcon_core/task/python/colcon_distutils_commands:/home/robotics/Robocon2025_R1/2025R1_ws/install/data_monitor/lib/python3.12/site-packages:${PYTHONPATH} VIRTUAL_ENV_PROMPT=(venv) /usr/bin/python3 -W ignore:setup.py install is deprecated -W ignore:easy_install command is deprecated setup.py egg_info --egg-base ../../build/data_monitor build --build-base /home/robotics/Robocon2025_R1/2025R1_ws/build/data_monitor/build install --record /home/robotics/Robocon2025_R1/2025R1_ws/build/data_monitor/install.log --single-version-externally-managed install_data
[2.686s] running egg_info
[2.724s] writing ../../build/data_monitor/data_monitor.egg-info/PKG-INFO
[2.725s] writing dependency_links to ../../build/data_monitor/data_monitor.egg-info/dependency_links.txt
[2.726s] writing entry points to ../../build/data_monitor/data_monitor.egg-info/entry_points.txt
[2.727s] writing requirements to ../../build/data_monitor/data_monitor.egg-info/requires.txt
[2.728s] writing top-level names to ../../build/data_monitor/data_monitor.egg-info/top_level.txt
[2.799s] reading manifest file '../../build/data_monitor/data_monitor.egg-info/SOURCES.txt'
[2.800s] writing manifest file '../../build/data_monitor/data_monitor.egg-info/SOURCES.txt'
[2.800s] running build
[2.800s] running build_py
[2.800s] running install
[2.810s] running install_lib
[2.843s] running install_data
[2.844s] running install_egg_info
[2.878s] removing '/home/robotics/Robocon2025_R1/2025R1_ws/install/data_monitor/lib/python3.12/site-packages/data_monitor-0.0.0-py3.12.egg-info' (and everything under it)
[2.878s] Copying ../../build/data_monitor/data_monitor.egg-info to /home/robotics/Robocon2025_R1/2025R1_ws/install/data_monitor/lib/python3.12/site-packages/data_monitor-0.0.0-py3.12.egg-info
[2.880s] running install_scripts
[3.101s] Installing data_sender script to /home/robotics/Robocon2025_R1/2025R1_ws/install/data_monitor/lib/data_monitor
[3.101s] writing list of installed files to '/home/robotics/Robocon2025_R1/2025R1_ws/build/data_monitor/install.log'
[3.215s] Invoked command in '/home/robotics/Robocon2025_R1/2025R1_ws/src/data_monitor' returned '0': DEBUGINFOD_URLS=https://debuginfod.ubuntu.com PS1=(venv) \[\e]0;\u@\h: \w\a\]${debian_chroot:+($debian_chroot)}\u@\h:\w\$ PYTHONPATH=/home/robotics/Robocon2025_R1/2025R1_ws/build/data_monitor/prefix_override:/usr/lib/python3/dist-packages/colcon_core/task/python/colcon_distutils_commands:/home/robotics/Robocon2025_R1/2025R1_ws/install/data_monitor/lib/python3.12/site-packages:${PYTHONPATH} VIRTUAL_ENV_PROMPT=(venv) /usr/bin/python3 -W ignore:setup.py install is deprecated -W ignore:easy_install command is deprecated setup.py egg_info --egg-base ../../build/data_monitor build --build-base /home/robotics/Robocon2025_R1/2025R1_ws/build/data_monitor/build install --record /home/robotics/Robocon2025_R1/2025R1_ws/build/data_monitor/install.log --single-version-externally-managed install_data
