[2.124s] Invoking command in '/home/robotics/Robocon2025_R1/2025R1_ws/build/navigation': DEBUGINFOD_URLS=https://debuginfod.ubuntu.com PS1=(venv) PYTHONPATH=/home/robotics/Robocon2025_R1/2025R1_ws/build/navigation/prefix_override:/usr/lib/python3/dist-packages/colcon_core/task/python/colcon_distutils_commands:/home/robotics/Robocon2025_R1/2025R1_ws/install/navigation/lib/python3.12/site-packages:${PYTHONPATH} /usr/bin/python3 -W ignore:setup.py install is deprecated -W ignore:easy_install command is deprecated setup.py develop --editable --build-directory /home/robotics/Robocon2025_R1/2025R1_ws/build/navigation/build --no-deps symlink_data
[2.658s] running develop
[2.902s] /usr/lib/python3/dist-packages/setuptools/command/easy_install.py:363: UserWarning: Unbuilt egg for pytest-repeat [unknown version] (/usr/lib/python3/dist-packages)
[2.902s]   self.local_index = Environment(self.shadow_path + sys.path)
[2.951s] running egg_info
[2.977s] writing navigation.egg-info/PKG-INFO
[2.977s] writing dependency_links to navigation.egg-info/dependency_links.txt
[2.978s] writing entry points to navigation.egg-info/entry_points.txt
[2.979s] writing requirements to navigation.egg-info/requires.txt
[2.980s] writing top-level names to navigation.egg-info/top_level.txt
[3.041s] reading manifest file 'navigation.egg-info/SOURCES.txt'
[3.042s] writing manifest file 'navigation.egg-info/SOURCES.txt'
[3.073s] running build_ext
[3.073s] Creating /home/robotics/Robocon2025_R1/2025R1_ws/install/navigation/lib/python3.12/site-packages/navigation.egg-link (link to .)
[3.074s] Installing active_caster_node script to /home/robotics/Robocon2025_R1/2025R1_ws/install/navigation/lib/navigation
[3.074s] Installing navigation_node script to /home/robotics/Robocon2025_R1/2025R1_ws/install/navigation/lib/navigation
[3.074s] Installing read_degree_node script to /home/robotics/Robocon2025_R1/2025R1_ws/install/navigation/lib/navigation
[3.075s] 
[3.075s] Installed /home/robotics/Robocon2025_R1/2025R1_ws/build/navigation
[3.076s] running symlink_data
[3.213s] Invoked command in '/home/robotics/Robocon2025_R1/2025R1_ws/build/navigation' returned '0': DEBUGINFOD_URLS=https://debuginfod.ubuntu.com PS1=(venv) PYTHONPATH=/home/robotics/Robocon2025_R1/2025R1_ws/build/navigation/prefix_override:/usr/lib/python3/dist-packages/colcon_core/task/python/colcon_distutils_commands:/home/robotics/Robocon2025_R1/2025R1_ws/install/navigation/lib/python3.12/site-packages:${PYTHONPATH} /usr/bin/python3 -W ignore:setup.py install is deprecated -W ignore:easy_install command is deprecated setup.py develop --editable --build-directory /home/robotics/Robocon2025_R1/2025R1_ws/build/navigation/build --no-deps symlink_data
