[0.154s] DEBUG:colcon:Command line arguments: ['/usr/bin/colcon', 'build', '--symlink-install']
[0.154s] DEBUG:colcon:Parsed command line arguments: Namespace(log_base=None, log_level=None, verb_name='build', build_base='build', install_base='install', merge_install=False, symlink_install=True, test_result_base=None, continue_on_error=False, executor='parallel', parallel_workers=4, event_handlers=None, ignore_user_meta=False, metas=['./colcon.meta'], base_paths=['.'], packages_ignore=None, packages_ignore_regex=None, paths=None, packages_up_to=None, packages_up_to_regex=None, packages_above=None, packages_above_and_dependencies=None, packages_above_depth=None, packages_select_by_dep=None, packages_skip_by_dep=None, packages_skip_up_to=None, packages_select_build_failed=False, packages_skip_build_finished=False, packages_select_test_failures=False, packages_skip_test_passed=False, packages_select=None, packages_skip=None, packages_select_regex=None, packages_skip_regex=None, packages_start=None, packages_end=None, allow_overriding=[], cmake_args=None, cmake_target=None, cmake_target_skip_unavailable=False, cmake_clean_cache=False, cmake_clean_first=False, cmake_force_configure=False, ament_cmake_args=None, catkin_cmake_args=None, catkin_skip_building_tests=False, mixin_files=None, mixin=None, verb_parser=<colcon_mixin.mixin.mixin_argument.MixinArgumentDecorator object at 0xffff8ac4e840>, verb_extension=<colcon_core.verb.build.BuildVerb object at 0xffff8adbed80>, main=<bound method BuildVerb.main of <colcon_core.verb.build.BuildVerb object at 0xffff8adbed80>>, mixin_verb=('build',))
[0.210s] Level 1:colcon.colcon_core.package_discovery:discover_packages(colcon_meta) check parameters
[0.210s] Level 1:colcon.colcon_core.package_discovery:discover_packages(recursive) check parameters
[0.210s] Level 1:colcon.colcon_core.package_discovery:discover_packages(ignore) check parameters
[0.210s] Level 1:colcon.colcon_core.package_discovery:discover_packages(path) check parameters
[0.210s] Level 1:colcon.colcon_core.package_discovery:discover_packages(colcon_meta) discover
[0.210s] Level 1:colcon.colcon_core.package_discovery:discover_packages(recursive) discover
[0.210s] INFO:colcon.colcon_core.package_discovery:Crawling recursively for packages in '/home/robotics/Robocon2025_R1/2025R1_ws'
[0.210s] Level 1:colcon.colcon_core.package_identification:_identify(.) by extensions ['ignore', 'ignore_ament_install']
[0.210s] Level 1:colcon.colcon_core.package_identification:_identify(.) by extension 'ignore'
[0.210s] Level 1:colcon.colcon_core.package_identification:_identify(.) by extension 'ignore_ament_install'
[0.211s] Level 1:colcon.colcon_core.package_identification:_identify(.) by extensions ['colcon_pkg']
[0.211s] Level 1:colcon.colcon_core.package_identification:_identify(.) by extension 'colcon_pkg'
[0.211s] Level 1:colcon.colcon_core.package_identification:_identify(.) by extensions ['colcon_meta']
[0.211s] Level 1:colcon.colcon_core.package_identification:_identify(.) by extension 'colcon_meta'
[0.211s] Level 1:colcon.colcon_core.package_identification:_identify(.) by extensions ['ros']
[0.211s] Level 1:colcon.colcon_core.package_identification:_identify(.) by extension 'ros'
[0.250s] Level 1:colcon.colcon_core.package_identification:_identify(.) by extensions ['cmake', 'python']
[0.250s] Level 1:colcon.colcon_core.package_identification:_identify(.) by extension 'cmake'
[0.250s] Level 1:colcon.colcon_core.package_identification:_identify(.) by extension 'python'
[0.250s] Level 1:colcon.colcon_core.package_identification:_identify(.) by extensions ['python_setup_py']
[0.250s] Level 1:colcon.colcon_core.package_identification:_identify(.) by extension 'python_setup_py'
[0.251s] Level 1:colcon.colcon_core.package_identification:_identify(build) by extensions ['ignore', 'ignore_ament_install']
[0.251s] Level 1:colcon.colcon_core.package_identification:_identify(build) by extension 'ignore'
[0.251s] Level 1:colcon.colcon_core.package_identification:_identify(build) ignored
[0.251s] Level 1:colcon.colcon_core.package_identification:_identify(install) by extensions ['ignore', 'ignore_ament_install']
[0.251s] Level 1:colcon.colcon_core.package_identification:_identify(install) by extension 'ignore'
[0.251s] Level 1:colcon.colcon_core.package_identification:_identify(install) ignored
[0.252s] Level 1:colcon.colcon_core.package_identification:_identify(log) by extensions ['ignore', 'ignore_ament_install']
[0.252s] Level 1:colcon.colcon_core.package_identification:_identify(log) by extension 'ignore'
[0.252s] Level 1:colcon.colcon_core.package_identification:_identify(log) ignored
[0.252s] Level 1:colcon.colcon_core.package_identification:_identify(src) by extensions ['ignore', 'ignore_ament_install']
[0.252s] Level 1:colcon.colcon_core.package_identification:_identify(src) by extension 'ignore'
[0.252s] Level 1:colcon.colcon_core.package_identification:_identify(src) by extension 'ignore_ament_install'
[0.252s] Level 1:colcon.colcon_core.package_identification:_identify(src) by extensions ['colcon_pkg']
[0.252s] Level 1:colcon.colcon_core.package_identification:_identify(src) by extension 'colcon_pkg'
[0.252s] Level 1:colcon.colcon_core.package_identification:_identify(src) by extensions ['colcon_meta']
[0.252s] Level 1:colcon.colcon_core.package_identification:_identify(src) by extension 'colcon_meta'
[0.252s] Level 1:colcon.colcon_core.package_identification:_identify(src) by extensions ['ros']
[0.252s] Level 1:colcon.colcon_core.package_identification:_identify(src) by extension 'ros'
[0.252s] Level 1:colcon.colcon_core.package_identification:_identify(src) by extensions ['cmake', 'python']
[0.252s] Level 1:colcon.colcon_core.package_identification:_identify(src) by extension 'cmake'
[0.252s] Level 1:colcon.colcon_core.package_identification:_identify(src) by extension 'python'
[0.252s] Level 1:colcon.colcon_core.package_identification:_identify(src) by extensions ['python_setup_py']
[0.252s] Level 1:colcon.colcon_core.package_identification:_identify(src) by extension 'python_setup_py'
[0.252s] Level 1:colcon.colcon_core.package_identification:_identify(src/damiao) by extensions ['ignore', 'ignore_ament_install']
[0.253s] Level 1:colcon.colcon_core.package_identification:_identify(src/damiao) by extension 'ignore'
[0.253s] Level 1:colcon.colcon_core.package_identification:_identify(src/damiao) by extension 'ignore_ament_install'
[0.253s] Level 1:colcon.colcon_core.package_identification:_identify(src/damiao) by extensions ['colcon_pkg']
[0.253s] Level 1:colcon.colcon_core.package_identification:_identify(src/damiao) by extension 'colcon_pkg'
[0.253s] Level 1:colcon.colcon_core.package_identification:_identify(src/damiao) by extensions ['colcon_meta']
[0.253s] Level 1:colcon.colcon_core.package_identification:_identify(src/damiao) by extension 'colcon_meta'
[0.253s] Level 1:colcon.colcon_core.package_identification:_identify(src/damiao) by extensions ['ros']
[0.253s] Level 1:colcon.colcon_core.package_identification:_identify(src/damiao) by extension 'ros'
[0.256s] DEBUG:colcon.colcon_core.package_identification:Package 'src/damiao' with type 'ros.ament_python' and name 'damiao'
[0.256s] Level 1:colcon.colcon_core.package_identification:_identify(src/data_monitor) by extensions ['ignore', 'ignore_ament_install']
[0.256s] Level 1:colcon.colcon_core.package_identification:_identify(src/data_monitor) by extension 'ignore'
[0.256s] Level 1:colcon.colcon_core.package_identification:_identify(src/data_monitor) by extension 'ignore_ament_install'
[0.256s] Level 1:colcon.colcon_core.package_identification:_identify(src/data_monitor) by extensions ['colcon_pkg']
[0.256s] Level 1:colcon.colcon_core.package_identification:_identify(src/data_monitor) by extension 'colcon_pkg'
[0.256s] Level 1:colcon.colcon_core.package_identification:_identify(src/data_monitor) by extensions ['colcon_meta']
[0.256s] Level 1:colcon.colcon_core.package_identification:_identify(src/data_monitor) by extension 'colcon_meta'
[0.257s] Level 1:colcon.colcon_core.package_identification:_identify(src/data_monitor) by extensions ['ros']
[0.257s] Level 1:colcon.colcon_core.package_identification:_identify(src/data_monitor) by extension 'ros'
[0.257s] DEBUG:colcon.colcon_core.package_identification:Package 'src/data_monitor' with type 'ros.ament_python' and name 'data_monitor'
[0.257s] Level 1:colcon.colcon_core.package_identification:_identify(src/navigation) by extensions ['ignore', 'ignore_ament_install']
[0.257s] Level 1:colcon.colcon_core.package_identification:_identify(src/navigation) by extension 'ignore'
[0.257s] Level 1:colcon.colcon_core.package_identification:_identify(src/navigation) by extension 'ignore_ament_install'
[0.258s] Level 1:colcon.colcon_core.package_identification:_identify(src/navigation) by extensions ['colcon_pkg']
[0.258s] Level 1:colcon.colcon_core.package_identification:_identify(src/navigation) by extension 'colcon_pkg'
[0.258s] Level 1:colcon.colcon_core.package_identification:_identify(src/navigation) by extensions ['colcon_meta']
[0.258s] Level 1:colcon.colcon_core.package_identification:_identify(src/navigation) by extension 'colcon_meta'
[0.258s] Level 1:colcon.colcon_core.package_identification:_identify(src/navigation) by extensions ['ros']
[0.258s] Level 1:colcon.colcon_core.package_identification:_identify(src/navigation) by extension 'ros'
[0.258s] DEBUG:colcon.colcon_core.package_identification:Package 'src/navigation' with type 'ros.ament_python' and name 'navigation'
[0.258s] Level 1:colcon.colcon_core.package_identification:_identify(src/ps4) by extensions ['ignore', 'ignore_ament_install']
[0.259s] Level 1:colcon.colcon_core.package_identification:_identify(src/ps4) by extension 'ignore'
[0.259s] Level 1:colcon.colcon_core.package_identification:_identify(src/ps4) by extension 'ignore_ament_install'
[0.259s] Level 1:colcon.colcon_core.package_identification:_identify(src/ps4) by extensions ['colcon_pkg']
[0.259s] Level 1:colcon.colcon_core.package_identification:_identify(src/ps4) by extension 'colcon_pkg'
[0.259s] Level 1:colcon.colcon_core.package_identification:_identify(src/ps4) by extensions ['colcon_meta']
[0.259s] Level 1:colcon.colcon_core.package_identification:_identify(src/ps4) by extension 'colcon_meta'
[0.259s] Level 1:colcon.colcon_core.package_identification:_identify(src/ps4) by extensions ['ros']
[0.259s] Level 1:colcon.colcon_core.package_identification:_identify(src/ps4) by extension 'ros'
[0.259s] DEBUG:colcon.colcon_core.package_identification:Package 'src/ps4' with type 'ros.ament_python' and name 'ps4'
[0.259s] Level 1:colcon.colcon_core.package_discovery:discover_packages(recursive) using defaults
[0.260s] Level 1:colcon.colcon_core.package_discovery:discover_packages(ignore) discover
[0.260s] Level 1:colcon.colcon_core.package_discovery:discover_packages(ignore) using defaults
[0.260s] Level 1:colcon.colcon_core.package_discovery:discover_packages(path) discover
[0.260s] Level 1:colcon.colcon_core.package_discovery:discover_packages(path) using defaults
[0.284s] Level 1:colcon.colcon_core.package_discovery:discover_packages(prefix_path) check parameters
[0.284s] Level 1:colcon.colcon_core.package_discovery:discover_packages(prefix_path) discover
[0.286s] DEBUG:colcon.colcon_installed_package_information.package_discovery:Found 4 installed packages in /home/robotics/Robocon2025_R1/2025R1_ws/install
[0.288s] DEBUG:colcon.colcon_installed_package_information.package_discovery:Found 285 installed packages in /opt/ros/jazzy
[0.291s] Level 1:colcon.colcon_core.package_discovery:discover_packages(prefix_path) using defaults
[0.350s] Level 5:colcon.colcon_core.verb:set package 'damiao' build argument 'cmake_args' from command line to 'None'
[0.350s] Level 5:colcon.colcon_core.verb:set package 'damiao' build argument 'cmake_target' from command line to 'None'
[0.350s] Level 5:colcon.colcon_core.verb:set package 'damiao' build argument 'cmake_target_skip_unavailable' from command line to 'False'
[0.350s] Level 5:colcon.colcon_core.verb:set package 'damiao' build argument 'cmake_clean_cache' from command line to 'False'
[0.350s] Level 5:colcon.colcon_core.verb:set package 'damiao' build argument 'cmake_clean_first' from command line to 'False'
[0.350s] Level 5:colcon.colcon_core.verb:set package 'damiao' build argument 'cmake_force_configure' from command line to 'False'
[0.350s] Level 5:colcon.colcon_core.verb:set package 'damiao' build argument 'ament_cmake_args' from command line to 'None'
[0.350s] Level 5:colcon.colcon_core.verb:set package 'damiao' build argument 'catkin_cmake_args' from command line to 'None'
[0.350s] Level 5:colcon.colcon_core.verb:set package 'damiao' build argument 'catkin_skip_building_tests' from command line to 'False'
[0.350s] DEBUG:colcon.colcon_core.verb:Building package 'damiao' with the following arguments: {'ament_cmake_args': None, 'build_base': '/home/robotics/Robocon2025_R1/2025R1_ws/build/damiao', 'catkin_cmake_args': None, 'catkin_skip_building_tests': False, 'cmake_args': None, 'cmake_clean_cache': False, 'cmake_clean_first': False, 'cmake_force_configure': False, 'cmake_target': None, 'cmake_target_skip_unavailable': False, 'install_base': '/home/robotics/Robocon2025_R1/2025R1_ws/install/damiao', 'merge_install': False, 'path': '/home/robotics/Robocon2025_R1/2025R1_ws/src/damiao', 'symlink_install': True, 'test_result_base': None}
[0.351s] Level 5:colcon.colcon_core.verb:set package 'data_monitor' build argument 'cmake_args' from command line to 'None'
[0.351s] Level 5:colcon.colcon_core.verb:set package 'data_monitor' build argument 'cmake_target' from command line to 'None'
[0.351s] Level 5:colcon.colcon_core.verb:set package 'data_monitor' build argument 'cmake_target_skip_unavailable' from command line to 'False'
[0.351s] Level 5:colcon.colcon_core.verb:set package 'data_monitor' build argument 'cmake_clean_cache' from command line to 'False'
[0.351s] Level 5:colcon.colcon_core.verb:set package 'data_monitor' build argument 'cmake_clean_first' from command line to 'False'
[0.351s] Level 5:colcon.colcon_core.verb:set package 'data_monitor' build argument 'cmake_force_configure' from command line to 'False'
[0.351s] Level 5:colcon.colcon_core.verb:set package 'data_monitor' build argument 'ament_cmake_args' from command line to 'None'
[0.351s] Level 5:colcon.colcon_core.verb:set package 'data_monitor' build argument 'catkin_cmake_args' from command line to 'None'
[0.351s] Level 5:colcon.colcon_core.verb:set package 'data_monitor' build argument 'catkin_skip_building_tests' from command line to 'False'
[0.351s] DEBUG:colcon.colcon_core.verb:Building package 'data_monitor' with the following arguments: {'ament_cmake_args': None, 'build_base': '/home/robotics/Robocon2025_R1/2025R1_ws/build/data_monitor', 'catkin_cmake_args': None, 'catkin_skip_building_tests': False, 'cmake_args': None, 'cmake_clean_cache': False, 'cmake_clean_first': False, 'cmake_force_configure': False, 'cmake_target': None, 'cmake_target_skip_unavailable': False, 'install_base': '/home/robotics/Robocon2025_R1/2025R1_ws/install/data_monitor', 'merge_install': False, 'path': '/home/robotics/Robocon2025_R1/2025R1_ws/src/data_monitor', 'symlink_install': True, 'test_result_base': None}
[0.351s] Level 5:colcon.colcon_core.verb:set package 'navigation' build argument 'cmake_args' from command line to 'None'
[0.351s] Level 5:colcon.colcon_core.verb:set package 'navigation' build argument 'cmake_target' from command line to 'None'
[0.351s] Level 5:colcon.colcon_core.verb:set package 'navigation' build argument 'cmake_target_skip_unavailable' from command line to 'False'
[0.351s] Level 5:colcon.colcon_core.verb:set package 'navigation' build argument 'cmake_clean_cache' from command line to 'False'
[0.351s] Level 5:colcon.colcon_core.verb:set package 'navigation' build argument 'cmake_clean_first' from command line to 'False'
[0.351s] Level 5:colcon.colcon_core.verb:set package 'navigation' build argument 'cmake_force_configure' from command line to 'False'
[0.351s] Level 5:colcon.colcon_core.verb:set package 'navigation' build argument 'ament_cmake_args' from command line to 'None'
[0.351s] Level 5:colcon.colcon_core.verb:set package 'navigation' build argument 'catkin_cmake_args' from command line to 'None'
[0.351s] Level 5:colcon.colcon_core.verb:set package 'navigation' build argument 'catkin_skip_building_tests' from command line to 'False'
[0.351s] DEBUG:colcon.colcon_core.verb:Building package 'navigation' with the following arguments: {'ament_cmake_args': None, 'build_base': '/home/robotics/Robocon2025_R1/2025R1_ws/build/navigation', 'catkin_cmake_args': None, 'catkin_skip_building_tests': False, 'cmake_args': None, 'cmake_clean_cache': False, 'cmake_clean_first': False, 'cmake_force_configure': False, 'cmake_target': None, 'cmake_target_skip_unavailable': False, 'install_base': '/home/robotics/Robocon2025_R1/2025R1_ws/install/navigation', 'merge_install': False, 'path': '/home/robotics/Robocon2025_R1/2025R1_ws/src/navigation', 'symlink_install': True, 'test_result_base': None}
[0.352s] Level 5:colcon.colcon_core.verb:set package 'ps4' build argument 'cmake_args' from command line to 'None'
[0.352s] Level 5:colcon.colcon_core.verb:set package 'ps4' build argument 'cmake_target' from command line to 'None'
[0.352s] Level 5:colcon.colcon_core.verb:set package 'ps4' build argument 'cmake_target_skip_unavailable' from command line to 'False'
[0.352s] Level 5:colcon.colcon_core.verb:set package 'ps4' build argument 'cmake_clean_cache' from command line to 'False'
[0.352s] Level 5:colcon.colcon_core.verb:set package 'ps4' build argument 'cmake_clean_first' from command line to 'False'
[0.352s] Level 5:colcon.colcon_core.verb:set package 'ps4' build argument 'cmake_force_configure' from command line to 'False'
[0.352s] Level 5:colcon.colcon_core.verb:set package 'ps4' build argument 'ament_cmake_args' from command line to 'None'
[0.352s] Level 5:colcon.colcon_core.verb:set package 'ps4' build argument 'catkin_cmake_args' from command line to 'None'
[0.352s] Level 5:colcon.colcon_core.verb:set package 'ps4' build argument 'catkin_skip_building_tests' from command line to 'False'
[0.352s] DEBUG:colcon.colcon_core.verb:Building package 'ps4' with the following arguments: {'ament_cmake_args': None, 'build_base': '/home/robotics/Robocon2025_R1/2025R1_ws/build/ps4', 'catkin_cmake_args': None, 'catkin_skip_building_tests': False, 'cmake_args': None, 'cmake_clean_cache': False, 'cmake_clean_first': False, 'cmake_force_configure': False, 'cmake_target': None, 'cmake_target_skip_unavailable': False, 'install_base': '/home/robotics/Robocon2025_R1/2025R1_ws/install/ps4', 'merge_install': False, 'path': '/home/robotics/Robocon2025_R1/2025R1_ws/src/ps4', 'symlink_install': True, 'test_result_base': None}
[0.352s] INFO:colcon.colcon_core.executor:Executing jobs using 'parallel' executor
[0.353s] DEBUG:colcon.colcon_parallel_executor.executor.parallel:run_until_complete
[0.354s] INFO:colcon.colcon_ros.task.ament_python.build:Building ROS package in '/home/robotics/Robocon2025_R1/2025R1_ws/src/damiao' with build type 'ament_python'
[0.354s] Level 1:colcon.colcon_core.shell:create_environment_hook('damiao', 'ament_prefix_path')
[0.359s] INFO:colcon.colcon_core.plugin_system:Skipping extension 'colcon_core.shell.bat': Not used on non-Windows systems
[0.359s] INFO:colcon.colcon_core.shell:Creating environment hook '/home/robotics/Robocon2025_R1/2025R1_ws/install/damiao/share/damiao/hook/ament_prefix_path.ps1'
[0.361s] INFO:colcon.colcon_core.shell:Creating environment descriptor '/home/robotics/Robocon2025_R1/2025R1_ws/install/damiao/share/damiao/hook/ament_prefix_path.dsv'
[0.370s] INFO:colcon.colcon_core.shell:Creating environment hook '/home/robotics/Robocon2025_R1/2025R1_ws/install/damiao/share/damiao/hook/ament_prefix_path.sh'
[0.379s] INFO:colcon.colcon_core.shell:Skip shell extension 'powershell' for command environment: Not usable outside of PowerShell
[0.379s] DEBUG:colcon.colcon_core.shell:Skip shell extension 'dsv' for command environment
[0.386s] INFO:colcon.colcon_ros.task.ament_python.build:Building ROS package in '/home/robotics/Robocon2025_R1/2025R1_ws/src/data_monitor' with build type 'ament_python'
[0.386s] Level 1:colcon.colcon_core.shell:create_environment_hook('data_monitor', 'ament_prefix_path')
[0.386s] INFO:colcon.colcon_core.shell:Creating environment hook '/home/robotics/Robocon2025_R1/2025R1_ws/install/data_monitor/share/data_monitor/hook/ament_prefix_path.ps1'
[0.390s] INFO:colcon.colcon_core.shell:Creating environment descriptor '/home/robotics/Robocon2025_R1/2025R1_ws/install/data_monitor/share/data_monitor/hook/ament_prefix_path.dsv'
[0.396s] INFO:colcon.colcon_core.shell:Creating environment hook '/home/robotics/Robocon2025_R1/2025R1_ws/install/data_monitor/share/data_monitor/hook/ament_prefix_path.sh'
[0.402s] INFO:colcon.colcon_core.shell:Skip shell extension 'powershell' for command environment: Not usable outside of PowerShell
[0.402s] DEBUG:colcon.colcon_core.shell:Skip shell extension 'dsv' for command environment
[0.409s] INFO:colcon.colcon_ros.task.ament_python.build:Building ROS package in '/home/robotics/Robocon2025_R1/2025R1_ws/src/navigation' with build type 'ament_python'
[0.409s] Level 1:colcon.colcon_core.shell:create_environment_hook('navigation', 'ament_prefix_path')
[0.410s] INFO:colcon.colcon_core.shell:Creating environment hook '/home/robotics/Robocon2025_R1/2025R1_ws/install/navigation/share/navigation/hook/ament_prefix_path.ps1'
[0.414s] INFO:colcon.colcon_core.shell:Creating environment descriptor '/home/robotics/Robocon2025_R1/2025R1_ws/install/navigation/share/navigation/hook/ament_prefix_path.dsv'
[0.424s] INFO:colcon.colcon_core.shell:Creating environment hook '/home/robotics/Robocon2025_R1/2025R1_ws/install/navigation/share/navigation/hook/ament_prefix_path.sh'
[0.435s] INFO:colcon.colcon_core.shell:Skip shell extension 'powershell' for command environment: Not usable outside of PowerShell
[0.435s] DEBUG:colcon.colcon_core.shell:Skip shell extension 'dsv' for command environment
[0.445s] INFO:colcon.colcon_ros.task.ament_python.build:Building ROS package in '/home/robotics/Robocon2025_R1/2025R1_ws/src/ps4' with build type 'ament_python'
[0.445s] Level 1:colcon.colcon_core.shell:create_environment_hook('ps4', 'ament_prefix_path')
[0.446s] INFO:colcon.colcon_core.shell:Creating environment hook '/home/robotics/Robocon2025_R1/2025R1_ws/install/ps4/share/ps4/hook/ament_prefix_path.ps1'
[0.454s] INFO:colcon.colcon_core.shell:Creating environment descriptor '/home/robotics/Robocon2025_R1/2025R1_ws/install/ps4/share/ps4/hook/ament_prefix_path.dsv'
[0.463s] INFO:colcon.colcon_core.shell:Creating environment hook '/home/robotics/Robocon2025_R1/2025R1_ws/install/ps4/share/ps4/hook/ament_prefix_path.sh'
[0.471s] INFO:colcon.colcon_core.shell:Skip shell extension 'powershell' for command environment: Not usable outside of PowerShell
[0.471s] DEBUG:colcon.colcon_core.shell:Skip shell extension 'dsv' for command environment
[0.846s] INFO:colcon.colcon_core.task.python.build:Building Python package in '/home/robotics/Robocon2025_R1/2025R1_ws/src/damiao'
[0.846s] INFO:colcon.colcon_core.shell:Skip shell extension 'powershell' for command environment: Not usable outside of PowerShell
[0.846s] DEBUG:colcon.colcon_core.shell:Skip shell extension 'dsv' for command environment
[1.213s] INFO:colcon.colcon_core.task.python.build:Building Python package in '/home/robotics/Robocon2025_R1/2025R1_ws/src/data_monitor'
[1.214s] INFO:colcon.colcon_core.shell:Skip shell extension 'powershell' for command environment: Not usable outside of PowerShell
[1.214s] DEBUG:colcon.colcon_core.shell:Skip shell extension 'dsv' for command environment
[1.592s] INFO:colcon.colcon_core.task.python.build:Building Python package in '/home/robotics/Robocon2025_R1/2025R1_ws/src/navigation'
[1.593s] INFO:colcon.colcon_core.shell:Skip shell extension 'powershell' for command environment: Not usable outside of PowerShell
[1.593s] DEBUG:colcon.colcon_core.shell:Skip shell extension 'dsv' for command environment
[1.969s] INFO:colcon.colcon_core.task.python.build:Building Python package in '/home/robotics/Robocon2025_R1/2025R1_ws/src/ps4'
[1.970s] INFO:colcon.colcon_core.shell:Skip shell extension 'powershell' for command environment: Not usable outside of PowerShell
[1.970s] DEBUG:colcon.colcon_core.shell:Skip shell extension 'dsv' for command environment
[3.203s] DEBUG:colcon.colcon_core.event_handler.log_command:Invoking command in '/home/robotics/Robocon2025_R1/2025R1_ws/build/navigation': DEBUGINFOD_URLS=https://debuginfod.ubuntu.com PS1=(venv) PYTHONPATH=/home/robotics/Robocon2025_R1/2025R1_ws/build/navigation/prefix_override:/usr/lib/python3/dist-packages/colcon_core/task/python/colcon_distutils_commands:/home/robotics/Robocon2025_R1/2025R1_ws/install/navigation/lib/python3.12/site-packages:${PYTHONPATH} VIRTUAL_ENV_PROMPT=(venv) /usr/bin/python3 -W ignore:setup.py install is deprecated -W ignore:easy_install command is deprecated setup.py develop --editable --build-directory /home/robotics/Robocon2025_R1/2025R1_ws/build/navigation/build --no-deps symlink_data
[3.264s] DEBUG:colcon.colcon_core.event_handler.log_command:Invoking command in '/home/robotics/Robocon2025_R1/2025R1_ws/build/damiao': DEBUGINFOD_URLS=https://debuginfod.ubuntu.com PS1=(venv) PYTHONPATH=/home/robotics/Robocon2025_R1/2025R1_ws/build/damiao/prefix_override:/usr/lib/python3/dist-packages/colcon_core/task/python/colcon_distutils_commands:/home/robotics/Robocon2025_R1/2025R1_ws/install/damiao/lib/python3.12/site-packages:${PYTHONPATH} VIRTUAL_ENV_PROMPT=(venv) /usr/bin/python3 -W ignore:setup.py install is deprecated -W ignore:easy_install command is deprecated setup.py develop --editable --build-directory /home/robotics/Robocon2025_R1/2025R1_ws/build/damiao/build --no-deps symlink_data
[3.287s] DEBUG:colcon.colcon_core.event_handler.log_command:Invoking command in '/home/robotics/Robocon2025_R1/2025R1_ws/build/data_monitor': DEBUGINFOD_URLS=https://debuginfod.ubuntu.com PS1=(venv) PYTHONPATH=/home/robotics/Robocon2025_R1/2025R1_ws/build/data_monitor/prefix_override:/usr/lib/python3/dist-packages/colcon_core/task/python/colcon_distutils_commands:/home/robotics/Robocon2025_R1/2025R1_ws/install/data_monitor/lib/python3.12/site-packages:${PYTHONPATH} VIRTUAL_ENV_PROMPT=(venv) /usr/bin/python3 -W ignore:setup.py install is deprecated -W ignore:easy_install command is deprecated setup.py develop --editable --build-directory /home/robotics/Robocon2025_R1/2025R1_ws/build/data_monitor/build --no-deps symlink_data
[3.435s] DEBUG:colcon.colcon_core.event_handler.log_command:Invoking command in '/home/robotics/Robocon2025_R1/2025R1_ws/build/ps4': DEBUGINFOD_URLS=https://debuginfod.ubuntu.com PS1=(venv) PYTHONPATH=/home/robotics/Robocon2025_R1/2025R1_ws/build/ps4/prefix_override:/usr/lib/python3/dist-packages/colcon_core/task/python/colcon_distutils_commands:/home/robotics/Robocon2025_R1/2025R1_ws/install/ps4/lib/python3.12/site-packages:${PYTHONPATH} VIRTUAL_ENV_PROMPT=(venv) /usr/bin/python3 -W ignore:setup.py install is deprecated -W ignore:easy_install command is deprecated setup.py develop --editable --build-directory /home/robotics/Robocon2025_R1/2025R1_ws/build/ps4/build --no-deps symlink_data
[4.559s] Level 1:colcon.colcon_core.shell:create_environment_hook('data_monitor', 'pythonpath_develop')
[4.559s] INFO:colcon.colcon_core.shell:Creating environment hook '/home/robotics/Robocon2025_R1/2025R1_ws/build/data_monitor/share/data_monitor/hook/pythonpath_develop.ps1'
[4.560s] INFO:colcon.colcon_core.shell:Creating environment descriptor '/home/robotics/Robocon2025_R1/2025R1_ws/build/data_monitor/share/data_monitor/hook/pythonpath_develop.dsv'
[4.562s] DEBUG:colcon.colcon_core.event_handler.log_command:Invoked command in '/home/robotics/Robocon2025_R1/2025R1_ws/build/data_monitor' returned '0': DEBUGINFOD_URLS=https://debuginfod.ubuntu.com PS1=(venv) PYTHONPATH=/home/robotics/Robocon2025_R1/2025R1_ws/build/data_monitor/prefix_override:/usr/lib/python3/dist-packages/colcon_core/task/python/colcon_distutils_commands:/home/robotics/Robocon2025_R1/2025R1_ws/install/data_monitor/lib/python3.12/site-packages:${PYTHONPATH} VIRTUAL_ENV_PROMPT=(venv) /usr/bin/python3 -W ignore:setup.py install is deprecated -W ignore:easy_install command is deprecated setup.py develop --editable --build-directory /home/robotics/Robocon2025_R1/2025R1_ws/build/data_monitor/build --no-deps symlink_data
[4.573s] INFO:colcon.colcon_core.shell:Creating environment hook '/home/robotics/Robocon2025_R1/2025R1_ws/build/data_monitor/share/data_monitor/hook/pythonpath_develop.sh'
[4.587s] Level 1:colcon.colcon_core.environment:checking '/home/robotics/Robocon2025_R1/2025R1_ws/install/data_monitor' for CMake module files
[4.588s] Level 1:colcon.colcon_core.environment:checking '/home/robotics/Robocon2025_R1/2025R1_ws/install/data_monitor' for CMake config files
[4.589s] Level 1:colcon.colcon_core.environment:checking '/home/robotics/Robocon2025_R1/2025R1_ws/install/data_monitor/lib'
[4.590s] Level 1:colcon.colcon_core.environment:checking '/home/robotics/Robocon2025_R1/2025R1_ws/install/data_monitor/bin'
[4.590s] Level 1:colcon.colcon_core.environment:checking '/home/robotics/Robocon2025_R1/2025R1_ws/install/data_monitor/lib/pkgconfig/data_monitor.pc'
[4.590s] Level 1:colcon.colcon_core.environment:checking '/home/robotics/Robocon2025_R1/2025R1_ws/install/data_monitor/lib/python3.12/site-packages'
[4.591s] Level 1:colcon.colcon_core.shell:create_environment_hook('data_monitor', 'pythonpath')
[4.591s] INFO:colcon.colcon_core.shell:Creating environment hook '/home/robotics/Robocon2025_R1/2025R1_ws/install/data_monitor/share/data_monitor/hook/pythonpath.ps1'
[4.593s] INFO:colcon.colcon_core.shell:Creating environment descriptor '/home/robotics/Robocon2025_R1/2025R1_ws/install/data_monitor/share/data_monitor/hook/pythonpath.dsv'
[4.600s] INFO:colcon.colcon_core.shell:Creating environment hook '/home/robotics/Robocon2025_R1/2025R1_ws/install/data_monitor/share/data_monitor/hook/pythonpath.sh'
[4.608s] Level 1:colcon.colcon_core.environment:checking '/home/robotics/Robocon2025_R1/2025R1_ws/install/data_monitor/bin'
[4.608s] Level 1:colcon.colcon_core.environment:create_environment_scripts_only(data_monitor)
[4.608s] INFO:colcon.colcon_core.shell:Creating package script '/home/robotics/Robocon2025_R1/2025R1_ws/install/data_monitor/share/data_monitor/package.ps1'
[4.618s] INFO:colcon.colcon_core.shell:Creating package descriptor '/home/robotics/Robocon2025_R1/2025R1_ws/install/data_monitor/share/data_monitor/package.dsv'
[4.627s] INFO:colcon.colcon_core.shell:Creating package script '/home/robotics/Robocon2025_R1/2025R1_ws/install/data_monitor/share/data_monitor/package.sh'
[4.637s] INFO:colcon.colcon_core.shell:Creating package script '/home/robotics/Robocon2025_R1/2025R1_ws/install/data_monitor/share/data_monitor/package.bash'
[4.648s] INFO:colcon.colcon_core.shell:Creating package script '/home/robotics/Robocon2025_R1/2025R1_ws/install/data_monitor/share/data_monitor/package.zsh'
[4.665s] Level 1:colcon.colcon_core.environment:create_file_with_runtime_dependencies(/home/robotics/Robocon2025_R1/2025R1_ws/install/data_monitor/share/colcon-core/packages/data_monitor)
[4.672s] Level 1:colcon.colcon_core.shell:create_environment_hook('damiao', 'pythonpath_develop')
[4.673s] INFO:colcon.colcon_core.shell:Creating environment hook '/home/robotics/Robocon2025_R1/2025R1_ws/build/damiao/share/damiao/hook/pythonpath_develop.ps1'
[4.676s] INFO:colcon.colcon_core.shell:Creating environment descriptor '/home/robotics/Robocon2025_R1/2025R1_ws/build/damiao/share/damiao/hook/pythonpath_develop.dsv'
[4.676s] DEBUG:colcon.colcon_core.event_handler.log_command:Invoked command in '/home/robotics/Robocon2025_R1/2025R1_ws/build/damiao' returned '0': DEBUGINFOD_URLS=https://debuginfod.ubuntu.com PS1=(venv) PYTHONPATH=/home/robotics/Robocon2025_R1/2025R1_ws/build/damiao/prefix_override:/usr/lib/python3/dist-packages/colcon_core/task/python/colcon_distutils_commands:/home/robotics/Robocon2025_R1/2025R1_ws/install/damiao/lib/python3.12/site-packages:${PYTHONPATH} VIRTUAL_ENV_PROMPT=(venv) /usr/bin/python3 -W ignore:setup.py install is deprecated -W ignore:easy_install command is deprecated setup.py develop --editable --build-directory /home/robotics/Robocon2025_R1/2025R1_ws/build/damiao/build --no-deps symlink_data
[4.677s] INFO:colcon.colcon_core.shell:Creating environment hook '/home/robotics/Robocon2025_R1/2025R1_ws/build/damiao/share/damiao/hook/pythonpath_develop.sh'
[4.679s] Level 1:colcon.colcon_core.environment:checking '/home/robotics/Robocon2025_R1/2025R1_ws/install/damiao' for CMake module files
[4.681s] Level 1:colcon.colcon_core.environment:checking '/home/robotics/Robocon2025_R1/2025R1_ws/install/damiao' for CMake config files
[4.682s] Level 1:colcon.colcon_core.environment:checking '/home/robotics/Robocon2025_R1/2025R1_ws/install/damiao/lib'
[4.682s] Level 1:colcon.colcon_core.environment:checking '/home/robotics/Robocon2025_R1/2025R1_ws/install/damiao/bin'
[4.682s] Level 1:colcon.colcon_core.environment:checking '/home/robotics/Robocon2025_R1/2025R1_ws/install/damiao/lib/pkgconfig/damiao.pc'
[4.683s] Level 1:colcon.colcon_core.environment:checking '/home/robotics/Robocon2025_R1/2025R1_ws/install/damiao/lib/python3.12/site-packages'
[4.683s] Level 1:colcon.colcon_core.shell:create_environment_hook('damiao', 'pythonpath')
[4.684s] INFO:colcon.colcon_core.shell:Creating environment hook '/home/robotics/Robocon2025_R1/2025R1_ws/install/damiao/share/damiao/hook/pythonpath.ps1'
[4.685s] INFO:colcon.colcon_core.shell:Creating environment descriptor '/home/robotics/Robocon2025_R1/2025R1_ws/install/damiao/share/damiao/hook/pythonpath.dsv'
[4.686s] INFO:colcon.colcon_core.shell:Creating environment hook '/home/robotics/Robocon2025_R1/2025R1_ws/install/damiao/share/damiao/hook/pythonpath.sh'
[4.687s] Level 1:colcon.colcon_core.environment:checking '/home/robotics/Robocon2025_R1/2025R1_ws/install/damiao/bin'
[4.688s] Level 1:colcon.colcon_core.environment:create_environment_scripts_only(damiao)
[4.688s] INFO:colcon.colcon_core.shell:Creating package script '/home/robotics/Robocon2025_R1/2025R1_ws/install/damiao/share/damiao/package.ps1'
[4.689s] INFO:colcon.colcon_core.shell:Creating package descriptor '/home/robotics/Robocon2025_R1/2025R1_ws/install/damiao/share/damiao/package.dsv'
[4.690s] INFO:colcon.colcon_core.shell:Creating package script '/home/robotics/Robocon2025_R1/2025R1_ws/install/damiao/share/damiao/package.sh'
[4.691s] INFO:colcon.colcon_core.shell:Creating package script '/home/robotics/Robocon2025_R1/2025R1_ws/install/damiao/share/damiao/package.bash'
[4.692s] INFO:colcon.colcon_core.shell:Creating package script '/home/robotics/Robocon2025_R1/2025R1_ws/install/damiao/share/damiao/package.zsh'
[4.692s] Level 1:colcon.colcon_core.environment:create_file_with_runtime_dependencies(/home/robotics/Robocon2025_R1/2025R1_ws/install/damiao/share/colcon-core/packages/damiao)
[4.693s] Level 1:colcon.colcon_core.shell:create_environment_hook('navigation', 'pythonpath_develop')
[4.693s] INFO:colcon.colcon_core.shell:Creating environment hook '/home/robotics/Robocon2025_R1/2025R1_ws/build/navigation/share/navigation/hook/pythonpath_develop.ps1'
[4.694s] INFO:colcon.colcon_core.shell:Creating environment descriptor '/home/robotics/Robocon2025_R1/2025R1_ws/build/navigation/share/navigation/hook/pythonpath_develop.dsv'
[4.696s] INFO:colcon.colcon_core.shell:Creating environment hook '/home/robotics/Robocon2025_R1/2025R1_ws/build/navigation/share/navigation/hook/pythonpath_develop.sh'
[4.696s] DEBUG:colcon.colcon_core.event_handler.log_command:Invoked command in '/home/robotics/Robocon2025_R1/2025R1_ws/build/navigation' returned '0': DEBUGINFOD_URLS=https://debuginfod.ubuntu.com PS1=(venv) PYTHONPATH=/home/robotics/Robocon2025_R1/2025R1_ws/build/navigation/prefix_override:/usr/lib/python3/dist-packages/colcon_core/task/python/colcon_distutils_commands:/home/robotics/Robocon2025_R1/2025R1_ws/install/navigation/lib/python3.12/site-packages:${PYTHONPATH} VIRTUAL_ENV_PROMPT=(venv) /usr/bin/python3 -W ignore:setup.py install is deprecated -W ignore:easy_install command is deprecated setup.py develop --editable --build-directory /home/robotics/Robocon2025_R1/2025R1_ws/build/navigation/build --no-deps symlink_data
[4.698s] Level 1:colcon.colcon_core.environment:checking '/home/robotics/Robocon2025_R1/2025R1_ws/install/navigation' for CMake module files
[4.699s] Level 1:colcon.colcon_core.environment:checking '/home/robotics/Robocon2025_R1/2025R1_ws/install/navigation' for CMake config files
[4.701s] Level 1:colcon.colcon_core.environment:checking '/home/robotics/Robocon2025_R1/2025R1_ws/install/navigation/lib'
[4.701s] Level 1:colcon.colcon_core.environment:checking '/home/robotics/Robocon2025_R1/2025R1_ws/install/navigation/bin'
[4.701s] Level 1:colcon.colcon_core.environment:checking '/home/robotics/Robocon2025_R1/2025R1_ws/install/navigation/lib/pkgconfig/navigation.pc'
[4.701s] Level 1:colcon.colcon_core.environment:checking '/home/robotics/Robocon2025_R1/2025R1_ws/install/navigation/lib/python3.12/site-packages'
[4.702s] Level 1:colcon.colcon_core.shell:create_environment_hook('navigation', 'pythonpath')
[4.702s] INFO:colcon.colcon_core.shell:Creating environment hook '/home/robotics/Robocon2025_R1/2025R1_ws/install/navigation/share/navigation/hook/pythonpath.ps1'
[4.705s] INFO:colcon.colcon_core.shell:Creating environment descriptor '/home/robotics/Robocon2025_R1/2025R1_ws/install/navigation/share/navigation/hook/pythonpath.dsv'
[4.706s] INFO:colcon.colcon_core.shell:Creating environment hook '/home/robotics/Robocon2025_R1/2025R1_ws/install/navigation/share/navigation/hook/pythonpath.sh'
[4.708s] Level 1:colcon.colcon_core.environment:checking '/home/robotics/Robocon2025_R1/2025R1_ws/install/navigation/bin'
[4.708s] Level 1:colcon.colcon_core.environment:create_environment_scripts_only(navigation)
[4.708s] INFO:colcon.colcon_core.shell:Creating package script '/home/robotics/Robocon2025_R1/2025R1_ws/install/navigation/share/navigation/package.ps1'
[4.709s] INFO:colcon.colcon_core.shell:Creating package descriptor '/home/robotics/Robocon2025_R1/2025R1_ws/install/navigation/share/navigation/package.dsv'
[4.710s] INFO:colcon.colcon_core.shell:Creating package script '/home/robotics/Robocon2025_R1/2025R1_ws/install/navigation/share/navigation/package.sh'
[4.711s] INFO:colcon.colcon_core.shell:Creating package script '/home/robotics/Robocon2025_R1/2025R1_ws/install/navigation/share/navigation/package.bash'
[4.711s] INFO:colcon.colcon_core.shell:Creating package script '/home/robotics/Robocon2025_R1/2025R1_ws/install/navigation/share/navigation/package.zsh'
[4.712s] Level 1:colcon.colcon_core.environment:create_file_with_runtime_dependencies(/home/robotics/Robocon2025_R1/2025R1_ws/install/navigation/share/colcon-core/packages/navigation)
[4.765s] Level 1:colcon.colcon_core.shell:create_environment_hook('ps4', 'pythonpath_develop')
[4.765s] INFO:colcon.colcon_core.shell:Creating environment hook '/home/robotics/Robocon2025_R1/2025R1_ws/build/ps4/share/ps4/hook/pythonpath_develop.ps1'
[4.766s] DEBUG:colcon.colcon_core.event_handler.log_command:Invoked command in '/home/robotics/Robocon2025_R1/2025R1_ws/build/ps4' returned '0': DEBUGINFOD_URLS=https://debuginfod.ubuntu.com PS1=(venv) PYTHONPATH=/home/robotics/Robocon2025_R1/2025R1_ws/build/ps4/prefix_override:/usr/lib/python3/dist-packages/colcon_core/task/python/colcon_distutils_commands:/home/robotics/Robocon2025_R1/2025R1_ws/install/ps4/lib/python3.12/site-packages:${PYTHONPATH} VIRTUAL_ENV_PROMPT=(venv) /usr/bin/python3 -W ignore:setup.py install is deprecated -W ignore:easy_install command is deprecated setup.py develop --editable --build-directory /home/robotics/Robocon2025_R1/2025R1_ws/build/ps4/build --no-deps symlink_data
[4.766s] INFO:colcon.colcon_core.shell:Creating environment descriptor '/home/robotics/Robocon2025_R1/2025R1_ws/build/ps4/share/ps4/hook/pythonpath_develop.dsv'
[4.774s] INFO:colcon.colcon_core.shell:Creating environment hook '/home/robotics/Robocon2025_R1/2025R1_ws/build/ps4/share/ps4/hook/pythonpath_develop.sh'
[4.778s] Level 1:colcon.colcon_core.environment:checking '/home/robotics/Robocon2025_R1/2025R1_ws/install/ps4' for CMake module files
[4.779s] Level 1:colcon.colcon_core.environment:checking '/home/robotics/Robocon2025_R1/2025R1_ws/install/ps4' for CMake config files
[4.780s] Level 1:colcon.colcon_core.environment:checking '/home/robotics/Robocon2025_R1/2025R1_ws/install/ps4/lib'
[4.780s] Level 1:colcon.colcon_core.environment:checking '/home/robotics/Robocon2025_R1/2025R1_ws/install/ps4/bin'
[4.780s] Level 1:colcon.colcon_core.environment:checking '/home/robotics/Robocon2025_R1/2025R1_ws/install/ps4/lib/pkgconfig/ps4.pc'
[4.781s] Level 1:colcon.colcon_core.environment:checking '/home/robotics/Robocon2025_R1/2025R1_ws/install/ps4/lib/python3.12/site-packages'
[4.781s] Level 1:colcon.colcon_core.shell:create_environment_hook('ps4', 'pythonpath')
[4.781s] INFO:colcon.colcon_core.shell:Creating environment hook '/home/robotics/Robocon2025_R1/2025R1_ws/install/ps4/share/ps4/hook/pythonpath.ps1'
[4.782s] INFO:colcon.colcon_core.shell:Creating environment descriptor '/home/robotics/Robocon2025_R1/2025R1_ws/install/ps4/share/ps4/hook/pythonpath.dsv'
[4.805s] INFO:colcon.colcon_core.shell:Creating environment hook '/home/robotics/Robocon2025_R1/2025R1_ws/install/ps4/share/ps4/hook/pythonpath.sh'
[4.830s] Level 1:colcon.colcon_core.environment:checking '/home/robotics/Robocon2025_R1/2025R1_ws/install/ps4/bin'
[4.830s] Level 1:colcon.colcon_core.environment:create_environment_scripts_only(ps4)
[4.831s] INFO:colcon.colcon_core.shell:Creating package script '/home/robotics/Robocon2025_R1/2025R1_ws/install/ps4/share/ps4/package.ps1'
[4.854s] INFO:colcon.colcon_core.shell:Creating package descriptor '/home/robotics/Robocon2025_R1/2025R1_ws/install/ps4/share/ps4/package.dsv'
[4.876s] INFO:colcon.colcon_core.shell:Creating package script '/home/robotics/Robocon2025_R1/2025R1_ws/install/ps4/share/ps4/package.sh'
[4.905s] INFO:colcon.colcon_core.shell:Creating package script '/home/robotics/Robocon2025_R1/2025R1_ws/install/ps4/share/ps4/package.bash'
[4.942s] INFO:colcon.colcon_core.shell:Creating package script '/home/robotics/Robocon2025_R1/2025R1_ws/install/ps4/share/ps4/package.zsh'
[4.944s] Level 1:colcon.colcon_core.environment:create_file_with_runtime_dependencies(/home/robotics/Robocon2025_R1/2025R1_ws/install/ps4/share/colcon-core/packages/ps4)
[4.946s] DEBUG:colcon.colcon_parallel_executor.executor.parallel:closing loop
[4.947s] DEBUG:colcon.colcon_parallel_executor.executor.parallel:loop closed
[4.947s] DEBUG:colcon.colcon_parallel_executor.executor.parallel:run_until_complete finished with '0'
[4.947s] DEBUG:colcon.colcon_core.event_reactor:joining thread
[4.961s] INFO:colcon.colcon_core.plugin_system:Skipping extension 'colcon_notification.desktop_notification.terminal_notifier': Not used on non-Darwin systems
[4.962s] INFO:colcon.colcon_core.plugin_system:Skipping extension 'colcon_notification.desktop_notification.win32': Not used on non-Windows systems
[4.962s] INFO:colcon.colcon_notification.desktop_notification:Sending desktop notification using 'notify2'
[4.987s] DEBUG:colcon.colcon_core.event_reactor:joined thread
[4.988s] INFO:colcon.colcon_core.shell:Creating prefix script '/home/robotics/Robocon2025_R1/2025R1_ws/install/local_setup.ps1'
[4.989s] INFO:colcon.colcon_core.shell:Creating prefix util module '/home/robotics/Robocon2025_R1/2025R1_ws/install/_local_setup_util_ps1.py'
[4.990s] INFO:colcon.colcon_core.shell:Creating prefix chain script '/home/robotics/Robocon2025_R1/2025R1_ws/install/setup.ps1'
[4.992s] INFO:colcon.colcon_core.shell:Creating prefix script '/home/robotics/Robocon2025_R1/2025R1_ws/install/local_setup.sh'
[4.993s] INFO:colcon.colcon_core.shell:Creating prefix util module '/home/robotics/Robocon2025_R1/2025R1_ws/install/_local_setup_util_sh.py'
[4.994s] INFO:colcon.colcon_core.shell:Creating prefix chain script '/home/robotics/Robocon2025_R1/2025R1_ws/install/setup.sh'
[4.998s] INFO:colcon.colcon_core.shell:Creating prefix script '/home/robotics/Robocon2025_R1/2025R1_ws/install/local_setup.bash'
[5.000s] INFO:colcon.colcon_core.shell:Creating prefix chain script '/home/robotics/Robocon2025_R1/2025R1_ws/install/setup.bash'
[5.002s] INFO:colcon.colcon_core.shell:Creating prefix script '/home/robotics/Robocon2025_R1/2025R1_ws/install/local_setup.zsh'
[5.003s] INFO:colcon.colcon_core.shell:Creating prefix chain script '/home/robotics/Robocon2025_R1/2025R1_ws/install/setup.zsh'
