[0.027s] Invoking command in '/home/robotics/Robocon2025_R1/2025R1_ws/build/joystick_msgs': DEBUGINFOD_URLS=https://debuginfod.ubuntu.com /usr/bin/cmake /home/robotics/Robocon2025_R1/2025R1_ws/src/joystick_msgs -DCMAKE_INSTALL_PREFIX=/home/robotics/Robocon2025_R1/2025R1_ws/install/joystick_msgs
[0.598s] -- Configuring incomplete, errors occurred!
[0.598s] [31mCMake Error at CMakeLists.txt:9 (find_package):
[0.598s]   By not providing "Findament_cmake.cmake" in CMAKE_MODULE_PATH this project
[0.599s]   has asked CMake to find a package configuration file provided by
[0.599s]   "ament_cmake", but CMake did not find one.
[0.599s] 
[0.599s]   Could not find a package configuration file provided by "ament_cmake" with
[0.599s]   any of the following names:
[0.599s] 
[0.599s]     ament_cmakeConfig.cmake
[0.599s]     ament_cmake-config.cmake
[0.599s] 
[0.599s]   Add the installation prefix of "ament_cmake" to CMAKE_PREFIX_PATH or set
[0.599s]   "ament_cmake_DIR" to a directory containing one of the above files.  If
[0.599s]   "ament_cmake" provides a separate development package or SDK, be sure it
[0.600s]   has been installed.
[0.600s] 
[0.600s] [0m
[0.600s] Invoked command in '/home/robotics/Robocon2025_R1/2025R1_ws/build/joystick_msgs' returned '1': DEBUGINFOD_URLS=https://debuginfod.ubuntu.com /usr/bin/cmake /home/robotics/Robocon2025_R1/2025R1_ws/src/joystick_msgs -DCMAKE_INSTALL_PREFIX=/home/robotics/Robocon2025_R1/2025R1_ws/install/joystick_msgs
