[2.840s] Invoking command in '/home/robotics/Robocon2025_R1/2025R1_ws/build/navigation': DEBUGINFOD_URLS=https://debuginfod.ubuntu.com PYTHONPATH=/home/robotics/Robocon2025_R1/2025R1_ws/build/navigation/prefix_override:/usr/lib/python3/dist-packages/colcon_core/task/python/colcon_distutils_commands:/home/robotics/Robocon2025_R1/2025R1_ws/install/navigation/lib/python3.12/site-packages:${PYTHONPATH} /usr/bin/python3 -W ignore:setup.py install is deprecated -W ignore:easy_install command is deprecated setup.py develop --editable --build-directory /home/robotics/Robocon2025_R1/2025R1_ws/build/navigation/build --no-deps symlink_data --force
[3.542s] running develop
[3.868s] /usr/lib/python3/dist-packages/setuptools/command/easy_install.py:363: UserWarning: Unbuilt egg for pytest-repeat [unknown version] (/usr/lib/python3/dist-packages)
[3.868s]   self.local_index = Environment(self.shadow_path + sys.path)
[3.952s] running egg_info
[3.982s] writing navigation.egg-info/PKG-INFO
[3.983s] writing dependency_links to navigation.egg-info/dependency_links.txt
[3.988s] writing entry points to navigation.egg-info/entry_points.txt
[3.988s] writing requirements to navigation.egg-info/requires.txt
[3.990s] writing top-level names to navigation.egg-info/top_level.txt
[4.081s] reading manifest file 'navigation.egg-info/SOURCES.txt'
[4.083s] writing manifest file 'navigation.egg-info/SOURCES.txt'
[4.175s] running build_ext
[4.176s] Creating /home/robotics/Robocon2025_R1/2025R1_ws/install/navigation/lib/python3.12/site-packages/navigation.egg-link (link to .)
[4.178s] Installing active_caster_node script to /home/robotics/Robocon2025_R1/2025R1_ws/install/navigation/lib/navigation
[4.179s] Installing navigation_node script to /home/robotics/Robocon2025_R1/2025R1_ws/install/navigation/lib/navigation
[4.179s] Installing omni_wheel_speed_node script to /home/robotics/Robocon2025_R1/2025R1_ws/install/navigation/lib/navigation
[4.179s] Installing wheel script to /home/robotics/Robocon2025_R1/2025R1_ws/install/navigation/lib/navigation
[4.183s] 
[4.183s] Installed /home/robotics/Robocon2025_R1/2025R1_ws/build/navigation
[4.183s] running symlink_data
[4.184s] symbolically linking /home/robotics/Robocon2025_R1/2025R1_ws/build/navigation/resource/navigation -> /home/robotics/Robocon2025_R1/2025R1_ws/install/navigation/share/ament_index/resource_index/packages
[4.184s] symbolically linking /home/robotics/Robocon2025_R1/2025R1_ws/build/navigation/package.xml -> /home/robotics/Robocon2025_R1/2025R1_ws/install/navigation/share/navigation
[4.392s] Invoked command in '/home/robotics/Robocon2025_R1/2025R1_ws/build/navigation' returned '0': DEBUGINFOD_URLS=https://debuginfod.ubuntu.com PYTHONPATH=/home/robotics/Robocon2025_R1/2025R1_ws/build/navigation/prefix_override:/usr/lib/python3/dist-packages/colcon_core/task/python/colcon_distutils_commands:/home/robotics/Robocon2025_R1/2025R1_ws/install/navigation/lib/python3.12/site-packages:${PYTHONPATH} /usr/bin/python3 -W ignore:setup.py install is deprecated -W ignore:easy_install command is deprecated setup.py develop --editable --build-directory /home/robotics/Robocon2025_R1/2025R1_ws/build/navigation/build --no-deps symlink_data --force
