[4.784s] Invoking command in '/home/robotics/Robocon2025_R1/2025R1_ws/build/data_monitor': DEBUGINFOD_URLS=https://debuginfod.ubuntu.com PS1=(venv) PYTHONPATH=/home/robotics/Robocon2025_R1/2025R1_ws/build/data_monitor/prefix_override:/usr/lib/python3/dist-packages/colcon_core/task/python/colcon_distutils_commands:/home/robotics/Robocon2025_R1/2025R1_ws/install/data_monitor/lib/python3.12/site-packages:${PYTHONPATH} VIRTUAL_ENV_PROMPT=(venv) /usr/bin/python3 -W ignore:setup.py install is deprecated -W ignore:easy_install command is deprecated setup.py develop --editable --build-directory /home/robotics/Robocon2025_R1/2025R1_ws/build/data_monitor/build --no-deps symlink_data --force
[5.938s] running develop
[6.665s] /usr/lib/python3/dist-packages/setuptools/command/easy_install.py:363: UserWarning: Unbuilt egg for pytest-repeat [unknown version] (/usr/lib/python3/dist-packages)
[6.665s]   self.local_index = Environment(self.shadow_path + sys.path)
[6.801s] running egg_info
[6.936s] writing data_monitor.egg-info/PKG-INFO
[6.937s] writing dependency_links to data_monitor.egg-info/dependency_links.txt
[6.961s] writing entry points to data_monitor.egg-info/entry_points.txt
[6.961s] writing requirements to data_monitor.egg-info/requires.txt
[6.962s] writing top-level names to data_monitor.egg-info/top_level.txt
[7.062s] reading manifest file 'data_monitor.egg-info/SOURCES.txt'
[7.064s] writing manifest file 'data_monitor.egg-info/SOURCES.txt'
[7.118s] running build_ext
[7.118s] Creating /home/robotics/Robocon2025_R1/2025R1_ws/install/data_monitor/lib/python3.12/site-packages/data-monitor.egg-link (link to .)
[7.119s] Installing data_sender script to /home/robotics/Robocon2025_R1/2025R1_ws/install/data_monitor/lib/data_monitor
[7.119s] 
[7.120s] Installed /home/robotics/Robocon2025_R1/2025R1_ws/build/data_monitor
[7.120s] running symlink_data
[7.120s] symbolically linking /home/robotics/Robocon2025_R1/2025R1_ws/build/data_monitor/resource/data_monitor -> /home/robotics/Robocon2025_R1/2025R1_ws/install/data_monitor/share/ament_index/resource_index/packages
[7.120s] symbolically linking /home/robotics/Robocon2025_R1/2025R1_ws/build/data_monitor/package.xml -> /home/robotics/Robocon2025_R1/2025R1_ws/install/data_monitor/share/data_monitor
