[2.846s] Invoking command in '/home/robotics/Robocon2025_R1/2025R1_ws/build/data_monitor': DEBUGINFOD_URLS=https://debuginfod.ubuntu.com PS1=(venv) PYTHONPATH=/home/robotics/Robocon2025_R1/2025R1_ws/build/data_monitor/prefix_override:/usr/lib/python3/dist-packages/colcon_core/task/python/colcon_distutils_commands:/home/robotics/Robocon2025_R1/2025R1_ws/install/data_monitor/lib/python3.12/site-packages:${PYTHONPATH} /usr/bin/python3 -W ignore:setup.py install is deprecated -W ignore:easy_install command is deprecated setup.py develop --editable --build-directory /home/robotics/Robocon2025_R1/2025R1_ws/build/data_monitor/build --no-deps symlink_data
[3.818s] running develop
[4.203s] /usr/lib/python3/dist-packages/setuptools/command/easy_install.py:363: UserWarning: Unbuilt egg for pytest-repeat [unknown version] (/usr/lib/python3/dist-packages)
[4.203s]   self.local_index = Environment(self.shadow_path + sys.path)
[4.282s] running egg_info
[4.282s] creating data_monitor.egg-info
[4.328s] writing data_monitor.egg-info/PKG-INFO
[4.328s] writing dependency_links to data_monitor.egg-info/dependency_links.txt
[4.328s] writing entry points to data_monitor.egg-info/entry_points.txt
[4.328s] writing requirements to data_monitor.egg-info/requires.txt
[4.328s] writing top-level names to data_monitor.egg-info/top_level.txt
[4.328s] writing manifest file 'data_monitor.egg-info/SOURCES.txt'
[4.428s] reading manifest file 'data_monitor.egg-info/SOURCES.txt'
[4.431s] writing manifest file 'data_monitor.egg-info/SOURCES.txt'
[4.463s] running build_ext
[4.463s] Creating /home/robotics/Robocon2025_R1/2025R1_ws/install/data_monitor/lib/python3.12/site-packages/data-monitor.egg-link (link to .)
[4.464s] Installing data_sender script to /home/robotics/Robocon2025_R1/2025R1_ws/install/data_monitor/lib/data_monitor
[4.467s] 
[4.467s] Installed /home/robotics/Robocon2025_R1/2025R1_ws/build/data_monitor
[4.467s] running symlink_data
[4.468s] creating /home/robotics/Robocon2025_R1/2025R1_ws/install/data_monitor/share
[4.469s] creating /home/robotics/Robocon2025_R1/2025R1_ws/install/data_monitor/share/ament_index
[4.469s] creating /home/robotics/Robocon2025_R1/2025R1_ws/install/data_monitor/share/ament_index/resource_index
[4.472s] creating /home/robotics/Robocon2025_R1/2025R1_ws/install/data_monitor/share/ament_index/resource_index/packages
[4.473s] symbolically linking /home/robotics/Robocon2025_R1/2025R1_ws/build/data_monitor/resource/data_monitor -> /home/robotics/Robocon2025_R1/2025R1_ws/install/data_monitor/share/ament_index/resource_index/packages
[4.473s] creating /home/robotics/Robocon2025_R1/2025R1_ws/install/data_monitor/share/data_monitor
[4.474s] symbolically linking /home/robotics/Robocon2025_R1/2025R1_ws/build/data_monitor/package.xml -> /home/robotics/Robocon2025_R1/2025R1_ws/install/data_monitor/share/data_monitor
[4.633s] Invoked command in '/home/robotics/Robocon2025_R1/2025R1_ws/build/data_monitor' returned '0': DEBUGINFOD_URLS=https://debuginfod.ubuntu.com PS1=(venv) PYTHONPATH=/home/robotics/Robocon2025_R1/2025R1_ws/build/data_monitor/prefix_override:/usr/lib/python3/dist-packages/colcon_core/task/python/colcon_distutils_commands:/home/robotics/Robocon2025_R1/2025R1_ws/install/data_monitor/lib/python3.12/site-packages:${PYTHONPATH} /usr/bin/python3 -W ignore:setup.py install is deprecated -W ignore:easy_install command is deprecated setup.py develop --editable --build-directory /home/robotics/Robocon2025_R1/2025R1_ws/build/data_monitor/build --no-deps symlink_data
