[6.290s] Invoking command in '/home/robotics/Robocon2025_R1/2025R1_ws/build/ps4': DEBUGINFOD_URLS=https://debuginfod.ubuntu.com PS1=(venv) PYTHONPATH=/home/robotics/Robocon2025_R1/2025R1_ws/build/ps4/prefix_override:/usr/lib/python3/dist-packages/colcon_core/task/python/colcon_distutils_commands:/home/robotics/Robocon2025_R1/2025R1_ws/install/ps4/lib/python3.12/site-packages:${PYTHONPATH} VIRTUAL_ENV_PROMPT=(venv) /usr/bin/python3 -W ignore:setup.py install is deprecated -W ignore:easy_install command is deprecated setup.py develop --editable --build-directory /home/robotics/Robocon2025_R1/2025R1_ws/build/ps4/build --no-deps symlink_data
[7.473s] running develop
[7.994s] /usr/lib/python3/dist-packages/setuptools/command/easy_install.py:363: UserWarning: Unbuilt egg for pytest-repeat [unknown version] (/usr/lib/python3/dist-packages)
[7.994s]   self.local_index = Environment(self.shadow_path + sys.path)
[8.059s] running egg_info
[8.095s] writing ps4.egg-info/PKG-INFO
[8.098s] writing dependency_links to ps4.egg-info/dependency_links.txt
[8.099s] writing entry points to ps4.egg-info/entry_points.txt
[8.099s] writing requirements to ps4.egg-info/requires.txt
[8.101s] writing top-level names to ps4.egg-info/top_level.txt
[8.229s] reading manifest file 'ps4.egg-info/SOURCES.txt'
[8.231s] writing manifest file 'ps4.egg-info/SOURCES.txt'
[8.299s] running build_ext
[8.299s] Creating /home/robotics/Robocon2025_R1/2025R1_ws/install/ps4/lib/python3.12/site-packages/ps4.egg-link (link to .)
[8.305s] Installing ps4_publisher script to /home/robotics/Robocon2025_R1/2025R1_ws/install/ps4/lib/ps4
[8.305s] Installing ps4_subscriber script to /home/robotics/Robocon2025_R1/2025R1_ws/install/ps4/lib/ps4
[8.305s] 
[8.305s] Installed /home/robotics/Robocon2025_R1/2025R1_ws/build/ps4
[8.306s] running symlink_data
[8.580s] Invoked command in '/home/robotics/Robocon2025_R1/2025R1_ws/build/ps4' returned '0': DEBUGINFOD_URLS=https://debuginfod.ubuntu.com PS1=(venv) PYTHONPATH=/home/robotics/Robocon2025_R1/2025R1_ws/build/ps4/prefix_override:/usr/lib/python3/dist-packages/colcon_core/task/python/colcon_distutils_commands:/home/robotics/Robocon2025_R1/2025R1_ws/install/ps4/lib/python3.12/site-packages:${PYTHONPATH} VIRTUAL_ENV_PROMPT=(venv) /usr/bin/python3 -W ignore:setup.py install is deprecated -W ignore:easy_install command is deprecated setup.py develop --editable --build-directory /home/robotics/Robocon2025_R1/2025R1_ws/build/ps4/build --no-deps symlink_data
