running develop
/usr/lib/python3/dist-packages/setuptools/command/easy_install.py:363: UserWarning: Unbuilt egg for pytest-repeat [unknown version] (/usr/lib/python3/dist-packages)
  self.local_index = Environment(self.shadow_path + sys.path)
Removing /home/robotics/Robocon2025_R1/2025R1_ws/install/active_caster/lib/python3.12/site-packages/active-caster.egg-link (link to .)
running egg_info
writing ../../build/active_caster/active_caster.egg-info/PKG-INFO
writing dependency_links to ../../build/active_caster/active_caster.egg-info/dependency_links.txt
writing entry points to ../../build/active_caster/active_caster.egg-info/entry_points.txt
writing requirements to ../../build/active_caster/active_caster.egg-info/requires.txt
writing top-level names to ../../build/active_caster/active_caster.egg-info/top_level.txt
reading manifest file '../../build/active_caster/active_caster.egg-info/SOURCES.txt'
adding license file 'LICENSE'
writing manifest file '../../build/active_caster/active_caster.egg-info/SOURCES.txt'
running build
running build_py
running install
running install_lib
creating /home/robotics/Robocon2025_R1/2025R1_ws/install/active_caster/lib/python3.12/site-packages/active_caster
copying /home/robotics/Robocon2025_R1/2025R1_ws/build/active_caster/build/lib/active_caster/vesc_node.py -> /home/robotics/Robocon2025_R1/2025R1_ws/install/active_caster/lib/python3.12/site-packages/active_caster
copying /home/robotics/Robocon2025_R1/2025R1_ws/build/active_caster/build/lib/active_caster/damiao_node (Copy).py -> /home/robotics/Robocon2025_R1/2025R1_ws/install/active_caster/lib/python3.12/site-packages/active_caster
copying /home/robotics/Robocon2025_R1/2025R1_ws/build/active_caster/build/lib/active_caster/damiao_node.py -> /home/robotics/Robocon2025_R1/2025R1_ws/install/active_caster/lib/python3.12/site-packages/active_caster
copying /home/robotics/Robocon2025_R1/2025R1_ws/build/active_caster/build/lib/active_caster/__init__.py -> /home/robotics/Robocon2025_R1/2025R1_ws/install/active_caster/lib/python3.12/site-packages/active_caster
copying /home/robotics/Robocon2025_R1/2025R1_ws/build/active_caster/build/lib/active_caster/DM_CAN.py -> /home/robotics/Robocon2025_R1/2025R1_ws/install/active_caster/lib/python3.12/site-packages/active_caster
byte-compiling /home/robotics/Robocon2025_R1/2025R1_ws/install/active_caster/lib/python3.12/site-packages/active_caster/vesc_node.py to vesc_node.cpython-312.pyc
byte-compiling /home/robotics/Robocon2025_R1/2025R1_ws/install/active_caster/lib/python3.12/site-packages/active_caster/damiao_node (Copy).py to damiao_node (Copy).cpython-312.pyc
byte-compiling /home/robotics/Robocon2025_R1/2025R1_ws/install/active_caster/lib/python3.12/site-packages/active_caster/damiao_node.py to damiao_node.cpython-312.pyc
byte-compiling /home/robotics/Robocon2025_R1/2025R1_ws/install/active_caster/lib/python3.12/site-packages/active_caster/__init__.py to __init__.cpython-312.pyc
byte-compiling /home/robotics/Robocon2025_R1/2025R1_ws/install/active_caster/lib/python3.12/site-packages/active_caster/DM_CAN.py to DM_CAN.cpython-312.pyc
running install_data
copying resource/active_caster -> /home/robotics/Robocon2025_R1/2025R1_ws/install/active_caster/share/ament_index/resource_index/packages
copying package.xml -> /home/robotics/Robocon2025_R1/2025R1_ws/install/active_caster/share/active_caster
running install_egg_info
Copying ../../build/active_caster/active_caster.egg-info to /home/robotics/Robocon2025_R1/2025R1_ws/install/active_caster/lib/python3.12/site-packages/active_caster-0.0.0-py3.12.egg-info
running install_scripts
Installing damiao_node script to /home/robotics/Robocon2025_R1/2025R1_ws/install/active_caster/lib/active_caster
Installing vesc_node script to /home/robotics/Robocon2025_R1/2025R1_ws/install/active_caster/lib/active_caster
writing list of installed files to '/home/robotics/Robocon2025_R1/2025R1_ws/build/active_caster/install.log'
