[2.488s] Invoking command in '/home/robotics/Robocon2025_R1/2025R1_ws/build/active_caster': DEBUGINFOD_URLS=https://debuginfod.ubuntu.com PS1=(venv) \[\e]0;\u@\h: \w\a\]${debian_chroot:+($debian_chroot)}\u@\h:\w\$ PYTHONPATH=/home/robotics/Robocon2025_R1/2025R1_ws/build/active_caster/prefix_override:/usr/lib/python3/dist-packages/colcon_core/task/python/colcon_distutils_commands:/home/robotics/Robocon2025_R1/2025R1_ws/install/active_caster/lib/python3.12/site-packages:${PYTHONPATH} VIRTUAL_ENV_PROMPT=(venv) /usr/bin/python3 -W ignore:setup.py install is deprecated -W ignore:easy_install command is deprecated setup.py develop --uninstall --editable --build-directory /home/robotics/Robocon2025_R1/2025R1_ws/build/active_caster/build
[3.132s] running develop
[3.517s] /usr/lib/python3/dist-packages/setuptools/command/easy_install.py:363: UserWarning: Unbuilt egg for pytest-repeat [unknown version] (/usr/lib/python3/dist-packages)
[3.517s]   self.local_index = Environment(self.shadow_path + sys.path)
[3.627s] Removing /home/robotics/Robocon2025_R1/2025R1_ws/install/active_caster/lib/python3.12/site-packages/active-caster.egg-link (link to .)
[3.794s] Invoked command in '/home/robotics/Robocon2025_R1/2025R1_ws/build/active_caster' returned '0': DEBUGINFOD_URLS=https://debuginfod.ubuntu.com PS1=(venv) \[\e]0;\u@\h: \w\a\]${debian_chroot:+($debian_chroot)}\u@\h:\w\$ PYTHONPATH=/home/robotics/Robocon2025_R1/2025R1_ws/build/active_caster/prefix_override:/usr/lib/python3/dist-packages/colcon_core/task/python/colcon_distutils_commands:/home/robotics/Robocon2025_R1/2025R1_ws/install/active_caster/lib/python3.12/site-packages:${PYTHONPATH} VIRTUAL_ENV_PROMPT=(venv) /usr/bin/python3 -W ignore:setup.py install is deprecated -W ignore:easy_install command is deprecated setup.py develop --uninstall --editable --build-directory /home/robotics/Robocon2025_R1/2025R1_ws/build/active_caster/build
[3.795s] Invoking command in '/home/robotics/Robocon2025_R1/2025R1_ws/src/active_caster': DEBUGINFOD_URLS=https://debuginfod.ubuntu.com PS1=(venv) \[\e]0;\u@\h: \w\a\]${debian_chroot:+($debian_chroot)}\u@\h:\w\$ PYTHONPATH=/home/robotics/Robocon2025_R1/2025R1_ws/build/active_caster/prefix_override:/usr/lib/python3/dist-packages/colcon_core/task/python/colcon_distutils_commands:/home/robotics/Robocon2025_R1/2025R1_ws/install/active_caster/lib/python3.12/site-packages:${PYTHONPATH} VIRTUAL_ENV_PROMPT=(venv) /usr/bin/python3 -W ignore:setup.py install is deprecated -W ignore:easy_install command is deprecated setup.py egg_info --egg-base ../../build/active_caster build --build-base /home/robotics/Robocon2025_R1/2025R1_ws/build/active_caster/build install --record /home/robotics/Robocon2025_R1/2025R1_ws/build/active_caster/install.log --single-version-externally-managed install_data --force
[4.358s] running egg_info
[4.392s] writing ../../build/active_caster/active_caster.egg-info/PKG-INFO
[4.392s] writing dependency_links to ../../build/active_caster/active_caster.egg-info/dependency_links.txt
[4.394s] writing entry points to ../../build/active_caster/active_caster.egg-info/entry_points.txt
[4.395s] writing requirements to ../../build/active_caster/active_caster.egg-info/requires.txt
[4.395s] writing top-level names to ../../build/active_caster/active_caster.egg-info/top_level.txt
[4.462s] reading manifest file '../../build/active_caster/active_caster.egg-info/SOURCES.txt'
[4.463s] adding license file 'LICENSE'
[4.466s] writing manifest file '../../build/active_caster/active_caster.egg-info/SOURCES.txt'
[4.466s] running build
[4.466s] running build_py
[4.466s] running install
[4.478s] running install_lib
[4.519s] creating /home/robotics/Robocon2025_R1/2025R1_ws/install/active_caster/lib/python3.12/site-packages/active_caster
[4.520s] copying /home/robotics/Robocon2025_R1/2025R1_ws/build/active_caster/build/lib/active_caster/vesc_node.py -> /home/robotics/Robocon2025_R1/2025R1_ws/install/active_caster/lib/python3.12/site-packages/active_caster
[4.520s] copying /home/robotics/Robocon2025_R1/2025R1_ws/build/active_caster/build/lib/active_caster/damiao_node (Copy).py -> /home/robotics/Robocon2025_R1/2025R1_ws/install/active_caster/lib/python3.12/site-packages/active_caster
[4.520s] copying /home/robotics/Robocon2025_R1/2025R1_ws/build/active_caster/build/lib/active_caster/damiao_node.py -> /home/robotics/Robocon2025_R1/2025R1_ws/install/active_caster/lib/python3.12/site-packages/active_caster
[4.520s] copying /home/robotics/Robocon2025_R1/2025R1_ws/build/active_caster/build/lib/active_caster/__init__.py -> /home/robotics/Robocon2025_R1/2025R1_ws/install/active_caster/lib/python3.12/site-packages/active_caster
[4.520s] copying /home/robotics/Robocon2025_R1/2025R1_ws/build/active_caster/build/lib/active_caster/DM_CAN.py -> /home/robotics/Robocon2025_R1/2025R1_ws/install/active_caster/lib/python3.12/site-packages/active_caster
[4.520s] byte-compiling /home/robotics/Robocon2025_R1/2025R1_ws/install/active_caster/lib/python3.12/site-packages/active_caster/vesc_node.py to vesc_node.cpython-312.pyc
[4.522s] byte-compiling /home/robotics/Robocon2025_R1/2025R1_ws/install/active_caster/lib/python3.12/site-packages/active_caster/damiao_node (Copy).py to damiao_node (Copy).cpython-312.pyc
[4.522s] byte-compiling /home/robotics/Robocon2025_R1/2025R1_ws/install/active_caster/lib/python3.12/site-packages/active_caster/damiao_node.py to damiao_node.cpython-312.pyc
[4.523s] byte-compiling /home/robotics/Robocon2025_R1/2025R1_ws/install/active_caster/lib/python3.12/site-packages/active_caster/__init__.py to __init__.cpython-312.pyc
[4.524s] byte-compiling /home/robotics/Robocon2025_R1/2025R1_ws/install/active_caster/lib/python3.12/site-packages/active_caster/DM_CAN.py to DM_CAN.cpython-312.pyc
[4.534s] running install_data
[4.534s] copying resource/active_caster -> /home/robotics/Robocon2025_R1/2025R1_ws/install/active_caster/share/ament_index/resource_index/packages
[4.535s] copying package.xml -> /home/robotics/Robocon2025_R1/2025R1_ws/install/active_caster/share/active_caster
[4.535s] running install_egg_info
[4.578s] Copying ../../build/active_caster/active_caster.egg-info to /home/robotics/Robocon2025_R1/2025R1_ws/install/active_caster/lib/python3.12/site-packages/active_caster-0.0.0-py3.12.egg-info
[4.580s] running install_scripts
[4.884s] Installing damiao_node script to /home/robotics/Robocon2025_R1/2025R1_ws/install/active_caster/lib/active_caster
[4.884s] Installing vesc_node script to /home/robotics/Robocon2025_R1/2025R1_ws/install/active_caster/lib/active_caster
[4.886s] writing list of installed files to '/home/robotics/Robocon2025_R1/2025R1_ws/build/active_caster/install.log'
[5.143s] Invoked command in '/home/robotics/Robocon2025_R1/2025R1_ws/src/active_caster' returned '0': DEBUGINFOD_URLS=https://debuginfod.ubuntu.com PS1=(venv) \[\e]0;\u@\h: \w\a\]${debian_chroot:+($debian_chroot)}\u@\h:\w\$ PYTHONPATH=/home/robotics/Robocon2025_R1/2025R1_ws/build/active_caster/prefix_override:/usr/lib/python3/dist-packages/colcon_core/task/python/colcon_distutils_commands:/home/robotics/Robocon2025_R1/2025R1_ws/install/active_caster/lib/python3.12/site-packages:${PYTHONPATH} VIRTUAL_ENV_PROMPT=(venv) /usr/bin/python3 -W ignore:setup.py install is deprecated -W ignore:easy_install command is deprecated setup.py egg_info --egg-base ../../build/active_caster build --build-base /home/robotics/Robocon2025_R1/2025R1_ws/build/active_caster/build install --record /home/robotics/Robocon2025_R1/2025R1_ws/build/active_caster/install.log --single-version-externally-managed install_data --force
