[0.071s] Invoking command in '/home/robotics/Robocon2025_R1/2025R1_ws/build/joystick_msgs': DEBUGINFOD_URLS=https://debuginfod.ubuntu.com /usr/bin/cmake /home/robotics/Robocon2025_R1/2025R1_ws/src/joystick_msgs -DCMAKE_INSTALL_PREFIX=/home/robotics/Robocon2025_R1/2025R1_ws/install/joystick_msgs
[0.996s] -- The C compiler identification is GNU 13.3.0
[0.997s] -- The CXX compiler identification is GNU 13.3.0
[1.017s] -- Detecting C compiler ABI info
[1.280s] -- Detecting C compiler ABI info - done
[1.294s] -- Check for working C compiler: /usr/bin/cc - skipped
[1.295s] -- Detecting C compile features
[1.296s] -- Detecting C compile features - done
[1.330s] -- Detecting CXX compiler ABI info
[1.652s] -- Detecting CXX compiler ABI info - done
[1.687s] -- Check for working CXX compiler: /usr/bin/c++ - skipped
[1.687s] -- Detecting CXX compile features
[1.688s] -- Detecting CXX compile features - done
[1.706s] [31mCMake Error at CMakeLists.txt:9 (find_package):
[1.708s]   By not providing "Findament_cmake.cmake" in CMAKE_MODULE_PATH this project
[1.708s]   has asked CMake to find a package configuration file provided by
[1.708s]   "ament_cmake", but CMake did not find one.
[1.708s] 
[1.708s]   Could not find a package configuration file provided by "ament_cmake" with
[1.708s]   any of the following names:
[1.708s] 
[1.708s]     ament_cmakeConfig.cmake
[1.709s]     ament_cmake-config.cmake
[1.709s] 
[1.709s]   Add the installation prefix of "ament_cmake" to CMAKE_PREFIX_PATH or set
[1.709s]   "ament_cmake_DIR" to a directory containing one of the above files.  If
[1.709s]   "ament_cmake" provides a separate development package or SDK, be sure it
[1.709s]   has been installed.
[1.715s] 
[1.715s] [0m
[1.716s] -- Configuring incomplete, errors occurred!
[1.731s] Invoked command in '/home/robotics/Robocon2025_R1/2025R1_ws/build/joystick_msgs' returned '1': DEBUGINFOD_URLS=https://debuginfod.ubuntu.com /usr/bin/cmake /home/robotics/Robocon2025_R1/2025R1_ws/src/joystick_msgs -DCMAKE_INSTALL_PREFIX=/home/robotics/Robocon2025_R1/2025R1_ws/install/joystick_msgs
