[4.234s] Invoking command in '/home/robotics/Robocon2025_R1/2025R1_ws/build/navigation': DEBUGINFOD_URLS=https://debuginfod.ubuntu.com PS1=(venv) PYTHONPATH=/home/robotics/Robocon2025_R1/2025R1_ws/build/navigation/prefix_override:/usr/lib/python3/dist-packages/colcon_core/task/python/colcon_distutils_commands:/home/robotics/Robocon2025_R1/2025R1_ws/install/navigation/lib/python3.12/site-packages:${PYTHONPATH} VIRTUAL_ENV_PROMPT=(venv) /usr/bin/python3 -W ignore:setup.py install is deprecated -W ignore:easy_install command is deprecated setup.py develop --editable --build-directory /home/robotics/Robocon2025_R1/2025R1_ws/build/navigation/build --no-deps symlink_data
[5.085s] running develop
[5.695s] /usr/lib/python3/dist-packages/setuptools/command/easy_install.py:363: UserWarning: Unbuilt egg for pytest-repeat [unknown version] (/usr/lib/python3/dist-packages)
[5.696s]   self.local_index = Environment(self.shadow_path + sys.path)
[5.792s] running egg_info
[5.847s] writing navigation.egg-info/PKG-INFO
[5.847s] writing dependency_links to navigation.egg-info/dependency_links.txt
[5.848s] writing entry points to navigation.egg-info/entry_points.txt
[5.849s] writing requirements to navigation.egg-info/requires.txt
[5.851s] writing top-level names to navigation.egg-info/top_level.txt
[5.938s] reading manifest file 'navigation.egg-info/SOURCES.txt'
[5.943s] writing manifest file 'navigation.egg-info/SOURCES.txt'
[5.990s] running build_ext
[5.990s] Creating /home/robotics/Robocon2025_R1/2025R1_ws/install/navigation/lib/python3.12/site-packages/navigation.egg-link (link to .)
[5.991s] Installing active_caster_node script to /home/robotics/Robocon2025_R1/2025R1_ws/install/navigation/lib/navigation
[5.991s] Installing navigation_node script to /home/robotics/Robocon2025_R1/2025R1_ws/install/navigation/lib/navigation
[5.992s] Installing omni_wheel_speed_node script to /home/robotics/Robocon2025_R1/2025R1_ws/install/navigation/lib/navigation
[5.992s] Installing wheel script to /home/robotics/Robocon2025_R1/2025R1_ws/install/navigation/lib/navigation
[5.992s] 
[5.992s] Installed /home/robotics/Robocon2025_R1/2025R1_ws/build/navigation
[5.993s] running symlink_data
[6.191s] Invoked command in '/home/robotics/Robocon2025_R1/2025R1_ws/build/navigation' returned '0': DEBUGINFOD_URLS=https://debuginfod.ubuntu.com PS1=(venv) PYTHONPATH=/home/robotics/Robocon2025_R1/2025R1_ws/build/navigation/prefix_override:/usr/lib/python3/dist-packages/colcon_core/task/python/colcon_distutils_commands:/home/robotics/Robocon2025_R1/2025R1_ws/install/navigation/lib/python3.12/site-packages:${PYTHONPATH} VIRTUAL_ENV_PROMPT=(venv) /usr/bin/python3 -W ignore:setup.py install is deprecated -W ignore:easy_install command is deprecated setup.py develop --editable --build-directory /home/robotics/Robocon2025_R1/2025R1_ws/build/navigation/build --no-deps symlink_data
