[4.917s] Invoking command in '/home/robotics/Robocon2025_R1/2025R1_ws/build/active_caster': DEBUGINFOD_URLS=https://debuginfod.ubuntu.com PS1=(venv) PYTHONPATH=/home/robotics/Robocon2025_R1/2025R1_ws/build/active_caster/prefix_override:/usr/lib/python3/dist-packages/colcon_core/task/python/colcon_distutils_commands:/home/robotics/Robocon2025_R1/2025R1_ws/install/active_caster/lib/python3.12/site-packages:${PYTHONPATH} VIRTUAL_ENV_PROMPT=(venv) /usr/bin/python3 -W ignore:setup.py install is deprecated -W ignore:easy_install command is deprecated setup.py develop --editable --build-directory /home/robotics/Robocon2025_R1/2025R1_ws/build/active_caster/build --no-deps symlink_data
[5.758s] running develop
[6.141s] /usr/lib/python3/dist-packages/setuptools/command/easy_install.py:363: UserWarning: Unbuilt egg for pytest-repeat [unknown version] (/usr/lib/python3/dist-packages)
[6.142s]   self.local_index = Environment(self.shadow_path + sys.path)
[6.270s] running egg_info
[6.318s] writing active_caster.egg-info/PKG-INFO
[6.319s] writing dependency_links to active_caster.egg-info/dependency_links.txt
[6.323s] writing entry points to active_caster.egg-info/entry_points.txt
[6.325s] writing requirements to active_caster.egg-info/requires.txt
[6.325s] writing top-level names to active_caster.egg-info/top_level.txt
[6.440s] reading manifest file 'active_caster.egg-info/SOURCES.txt'
[6.452s] writing manifest file 'active_caster.egg-info/SOURCES.txt'
[6.500s] running build_ext
[6.501s] Creating /home/robotics/Robocon2025_R1/2025R1_ws/install/active_caster/lib/python3.12/site-packages/active-caster.egg-link (link to .)
[6.505s] Installing damiao_node script to /home/robotics/Robocon2025_R1/2025R1_ws/install/active_caster/lib/active_caster
[6.505s] Installing vesc_node script to /home/robotics/Robocon2025_R1/2025R1_ws/install/active_caster/lib/active_caster
[6.508s] 
[6.508s] Installed /home/robotics/Robocon2025_R1/2025R1_ws/build/active_caster
[6.509s] running symlink_data
[7.344s] Invoked command in '/home/robotics/Robocon2025_R1/2025R1_ws/build/active_caster' returned '0': DEBUGINFOD_URLS=https://debuginfod.ubuntu.com PS1=(venv) PYTHONPATH=/home/robotics/Robocon2025_R1/2025R1_ws/build/active_caster/prefix_override:/usr/lib/python3/dist-packages/colcon_core/task/python/colcon_distutils_commands:/home/robotics/Robocon2025_R1/2025R1_ws/install/active_caster/lib/python3.12/site-packages:${PYTHONPATH} VIRTUAL_ENV_PROMPT=(venv) /usr/bin/python3 -W ignore:setup.py install is deprecated -W ignore:easy_install command is deprecated setup.py develop --editable --build-directory /home/robotics/Robocon2025_R1/2025R1_ws/build/active_caster/build --no-deps symlink_data
