[2.853s] Invoking command in '/home/robotics/Robocon2025_R1/2025R1_ws/build/navigation': DEBUGINFOD_URLS=https://debuginfod.ubuntu.com PYTHONPATH=/home/robotics/Robocon2025_R1/2025R1_ws/build/navigation/prefix_override:/usr/lib/python3/dist-packages/colcon_core/task/python/colcon_distutils_commands:/home/robotics/Robocon2025_R1/2025R1_ws/install/navigation/lib/python3.12/site-packages:${PYTHONPATH} /usr/bin/python3 -W ignore:setup.py install is deprecated -W ignore:easy_install command is deprecated setup.py develop --uninstall --editable --build-directory /home/robotics/Robocon2025_R1/2025R1_ws/build/navigation/build
[3.488s] running develop
[3.875s] /usr/lib/python3/dist-packages/setuptools/command/easy_install.py:363: UserWarning: Unbuilt egg for pytest-repeat [unknown version] (/usr/lib/python3/dist-packages)
[3.876s]   self.local_index = Environment(self.shadow_path + sys.path)
[3.974s] Removing /home/robotics/Robocon2025_R1/2025R1_ws/install/navigation/lib/python3.12/site-packages/navigation.egg-link (link to .)
[4.140s] Invoked command in '/home/robotics/Robocon2025_R1/2025R1_ws/build/navigation' returned '0': DEBUGINFOD_URLS=https://debuginfod.ubuntu.com PYTHONPATH=/home/robotics/Robocon2025_R1/2025R1_ws/build/navigation/prefix_override:/usr/lib/python3/dist-packages/colcon_core/task/python/colcon_distutils_commands:/home/robotics/Robocon2025_R1/2025R1_ws/install/navigation/lib/python3.12/site-packages:${PYTHONPATH} /usr/bin/python3 -W ignore:setup.py install is deprecated -W ignore:easy_install command is deprecated setup.py develop --uninstall --editable --build-directory /home/robotics/Robocon2025_R1/2025R1_ws/build/navigation/build
[4.141s] Invoking command in '/home/robotics/Robocon2025_R1/2025R1_ws/src/navigation': DEBUGINFOD_URLS=https://debuginfod.ubuntu.com PYTHONPATH=/home/robotics/Robocon2025_R1/2025R1_ws/build/navigation/prefix_override:/usr/lib/python3/dist-packages/colcon_core/task/python/colcon_distutils_commands:/home/robotics/Robocon2025_R1/2025R1_ws/install/navigation/lib/python3.12/site-packages:${PYTHONPATH} /usr/bin/python3 -W ignore:setup.py install is deprecated -W ignore:easy_install command is deprecated setup.py egg_info --egg-base ../../build/navigation build --build-base /home/robotics/Robocon2025_R1/2025R1_ws/build/navigation/build install --record /home/robotics/Robocon2025_R1/2025R1_ws/build/navigation/install.log --single-version-externally-managed install_data --force
[4.688s] running egg_info
[4.743s] writing ../../build/navigation/navigation.egg-info/PKG-INFO
[4.744s] writing dependency_links to ../../build/navigation/navigation.egg-info/dependency_links.txt
[4.745s] writing entry points to ../../build/navigation/navigation.egg-info/entry_points.txt
[4.746s] writing requirements to ../../build/navigation/navigation.egg-info/requires.txt
[4.747s] writing top-level names to ../../build/navigation/navigation.egg-info/top_level.txt
[4.828s] reading manifest file '../../build/navigation/navigation.egg-info/SOURCES.txt'
[4.828s] writing manifest file '../../build/navigation/navigation.egg-info/SOURCES.txt'
[4.828s] running build
[4.829s] running build_py
[4.830s] creating /home/robotics/Robocon2025_R1/2025R1_ws/build/navigation/build
[4.831s] creating /home/robotics/Robocon2025_R1/2025R1_ws/build/navigation/build/lib
[4.831s] creating /home/robotics/Robocon2025_R1/2025R1_ws/build/navigation/build/lib/navigation
[4.833s] copying navigation/navigation_node.py -> /home/robotics/Robocon2025_R1/2025R1_ws/build/navigation/build/lib/navigation
[4.835s] copying navigation/__init__.py -> /home/robotics/Robocon2025_R1/2025R1_ws/build/navigation/build/lib/navigation
[4.836s] copying navigation/wheel.py -> /home/robotics/Robocon2025_R1/2025R1_ws/build/navigation/build/lib/navigation
[4.836s] copying navigation/active_caster_node.py -> /home/robotics/Robocon2025_R1/2025R1_ws/build/navigation/build/lib/navigation
[4.836s] copying navigation/omni_wheel_speed_node.py -> /home/robotics/Robocon2025_R1/2025R1_ws/build/navigation/build/lib/navigation
[4.836s] running install
[4.847s] running install_lib
[4.879s] creating /home/robotics/Robocon2025_R1/2025R1_ws/install/navigation/lib/python3.12/site-packages/navigation
[4.880s] copying /home/robotics/Robocon2025_R1/2025R1_ws/build/navigation/build/lib/navigation/navigation_node.py -> /home/robotics/Robocon2025_R1/2025R1_ws/install/navigation/lib/python3.12/site-packages/navigation
[4.881s] copying /home/robotics/Robocon2025_R1/2025R1_ws/build/navigation/build/lib/navigation/__init__.py -> /home/robotics/Robocon2025_R1/2025R1_ws/install/navigation/lib/python3.12/site-packages/navigation
[4.882s] copying /home/robotics/Robocon2025_R1/2025R1_ws/build/navigation/build/lib/navigation/wheel.py -> /home/robotics/Robocon2025_R1/2025R1_ws/install/navigation/lib/python3.12/site-packages/navigation
[4.882s] copying /home/robotics/Robocon2025_R1/2025R1_ws/build/navigation/build/lib/navigation/active_caster_node.py -> /home/robotics/Robocon2025_R1/2025R1_ws/install/navigation/lib/python3.12/site-packages/navigation
[4.882s] copying /home/robotics/Robocon2025_R1/2025R1_ws/build/navigation/build/lib/navigation/omni_wheel_speed_node.py -> /home/robotics/Robocon2025_R1/2025R1_ws/install/navigation/lib/python3.12/site-packages/navigation
[4.884s] byte-compiling /home/robotics/Robocon2025_R1/2025R1_ws/install/navigation/lib/python3.12/site-packages/navigation/navigation_node.py to navigation_node.cpython-312.pyc
[4.885s] byte-compiling /home/robotics/Robocon2025_R1/2025R1_ws/install/navigation/lib/python3.12/site-packages/navigation/__init__.py to __init__.cpython-312.pyc
[4.886s] byte-compiling /home/robotics/Robocon2025_R1/2025R1_ws/install/navigation/lib/python3.12/site-packages/navigation/wheel.py to wheel.cpython-312.pyc
[4.888s] byte-compiling /home/robotics/Robocon2025_R1/2025R1_ws/install/navigation/lib/python3.12/site-packages/navigation/active_caster_node.py to active_caster_node.cpython-312.pyc
[4.890s] byte-compiling /home/robotics/Robocon2025_R1/2025R1_ws/install/navigation/lib/python3.12/site-packages/navigation/omni_wheel_speed_node.py to omni_wheel_speed_node.cpython-312.pyc
[4.892s] running install_data
[4.892s] copying resource/navigation -> /home/robotics/Robocon2025_R1/2025R1_ws/install/navigation/share/ament_index/resource_index/packages
[4.892s] copying package.xml -> /home/robotics/Robocon2025_R1/2025R1_ws/install/navigation/share/navigation
[4.894s] running install_egg_info
[4.939s] Copying ../../build/navigation/navigation.egg-info to /home/robotics/Robocon2025_R1/2025R1_ws/install/navigation/lib/python3.12/site-packages/navigation-0.0.0-py3.12.egg-info
[4.940s] running install_scripts
[5.264s] Installing active_caster_node script to /home/robotics/Robocon2025_R1/2025R1_ws/install/navigation/lib/navigation
[5.265s] Installing navigation_node script to /home/robotics/Robocon2025_R1/2025R1_ws/install/navigation/lib/navigation
[5.267s] Installing omni_wheel_speed_node script to /home/robotics/Robocon2025_R1/2025R1_ws/install/navigation/lib/navigation
[5.270s] Installing wheel script to /home/robotics/Robocon2025_R1/2025R1_ws/install/navigation/lib/navigation
[5.277s] writing list of installed files to '/home/robotics/Robocon2025_R1/2025R1_ws/build/navigation/install.log'
[5.392s] Invoked command in '/home/robotics/Robocon2025_R1/2025R1_ws/src/navigation' returned '0': DEBUGINFOD_URLS=https://debuginfod.ubuntu.com PYTHONPATH=/home/robotics/Robocon2025_R1/2025R1_ws/build/navigation/prefix_override:/usr/lib/python3/dist-packages/colcon_core/task/python/colcon_distutils_commands:/home/robotics/Robocon2025_R1/2025R1_ws/install/navigation/lib/python3.12/site-packages:${PYTHONPATH} /usr/bin/python3 -W ignore:setup.py install is deprecated -W ignore:easy_install command is deprecated setup.py egg_info --egg-base ../../build/navigation build --build-base /home/robotics/Robocon2025_R1/2025R1_ws/build/navigation/build install --record /home/robotics/Robocon2025_R1/2025R1_ws/build/navigation/install.log --single-version-externally-managed install_data --force
